Using pre-set license
Built from '2021.2/release' branch; Version is '2021.2.0f1 (4bf1ec4b23c9) revision 4977132'; Using compiler version '192829333'; Build Type 'Release'
OS: 'Windows 10 Pro; OS build 19043.1348; Version 2009; 64bit' Language: 'es' Physical Memory: 49080 MB
BatchMode: 1, IsHumanControllingUs: 0, StartBugReporterOnCrash: 0, Is64bit: 1, IsPro: 0

COMMAND LINE ARGUMENTS:
C:\Program Files\Unity\Hub\Editor\2021.2.0f1\Editor\Unity.exe
-adb2
-batchMode
-noUpm
-name
AssetImportWorker11
-projectPath
E:/new domincanpower/DominicanPower_iOS/DOMINICAN GAME
-logFile
Logs/AssetImportWorker11.log
-srvPort
55441
Successfully changed project path to: E:/new domincanpower/DominicanPower_iOS/DOMINICAN GAME
E:/new domincanpower/DominicanPower_iOS/DOMINICAN GAME
[UnityMemory] Configuration Parameters - Can be set up in boot.config
    "memorysetup-bucket-allocator-granularity=16"
    "memorysetup-bucket-allocator-bucket-count=8"
    "memorysetup-bucket-allocator-block-size=33554432"
    "memorysetup-bucket-allocator-block-count=8"
    "memorysetup-main-allocator-block-size=16777216"
    "memorysetup-thread-allocator-block-size=16777216"
    "memorysetup-gfx-main-allocator-block-size=16777216"
    "memorysetup-gfx-thread-allocator-block-size=16777216"
    "memorysetup-cache-allocator-block-size=4194304"
    "memorysetup-typetree-allocator-block-size=2097152"
    "memorysetup-profiler-bucket-allocator-granularity=16"
    "memorysetup-profiler-bucket-allocator-bucket-count=8"
    "memorysetup-profiler-bucket-allocator-block-size=33554432"
    "memorysetup-profiler-bucket-allocator-block-count=8"
    "memorysetup-profiler-allocator-block-size=16777216"
    "memorysetup-profiler-editor-allocator-block-size=1048576"
    "memorysetup-temp-allocator-size-main=16777216"
    "memorysetup-job-temp-allocator-block-size=2097152"
    "memorysetup-job-temp-allocator-block-size-background=1048576"
    "memorysetup-job-temp-allocator-reduction-small-platforms=262144"
    "memorysetup-temp-allocator-size-background-worker=32768"
    "memorysetup-temp-allocator-size-job-worker=262144"
    "memorysetup-temp-allocator-size-preload-manager=33554432"
    "memorysetup-temp-allocator-size-nav-mesh-worker=65536"
    "memorysetup-temp-allocator-size-audio-worker=65536"
    "memorysetup-temp-allocator-size-cloud-worker=32768"
    "memorysetup-temp-allocator-size-gi-baking-worker=262144"
    "memorysetup-temp-allocator-size-gfx=262144"
Refreshing native plugins compatible for Editor in 148.50 ms, found 3 plugins.
Preloading 0 native plugins for Editor in 0.00 ms.
Initialize engine version: 2021.2.0f1 (4bf1ec4b23c9)
[Subsystems] Discovering subsystems at path C:/Program Files/Unity/Hub/Editor/2021.2.0f1/Editor/Data/Resources/UnitySubsystems
[Subsystems] Discovering subsystems at path E:/new domincanpower/DominicanPower_iOS/DOMINICAN GAME/Assets
GfxDevice: creating device client; threaded=0; jobified=0
Direct3D:
    Version:  Direct3D 11.0 [level 11.1]
    Renderer: Radeon RX 580 Series (ID=0x67df)
    Vendor:   ATI
    VRAM:     8171 MB
    Driver:   27.20.1034.6
Initialize mono
Mono path[0] = 'C:/Program Files/Unity/Hub/Editor/2021.2.0f1/Editor/Data/Managed'
Mono path[1] = 'C:/Program Files/Unity/Hub/Editor/2021.2.0f1/Editor/Data/MonoBleedingEdge/lib/mono/unityjit-win32'
Mono config path = 'C:/Program Files/Unity/Hub/Editor/2021.2.0f1/Editor/Data/MonoBleedingEdge/etc'
Using monoOptions --debugger-agent=transport=dt_socket,embedding=1,server=y,suspend=n,address=127.0.0.1:56004
Begin MonoManager ReloadAssembly
Registering precompiled unity dll's ...
Register platform support module: C:/Program Files/Unity/Hub/Editor/2021.2.0f1/Editor/Data/PlaybackEngines/WindowsStandaloneSupport/UnityEditor.WindowsStandalone.Extensions.dll
Registered in 0.006468 seconds.
Native extension for WindowsStandalone target not found
Refreshing native plugins compatible for Editor in 126.90 ms, found 3 plugins.
Preloading 0 native plugins for Editor in 0.00 ms.
Mono: successfully reloaded assembly
- Completed reload, in  1.125 seconds
Domain Reload Profiling:
	ReloadAssembly (1125ms)
		BeginReloadAssembly (62ms)
			ExecutionOrderSort (0ms)
			DisableScriptedObjects (0ms)
			BackupInstance (0ms)
			ReleaseScriptingObjects (0ms)
			CreateAndSetChildDomain (1ms)
		EndReloadAssembly (455ms)
			LoadAssemblies (60ms)
			RebuildTransferFunctionScriptingTraits (0ms)
			SetupTypeCache (98ms)
			ReleaseScriptCaches (0ms)
			RebuildScriptCaches (24ms)
			SetupLoadedEditorAssemblies (281ms)
				LogAssemblyErrors (0ms)
				InitializePlatformSupportModulesInManaged (6ms)
				SetLoadedEditorAssemblies (0ms)
				RefreshPlugins (127ms)
				BeforeProcessingInitializeOnLoad (1ms)
				ProcessInitializeOnLoadAttributes (108ms)
				ProcessInitializeOnLoadMethodAttributes (38ms)
				AfterProcessingInitializeOnLoad (0ms)
				EditorAssembliesLoaded (0ms)
			ExecutionOrderSort2 (0ms)
			AwakeInstancesAfterBackupRestoration (0ms)
Platform modules already initialized, skipping
Registering precompiled user dll's ...
Registered in 0.008155 seconds.
Begin MonoManager ReloadAssembly
OnLevelWasLoaded was found on scriptEjemploVR
This message has been deprecated and will be removed in a later version of Unity.
Add a delegate to SceneManager.sceneLoaded instead to get notifications after scene loading has completed
Unloading broken assembly Assets/GoogleMobileAds/GoogleMobileAds.Unity.dll, this assembly can cause crashes in the runtime
Native extension for WindowsStandalone target not found
Refreshing native plugins compatible for Editor in 2.25 ms, found 3 plugins.
Preloading 0 native plugins for Editor in 0.00 ms.
Package Manager log level set to [2]
Mono: successfully reloaded assembly
- Completed reload, in  0.904 seconds
Domain Reload Profiling:
	ReloadAssembly (905ms)
		BeginReloadAssembly (146ms)
			ExecutionOrderSort (0ms)
			DisableScriptedObjects (5ms)
			BackupInstance (0ms)
			ReleaseScriptingObjects (0ms)
			CreateAndSetChildDomain (18ms)
		EndReloadAssembly (669ms)
			LoadAssemblies (58ms)
			RebuildTransferFunctionScriptingTraits (0ms)
			SetupTypeCache (129ms)
			ReleaseScriptCaches (1ms)
			RebuildScriptCaches (48ms)
			SetupLoadedEditorAssemblies (343ms)
				LogAssemblyErrors (0ms)
				InitializePlatformSupportModulesInManaged (11ms)
				SetLoadedEditorAssemblies (0ms)
				RefreshPlugins (2ms)
				BeforeProcessingInitializeOnLoad (56ms)
				ProcessInitializeOnLoadAttributes (203ms)
				ProcessInitializeOnLoadMethodAttributes (62ms)
				AfterProcessingInitializeOnLoad (8ms)
				EditorAssembliesLoaded (0ms)
			ExecutionOrderSort2 (0ms)
			AwakeInstancesAfterBackupRestoration (4ms)
Platform modules already initialized, skipping
========================================================================
Worker process is ready to serve import requests
Launched and connected shader compiler UnityShaderCompiler.exe after 0.08 seconds
Refreshing native plugins compatible for Editor in 2.28 ms, found 3 plugins.
Preloading 0 native plugins for Editor in 0.00 ms.
Unloading 2600 Unused Serialized files (Serialized files now loaded: 0)
Unloading 192 unused Assets / (1.7 MB). Loaded Objects now: 2976.
Memory consumption went from 154.3 MB to 152.5 MB.
Total: 5.530800 ms (FindLiveObjects: 0.237300 ms CreateObjectMapping: 0.076200 ms MarkObjects: 4.779100 ms  DeleteObjects: 0.437200 ms)

AssetImportParameters requested are different than current active one (requested -> active):
  custom:video-decoder-ogg-theora: a1e56fd34408186e4bbccfd4996cb3dc -> 
  custom:container-muxer-webm: aa71ff27fc2769a1b78a27578f13a17b -> 
  custom:container-demuxer-webm: 4f35f7cbe854078d1ac9338744f61a02 -> 
  custom:video-encoder-webm-vp8: eb34c28f22e8b96e1ab97ce403110664 -> 
  custom:audio-encoder-webm-vorbis: bf7c407c2cedff20999df2af8eb42d56 -> 
  custom:framework-win-MediaFoundation: 216162199b28c13a410421893ffa2e32 -> 
  custom:container-demuxer-ogg: 62fdf1f143b41e24485cea50d1cbac27 -> 
  custom:video-decoder-webm-vp8: 9c59270c3fd7afecdb556c50c9e8de78 -> 
  custom:audio-decoder-ogg-vorbis: bf7c407c2cedff20999df2af8eb42d56 -> 
========================================================================
Received Import Request.
  Time since last request: 186109.679142 seconds.
  path: Assets/0DP ASSETS/noimpo/Standard Assets/Environment/Water/Water/Models/WaterPlane.fbx
  artifactKey: Guid(ba6a41dc489914734857bb5924eb70ad) Importer(815301076,1909f56bfc062723c751e8b465ee728b)
Start importing Assets/0DP ASSETS/noimpo/Standard Assets/Environment/Water/Water/Models/WaterPlane.fbx using Guid(ba6a41dc489914734857bb5924eb70ad) Importer(815301076,1909f56bfc062723c751e8b465ee728b)  -> (artifact id: 'd2355e2dba198a25f80cc9a4b221e4df') in 0.154104 seconds 
========================================================================
Received Import Request.
  Time since last request: 1.577047 seconds.
  path: Assets/0DP ASSETS/noimpo/Standard Assets/Environment/Water/Water/Materials/WaterPlaneMaterial.mat
  artifactKey: Guid(f1bc741ea0e69a241896582ddb633d55) Importer(815301076,1909f56bfc062723c751e8b465ee728b)
Start importing Assets/0DP ASSETS/noimpo/Standard Assets/Environment/Water/Water/Materials/WaterPlaneMaterial.mat using Guid(f1bc741ea0e69a241896582ddb633d55) Importer(815301076,1909f56bfc062723c751e8b465ee728b)  -> (artifact id: 'fd8916ce2d93636c0bd95d9495f2cc64') in 0.025771 seconds 
========================================================================
Received Import Request.
  Time since last request: 39.924525 seconds.
  path: Assets/0DP ASSETS/noimpo/Standard Assets/Environment/Water/Water4
  artifactKey: Guid(17e234879cb994b7f93d7437c10d23d6) Importer(815301076,1909f56bfc062723c751e8b465ee728b)
Start importing Assets/0DP ASSETS/noimpo/Standard Assets/Environment/Water/Water4 using Guid(17e234879cb994b7f93d7437c10d23d6) Importer(815301076,1909f56bfc062723c751e8b465ee728b)  -> (artifact id: '7cc22a7e5532a5ca1c5beaf3b04c8b8a') in 0.004937 seconds 
========================================================================
Received Import Request.
  Time since last request: 1.351232 seconds.
  path: Assets/0DP ASSETS/noimpo/Standard Assets/Environment/Water/Water4/Prefabs
  artifactKey: Guid(d25c4f81e90442d4bbda4d5285669c95) Importer(815301076,1909f56bfc062723c751e8b465ee728b)
Start importing Assets/0DP ASSETS/noimpo/Standard Assets/Environment/Water/Water4/Prefabs using Guid(d25c4f81e90442d4bbda4d5285669c95) Importer(815301076,1909f56bfc062723c751e8b465ee728b)  -> (artifact id: '2559b6ca2a62e85cb7f59533ad1bbada') in 0.004335 seconds 
========================================================================
Received Import Request.
  Time since last request: 0.076833 seconds.
  path: Assets/0DP ASSETS/noimpo/Standard Assets/Environment/Water/Water4/Prefabs/Water4Advanced.prefab
  artifactKey: Guid(b544816461f324e56a39767fdeb5b114) Importer(815301076,1909f56bfc062723c751e8b465ee728b)
Start importing Assets/0DP ASSETS/noimpo/Standard Assets/Environment/Water/Water4/Prefabs/Water4Advanced.prefab using Guid(b544816461f324e56a39767fdeb5b114) Importer(815301076,1909f56bfc062723c751e8b465ee728b)  -> (artifact id: '0e7e2b628233450711547368d7cc23c1') in 1.023704 seconds 
========================================================================
Received Import Request.
  Time since last request: 1.217183 seconds.
  path: Assets/0DP ASSETS/noimpo/Standard Assets/Environment/Water/Water4/Textures/SmallWaves.png
  artifactKey: Guid(fb6566c21f717904f83743a5a76dd0b0) Importer(815301076,1909f56bfc062723c751e8b465ee728b)
Start importing Assets/0DP ASSETS/noimpo/Standard Assets/Environment/Water/Water4/Textures/SmallWaves.png using Guid(fb6566c21f717904f83743a5a76dd0b0) Importer(815301076,1909f56bfc062723c751e8b465ee728b)  -> (artifact id: '698f094bcfcd94cf26380146b22a8ffe') in 0.020949 seconds 
========================================================================
Received Prepare
Registering precompiled user dll's ...
Registered in 0.010330 seconds.
OnLevelWasLoaded was found on scriptEjemploVR
This message has been deprecated and will be removed in a later version of Unity.
Add a delegate to SceneManager.sceneLoaded instead to get notifications after scene loading has completed
Begin MonoManager ReloadAssembly
OnLevelWasLoaded was found on scriptEjemploVR
This message has been deprecated and will be removed in a later version of Unity.
Add a delegate to SceneManager.sceneLoaded instead to get notifications after scene loading has completed
Unloading broken assembly Assets/GoogleMobileAds/GoogleMobileAds.Unity.dll, this assembly can cause crashes in the runtime
Native extension for WindowsStandalone target not found
Refreshing native plugins compatible for Editor in 2.69 ms, found 3 plugins.
Preloading 0 native plugins for Editor in 0.00 ms.
Mono: successfully reloaded assembly
- Completed reload, in  0.955 seconds
Domain Reload Profiling:
	ReloadAssembly (956ms)
		BeginReloadAssembly (107ms)
			ExecutionOrderSort (0ms)
			DisableScriptedObjects (4ms)
			BackupInstance (0ms)
			ReleaseScriptingObjects (0ms)
			CreateAndSetChildDomain (26ms)
		EndReloadAssembly (752ms)
			LoadAssemblies (66ms)
			RebuildTransferFunctionScriptingTraits (0ms)
			SetupTypeCache (150ms)
			ReleaseScriptCaches (2ms)
			RebuildScriptCaches (62ms)
			SetupLoadedEditorAssemblies (370ms)
				LogAssemblyErrors (0ms)
				InitializePlatformSupportModulesInManaged (11ms)
				SetLoadedEditorAssemblies (0ms)
				RefreshPlugins (3ms)
				BeforeProcessingInitializeOnLoad (67ms)
				ProcessInitializeOnLoadAttributes (217ms)
				ProcessInitializeOnLoadMethodAttributes (63ms)
				AfterProcessingInitializeOnLoad (8ms)
				EditorAssembliesLoaded (0ms)
			ExecutionOrderSort2 (0ms)
			AwakeInstancesAfterBackupRestoration (8ms)
Platform modules already initialized, skipping
Refreshing native plugins compatible for Editor in 2.33 ms, found 3 plugins.
Preloading 0 native plugins for Editor in 0.00 ms.
Unloading 2516 Unused Serialized files (Serialized files now loaded: 0)
Unloading 187 unused Assets / (1.7 MB). Loaded Objects now: 3039.
Memory consumption went from 150.9 MB to 149.2 MB.
Total: 5.547100 ms (FindLiveObjects: 0.268700 ms CreateObjectMapping: 0.073600 ms MarkObjects: 4.770500 ms  DeleteObjects: 0.433300 ms)

AssetImportParameters requested are different than current active one (requested -> active):
  custom:video-decoder-ogg-theora: a1e56fd34408186e4bbccfd4996cb3dc -> 
  custom:container-muxer-webm: aa71ff27fc2769a1b78a27578f13a17b -> 
  custom:container-demuxer-webm: 4f35f7cbe854078d1ac9338744f61a02 -> 
  custom:video-encoder-webm-vp8: eb34c28f22e8b96e1ab97ce403110664 -> 
  custom:audio-encoder-webm-vorbis: bf7c407c2cedff20999df2af8eb42d56 -> 
  custom:framework-win-MediaFoundation: 216162199b28c13a410421893ffa2e32 -> 
  custom:container-demuxer-ogg: 62fdf1f143b41e24485cea50d1cbac27 -> 
  custom:video-decoder-webm-vp8: 9c59270c3fd7afecdb556c50c9e8de78 -> 
  custom:audio-decoder-ogg-vorbis: bf7c407c2cedff20999df2af8eb42d56 -> 
========================================================================
Received Prepare
Registering precompiled user dll's ...
Registered in 0.007869 seconds.
OnLevelWasLoaded was found on scriptEjemploVR
This message has been deprecated and will be removed in a later version of Unity.
Add a delegate to SceneManager.sceneLoaded instead to get notifications after scene loading has completed
Begin MonoManager ReloadAssembly
OnLevelWasLoaded was found on scriptEjemploVR
This message has been deprecated and will be removed in a later version of Unity.
Add a delegate to SceneManager.sceneLoaded instead to get notifications after scene loading has completed
Unloading broken assembly Assets/GoogleMobileAds/GoogleMobileAds.Unity.dll, this assembly can cause crashes in the runtime
Native extension for WindowsStandalone target not found
Refreshing native plugins compatible for Editor in 2.11 ms, found 3 plugins.
Preloading 0 native plugins for Editor in 0.00 ms.
Mono: successfully reloaded assembly
- Completed reload, in  0.902 seconds
Domain Reload Profiling:
	ReloadAssembly (903ms)
		BeginReloadAssembly (108ms)
			ExecutionOrderSort (0ms)
			DisableScriptedObjects (4ms)
			BackupInstance (0ms)
			ReleaseScriptingObjects (0ms)
			CreateAndSetChildDomain (25ms)
		EndReloadAssembly (702ms)
			LoadAssemblies (66ms)
			RebuildTransferFunctionScriptingTraits (0ms)
			SetupTypeCache (142ms)
			ReleaseScriptCaches (1ms)
			RebuildScriptCaches (52ms)
			SetupLoadedEditorAssemblies (342ms)
				LogAssemblyErrors (0ms)
				InitializePlatformSupportModulesInManaged (11ms)
				SetLoadedEditorAssemblies (0ms)
				RefreshPlugins (2ms)
				BeforeProcessingInitializeOnLoad (57ms)
				ProcessInitializeOnLoadAttributes (200ms)
				ProcessInitializeOnLoadMethodAttributes (65ms)
				AfterProcessingInitializeOnLoad (7ms)
				EditorAssembliesLoaded (0ms)
			ExecutionOrderSort2 (0ms)
			AwakeInstancesAfterBackupRestoration (9ms)
Platform modules already initialized, skipping
Refreshing native plugins compatible for Editor in 2.42 ms, found 3 plugins.
Preloading 0 native plugins for Editor in 0.00 ms.
Unloading 2514 Unused Serialized files (Serialized files now loaded: 0)
Unloading 187 unused Assets / (1.7 MB). Loaded Objects now: 3041.
Memory consumption went from 150.9 MB to 149.2 MB.
Total: 6.081100 ms (FindLiveObjects: 0.236200 ms CreateObjectMapping: 0.078700 ms MarkObjects: 5.340900 ms  DeleteObjects: 0.424200 ms)

AssetImportParameters requested are different than current active one (requested -> active):
  custom:video-decoder-ogg-theora: a1e56fd34408186e4bbccfd4996cb3dc -> 
  custom:container-muxer-webm: aa71ff27fc2769a1b78a27578f13a17b -> 
  custom:container-demuxer-webm: 4f35f7cbe854078d1ac9338744f61a02 -> 
  custom:video-encoder-webm-vp8: eb34c28f22e8b96e1ab97ce403110664 -> 
  custom:audio-encoder-webm-vorbis: bf7c407c2cedff20999df2af8eb42d56 -> 
  custom:framework-win-MediaFoundation: 216162199b28c13a410421893ffa2e32 -> 
  custom:container-demuxer-ogg: 62fdf1f143b41e24485cea50d1cbac27 -> 
  custom:video-decoder-webm-vp8: 9c59270c3fd7afecdb556c50c9e8de78 -> 
  custom:audio-decoder-ogg-vorbis: bf7c407c2cedff20999df2af8eb42d56 -> 
========================================================================
Received Import Request.
  Time since last request: 942.625172 seconds.
  path: Assets/0DP ASSETS/zparaorganizar/NewBrush 1.brush
  artifactKey: Guid(bd0c933410c9f6346b9f71a171515ede) Importer(815301076,1909f56bfc062723c751e8b465ee728b)
Start importing Assets/0DP ASSETS/zparaorganizar/NewBrush 1.brush using Guid(bd0c933410c9f6346b9f71a171515ede) Importer(815301076,1909f56bfc062723c751e8b465ee728b)  -> (artifact id: 'f35ee96c3f64b937a3ea66c310864551') in 0.036385 seconds 
========================================================================
Received Import Request.
  Time since last request: 1.734559 seconds.
  path: Assets/0DP ASSETS/zparaorganizar/NewBrush.brush
  artifactKey: Guid(67870874943a03543b3284e85278748d) Importer(815301076,1909f56bfc062723c751e8b465ee728b)
Start importing Assets/0DP ASSETS/zparaorganizar/NewBrush.brush using Guid(67870874943a03543b3284e85278748d) Importer(815301076,1909f56bfc062723c751e8b465ee728b)  -> (artifact id: 'cfa1c32e4d4609759b3f3d2923f1d127') in 0.009207 seconds 
========================================================================
Received Import Request.
  Time since last request: 1.938534 seconds.
  path: Assets/0DP ASSETS/Materiales/NewBrush.brush
  artifactKey: Guid(e460b921dc5dff64a91b5c6c3280b63f) Importer(815301076,1909f56bfc062723c751e8b465ee728b)
Start importing Assets/0DP ASSETS/Materiales/NewBrush.brush using Guid(e460b921dc5dff64a91b5c6c3280b63f) Importer(815301076,1909f56bfc062723c751e8b465ee728b)  -> (artifact id: '926dec0d2368defba186648174c27175') in 0.010245 seconds 
========================================================================
Received Import Request.
  Time since last request: 0.945687 seconds.
  path: Assets/0DP ASSETS/noimpo/Standard Assets/Environment/SpeedTree/Broadleaf/NewBrush 1.brush
  artifactKey: Guid(e1e154903f5d54247a48fab9f449ff94) Importer(815301076,1909f56bfc062723c751e8b465ee728b)
Start importing Assets/0DP ASSETS/noimpo/Standard Assets/Environment/SpeedTree/Broadleaf/NewBrush 1.brush using Guid(e1e154903f5d54247a48fab9f449ff94) Importer(815301076,1909f56bfc062723c751e8b465ee728b)  -> (artifact id: '961059886ec23238c47e7916d18dd18f') in 0.012444 seconds 
========================================================================
Received Import Request.
  Time since last request: 0.495326 seconds.
  path: Assets/0DP ASSETS/noimpo/Standard Assets/Environment/SpeedTree/Broadleaf/NewBrush 2.brush
  artifactKey: Guid(fa6e9093ecb10b541b32e0670670c9af) Importer(815301076,1909f56bfc062723c751e8b465ee728b)
Start importing Assets/0DP ASSETS/noimpo/Standard Assets/Environment/SpeedTree/Broadleaf/NewBrush 2.brush using Guid(fa6e9093ecb10b541b32e0670670c9af) Importer(815301076,1909f56bfc062723c751e8b465ee728b)  -> (artifact id: 'a287303bb884db4892eddf1df600fa8d') in 0.010615 seconds 
========================================================================
Received Prepare
Registering precompiled user dll's ...
Registered in 0.009619 seconds.
OnLevelWasLoaded was found on scriptEjemploVR
This message has been deprecated and will be removed in a later version of Unity.
Add a delegate to SceneManager.sceneLoaded instead to get notifications after scene loading has completed
Begin MonoManager ReloadAssembly
OnLevelWasLoaded was found on scriptEjemploVR
This message has been deprecated and will be removed in a later version of Unity.
Add a delegate to SceneManager.sceneLoaded instead to get notifications after scene loading has completed
Unloading broken assembly Assets/GoogleMobileAds/GoogleMobileAds.Unity.dll, this assembly can cause crashes in the runtime
Native extension for WindowsStandalone target not found
Refreshing native plugins compatible for Editor in 2.39 ms, found 3 plugins.
Preloading 0 native plugins for Editor in 0.00 ms.
Mono: successfully reloaded assembly
- Completed reload, in  0.927 seconds
Domain Reload Profiling:
	ReloadAssembly (927ms)
		BeginReloadAssembly (118ms)
			ExecutionOrderSort (0ms)
			DisableScriptedObjects (6ms)
			BackupInstance (0ms)
			ReleaseScriptingObjects (0ms)
			CreateAndSetChildDomain (26ms)
		EndReloadAssembly (715ms)
			LoadAssemblies (67ms)
			RebuildTransferFunctionScriptingTraits (0ms)
			SetupTypeCache (143ms)
			ReleaseScriptCaches (2ms)
			RebuildScriptCaches (64ms)
			SetupLoadedEditorAssemblies (338ms)
				LogAssemblyErrors (0ms)
				InitializePlatformSupportModulesInManaged (11ms)
				SetLoadedEditorAssemblies (0ms)
				RefreshPlugins (2ms)
				BeforeProcessingInitializeOnLoad (55ms)
				ProcessInitializeOnLoadAttributes (197ms)
				ProcessInitializeOnLoadMethodAttributes (63ms)
				AfterProcessingInitializeOnLoad (8ms)
				EditorAssembliesLoaded (0ms)
			ExecutionOrderSort2 (0ms)
			AwakeInstancesAfterBackupRestoration (8ms)
Platform modules already initialized, skipping
Refreshing native plugins compatible for Editor in 2.29 ms, found 3 plugins.
Preloading 0 native plugins for Editor in 0.00 ms.
Unloading 2514 Unused Serialized files (Serialized files now loaded: 0)
Unloading 187 unused Assets / (1.7 MB). Loaded Objects now: 3052.
Memory consumption went from 150.9 MB to 149.3 MB.
Total: 5.490400 ms (FindLiveObjects: 0.259100 ms CreateObjectMapping: 0.075400 ms MarkObjects: 4.663600 ms  DeleteObjects: 0.491100 ms)

AssetImportParameters requested are different than current active one (requested -> active):
  custom:video-decoder-ogg-theora: a1e56fd34408186e4bbccfd4996cb3dc -> 
  custom:container-muxer-webm: aa71ff27fc2769a1b78a27578f13a17b -> 
  custom:container-demuxer-webm: 4f35f7cbe854078d1ac9338744f61a02 -> 
  custom:video-encoder-webm-vp8: eb34c28f22e8b96e1ab97ce403110664 -> 
  custom:audio-encoder-webm-vorbis: bf7c407c2cedff20999df2af8eb42d56 -> 
  custom:framework-win-MediaFoundation: 216162199b28c13a410421893ffa2e32 -> 
  custom:container-demuxer-ogg: 62fdf1f143b41e24485cea50d1cbac27 -> 
  custom:video-decoder-webm-vp8: 9c59270c3fd7afecdb556c50c9e8de78 -> 
  custom:audio-decoder-ogg-vorbis: bf7c407c2cedff20999df2af8eb42d56 -> 
========================================================================
Received Prepare
Registering precompiled user dll's ...
Registered in 0.010481 seconds.
OnLevelWasLoaded was found on scriptEjemploVR
This message has been deprecated and will be removed in a later version of Unity.
Add a delegate to SceneManager.sceneLoaded instead to get notifications after scene loading has completed
Begin MonoManager ReloadAssembly
OnLevelWasLoaded was found on scriptEjemploVR
This message has been deprecated and will be removed in a later version of Unity.
Add a delegate to SceneManager.sceneLoaded instead to get notifications after scene loading has completed
Unloading broken assembly Assets/GoogleMobileAds/GoogleMobileAds.Unity.dll, this assembly can cause crashes in the runtime
Native extension for WindowsStandalone target not found
Refreshing native plugins compatible for Editor in 2.29 ms, found 3 plugins.
Preloading 0 native plugins for Editor in 0.00 ms.
Mono: successfully reloaded assembly
- Completed reload, in  0.963 seconds
Domain Reload Profiling:
	ReloadAssembly (964ms)
		BeginReloadAssembly (114ms)
			ExecutionOrderSort (0ms)
			DisableScriptedObjects (5ms)
			BackupInstance (0ms)
			ReleaseScriptingObjects (0ms)
			CreateAndSetChildDomain (24ms)
		EndReloadAssembly (752ms)
			LoadAssemblies (64ms)
			RebuildTransferFunctionScriptingTraits (0ms)
			SetupTypeCache (144ms)
			ReleaseScriptCaches (2ms)
			RebuildScriptCaches (63ms)
			SetupLoadedEditorAssemblies (378ms)
				LogAssemblyErrors (0ms)
				InitializePlatformSupportModulesInManaged (10ms)
				SetLoadedEditorAssemblies (0ms)
				RefreshPlugins (2ms)
				BeforeProcessingInitializeOnLoad (59ms)
				ProcessInitializeOnLoadAttributes (217ms)
				ProcessInitializeOnLoadMethodAttributes (81ms)
				AfterProcessingInitializeOnLoad (7ms)
				EditorAssembliesLoaded (0ms)
			ExecutionOrderSort2 (0ms)
			AwakeInstancesAfterBackupRestoration (8ms)
Platform modules already initialized, skipping
Refreshing native plugins compatible for Editor in 2.59 ms, found 3 plugins.
Preloading 0 native plugins for Editor in 0.00 ms.
Unloading 2514 Unused Serialized files (Serialized files now loaded: 0)
Unloading 187 unused Assets / (1.7 MB). Loaded Objects now: 3054.
Memory consumption went from 151.0 MB to 149.3 MB.
Total: 5.488400 ms (FindLiveObjects: 0.281100 ms CreateObjectMapping: 0.086300 ms MarkObjects: 4.658400 ms  DeleteObjects: 0.461500 ms)

AssetImportParameters requested are different than current active one (requested -> active):
  custom:video-decoder-ogg-theora: a1e56fd34408186e4bbccfd4996cb3dc -> 
  custom:container-muxer-webm: aa71ff27fc2769a1b78a27578f13a17b -> 
  custom:container-demuxer-webm: 4f35f7cbe854078d1ac9338744f61a02 -> 
  custom:video-encoder-webm-vp8: eb34c28f22e8b96e1ab97ce403110664 -> 
  custom:audio-encoder-webm-vorbis: bf7c407c2cedff20999df2af8eb42d56 -> 
  custom:framework-win-MediaFoundation: 216162199b28c13a410421893ffa2e32 -> 
  custom:container-demuxer-ogg: 62fdf1f143b41e24485cea50d1cbac27 -> 
  custom:video-decoder-webm-vp8: 9c59270c3fd7afecdb556c50c9e8de78 -> 
  custom:audio-decoder-ogg-vorbis: bf7c407c2cedff20999df2af8eb42d56 -> 
========================================================================
Received Prepare
Registering precompiled user dll's ...
Registered in 0.009182 seconds.
OnLevelWasLoaded was found on scriptEjemploVR
This message has been deprecated and will be removed in a later version of Unity.
Add a delegate to SceneManager.sceneLoaded instead to get notifications after scene loading has completed
Begin MonoManager ReloadAssembly
OnLevelWasLoaded was found on scriptEjemploVR
This message has been deprecated and will be removed in a later version of Unity.
Add a delegate to SceneManager.sceneLoaded instead to get notifications after scene loading has completed
Unloading broken assembly Assets/GoogleMobileAds/GoogleMobileAds.Unity.dll, this assembly can cause crashes in the runtime
Native extension for WindowsStandalone target not found
Refreshing native plugins compatible for Editor in 2.48 ms, found 3 plugins.
Preloading 0 native plugins for Editor in 0.00 ms.
Unable to write to 'ProjectSettings\GvhProjectSettings.xml' (System.IO.IOException: Sharing violation on path E:\new domincanpower\DominicanPower_iOS\DOMINICAN GAME\ProjectSettings\GvhProjectSettings.xml
  at System.IO.FileStream..ctor (System.String path, System.IO.FileMode mode, System.IO.FileAccess access, System.IO.FileShare share, System.Int32 bufferSize, System.Boolean anonymous, System.IO.FileOptions options) [0x0019e] in <7b5f9a2f7db343a4ab54846ed680277b>:0 
  at System.IO.FileStream..ctor (System.String path, System.IO.FileMode mode, System.IO.FileAccess access, System.IO.FileShare share, System.Int32 bufferSize, System.IO.FileOptions options) [0x00000] in <7b5f9a2f7db343a4ab54846ed680277b>:0 
  at System.IO.FileStream..ctor (System.String path, System.IO.FileMode mode, System.IO.FileAccess access, System.IO.FileShare share, System.Int32 bufferSize, System.Boolean useAsync) [0x00000] in <7b5f9a2f7db343a4ab54846ed680277b>:0 
  at (wrapper remoting-invoke-with-check) System.IO.FileStream..ctor(string,System.IO.FileMode,System.IO.FileAccess,System.IO.FileShare,int,bool)
  at System.Xml.XmlWriterSettings.CreateWriter (System.String outputFileName) [0x00051] in <b97a394bd81d491ca8dce58aaa578910>:0 
  at System.Xml.XmlWriter.Create (System.String outputFileName, System.Xml.XmlWriterSettings settings) [0x0000a] in <b97a394bd81d491ca8dce58aaa578910>:0 
  at Google.ProjectSettings.Save () [0x00095] in Z:\tmp\tmp.cirhDnLU30\third_party\unity\unity_jar_resolver\source\VersionHandlerImpl\src\ProjectSettings.cs:826 , Project settings were not saved!
UnityEngine.StackTraceUtility:ExtractStackTrace ()
UnityEngine.DebugLogHandler:LogFormat (UnityEngine.LogType,UnityEngine.Object,string,object[])
UnityEngine.Logger:Log (UnityEngine.LogType,object)
UnityEngine.Debug:LogError (object)
Google.Logger:Log (string,Google.LogLevel) (at Z:/tmp/tmp.cirhDnLU30/third_party/unity/unity_jar_resolver/source/VersionHandlerImpl/src/Logger.cs:136)
Google.ProjectSettings:Save () (at Z:/tmp/tmp.cirhDnLU30/third_party/unity/unity_jar_resolver/source/VersionHandlerImpl/src/ProjectSettings.cs:842)
Google.ProjectSettings:SetBool (string,bool,Google.SettingsLocation) (at Z:/tmp/tmp.cirhDnLU30/third_party/unity/unity_jar_resolver/source/VersionHandlerImpl/src/ProjectSettings.cs:484)
Google.ProjectSettings:SetBool (string,bool) (at Z:/tmp/tmp.cirhDnLU30/third_party/unity/unity_jar_resolver/source/VersionHandlerImpl/src/ProjectSettings.cs:496)
Google.IOSResolver:set_VerboseLoggingEnabled (bool) (at Z:/tmp/tmp.28Sut6pFVt/third_party/unity/unity_jar_resolver/source/IOSResolver/src/IOSResolver.cs:986)
Google.IOSResolver:.cctor () (at Z:/tmp/tmp.28Sut6pFVt/third_party/unity/unity_jar_resolver/source/IOSResolver/src/IOSResolver.cs:689)
System.Runtime.CompilerServices.RuntimeHelpers:RunClassConstructor (System.RuntimeTypeHandle)
UnityEditor.EditorAssemblies:ProcessInitializeOnLoadAttributes (System.Type[])

(Filename: Z:/tmp/tmp.cirhDnLU30/third_party/unity/unity_jar_resolver/source/VersionHandlerImpl/src/ProjectSettings.cs Line: 842)

Mono: successfully reloaded assembly
- Completed reload, in  0.924 seconds
Domain Reload Profiling:
	ReloadAssembly (925ms)
		BeginReloadAssembly (107ms)
			ExecutionOrderSort (0ms)
			DisableScriptedObjects (5ms)
			BackupInstance (0ms)
			ReleaseScriptingObjects (0ms)
			CreateAndSetChildDomain (25ms)
		EndReloadAssembly (724ms)
			LoadAssemblies (68ms)
			RebuildTransferFunctionScriptingTraits (0ms)
			SetupTypeCache (149ms)
			ReleaseScriptCaches (2ms)
			RebuildScriptCaches (51ms)
			SetupLoadedEditorAssemblies (349ms)
				LogAssemblyErrors (0ms)
				InitializePlatformSupportModulesInManaged (11ms)
				SetLoadedEditorAssemblies (0ms)
				RefreshPlugins (3ms)
				BeforeProcessingInitializeOnLoad (62ms)
				ProcessInitializeOnLoadAttributes (196ms)
				ProcessInitializeOnLoadMethodAttributes (68ms)
				AfterProcessingInitializeOnLoad (8ms)
				EditorAssembliesLoaded (0ms)
			ExecutionOrderSort2 (0ms)
			AwakeInstancesAfterBackupRestoration (9ms)
Platform modules already initialized, skipping
Refreshing native plugins compatible for Editor in 2.32 ms, found 3 plugins.
Preloading 0 native plugins for Editor in 0.00 ms.
Unloading 2514 Unused Serialized files (Serialized files now loaded: 0)
Unloading 187 unused Assets / (1.7 MB). Loaded Objects now: 3056.
Memory consumption went from 151.0 MB to 149.3 MB.
Total: 5.451700 ms (FindLiveObjects: 0.233000 ms CreateObjectMapping: 0.068600 ms MarkObjects: 4.675000 ms  DeleteObjects: 0.474200 ms)

AssetImportParameters requested are different than current active one (requested -> active):
  custom:video-decoder-ogg-theora: a1e56fd34408186e4bbccfd4996cb3dc -> 
  custom:container-muxer-webm: aa71ff27fc2769a1b78a27578f13a17b -> 
  custom:container-demuxer-webm: 4f35f7cbe854078d1ac9338744f61a02 -> 
  custom:video-encoder-webm-vp8: eb34c28f22e8b96e1ab97ce403110664 -> 
  custom:audio-encoder-webm-vorbis: bf7c407c2cedff20999df2af8eb42d56 -> 
  custom:framework-win-MediaFoundation: 216162199b28c13a410421893ffa2e32 -> 
  custom:container-demuxer-ogg: 62fdf1f143b41e24485cea50d1cbac27 -> 
  custom:video-decoder-webm-vp8: 9c59270c3fd7afecdb556c50c9e8de78 -> 
  custom:audio-decoder-ogg-vorbis: bf7c407c2cedff20999df2af8eb42d56 -> 
========================================================================
Received Import Request.
  Time since last request: 1267.854084 seconds.
  path: Assets/Buttons/Square/512x512/Blue/Sports/Golf.png
  artifactKey: Guid(1a5e5fdd5a744c047a30bc9ef69a2308) Importer(815301076,1909f56bfc062723c751e8b465ee728b)
Start importing Assets/Buttons/Square/512x512/Blue/Sports/Golf.png using Guid(1a5e5fdd5a744c047a30bc9ef69a2308) Importer(815301076,1909f56bfc062723c751e8b465ee728b)  -> (artifact id: '2fa871cae14cb828e0fdf98dfeaac93b') in 0.124183 seconds 
========================================================================
Received Import Request.
  Time since last request: 0.000022 seconds.
  path: Assets/0DP ASSETS/Ciconia Studio/_Shared Files/Demo Environment/Textures/Asphalt/Ground_Asphalt_Normal.png
  artifactKey: Guid(3a6b9bdffc17dcb44aea3f413e81ee84) Importer(815301076,1909f56bfc062723c751e8b465ee728b)
Start importing Assets/0DP ASSETS/Ciconia Studio/_Shared Files/Demo Environment/Textures/Asphalt/Ground_Asphalt_Normal.png using Guid(3a6b9bdffc17dcb44aea3f413e81ee84) Importer(815301076,1909f56bfc062723c751e8b465ee728b)  -> (artifact id: '677e5e65794ed2ddcb52c9cecaedd617') in 0.012924 seconds 
========================================================================
Received Import Request.
  Time since last request: 0.000019 seconds.
  path: Assets/0DP ASSETS/Materials/PNG Textures/groundPole.png
  artifactKey: Guid(dc5542ce24080d84e9c427e80e2e39e9) Importer(815301076,1909f56bfc062723c751e8b465ee728b)
Start importing Assets/0DP ASSETS/Materials/PNG Textures/groundPole.png using Guid(dc5542ce24080d84e9c427e80e2e39e9) Importer(815301076,1909f56bfc062723c751e8b465ee728b)  -> (artifact id: 'e01e7b90e3390fa5e465db6d20914739') in 0.034913 seconds 
========================================================================
Received Import Request.
  Time since last request: 0.000024 seconds.
  path: Assets/0DP ASSETS/noimpo/SampleScenes/Textures/GUICameraCycle.png
  artifactKey: Guid(266f4b0c2c7c161438daa4b595a09a33) Importer(815301076,1909f56bfc062723c751e8b465ee728b)
Start importing Assets/0DP ASSETS/noimpo/SampleScenes/Textures/GUICameraCycle.png using Guid(266f4b0c2c7c161438daa4b595a09a33) Importer(815301076,1909f56bfc062723c751e8b465ee728b)  -> (artifact id: '09e4cf544963253953a286ab73bc8d1b') in 0.032125 seconds 
========================================================================
Received Import Request.
  Time since last request: 0.000024 seconds.
  path: Assets/0DP ASSETS/Materials/PNG Textures/HaiFork.png
  artifactKey: Guid(84fb3ca7f04ce2e43a5d3dce83dde263) Importer(815301076,1909f56bfc062723c751e8b465ee728b)
Start importing Assets/0DP ASSETS/Materials/PNG Textures/HaiFork.png using Guid(84fb3ca7f04ce2e43a5d3dce83dde263) Importer(815301076,1909f56bfc062723c751e8b465ee728b)  -> (artifact id: 'a0a6f77115a480b11449010aad0be65c') in 0.023297 seconds 
========================================================================
Received Import Request.
  Time since last request: 0.000022 seconds.
  path: Assets/Buttons/Square/512x512/Pink/General/Hammer_Build_Repair.png
  artifactKey: Guid(9d3e42c992e66614799449f5331aeab5) Importer(815301076,1909f56bfc062723c751e8b465ee728b)
Start importing Assets/Buttons/Square/512x512/Pink/General/Hammer_Build_Repair.png using Guid(9d3e42c992e66614799449f5331aeab5) Importer(815301076,1909f56bfc062723c751e8b465ee728b)  -> (artifact id: '50dc1082d8c2dea7cedce8fabec76220') in 0.061838 seconds 
========================================================================
Received Import Request.
  Time since last request: 0.000016 seconds.
  path: Assets/Buttons/Square/512x512/NeonGreen/General/Hammer_Build_Repair.png
  artifactKey: Guid(21148563f1afb204ca8ec2d0bfc13115) Importer(815301076,1909f56bfc062723c751e8b465ee728b)
Start importing Assets/Buttons/Square/512x512/NeonGreen/General/Hammer_Build_Repair.png using Guid(21148563f1afb204ca8ec2d0bfc13115) Importer(815301076,1909f56bfc062723c751e8b465ee728b)  -> (artifact id: 'd71350a065acbbadf31ad56749bdda10') in 0.077750 seconds 
========================================================================
Received Import Request.
  Time since last request: 0.000017 seconds.
  path: Assets/0DP ASSETS/Ciconia Studio/_Shared Files/Demo Environment/Textures/Asphalt/Ground_Asphalt_MetallicSmoothness.png
  artifactKey: Guid(a6d34ab870446f046a8e2ce046296e11) Importer(815301076,1909f56bfc062723c751e8b465ee728b)
Start importing Assets/0DP ASSETS/Ciconia Studio/_Shared Files/Demo Environment/Textures/Asphalt/Ground_Asphalt_MetallicSmoothness.png using Guid(a6d34ab870446f046a8e2ce046296e11) Importer(815301076,1909f56bfc062723c751e8b465ee728b)  -> (artifact id: '178d4ac4362576f2e15fc758207da8e1') in 0.024073 seconds 
========================================================================
Received Import Request.
  Time since last request: 0.000028 seconds.
  path: Assets/0DP ASSETS/noimpo/SampleScenes/Textures/GUIReticle.png
  artifactKey: Guid(c03c72978d15ecb4d91060d3a10d14f0) Importer(815301076,1909f56bfc062723c751e8b465ee728b)
Start importing Assets/0DP ASSETS/noimpo/SampleScenes/Textures/GUIReticle.png using Guid(c03c72978d15ecb4d91060d3a10d14f0) Importer(815301076,1909f56bfc062723c751e8b465ee728b)  -> (artifact id: '3770ea50441895ae8440fd66ad7e7b27') in 0.038119 seconds 
========================================================================
Received Import Request.
  Time since last request: 0.000018 seconds.
  path: Assets/0DP ASSETS/Ciconia Studio/_Shared Files/Demo Environment/Textures/Miscellaneous/GridBox_Default.png
  artifactKey: Guid(5247c027b02deda43a143decb30f20a8) Importer(815301076,1909f56bfc062723c751e8b465ee728b)
Start importing Assets/0DP ASSETS/Ciconia Studio/_Shared Files/Demo Environment/Textures/Miscellaneous/GridBox_Default.png using Guid(5247c027b02deda43a143decb30f20a8) Importer(815301076,1909f56bfc062723c751e8b465ee728b)  -> (artifact id: '778a376566ec456cc05e34e43f520f74') in 0.030612 seconds 
========================================================================
Received Import Request.
  Time since last request: 0.000018 seconds.
  path: Assets/Buttons/Square/512x512/Orange/General/Hammer_Build_Repair.png
  artifactKey: Guid(7cfe1c49091c693459ee2ded8c30dcc5) Importer(815301076,1909f56bfc062723c751e8b465ee728b)
Start importing Assets/Buttons/Square/512x512/Orange/General/Hammer_Build_Repair.png using Guid(7cfe1c49091c693459ee2ded8c30dcc5) Importer(815301076,1909f56bfc062723c751e8b465ee728b)  -> (artifact id: 'cd46148078964397db1f21599de04bcf') in 0.045065 seconds 
========================================================================
Received Import Request.
  Time since last request: 0.000023 seconds.
  path: Assets/Buttons/Square/512x512/Yellow/General/Hammer_Build_Repair.png
  artifactKey: Guid(c99077ac1dce5ac4ca038d1cda344970) Importer(815301076,1909f56bfc062723c751e8b465ee728b)
Start importing Assets/Buttons/Square/512x512/Yellow/General/Hammer_Build_Repair.png using Guid(c99077ac1dce5ac4ca038d1cda344970) Importer(815301076,1909f56bfc062723c751e8b465ee728b)  -> (artifact id: 'e6d6ed5b9b7c5361c9fbd12e725dc441') in 0.046086 seconds 
========================================================================
Received Import Request.
  Time since last request: 0.000033 seconds.
  path: Assets/0DP ASSETS/Materials/PNG Textures/HammerNormal.png
  artifactKey: Guid(abc005701aae9b949be29feadd9392f1) Importer(815301076,1909f56bfc062723c751e8b465ee728b)
Start importing Assets/0DP ASSETS/Materials/PNG Textures/HammerNormal.png using Guid(abc005701aae9b949be29feadd9392f1) Importer(815301076,1909f56bfc062723c751e8b465ee728b)  -> (artifact id: '952e0d659f39f4951f15765d17c2fbd4') in 0.077809 seconds 
========================================================================
Received Import Request.
  Time since last request: 0.000019 seconds.
  path: Assets/0DP ASSETS/Ciconia Studio/_Shared Files/Demo Environment/Textures/Miscellaneous/GridBox_CSDemo_Cracks.png
  artifactKey: Guid(c1aa756b854bc0c46ab398b336ef95fc) Importer(815301076,1909f56bfc062723c751e8b465ee728b)
Start importing Assets/0DP ASSETS/Ciconia Studio/_Shared Files/Demo Environment/Textures/Miscellaneous/GridBox_CSDemo_Cracks.png using Guid(c1aa756b854bc0c46ab398b336ef95fc) Importer(815301076,1909f56bfc062723c751e8b465ee728b)  -> (artifact id: '272cb57f538ef95e0bbfbcf58433e887') in 0.026860 seconds 
========================================================================
Received Import Request.
  Time since last request: 0.000022 seconds.
  path: Assets/Buttons/Round/512x512/Red/General/Hammer_Build_Repair.png
  artifactKey: Guid(32bebd4e1a7b52b42be3fe4fcb2fb838) Importer(815301076,1909f56bfc062723c751e8b465ee728b)
Start importing Assets/Buttons/Round/512x512/Red/General/Hammer_Build_Repair.png using Guid(32bebd4e1a7b52b42be3fe4fcb2fb838) Importer(815301076,1909f56bfc062723c751e8b465ee728b)  -> (artifact id: 'd8aed198acaf8c0e228e759bcec9a86a') in 0.072138 seconds 
========================================================================
Received Import Request.
  Time since last request: 0.000023 seconds.
  path: Assets/0DP ASSETS/Materials/PNG Textures/HaiForkNormal.png
  artifactKey: Guid(30f4dc58abf931344bf8f35217245ee1) Importer(815301076,1909f56bfc062723c751e8b465ee728b)
Start importing Assets/0DP ASSETS/Materials/PNG Textures/HaiForkNormal.png using Guid(30f4dc58abf931344bf8f35217245ee1) Importer(815301076,1909f56bfc062723c751e8b465ee728b)  -> (artifact id: '79b2fd4922924031d498caf49dae9bde') in 0.011419 seconds 
========================================================================
Received Import Request.
  Time since last request: 0.000017 seconds.
  path: Assets/Buttons/Round/512x512/Gray/General/Hammer_Build_Repair.png
  artifactKey: Guid(95f36f4c20e56b741bdff4f45715f0a8) Importer(815301076,1909f56bfc062723c751e8b465ee728b)
Start importing Assets/Buttons/Round/512x512/Gray/General/Hammer_Build_Repair.png using Guid(95f36f4c20e56b741bdff4f45715f0a8) Importer(815301076,1909f56bfc062723c751e8b465ee728b)  -> (artifact id: '863ef402ad9379d293a1dcc5d1eda962') in 0.041659 seconds 
========================================================================
Received Import Request.
  Time since last request: 0.000018 seconds.
  path: Assets/0DP ASSETS/Materials/PNG Textures/groundFeederNormal.png
  artifactKey: Guid(bb53a7497fd6ffd4b89744806794a94d) Importer(815301076,1909f56bfc062723c751e8b465ee728b)
Start importing Assets/0DP ASSETS/Materials/PNG Textures/groundFeederNormal.png using Guid(bb53a7497fd6ffd4b89744806794a94d) Importer(815301076,1909f56bfc062723c751e8b465ee728b)  -> (artifact id: '6f66f35895a5978d4241165aadc98955') in 0.012843 seconds 
========================================================================
Received Import Request.
  Time since last request: 0.000021 seconds.
  path: Assets/Buttons/Round/512x512/Green/General/Hammer_Build_Repair.png
  artifactKey: Guid(9805d0ea10ac392499a0e26524f23798) Importer(815301076,1909f56bfc062723c751e8b465ee728b)
Start importing Assets/Buttons/Round/512x512/Green/General/Hammer_Build_Repair.png using Guid(9805d0ea10ac392499a0e26524f23798) Importer(815301076,1909f56bfc062723c751e8b465ee728b)  -> (artifact id: 'ca7fe548b1670b4b7bc096a05aad1aac') in 0.058160 seconds 
========================================================================
Received Import Request.
  Time since last request: 0.000025 seconds.
  path: Assets/Buttons/Round/512x512/NeonGreen/General/Hammer_Build_Repair.png
  artifactKey: Guid(398d5cef5ccb8d74f95ce41e50dd9645) Importer(815301076,1909f56bfc062723c751e8b465ee728b)
Start importing Assets/Buttons/Round/512x512/NeonGreen/General/Hammer_Build_Repair.png using Guid(398d5cef5ccb8d74f95ce41e50dd9645) Importer(815301076,1909f56bfc062723c751e8b465ee728b)  -> (artifact id: 'dd43af4cd54473f195c91d21f430cd2a') in 0.055862 seconds 
========================================================================
Received Import Request.
  Time since last request: 0.000025 seconds.
  path: Assets/0DP ASSETS/Ciconia Studio/_Shared Files/Demo Environment/Textures/Miscellaneous/GridBox_CSDemo_NoGrid.png
  artifactKey: Guid(953144cb18f7f6140b354697b74d93ec) Importer(815301076,1909f56bfc062723c751e8b465ee728b)
Start importing Assets/0DP ASSETS/Ciconia Studio/_Shared Files/Demo Environment/Textures/Miscellaneous/GridBox_CSDemo_NoGrid.png using Guid(953144cb18f7f6140b354697b74d93ec) Importer(815301076,1909f56bfc062723c751e8b465ee728b)  -> (artifact id: '985b1933fdeee502b798caef01f248da') in 0.038039 seconds 
========================================================================
Received Import Request.
  Time since last request: 0.000019 seconds.
  path: Assets/0DP ASSETS/noimpo/SampleScenes/Textures/GUITimescaleSlow.png
  artifactKey: Guid(7be95422710fa4b018659390b6108d74) Importer(815301076,1909f56bfc062723c751e8b465ee728b)
Start importing Assets/0DP ASSETS/noimpo/SampleScenes/Textures/GUITimescaleSlow.png using Guid(7be95422710fa4b018659390b6108d74) Importer(815301076,1909f56bfc062723c751e8b465ee728b)  -> (artifact id: '02899e8f06c7e344909c7f10bae89b11') in 0.026381 seconds 
========================================================================
Received Import Request.
  Time since last request: 0.000018 seconds.
  path: Assets/0DP ASSETS/Materials/PNG Textures/greenGrunge.png
  artifactKey: Guid(fe2553cec8c9cd440b763ce76f1e007b) Importer(815301076,1909f56bfc062723c751e8b465ee728b)
Start importing Assets/0DP ASSETS/Materials/PNG Textures/greenGrunge.png using Guid(fe2553cec8c9cd440b763ce76f1e007b) Importer(815301076,1909f56bfc062723c751e8b465ee728b)  -> (artifact id: 'e8dfae332bed4f77fdc58a0634f7f517') in 0.035032 seconds 
========================================================================
Received Import Request.
  Time since last request: 0.000016 seconds.
  path: Assets/0DP ASSETS/Ciconia Studio/_Shared Files/Demo Environment/Textures/Asphalt/Ground_Asphalt_AmbientOcclusion.png
  artifactKey: Guid(80c5d1eb86705d4469b33bbd66c2ac5a) Importer(815301076,1909f56bfc062723c751e8b465ee728b)
Start importing Assets/0DP ASSETS/Ciconia Studio/_Shared Files/Demo Environment/Textures/Asphalt/Ground_Asphalt_AmbientOcclusion.png using Guid(80c5d1eb86705d4469b33bbd66c2ac5a) Importer(815301076,1909f56bfc062723c751e8b465ee728b)  -> (artifact id: 'a6e8e5bf72b86bf93328e72372ffa994') in 0.011881 seconds 
========================================================================
Received Import Request.
  Time since last request: 0.000019 seconds.
  path: Assets/0DP ASSETS/POLYGON city pack/Meshes,textures/ways_FBX/grass.png
  artifactKey: Guid(761fcc9b74a11dc4097e656edc402314) Importer(815301076,1909f56bfc062723c751e8b465ee728b)
Start importing Assets/0DP ASSETS/POLYGON city pack/Meshes,textures/ways_FBX/grass.png using Guid(761fcc9b74a11dc4097e656edc402314) Importer(815301076,1909f56bfc062723c751e8b465ee728b)  -> (artifact id: '48054086cd41f22ffb4ed10bc3138ba1') in 0.028254 seconds 
========================================================================
Received Import Request.
  Time since last request: 0.000019 seconds.
  path: Assets/0DP ASSETS/Ciconia Studio/_Shared Files/Demo Environment/Textures/Miscellaneous/GridBox_NoText.png
  artifactKey: Guid(dc54d8469a93d364aa9d88e0cca86e20) Importer(815301076,1909f56bfc062723c751e8b465ee728b)
Start importing Assets/0DP ASSETS/Ciconia Studio/_Shared Files/Demo Environment/Textures/Miscellaneous/GridBox_NoText.png using Guid(dc54d8469a93d364aa9d88e0cca86e20) Importer(815301076,1909f56bfc062723c751e8b465ee728b)  -> (artifact id: '90a9fc0b5ad01da0df5dc40d8dc4a801') in 0.039677 seconds 
========================================================================
Received Import Request.
  Time since last request: 0.000016 seconds.
  path: Assets/0DP ASSETS/Ciconia Studio/_Shared Files/Demo Environment/Textures/Asphalt/Ground_Asphalt_Height.png
  artifactKey: Guid(5e67b2afc6a8d9d4d9f8fd1aa08df6b6) Importer(815301076,1909f56bfc062723c751e8b465ee728b)
Start importing Assets/0DP ASSETS/Ciconia Studio/_Shared Files/Demo Environment/Textures/Asphalt/Ground_Asphalt_Height.png using Guid(5e67b2afc6a8d9d4d9f8fd1aa08df6b6) Importer(815301076,1909f56bfc062723c751e8b465ee728b)  -> (artifact id: '1a865323325e62d3ccf15e32801fbcd5') in 0.012182 seconds 
========================================================================
Received Import Request.
  Time since last request: 0.000021 seconds.
  path: Assets/0DP ASSETS/imagenes/old/H.png
  artifactKey: Guid(86c572a7244791743ba9565d217945d3) Importer(815301076,1909f56bfc062723c751e8b465ee728b)
Start importing Assets/0DP ASSETS/imagenes/old/H.png using Guid(86c572a7244791743ba9565d217945d3) Importer(815301076,1909f56bfc062723c751e8b465ee728b)  -> (artifact id: '279b217f70a41428783deb933c77ccd9') in 0.115170 seconds 
========================================================================
Received Import Request.
  Time since last request: 0.000023 seconds.
  path: Assets/Buttons/Square/512x512/Blue/General/Hammer_Build_Repair.png
  artifactKey: Guid(9e284f2d00b048c4b88708079e67ca67) Importer(815301076,1909f56bfc062723c751e8b465ee728b)
Start importing Assets/Buttons/Square/512x512/Blue/General/Hammer_Build_Repair.png using Guid(9e284f2d00b048c4b88708079e67ca67) Importer(815301076,1909f56bfc062723c751e8b465ee728b)  -> (artifact id: '8ef4e8b7f4089d020347eb2a216cb42e') in 0.067494 seconds 
========================================================================
Received Import Request.
  Time since last request: 0.000017 seconds.
  path: Assets/0DP ASSETS/noimpo/SampleScenes/Textures/GUIButtonReset.png
  artifactKey: Guid(656566cd3f0724ab1b3f90a4407b381f) Importer(815301076,1909f56bfc062723c751e8b465ee728b)
Start importing Assets/0DP ASSETS/noimpo/SampleScenes/Textures/GUIButtonReset.png using Guid(656566cd3f0724ab1b3f90a4407b381f) Importer(815301076,1909f56bfc062723c751e8b465ee728b)  -> (artifact id: 'eddb90400dcf7ff6b0ee07e99b6a98d2') in 0.029519 seconds 
========================================================================
Received Import Request.
  Time since last request: 0.000017 seconds.
  path: Assets/Buttons/Square/512x512/Black/General/Hammer_Build_Repair.png
  artifactKey: Guid(922bf40b7e52bdd468e5e6c8eefd02f5) Importer(815301076,1909f56bfc062723c751e8b465ee728b)
Start importing Assets/Buttons/Square/512x512/Black/General/Hammer_Build_Repair.png using Guid(922bf40b7e52bdd468e5e6c8eefd02f5) Importer(815301076,1909f56bfc062723c751e8b465ee728b)  -> (artifact id: 'f6f3af4c8680d92dad8f7aca3441af64') in 0.044703 seconds 
========================================================================
Received Import Request.
  Time since last request: 0.000016 seconds.
  path: Assets/Buttons/Round/512x512/Orange/General/Hammer_Build_Repair.png
  artifactKey: Guid(9f97017ffa647d041b950e9b3fd6fa5e) Importer(815301076,1909f56bfc062723c751e8b465ee728b)
Start importing Assets/Buttons/Round/512x512/Orange/General/Hammer_Build_Repair.png using Guid(9f97017ffa647d041b950e9b3fd6fa5e) Importer(815301076,1909f56bfc062723c751e8b465ee728b)  -> (artifact id: '621ee7810228174e9139dd4a5619335c') in 0.049941 seconds 
========================================================================
Received Import Request.
  Time since last request: 0.000023 seconds.
  path: Assets/0DP ASSETS/noimpo/SampleScenes/Textures/GUITimescaleFull.png
  artifactKey: Guid(4276d5f756bb64e7dbe3d20577592f33) Importer(815301076,1909f56bfc062723c751e8b465ee728b)
Start importing Assets/0DP ASSETS/noimpo/SampleScenes/Textures/GUITimescaleFull.png using Guid(4276d5f756bb64e7dbe3d20577592f33) Importer(815301076,1909f56bfc062723c751e8b465ee728b)  -> (artifact id: 'e636bd8f7d32f7ff534a26ffda650c09') in 0.064190 seconds 
========================================================================
Received Import Request.
  Time since last request: 0.000026 seconds.
  path: Assets/0DP ASSETS/Animal pack deluxe v2/Textures/goliath_spider_col2_unity.tga
  artifactKey: Guid(4e734a0883fc09743b1603b613f5f368) Importer(815301076,1909f56bfc062723c751e8b465ee728b)
Start importing Assets/0DP ASSETS/Animal pack deluxe v2/Textures/goliath_spider_col2_unity.tga using Guid(4e734a0883fc09743b1603b613f5f368) Importer(815301076,1909f56bfc062723c751e8b465ee728b)  -> (artifact id: '5889a762a119543786c2ae383d2ed2d3') in 0.029415 seconds 
========================================================================
Received Import Request.
  Time since last request: 0.000017 seconds.
  path: Assets/0DP ASSETS/imagenes/old2/menu/GRATIS.png
  artifactKey: Guid(d813baef59a59e94ca4e2e03b7b5b912) Importer(815301076,1909f56bfc062723c751e8b465ee728b)
Start importing Assets/0DP ASSETS/imagenes/old2/menu/GRATIS.png using Guid(d813baef59a59e94ca4e2e03b7b5b912) Importer(815301076,1909f56bfc062723c751e8b465ee728b)  -> (artifact id: '870b8100ba63ee65287976026ddfb273') in 0.054959 seconds 
========================================================================
Received Import Request.
  Time since last request: 0.000017 seconds.
  path: Assets/0DP ASSETS/POLYGON city pack/Meshes,textures/Shops_FBX/grid.png
  artifactKey: Guid(9922cb1c199ed85459518a9fea40e481) Importer(815301076,1909f56bfc062723c751e8b465ee728b)
Start importing Assets/0DP ASSETS/POLYGON city pack/Meshes,textures/Shops_FBX/grid.png using Guid(9922cb1c199ed85459518a9fea40e481) Importer(815301076,1909f56bfc062723c751e8b465ee728b)  -> (artifact id: 'a5fd8a919e7e9a719272f27e2735626b') in 0.014483 seconds 
========================================================================
Received Import Request.
  Time since last request: 0.000016 seconds.
  path: Assets/Buttons/Round/512x512/Brown/General/Hammer_Build_Repair.png
  artifactKey: Guid(3a06710984cab4f4ca0bbe4c943007c2) Importer(815301076,1909f56bfc062723c751e8b465ee728b)
Start importing Assets/Buttons/Round/512x512/Brown/General/Hammer_Build_Repair.png using Guid(3a06710984cab4f4ca0bbe4c943007c2) Importer(815301076,1909f56bfc062723c751e8b465ee728b)  -> (artifact id: 'd9fd30006c3dd7bc3d9a00d5e23056e5') in 0.044381 seconds 
========================================================================
Received Import Request.
  Time since last request: 0.000019 seconds.
  path: Assets/0DP ASSETS/Ciconia Studio/_Shared Files/UI/Gradient.png
  artifactKey: Guid(3d7b25ceb30d768498d483990f9b7c70) Importer(815301076,1909f56bfc062723c751e8b465ee728b)
Start importing Assets/0DP ASSETS/Ciconia Studio/_Shared Files/UI/Gradient.png using Guid(3d7b25ceb30d768498d483990f9b7c70) Importer(815301076,1909f56bfc062723c751e8b465ee728b)  -> (artifact id: 'b6983f8eeffced3838825b0fd2f6bce4') in 0.134993 seconds 
========================================================================
Received Import Request.
  Time since last request: 0.000029 seconds.
  path: Assets/0DP ASSETS/Materials/PNG Textures/Hammer.png
  artifactKey: Guid(db0d53d9326b3ea4f8417d817cd4cdd0) Importer(815301076,1909f56bfc062723c751e8b465ee728b)
Start importing Assets/0DP ASSETS/Materials/PNG Textures/Hammer.png using Guid(db0d53d9326b3ea4f8417d817cd4cdd0) Importer(815301076,1909f56bfc062723c751e8b465ee728b)  -> (artifact id: '9d7860d2c83883f2dfdcaf3e2d341e7d') in 0.050040 seconds 
========================================================================
Received Import Request.
  Time since last request: 0.000036 seconds.
  path: Assets/Buttons/Square/512x512/Aquamarine/General/Hammer_Build_Repair.png
  artifactKey: Guid(c71ec521c9b4aff4ca7cf2f20fa56369) Importer(815301076,1909f56bfc062723c751e8b465ee728b)
Start importing Assets/Buttons/Square/512x512/Aquamarine/General/Hammer_Build_Repair.png using Guid(c71ec521c9b4aff4ca7cf2f20fa56369) Importer(815301076,1909f56bfc062723c751e8b465ee728b)  -> (artifact id: 'b4dc3dbe029d6284987b35a7fadbfded') in 0.042462 seconds 
Editor requested this worker to shutdown with reason: Scaling down because of idle timeout
AssetImportWorker is now disconnected from the server
Process exiting
Exiting without the bug reporter. Application will terminate with return code 0