Using pre-set license
Built from '2021.2/release' branch; Version is '2021.2.0f1 (4bf1ec4b23c9) revision 4977132'; Using compiler version '192829333'; Build Type 'Release'
OS: 'Windows 10 Pro; OS build 19043.1288; Version 2009; 64bit' Language: 'es' Physical Memory: 49080 MB
BatchMode: 1, IsHumanControllingUs: 0, StartBugReporterOnCrash: 0, Is64bit: 1, IsPro: 0

COMMAND LINE ARGUMENTS:
C:\Program Files\Unity\Hub\Editor\2021.2.0f1\Editor\Unity.exe
-adb2
-batchMode
-noUpm
-name
AssetImportWorker3
-projectPath
E:/new domincanpower/DominicanPower_iOS/DOMINICAN GAME
-logFile
Logs/AssetImportWorker3.log
-srvPort
60965
Successfully changed project path to: E:/new domincanpower/DominicanPower_iOS/DOMINICAN GAME
E:/new domincanpower/DominicanPower_iOS/DOMINICAN GAME
[UnityMemory] Configuration Parameters - Can be set up in boot.config
    "memorysetup-bucket-allocator-granularity=16"
    "memorysetup-bucket-allocator-bucket-count=8"
    "memorysetup-bucket-allocator-block-size=33554432"
    "memorysetup-bucket-allocator-block-count=8"
    "memorysetup-main-allocator-block-size=16777216"
    "memorysetup-thread-allocator-block-size=16777216"
    "memorysetup-gfx-main-allocator-block-size=16777216"
    "memorysetup-gfx-thread-allocator-block-size=16777216"
    "memorysetup-cache-allocator-block-size=4194304"
    "memorysetup-typetree-allocator-block-size=2097152"
    "memorysetup-profiler-bucket-allocator-granularity=16"
    "memorysetup-profiler-bucket-allocator-bucket-count=8"
    "memorysetup-profiler-bucket-allocator-block-size=33554432"
    "memorysetup-profiler-bucket-allocator-block-count=8"
    "memorysetup-profiler-allocator-block-size=16777216"
    "memorysetup-profiler-editor-allocator-block-size=1048576"
    "memorysetup-temp-allocator-size-main=16777216"
    "memorysetup-job-temp-allocator-block-size=2097152"
    "memorysetup-job-temp-allocator-block-size-background=1048576"
    "memorysetup-job-temp-allocator-reduction-small-platforms=262144"
    "memorysetup-temp-allocator-size-background-worker=32768"
    "memorysetup-temp-allocator-size-job-worker=262144"
    "memorysetup-temp-allocator-size-preload-manager=33554432"
    "memorysetup-temp-allocator-size-nav-mesh-worker=65536"
    "memorysetup-temp-allocator-size-audio-worker=65536"
    "memorysetup-temp-allocator-size-cloud-worker=32768"
    "memorysetup-temp-allocator-size-gi-baking-worker=262144"
    "memorysetup-temp-allocator-size-gfx=262144"
Refreshing native plugins compatible for Editor in 107.59 ms, found 5 plugins.
Preloading 0 native plugins for Editor in 0.00 ms.
Initialize engine version: 2021.2.0f1 (4bf1ec4b23c9)
[Subsystems] Discovering subsystems at path C:/Program Files/Unity/Hub/Editor/2021.2.0f1/Editor/Data/Resources/UnitySubsystems
[Subsystems] Discovering subsystems at path E:/new domincanpower/DominicanPower_iOS/DOMINICAN GAME/Assets
GfxDevice: creating device client; threaded=0; jobified=0
Direct3D:
    Version:  Direct3D 11.0 [level 11.1]
    Renderer: Radeon RX 580 Series (ID=0x67df)
    Vendor:   ATI
    VRAM:     8171 MB
    Driver:   27.20.1034.6
Initialize mono
Mono path[0] = 'C:/Program Files/Unity/Hub/Editor/2021.2.0f1/Editor/Data/Managed'
Mono path[1] = 'C:/Program Files/Unity/Hub/Editor/2021.2.0f1/Editor/Data/MonoBleedingEdge/lib/mono/unityjit-win32'
Mono config path = 'C:/Program Files/Unity/Hub/Editor/2021.2.0f1/Editor/Data/MonoBleedingEdge/etc'
Using monoOptions --debugger-agent=transport=dt_socket,embedding=1,server=y,suspend=n,address=127.0.0.1:56684
Begin MonoManager ReloadAssembly
Registering precompiled unity dll's ...
Register platform support module: C:/Program Files/Unity/Hub/Editor/2021.2.0f1/Editor/Data/PlaybackEngines/WindowsStandaloneSupport/UnityEditor.WindowsStandalone.Extensions.dll
Registered in 0.006849 seconds.
Native extension for WindowsStandalone target not found
Refreshing native plugins compatible for Editor in 95.01 ms, found 5 plugins.
Preloading 0 native plugins for Editor in 0.00 ms.
Mono: successfully reloaded assembly
- Completed reload, in  1.076 seconds
Domain Reload Profiling:
	ReloadAssembly (1077ms)
		BeginReloadAssembly (58ms)
			ExecutionOrderSort (0ms)
			DisableScriptedObjects (0ms)
			BackupInstance (0ms)
			ReleaseScriptingObjects (0ms)
			CreateAndSetChildDomain (1ms)
		EndReloadAssembly (435ms)
			LoadAssemblies (56ms)
			RebuildTransferFunctionScriptingTraits (0ms)
			SetupTypeCache (89ms)
			ReleaseScriptCaches (0ms)
			RebuildScriptCaches (32ms)
			SetupLoadedEditorAssemblies (258ms)
				LogAssemblyErrors (0ms)
				InitializePlatformSupportModulesInManaged (6ms)
				SetLoadedEditorAssemblies (0ms)
				RefreshPlugins (95ms)
				BeforeProcessingInitializeOnLoad (1ms)
				ProcessInitializeOnLoadAttributes (112ms)
				ProcessInitializeOnLoadMethodAttributes (43ms)
				AfterProcessingInitializeOnLoad (0ms)
				EditorAssembliesLoaded (0ms)
			ExecutionOrderSort2 (0ms)
			AwakeInstancesAfterBackupRestoration (0ms)
Platform modules already initialized, skipping
Registering precompiled user dll's ...
Registered in 0.011166 seconds.
Begin MonoManager ReloadAssembly
OnLevelWasLoaded was found on scriptEjemploVR
This message has been deprecated and will be removed in a later version of Unity.
Add a delegate to SceneManager.sceneLoaded instead to get notifications after scene loading has completed
Unloading broken assembly Assets/GoogleMobileAds/GoogleMobileAds.Unity.dll, this assembly can cause crashes in the runtime
Native extension for WindowsStandalone target not found
Refreshing native plugins compatible for Editor in 2.00 ms, found 5 plugins.
Preloading 0 native plugins for Editor in 0.00 ms.
Package Manager log level set to [2]
Mono: successfully reloaded assembly
- Completed reload, in  1.149 seconds
Domain Reload Profiling:
	ReloadAssembly (1150ms)
		BeginReloadAssembly (156ms)
			ExecutionOrderSort (0ms)
			DisableScriptedObjects (5ms)
			BackupInstance (0ms)
			ReleaseScriptingObjects (0ms)
			CreateAndSetChildDomain (19ms)
		EndReloadAssembly (889ms)
			LoadAssemblies (73ms)
			RebuildTransferFunctionScriptingTraits (0ms)
			SetupTypeCache (193ms)
			ReleaseScriptCaches (1ms)
			RebuildScriptCaches (56ms)
			SetupLoadedEditorAssemblies (461ms)
				LogAssemblyErrors (0ms)
				InitializePlatformSupportModulesInManaged (12ms)
				SetLoadedEditorAssemblies (0ms)
				RefreshPlugins (2ms)
				BeforeProcessingInitializeOnLoad (63ms)
				ProcessInitializeOnLoadAttributes (296ms)
				ProcessInitializeOnLoadMethodAttributes (79ms)
				AfterProcessingInitializeOnLoad (9ms)
				EditorAssembliesLoaded (0ms)
			ExecutionOrderSort2 (0ms)
			AwakeInstancesAfterBackupRestoration (4ms)
Platform modules already initialized, skipping
========================================================================
Worker process is ready to serve import requests
Launched and connected shader compiler UnityShaderCompiler.exe after 0.09 seconds
Refreshing native plugins compatible for Editor in 2.57 ms, found 5 plugins.
Preloading 0 native plugins for Editor in 0.00 ms.
Unloading 2953 Unused Serialized files (Serialized files now loaded: 0)
Unloading 204 unused Assets / (0.6 MB). Loaded Objects now: 3304.
Memory consumption went from 149.1 MB to 148.5 MB.
Total: 7.557600 ms (FindLiveObjects: 0.461900 ms CreateObjectMapping: 0.127000 ms MarkObjects: 6.595100 ms  DeleteObjects: 0.371800 ms)

AssetImportParameters requested are different than current active one (requested -> active):
  custom:video-decoder-ogg-theora: a1e56fd34408186e4bbccfd4996cb3dc -> 
  custom:container-muxer-webm: aa71ff27fc2769a1b78a27578f13a17b -> 
  custom:container-demuxer-webm: 4f35f7cbe854078d1ac9338744f61a02 -> 
  custom:video-encoder-webm-vp8: eb34c28f22e8b96e1ab97ce403110664 -> 
  custom:audio-encoder-webm-vorbis: bf7c407c2cedff20999df2af8eb42d56 -> 
  custom:framework-win-MediaFoundation: 216162199b28c13a410421893ffa2e32 -> 
  custom:container-demuxer-ogg: 62fdf1f143b41e24485cea50d1cbac27 -> 
  custom:video-decoder-webm-vp8: 9c59270c3fd7afecdb556c50c9e8de78 -> 
  custom:audio-decoder-ogg-vorbis: bf7c407c2cedff20999df2af8eb42d56 -> 
========================================================================
Received Import Request.
  Time since last request: 153624.095874 seconds.
  path: Assets/0DP ASSETS/imagenes/old2/path819.png
  artifactKey: Guid(0c6aaaab55e88144b84e0effe959fb70) Importer(815301076,1909f56bfc062723c751e8b465ee728b)
Start importing Assets/0DP ASSETS/imagenes/old2/path819.png using Guid(0c6aaaab55e88144b84e0effe959fb70) Importer(815301076,1909f56bfc062723c751e8b465ee728b)  -> (artifact id: 'bb199242c5d54e528459924141579fad') in 0.133871 seconds 
========================================================================
Received Import Request.
  Time since last request: 0.000018 seconds.
  path: Assets/0DP ASSETS/imagenes/frticas/plum.png
  artifactKey: Guid(31a1bb71c7d8b2a4e889865a98e40a65) Importer(815301076,1909f56bfc062723c751e8b465ee728b)
Start importing Assets/0DP ASSETS/imagenes/frticas/plum.png using Guid(31a1bb71c7d8b2a4e889865a98e40a65) Importer(815301076,1909f56bfc062723c751e8b465ee728b)  -> (artifact id: '16652e60fdaf881805b15013255f386a') in 0.020660 seconds 
========================================================================
Received Import Request.
  Time since last request: 0.000020 seconds.
  path: Assets/0DP ASSETS/POLYGON city pack/Prefabs/Floor/Q.png
  artifactKey: Guid(e30dc3a02f67b7f4fbad31f7e028f07d) Importer(815301076,1909f56bfc062723c751e8b465ee728b)
Start importing Assets/0DP ASSETS/POLYGON city pack/Prefabs/Floor/Q.png using Guid(e30dc3a02f67b7f4fbad31f7e028f07d) Importer(815301076,1909f56bfc062723c751e8b465ee728b)  -> (artifact id: '16e67fe2e337a8b6dc5a7a18b33caea0') in 0.272715 seconds 
========================================================================
Received Import Request.
  Time since last request: 0.000018 seconds.
  path: Assets/0DP ASSETS/imagenes/old2/peravia.png
  artifactKey: Guid(391a8a74532e5a74d8dc3882f66bb2f9) Importer(815301076,1909f56bfc062723c751e8b465ee728b)
Start importing Assets/0DP ASSETS/imagenes/old2/peravia.png using Guid(391a8a74532e5a74d8dc3882f66bb2f9) Importer(815301076,1909f56bfc062723c751e8b465ee728b)  -> (artifact id: 'c0860c9e6f5d6753bbf3ed84882d90e7') in 0.018867 seconds 
========================================================================
Received Import Request.
  Time since last request: 0.000021 seconds.
  path: Assets/0DP ASSETS/imagenes/old2/PLATANOPOWER.png
  artifactKey: Guid(ecc9b0fbb9a0a0643b3277ed6e8719b7) Importer(815301076,1909f56bfc062723c751e8b465ee728b)
Start importing Assets/0DP ASSETS/imagenes/old2/PLATANOPOWER.png using Guid(ecc9b0fbb9a0a0643b3277ed6e8719b7) Importer(815301076,1909f56bfc062723c751e8b465ee728b)  -> (artifact id: 'd77566a334663d05db19135dcf55f24b') in 0.161950 seconds 
========================================================================
Received Import Request.
  Time since last request: 0.000016 seconds.
  path: Assets/0DP ASSETS/imagenes/old3/platanopowrt.png
  artifactKey: Guid(b7d06cf7350441c46aeb0eed66681149) Importer(815301076,1909f56bfc062723c751e8b465ee728b)
Start importing Assets/0DP ASSETS/imagenes/old3/platanopowrt.png using Guid(b7d06cf7350441c46aeb0eed66681149) Importer(815301076,1909f56bfc062723c751e8b465ee728b)  -> (artifact id: 'faca6d52e1f0115132e8c522ea52803b') in 0.049162 seconds 
========================================================================
Received Import Request.
  Time since last request: 0.000024 seconds.
  path: Assets/0DP ASSETS/imagenes/old4/path1054-6-7-2-8-3-6-5.png
  artifactKey: Guid(1c23c7345b303ff43b23f6170d6ec0de) Importer(815301076,1909f56bfc062723c751e8b465ee728b)
Start importing Assets/0DP ASSETS/imagenes/old4/path1054-6-7-2-8-3-6-5.png using Guid(1c23c7345b303ff43b23f6170d6ec0de) Importer(815301076,1909f56bfc062723c751e8b465ee728b)  -> (artifact id: '433f2757ead473312152d79141090d11') in 0.014153 seconds 
========================================================================
Received Import Request.
  Time since last request: 0.000045 seconds.
  path: Assets/0DP ASSETS/POLYGON city pack/Prefabs/Floor/path847.png
  artifactKey: Guid(54363473fc1bbb84cab5ce8560b83020) Importer(815301076,1909f56bfc062723c751e8b465ee728b)
Start importing Assets/0DP ASSETS/POLYGON city pack/Prefabs/Floor/path847.png using Guid(54363473fc1bbb84cab5ce8560b83020) Importer(815301076,1909f56bfc062723c751e8b465ee728b)  -> (artifact id: '6a2ce54ddee03c0b07eef741a2986a97') in 0.197561 seconds 
========================================================================
Received Import Request.
  Time since last request: 0.000015 seconds.
  path: Assets/0DP ASSETS/imagenes/old4/REBOTE.png
  artifactKey: Guid(a5dac4d64f3a2ad4d981f697476d86be) Importer(815301076,1909f56bfc062723c751e8b465ee728b)
Start importing Assets/0DP ASSETS/imagenes/old4/REBOTE.png using Guid(a5dac4d64f3a2ad4d981f697476d86be) Importer(815301076,1909f56bfc062723c751e8b465ee728b)  -> (artifact id: '40e6b9256a22c27a9f14d5f34f739b9d') in 0.063959 seconds 
========================================================================
Received Import Request.
  Time since last request: 0.000018 seconds.
  path: Assets/0DP ASSETS/imagenes/frticas/raspberry.png
  artifactKey: Guid(b0acd00cf5a47fa48b025d38f6b3a2e3) Importer(815301076,1909f56bfc062723c751e8b465ee728b)
Start importing Assets/0DP ASSETS/imagenes/frticas/raspberry.png using Guid(b0acd00cf5a47fa48b025d38f6b3a2e3) Importer(815301076,1909f56bfc062723c751e8b465ee728b)  -> (artifact id: 'a11f834fd02fd5bd58749f2627d94d8b') in 0.042835 seconds 
========================================================================
Received Import Request.
  Time since last request: 0.000031 seconds.
  path: Assets/0DP ASSETS/imagenes/greyscale/rect-tag-above.png
  artifactKey: Guid(92879b04ac377b04a8c35d4174c82df2) Importer(815301076,1909f56bfc062723c751e8b465ee728b)
Start importing Assets/0DP ASSETS/imagenes/greyscale/rect-tag-above.png using Guid(92879b04ac377b04a8c35d4174c82df2) Importer(815301076,1909f56bfc062723c751e8b465ee728b)  -> (artifact id: '74bffcbf38eb8413a3aa9fd14f4bef65') in 0.054352 seconds 
========================================================================
Received Import Request.
  Time since last request: 0.000017 seconds.
  path: Assets/0DP ASSETS/0CASASNUEVAS/los jardines/rect833.png
  artifactKey: Guid(b4ab1b89793282d41920d63084675eb5) Importer(815301076,1909f56bfc062723c751e8b465ee728b)
Start importing Assets/0DP ASSETS/0CASASNUEVAS/los jardines/rect833.png using Guid(b4ab1b89793282d41920d63084675eb5) Importer(815301076,1909f56bfc062723c751e8b465ee728b)  -> (artifact id: 'aa0153113600e2255e2980d5d0c8570b') in 0.058604 seconds 
========================================================================
Received Import Request.
  Time since last request: 0.000015 seconds.
  path: Assets/0DP ASSETS/imagenes/greyscale/rect.png
  artifactKey: Guid(d014cb15cfcb5834ea702f2618771211) Importer(815301076,1909f56bfc062723c751e8b465ee728b)
Start importing Assets/0DP ASSETS/imagenes/greyscale/rect.png using Guid(d014cb15cfcb5834ea702f2618771211) Importer(815301076,1909f56bfc062723c751e8b465ee728b)  -> (artifact id: '3fbce9fc853d21fc692b0b365bc88e01') in 0.061164 seconds 
========================================================================
Received Import Request.
  Time since last request: 0.000017 seconds.
  path: Assets/0DP ASSETS/imagenes/old2/ray.png
  artifactKey: Guid(67a332c0dcac94b42803d01074ebf8fd) Importer(815301076,1909f56bfc062723c751e8b465ee728b)
Start importing Assets/0DP ASSETS/imagenes/old2/ray.png using Guid(67a332c0dcac94b42803d01074ebf8fd) Importer(815301076,1909f56bfc062723c751e8b465ee728b)  -> (artifact id: '7170f025d2f0abd477d1aaa9d890e0db') in 0.019723 seconds 
========================================================================
Received Import Request.
  Time since last request: 0.000020 seconds.
  path: Assets/0DP ASSETS/imagenes/old2/menu/RANKING.png
  artifactKey: Guid(333a622127cb90843835fc18ef8fa24c) Importer(815301076,1909f56bfc062723c751e8b465ee728b)
Start importing Assets/0DP ASSETS/imagenes/old2/menu/RANKING.png using Guid(333a622127cb90843835fc18ef8fa24c) Importer(815301076,1909f56bfc062723c751e8b465ee728b)  -> (artifact id: 'c68603079c6fd82a2c34e3bb07393ce1') in 0.102684 seconds 
========================================================================
Received Import Request.
  Time since last request: 0.070012 seconds.
  path: Assets/0DP ASSETS/0CASASNUEVAS/SONATA/rect849.png
  artifactKey: Guid(974b2bd693c294747af094fe66a7ae53) Importer(815301076,1909f56bfc062723c751e8b465ee728b)
Start importing Assets/0DP ASSETS/0CASASNUEVAS/SONATA/rect849.png using Guid(974b2bd693c294747af094fe66a7ae53) Importer(815301076,1909f56bfc062723c751e8b465ee728b)  -> (artifact id: '679c7396f76b6febbafba966c73eddd7') in 0.026657 seconds 
========================================================================
Received Import Request.
  Time since last request: 0.000014 seconds.
  path: Assets/0DP ASSETS/texturas 1/rect876.png
  artifactKey: Guid(d548a5f7f54675e4299b60e080416c1b) Importer(815301076,1909f56bfc062723c751e8b465ee728b)
Start importing Assets/0DP ASSETS/texturas 1/rect876.png using Guid(d548a5f7f54675e4299b60e080416c1b) Importer(815301076,1909f56bfc062723c751e8b465ee728b)  -> (artifact id: 'bd3b11fb0ec20fb3806767f71a19da80') in 0.334929 seconds 
========================================================================
Received Import Request.
  Time since last request: 0.000017 seconds.
  path: Assets/0DP ASSETS/imagenes/red_brick/animarion_1/red_brick_animation_1_frame_01.png
  artifactKey: Guid(9cc90b5e7a9c8dc429a7eb128703ed76) Importer(815301076,1909f56bfc062723c751e8b465ee728b)
Start importing Assets/0DP ASSETS/imagenes/red_brick/animarion_1/red_brick_animation_1_frame_01.png using Guid(9cc90b5e7a9c8dc429a7eb128703ed76) Importer(815301076,1909f56bfc062723c751e8b465ee728b)  -> (artifact id: '7e24687dc778b5ce0740c3827a9b32b7') in 0.045694 seconds 
========================================================================
Received Import Request.
  Time since last request: 0.000038 seconds.
  path: Assets/0DP ASSETS/imagenes/red_brick/animarion_1/red_brick_animation_1_frame_03.png
  artifactKey: Guid(8976fbf5387c28041be2de77c7e136a1) Importer(815301076,1909f56bfc062723c751e8b465ee728b)
Start importing Assets/0DP ASSETS/imagenes/red_brick/animarion_1/red_brick_animation_1_frame_03.png using Guid(8976fbf5387c28041be2de77c7e136a1) Importer(815301076,1909f56bfc062723c751e8b465ee728b)  -> (artifact id: '1b636e4776279cb05da24c793594a8d1') in 0.046710 seconds 
========================================================================
Received Import Request.
  Time since last request: 0.000023 seconds.
  path: Assets/0DP ASSETS/imagenes/frticas/red-apple.png
  artifactKey: Guid(1583deba552b1ce48b89a6d3381cd896) Importer(815301076,1909f56bfc062723c751e8b465ee728b)
Start importing Assets/0DP ASSETS/imagenes/frticas/red-apple.png using Guid(1583deba552b1ce48b89a6d3381cd896) Importer(815301076,1909f56bfc062723c751e8b465ee728b)  -> (artifact id: 'b3d5356d837257cd059cac6c5bde597f') in 0.026363 seconds 
========================================================================
Received Import Request.
  Time since last request: 0.000017 seconds.
  path: Assets/0DP ASSETS/imagenes/old/rect25127.png
  artifactKey: Guid(fb161909a2b65ac478040a1246d01708) Importer(815301076,1909f56bfc062723c751e8b465ee728b)
Start importing Assets/0DP ASSETS/imagenes/old/rect25127.png using Guid(fb161909a2b65ac478040a1246d01708) Importer(815301076,1909f56bfc062723c751e8b465ee728b)  -> (artifact id: 'eee0ac0fab133b1de7a5c4a0f2bdb726') in 0.098526 seconds 
========================================================================
Received Import Request.
  Time since last request: 11.868901 seconds.
  path: Assets/0DP ASSETS/imagenes/red_brick/animation_2/red_brick_animation_2_frame_01.png
  artifactKey: Guid(31ab3f197d9f8a04fa8f961fc20debbc) Importer(815301076,1909f56bfc062723c751e8b465ee728b)
Start importing Assets/0DP ASSETS/imagenes/red_brick/animation_2/red_brick_animation_2_frame_01.png using Guid(31ab3f197d9f8a04fa8f961fc20debbc) Importer(815301076,1909f56bfc062723c751e8b465ee728b)  -> (artifact id: 'e74e306bfb42e86ef3ec647cf072755f') in 0.087821 seconds 
========================================================================
Received Import Request.
  Time since last request: 0.000017 seconds.
  path: Assets/0DP ASSETS/imagenes/red_brick/red_brick_state_2_right_side.png
  artifactKey: Guid(1d7d48abe37932b4dbb4b1e60a5fafb7) Importer(815301076,1909f56bfc062723c751e8b465ee728b)
Start importing Assets/0DP ASSETS/imagenes/red_brick/red_brick_state_2_right_side.png using Guid(1d7d48abe37932b4dbb4b1e60a5fafb7) Importer(815301076,1909f56bfc062723c751e8b465ee728b)  -> (artifact id: 'aa04acc11887bcaf8aec34721329b356') in 0.027630 seconds 
========================================================================
Received Import Request.
  Time since last request: 0.000024 seconds.
  path: Assets/0DP ASSETS/imagenes/red_brick/red_brick_state_2_center_repeating.png
  artifactKey: Guid(3337d51d8cf49d943bc07e458a1e3ea4) Importer(815301076,1909f56bfc062723c751e8b465ee728b)
Start importing Assets/0DP ASSETS/imagenes/red_brick/red_brick_state_2_center_repeating.png using Guid(3337d51d8cf49d943bc07e458a1e3ea4) Importer(815301076,1909f56bfc062723c751e8b465ee728b)  -> (artifact id: 'ef04ec5cbe8ddba4d56d58156139a6b9') in 0.040208 seconds 
========================================================================
Received Import Request.
  Time since last request: 0.000020 seconds.
  path: Assets/0DP ASSETS/imagenes/red_brick/animation_2/red_brick_animation_2_frame_04.png
  artifactKey: Guid(4209d27607d75b14399d4effa615fa93) Importer(815301076,1909f56bfc062723c751e8b465ee728b)
Start importing Assets/0DP ASSETS/imagenes/red_brick/animation_2/red_brick_animation_2_frame_04.png using Guid(4209d27607d75b14399d4effa615fa93) Importer(815301076,1909f56bfc062723c751e8b465ee728b)  -> (artifact id: 'cd2593f45a4258fa817af75e448290d4') in 0.056332 seconds 
========================================================================
Received Import Request.
  Time since last request: 0.000017 seconds.
  path: Assets/0DP ASSETS/texturas 1/redise;orujeletqa2.png
  artifactKey: Guid(32ca5d38d14bbe74ea772c66121a4708) Importer(815301076,1909f56bfc062723c751e8b465ee728b)
Start importing Assets/0DP ASSETS/texturas 1/redise;orujeletqa2.png using Guid(32ca5d38d14bbe74ea772c66121a4708) Importer(815301076,1909f56bfc062723c751e8b465ee728b)  -> (artifact id: '6d7131f8735b8b6a784013e2780bb296') in 0.054559 seconds 
========================================================================
Received Import Request.
  Time since last request: 0.000016 seconds.
  path: Assets/0DP ASSETS/imagenes/red_brick/animation_2/red_brick_animation_2_frame_06.png
  artifactKey: Guid(61ad417a734ac8d45a56e70ff2d8c18a) Importer(815301076,1909f56bfc062723c751e8b465ee728b)
Start importing Assets/0DP ASSETS/imagenes/red_brick/animation_2/red_brick_animation_2_frame_06.png using Guid(61ad417a734ac8d45a56e70ff2d8c18a) Importer(815301076,1909f56bfc062723c751e8b465ee728b)  -> (artifact id: '52e2b3a26f16cd39b435c14e252a5ebf') in 0.040021 seconds 
========================================================================
Received Import Request.
  Time since last request: 0.401887 seconds.
  path: Assets/0DP ASSETS/imagenes/old2/menu/REVIVI500.png
  artifactKey: Guid(771491128ee7bdb49b71be3942740ce1) Importer(815301076,1909f56bfc062723c751e8b465ee728b)
Start importing Assets/0DP ASSETS/imagenes/old2/menu/REVIVI500.png using Guid(771491128ee7bdb49b71be3942740ce1) Importer(815301076,1909f56bfc062723c751e8b465ee728b)  -> (artifact id: 'f749e160bbb3eb3978fcf4e88de3cb2e') in 0.065312 seconds 
========================================================================
Received Import Request.
  Time since last request: 0.000022 seconds.
  path: Assets/0DP ASSETS/imagenes/ice_blocks/right_angle_triangle_75_percent.png
  artifactKey: Guid(361d04f0091ddc940acc7372de69e385) Importer(815301076,1909f56bfc062723c751e8b465ee728b)
Start importing Assets/0DP ASSETS/imagenes/ice_blocks/right_angle_triangle_75_percent.png using Guid(361d04f0091ddc940acc7372de69e385) Importer(815301076,1909f56bfc062723c751e8b465ee728b)  -> (artifact id: '2ba1c19b2665323c48b148c165eb9810') in 0.044351 seconds 
========================================================================
Received Import Request.
  Time since last request: 0.000023 seconds.
  path: Assets/0DP ASSETS/imagenes/ice_blocks/right_end_tile_100_percent.png
  artifactKey: Guid(1fa7327db32ba8444a68283a313ebb4e) Importer(815301076,1909f56bfc062723c751e8b465ee728b)
Start importing Assets/0DP ASSETS/imagenes/ice_blocks/right_end_tile_100_percent.png using Guid(1fa7327db32ba8444a68283a313ebb4e) Importer(815301076,1909f56bfc062723c751e8b465ee728b)  -> (artifact id: '57582ac2b9666869417180c15aeeecdc') in 0.073253 seconds 
========================================================================
Received Import Request.
  Time since last request: 0.000017 seconds.
  path: Assets/0DP ASSETS/RuneFire_Studios/WaypointsFree/_Visuals/roadTile2.png
  artifactKey: Guid(b5128db0047444f47a9ac2fb3a2bd3bd) Importer(815301076,1909f56bfc062723c751e8b465ee728b)
Start importing Assets/0DP ASSETS/RuneFire_Studios/WaypointsFree/_Visuals/roadTile2.png using Guid(b5128db0047444f47a9ac2fb3a2bd3bd) Importer(815301076,1909f56bfc062723c751e8b465ee728b)  -> (artifact id: '6586ffc95acb7cfbd2edfacf1d82aebe') in 0.075465 seconds 
========================================================================
Received Import Request.
  Time since last request: 0.000018 seconds.
  path: Assets/0DP ASSETS/RuneFire_Studios/WaypointsFree/_Visuals/roadTile1.png
  artifactKey: Guid(30096a29fb2f266418b7ad684038ae00) Importer(815301076,1909f56bfc062723c751e8b465ee728b)
Start importing Assets/0DP ASSETS/RuneFire_Studios/WaypointsFree/_Visuals/roadTile1.png using Guid(30096a29fb2f266418b7ad684038ae00) Importer(815301076,1909f56bfc062723c751e8b465ee728b)  -> (artifact id: '5dd239b512acaee42c59586ce33386df') in 0.034101 seconds 
========================================================================
Received Import Request.
  Time since last request: 0.000021 seconds.
  path: Assets/0DP ASSETS/RuneFire_Studios/WaypointsFree/_Visuals/roadTile5.png
  artifactKey: Guid(eef5ed11da3a741409beec27e88a3acb) Importer(815301076,1909f56bfc062723c751e8b465ee728b)
Start importing Assets/0DP ASSETS/RuneFire_Studios/WaypointsFree/_Visuals/roadTile5.png using Guid(eef5ed11da3a741409beec27e88a3acb) Importer(815301076,1909f56bfc062723c751e8b465ee728b)  -> (artifact id: 'da27bdb771fe0515787610fb9b7caa14') in 0.028731 seconds 
========================================================================
Received Import Request.
  Time since last request: 0.000026 seconds.
  path: Assets/0DP ASSETS/imagenes/ice_blocks/right_angle_triangle_25_percent.png
  artifactKey: Guid(ed5eb7011569ad448b122f0ec6e18b81) Importer(815301076,1909f56bfc062723c751e8b465ee728b)
Start importing Assets/0DP ASSETS/imagenes/ice_blocks/right_angle_triangle_25_percent.png using Guid(ed5eb7011569ad448b122f0ec6e18b81) Importer(815301076,1909f56bfc062723c751e8b465ee728b)  -> (artifact id: 'a2f389e4d6c86d1ce4b64052379d4387') in 0.068548 seconds 
========================================================================
Received Import Request.
  Time since last request: 3.635986 seconds.
  path: Assets/0DP ASSETS/imagenes/old/rojito.png
  artifactKey: Guid(605074ce63533fc4b837d33c5b751846) Importer(815301076,1909f56bfc062723c751e8b465ee728b)
Start importing Assets/0DP ASSETS/imagenes/old/rojito.png using Guid(605074ce63533fc4b837d33c5b751846) Importer(815301076,1909f56bfc062723c751e8b465ee728b)  -> (artifact id: 'c34fe0f8fd3a7519060aacef30a2629a') in 0.053587 seconds 
========================================================================
Received Import Request.
  Time since last request: 0.000019 seconds.
  path: Assets/0DP ASSETS/imagenes/pngs/saw_whole.png
  artifactKey: Guid(76b1230fd4f20eb40bd1c02e78f1fcd1) Importer(815301076,1909f56bfc062723c751e8b465ee728b)
Start importing Assets/0DP ASSETS/imagenes/pngs/saw_whole.png using Guid(76b1230fd4f20eb40bd1c02e78f1fcd1) Importer(815301076,1909f56bfc062723c751e8b465ee728b)  -> (artifact id: 'a1052d89712dee2b33eac79222d16190') in 0.067656 seconds 
========================================================================
Received Import Request.
  Time since last request: 0.000016 seconds.
  path: Assets/0DP ASSETS/red_blood/splatter_drip_red_03.png
  artifactKey: Guid(df0215eefcc4eb64b80e180775bbe32a) Importer(815301076,1909f56bfc062723c751e8b465ee728b)
Start importing Assets/0DP ASSETS/red_blood/splatter_drip_red_03.png using Guid(df0215eefcc4eb64b80e180775bbe32a) Importer(815301076,1909f56bfc062723c751e8b465ee728b)  -> (artifact id: '59ee81bcfb55c8e2a35aefcb33ac71a0') in 0.095642 seconds 
========================================================================
Received Import Request.
  Time since last request: 0.000018 seconds.
  path: Assets/0DP ASSETS/imagenes/old2/samana 1.png
  artifactKey: Guid(45703dbb5ab44cb4db620f37f43e2772) Importer(815301076,1909f56bfc062723c751e8b465ee728b)
Start importing Assets/0DP ASSETS/imagenes/old2/samana 1.png using Guid(45703dbb5ab44cb4db620f37f43e2772) Importer(815301076,1909f56bfc062723c751e8b465ee728b)  -> (artifact id: 'dfb149a14c175352db570611513253aa') in 0.013673 seconds 
========================================================================
Received Import Request.
  Time since last request: 0.000022 seconds.
  path: Assets/0DP ASSETS/personaje 3d/blanca/megro/textura3.png
  artifactKey: Guid(78416764fe0fee4448a10a5a75062f30) Importer(815301076,1909f56bfc062723c751e8b465ee728b)
Start importing Assets/0DP ASSETS/personaje 3d/blanca/megro/textura3.png using Guid(78416764fe0fee4448a10a5a75062f30) Importer(815301076,1909f56bfc062723c751e8b465ee728b)  -> (artifact id: '081addc738ef7f965d158da5d7810664') in 0.097153 seconds 
========================================================================
Received Import Request.
  Time since last request: 0.000017 seconds.
  path: Assets/0DP ASSETS/Extra/wave_bg_small_screen_red.png
  artifactKey: Guid(1fe5cb135eadcf5439588ff6692104b7) Importer(815301076,1909f56bfc062723c751e8b465ee728b)
Start importing Assets/0DP ASSETS/Extra/wave_bg_small_screen_red.png using Guid(1fe5cb135eadcf5439588ff6692104b7) Importer(815301076,1909f56bfc062723c751e8b465ee728b)  -> (artifact id: 'a0cf63d953ddbdd40115f850726c5d1e') in 0.104989 seconds 
========================================================================
Received Import Request.
  Time since last request: 0.000017 seconds.
  path: Assets/0DP ASSETS/Extra/wave_bg_small_screen_blue_2.png
  artifactKey: Guid(53cd38e15a1986d4d888674fd93ae601) Importer(815301076,1909f56bfc062723c751e8b465ee728b)
Start importing Assets/0DP ASSETS/Extra/wave_bg_small_screen_blue_2.png using Guid(53cd38e15a1986d4d888674fd93ae601) Importer(815301076,1909f56bfc062723c751e8b465ee728b)  -> (artifact id: '5e82c8afb542bc8b4465d58c6d8c4652') in 0.081713 seconds 
========================================================================
Received Import Request.
  Time since last request: 0.000021 seconds.
  path: Assets/0DP ASSETS/personaje 3d/magnate/animaciones/explo/yellow_explode_03.png
  artifactKey: Guid(0f82b7345aaffe642ae5d225defc9d3f) Importer(815301076,1909f56bfc062723c751e8b465ee728b)
Start importing Assets/0DP ASSETS/personaje 3d/magnate/animaciones/explo/yellow_explode_03.png using Guid(0f82b7345aaffe642ae5d225defc9d3f) Importer(815301076,1909f56bfc062723c751e8b465ee728b)  -> (artifact id: 'e68f49ae9faa29cc7dc69eb4a66e9b19') in 0.092571 seconds 
========================================================================
Received Import Request.
  Time since last request: 0.000020 seconds.
  path: Assets/0DP ASSETS/Extra/wave_bg_small_screen_yellow.png
  artifactKey: Guid(b6a73fb54965f5b4c8fb3e20e577c406) Importer(815301076,1909f56bfc062723c751e8b465ee728b)
Start importing Assets/0DP ASSETS/Extra/wave_bg_small_screen_yellow.png using Guid(b6a73fb54965f5b4c8fb3e20e577c406) Importer(815301076,1909f56bfc062723c751e8b465ee728b)  -> (artifact id: '0beccb18c95f16892a6c8016b8ded113') in 0.088924 seconds 
========================================================================
Received Import Request.
  Time since last request: 0.000017 seconds.
  path: Assets/0DP ASSETS/imagenes/pngs/track_piece/saw_track_left_edge.png
  artifactKey: Guid(075b5718b6fe321478ab8696335602cc) Importer(815301076,1909f56bfc062723c751e8b465ee728b)
Start importing Assets/0DP ASSETS/imagenes/pngs/track_piece/saw_track_left_edge.png using Guid(075b5718b6fe321478ab8696335602cc) Importer(815301076,1909f56bfc062723c751e8b465ee728b)  -> (artifact id: '6671a8badedbd2be7777fb95f7863f2f') in 0.016132 seconds 
========================================================================
Received Import Request.
  Time since last request: 0.000024 seconds.
  path: Assets/0DP ASSETS/imagenes/old/Sin título-1.png
  artifactKey: Guid(0dab5693248d33a4c8df0d7dfb77b354) Importer(815301076,1909f56bfc062723c751e8b465ee728b)
Start importing Assets/0DP ASSETS/imagenes/old/Sin título-1.png using Guid(0dab5693248d33a4c8df0d7dfb77b354) Importer(815301076,1909f56bfc062723c751e8b465ee728b)  -> (artifact id: '2acba5fdf5c4af3a90beedc953cfc1ea') in 0.033779 seconds 
========================================================================
Received Import Request.
  Time since last request: 0.000025 seconds.
  path: Assets/0DP ASSETS/imagenes/ice_blocks/triangle_25_percent.png
  artifactKey: Guid(186ee54e29715444796d9ce44b8f6c4e) Importer(815301076,1909f56bfc062723c751e8b465ee728b)
Start importing Assets/0DP ASSETS/imagenes/ice_blocks/triangle_25_percent.png using Guid(186ee54e29715444796d9ce44b8f6c4e) Importer(815301076,1909f56bfc062723c751e8b465ee728b)  -> (artifact id: '7130d20691460c3eb68e3026ea2c4d5c') in 0.072997 seconds 
========================================================================
Received Import Request.
  Time since last request: 0.000017 seconds.
  path: Assets/0DP ASSETS/imagenes/old4/temporada 1.png
  artifactKey: Guid(127268f1fd4734c42bd2fe8a41dbc26c) Importer(815301076,1909f56bfc062723c751e8b465ee728b)
Start importing Assets/0DP ASSETS/imagenes/old4/temporada 1.png using Guid(127268f1fd4734c42bd2fe8a41dbc26c) Importer(815301076,1909f56bfc062723c751e8b465ee728b)  -> (artifact id: 'c125288914fc250b20c0ad56222540d4') in 0.051195 seconds 
========================================================================
Received Import Request.
  Time since last request: 0.000018 seconds.
  path: Assets/0DP ASSETS/imagenes/vg.png
  artifactKey: Guid(3c049d9598c7e8b40bd0ecadb84f7bf4) Importer(815301076,1909f56bfc062723c751e8b465ee728b)
Start importing Assets/0DP ASSETS/imagenes/vg.png using Guid(3c049d9598c7e8b40bd0ecadb84f7bf4) Importer(815301076,1909f56bfc062723c751e8b465ee728b)  -> (artifact id: '3c133367d23a8c37ae25bae164fbd03d') in 0.050929 seconds 
========================================================================
Received Import Request.
  Time since last request: 0.000026 seconds.
  path: Assets/0DP ASSETS/0CASASNUEVAS/sanjuan/t.png
  artifactKey: Guid(9a8713e1c90f7914c802910acb1c40c7) Importer(815301076,1909f56bfc062723c751e8b465ee728b)
Start importing Assets/0DP ASSETS/0CASASNUEVAS/sanjuan/t.png using Guid(9a8713e1c90f7914c802910acb1c40c7) Importer(815301076,1909f56bfc062723c751e8b465ee728b)  -> (artifact id: 'e447ba262da439110961b602b6bc8b6c') in 0.041838 seconds 
========================================================================
Received Import Request.
  Time since last request: 0.000025 seconds.
  path: Assets/0DP ASSETS/imagenes/spritesheets/sparkle_spritesheet_128px_by_128px_per_frame.png
  artifactKey: Guid(de3607768c3e66145915df44fd5b4a88) Importer(815301076,1909f56bfc062723c751e8b465ee728b)
Start importing Assets/0DP ASSETS/imagenes/spritesheets/sparkle_spritesheet_128px_by_128px_per_frame.png using Guid(de3607768c3e66145915df44fd5b4a88) Importer(815301076,1909f56bfc062723c751e8b465ee728b)  -> (artifact id: '9f75e26ff130bb5e8bc6ecf81302150f') in 0.053077 seconds 
========================================================================
Received Import Request.
  Time since last request: 0.000029 seconds.
  path: Assets/0DP ASSETS/imagenes/sd.png
  artifactKey: Guid(6b4bb160eaa8f654cb99798bcd837d01) Importer(815301076,1909f56bfc062723c751e8b465ee728b)
Start importing Assets/0DP ASSETS/imagenes/sd.png using Guid(6b4bb160eaa8f654cb99798bcd837d01) Importer(815301076,1909f56bfc062723c751e8b465ee728b)  -> (artifact id: 'bcd24c49d07e2616f461afa2116f420e') in 0.039998 seconds 
========================================================================
Received Import Request.
  Time since last request: 0.000018 seconds.
  path: Assets/0DP ASSETS/imagenes/old2/tragaperra1.png
  artifactKey: Guid(7f66ab53ca38941469b78f5c8b5ee469) Importer(815301076,1909f56bfc062723c751e8b465ee728b)
Start importing Assets/0DP ASSETS/imagenes/old2/tragaperra1.png using Guid(7f66ab53ca38941469b78f5c8b5ee469) Importer(815301076,1909f56bfc062723c751e8b465ee728b)  -> (artifact id: '2de7cda2e940c1872f83f86a8efa0e76') in 0.038123 seconds 
========================================================================
Received Import Request.
  Time since last request: 0.000015 seconds.
  path: Assets/0DP ASSETS/0CASASNUEVAS/poste/Power Pole/Wood01_rgh.jpg
  artifactKey: Guid(c03ff604fac26d74682363dd9b579725) Importer(815301076,1909f56bfc062723c751e8b465ee728b)
Start importing Assets/0DP ASSETS/0CASASNUEVAS/poste/Power Pole/Wood01_rgh.jpg using Guid(c03ff604fac26d74682363dd9b579725) Importer(815301076,1909f56bfc062723c751e8b465ee728b)  -> (artifact id: '837f8eb385a18561c75a71c4cad80334') in 0.392610 seconds 
========================================================================
Received Import Request.
  Time since last request: 0.000021 seconds.
  path: Assets/0DP ASSETS/imagenes/pngs/saw_amimation/rotating_saw_04.png
  artifactKey: Guid(63d8a8ebe134b6444a182aab53e4e73d) Importer(815301076,1909f56bfc062723c751e8b465ee728b)
Start importing Assets/0DP ASSETS/imagenes/pngs/saw_amimation/rotating_saw_04.png using Guid(63d8a8ebe134b6444a182aab53e4e73d) Importer(815301076,1909f56bfc062723c751e8b465ee728b)  -> (artifact id: '03e8020ed415a3b8192bbd83907df4ef') in 0.022701 seconds 
========================================================================
Received Import Request.
  Time since last request: 0.000024 seconds.
  path: Assets/0DP ASSETS/imagenes/parallax_parts/sun.png
  artifactKey: Guid(85d5d62887ed86c4ab37f2a2521e3fee) Importer(815301076,1909f56bfc062723c751e8b465ee728b)
Start importing Assets/0DP ASSETS/imagenes/parallax_parts/sun.png using Guid(85d5d62887ed86c4ab37f2a2521e3fee) Importer(815301076,1909f56bfc062723c751e8b465ee728b)  -> (artifact id: '942e141f11214ace70b1e0538a2dc2f4') in 0.074735 seconds 
========================================================================
Received Import Request.
  Time since last request: 0.000018 seconds.
  path: Assets/0DP ASSETS/CANVAS/water/water_05.png
  artifactKey: Guid(b04b6a9d844efc74c9779ebc7c49c123) Importer(815301076,1909f56bfc062723c751e8b465ee728b)
Start importing Assets/0DP ASSETS/CANVAS/water/water_05.png using Guid(b04b6a9d844efc74c9779ebc7c49c123) Importer(815301076,1909f56bfc062723c751e8b465ee728b)  -> (artifact id: 'bbe33cc44783d4bd8b9b2aab1690fd1c') in 0.017049 seconds 
========================================================================
Received Import Request.
  Time since last request: 0.000019 seconds.
  path: Assets/0DP ASSETS/0CASASNUEVAS/casacomun/textura.png
  artifactKey: Guid(26073fd5f2469354cbd33806bc3ede4b) Importer(815301076,1909f56bfc062723c751e8b465ee728b)
Start importing Assets/0DP ASSETS/0CASASNUEVAS/casacomun/textura.png using Guid(26073fd5f2469354cbd33806bc3ede4b) Importer(815301076,1909f56bfc062723c751e8b465ee728b)  -> (artifact id: 'aaecc34c9decf5b6bd5146206d2ae167') in 0.055876 seconds 
========================================================================
Received Import Request.
  Time since last request: 0.000019 seconds.
  path: Assets/0DP ASSETS/Extra/sad.png
  artifactKey: Guid(b519b6ba3ea591e4eba43fba279759e9) Importer(815301076,1909f56bfc062723c751e8b465ee728b)
Start importing Assets/0DP ASSETS/Extra/sad.png using Guid(b519b6ba3ea591e4eba43fba279759e9) Importer(815301076,1909f56bfc062723c751e8b465ee728b)  -> (artifact id: '1c05163a46226516d56adacf74b6929c') in 0.344057 seconds 
========================================================================
Received Import Request.
  Time since last request: 0.000018 seconds.
  path: Assets/0DP ASSETS/imagenes/frticas/star-fruit.png
  artifactKey: Guid(d54ff1552d3d4fa49a103e841ab0209f) Importer(815301076,1909f56bfc062723c751e8b465ee728b)
Start importing Assets/0DP ASSETS/imagenes/frticas/star-fruit.png using Guid(d54ff1552d3d4fa49a103e841ab0209f) Importer(815301076,1909f56bfc062723c751e8b465ee728b)  -> (artifact id: '411641cf5f81af1bbcb2ad82d5e2bc4d') in 0.085466 seconds 
========================================================================
Received Import Request.
  Time since last request: 0.000022 seconds.
  path: Assets/0DP ASSETS/prefabricados/DIALOGOS/texto4.png
  artifactKey: Guid(af066e57d056f274584c53db55589866) Importer(815301076,1909f56bfc062723c751e8b465ee728b)
Start importing Assets/0DP ASSETS/prefabricados/DIALOGOS/texto4.png using Guid(af066e57d056f274584c53db55589866) Importer(815301076,1909f56bfc062723c751e8b465ee728b)  -> (artifact id: '2a4e8d438bba350bcae482bf35255fdf') in 0.013702 seconds 
========================================================================
Received Import Request.
  Time since last request: 0.000016 seconds.
  path: Assets/0DP ASSETS/imagenes/greyscale/square-tag-below.png
  artifactKey: Guid(a48f033f011c95144b7538229e898d21) Importer(815301076,1909f56bfc062723c751e8b465ee728b)
Start importing Assets/0DP ASSETS/imagenes/greyscale/square-tag-below.png using Guid(a48f033f011c95144b7538229e898d21) Importer(815301076,1909f56bfc062723c751e8b465ee728b)  -> (artifact id: '863291423f18f31598bd1e0121c3eb22') in 0.038304 seconds 
========================================================================
Received Import Request.
  Time since last request: 0.000019 seconds.
  path: Assets/0DP ASSETS/0CASASNUEVAS/MINISTERIO/TEXTURA.png
  artifactKey: Guid(d290109f1e1f1524eb7e0bb66f4e80bd) Importer(815301076,1909f56bfc062723c751e8b465ee728b)
Start importing Assets/0DP ASSETS/0CASASNUEVAS/MINISTERIO/TEXTURA.png using Guid(d290109f1e1f1524eb7e0bb66f4e80bd) Importer(815301076,1909f56bfc062723c751e8b465ee728b)  -> (artifact id: '5b133adedff15d47bed6e48ca8f3ba42') in 0.056236 seconds 
========================================================================
Received Import Request.
  Time since last request: 0.000026 seconds.
  path: Assets/0DP ASSETS/imagenes/pngs/saw_amimation/rotating_saw_01.png
  artifactKey: Guid(67ca6eb1568e97d4d886d5eff221009c) Importer(815301076,1909f56bfc062723c751e8b465ee728b)
Start importing Assets/0DP ASSETS/imagenes/pngs/saw_amimation/rotating_saw_01.png using Guid(67ca6eb1568e97d4d886d5eff221009c) Importer(815301076,1909f56bfc062723c751e8b465ee728b)  -> (artifact id: '21102d48157d8b2fbba439603344380c') in 0.069471 seconds 
========================================================================
Received Import Request.
  Time since last request: 0.000017 seconds.
  path: Assets/0DP ASSETS/CANVAS/water/water_10.png
  artifactKey: Guid(9d6d4d9a86daaba41a5325d2da5b811d) Importer(815301076,1909f56bfc062723c751e8b465ee728b)
Start importing Assets/0DP ASSETS/CANVAS/water/water_10.png using Guid(9d6d4d9a86daaba41a5325d2da5b811d) Importer(815301076,1909f56bfc062723c751e8b465ee728b)  -> (artifact id: 'b93caf6dbffdd03f8d5533a73cb5e165') in 0.044170 seconds 
========================================================================
Received Import Request.
  Time since last request: 0.000017 seconds.
  path: Assets/0DP ASSETS/imagenes/YouTube-premiuim1.png
  artifactKey: Guid(d32b5b56b3440514d953fdd7a09f681e) Importer(815301076,1909f56bfc062723c751e8b465ee728b)
Start importing Assets/0DP ASSETS/imagenes/YouTube-premiuim1.png using Guid(d32b5b56b3440514d953fdd7a09f681e) Importer(815301076,1909f56bfc062723c751e8b465ee728b)  -> (artifact id: '423c2014f10f2616bf365ddf13bb3a69') in 0.234485 seconds 
========================================================================
Received Import Request.
  Time since last request: 0.000019 seconds.
  path: Assets/0DP ASSETS/Extra/wave_bg_small_screen_blue.png
  artifactKey: Guid(f8f8a962aa9e6834f80cda8330486619) Importer(815301076,1909f56bfc062723c751e8b465ee728b)
Start importing Assets/0DP ASSETS/Extra/wave_bg_small_screen_blue.png using Guid(f8f8a962aa9e6834f80cda8330486619) Importer(815301076,1909f56bfc062723c751e8b465ee728b)  -> (artifact id: 'fc28a153f8fca1a3252ff55b0c9fc500') in 0.238034 seconds 
========================================================================
Received Import Request.
  Time since last request: 0.000018 seconds.
  path: Assets/0DP ASSETS/0CASASNUEVAS/poste/Power Pole/RustMixedOnPaint012_GLOSS_3K.jpg
  artifactKey: Guid(3e6f2ca9ef02df44db91bc2b2c550a77) Importer(815301076,1909f56bfc062723c751e8b465ee728b)
Start importing Assets/0DP ASSETS/0CASASNUEVAS/poste/Power Pole/RustMixedOnPaint012_GLOSS_3K.jpg using Guid(3e6f2ca9ef02df44db91bc2b2c550a77) Importer(815301076,1909f56bfc062723c751e8b465ee728b)  -> (artifact id: '4548f3cd252e6de1720769a94cb2c900') in 0.535867 seconds 
========================================================================
Received Import Request.
  Time since last request: 0.000022 seconds.
  path: Assets/0DP ASSETS/0CASASNUEVAS/sabana/TexturesCom_OldBricks_2x2_512_albedo.tif
  artifactKey: Guid(493ffff3706750a408d6af9aa7ab3eee) Importer(815301076,1909f56bfc062723c751e8b465ee728b)
Start importing Assets/0DP ASSETS/0CASASNUEVAS/sabana/TexturesCom_OldBricks_2x2_512_albedo.tif using Guid(493ffff3706750a408d6af9aa7ab3eee) Importer(815301076,1909f56bfc062723c751e8b465ee728b)  -> (artifact id: 'ed2940b5b206b5a2e27e0cf371e18db0') in 0.038322 seconds 
========================================================================
Received Import Request.
  Time since last request: 0.000018 seconds.
  path: Assets/0DP ASSETS/noimpo/Standard Assets/CrossPlatformInput/Sprites/SliderHandleSprite.png
  artifactKey: Guid(0626b924325d1c34cafa6b22297f4e4f) Importer(815301076,1909f56bfc062723c751e8b465ee728b)
Start importing Assets/0DP ASSETS/noimpo/Standard Assets/CrossPlatformInput/Sprites/SliderHandleSprite.png using Guid(0626b924325d1c34cafa6b22297f4e4f) Importer(815301076,1909f56bfc062723c751e8b465ee728b)  -> (artifact id: 'c22c6520a11c95c7548249e923094718') in 0.126811 seconds 
========================================================================
Received Import Request.
  Time since last request: 0.000016 seconds.
  path: Assets/0DP ASSETS/red_blood/splatter_drip_red_07.png
  artifactKey: Guid(37e36e67d0d545549bfb916723caaac1) Importer(815301076,1909f56bfc062723c751e8b465ee728b)
Start importing Assets/0DP ASSETS/red_blood/splatter_drip_red_07.png using Guid(37e36e67d0d545549bfb916723caaac1) Importer(815301076,1909f56bfc062723c751e8b465ee728b)  -> (artifact id: 'bf1903e6f8736d1d42bb321ce2c92d90') in 0.150344 seconds 
========================================================================
Received Import Request.
  Time since last request: 0.000020 seconds.
  path: Assets/0DP ASSETS/imagenes/old3/—Pngtree—geometric mountains_1510471.png
  artifactKey: Guid(7cb20c1e6222a9343b149f38f530b671) Importer(815301076,1909f56bfc062723c751e8b465ee728b)
Start importing Assets/0DP ASSETS/imagenes/old3/—Pngtree—geometric mountains_1510471.png using Guid(7cb20c1e6222a9343b149f38f530b671) Importer(815301076,1909f56bfc062723c751e8b465ee728b)  -> (artifact id: 'bf062e88673424f0ff9a442367ded07b') in 0.050070 seconds 
========================================================================
Received Import Request.
  Time since last request: 0.000026 seconds.
  path: Assets/0DP ASSETS/prefabricados/sCAlera.png
  artifactKey: Guid(b87afeabf486dbe459342d642875d96a) Importer(815301076,1909f56bfc062723c751e8b465ee728b)
Start importing Assets/0DP ASSETS/prefabricados/sCAlera.png using Guid(b87afeabf486dbe459342d642875d96a) Importer(815301076,1909f56bfc062723c751e8b465ee728b)  -> (artifact id: 'a96758e552a1160dd2698cc93adb299e') in 0.048745 seconds 
========================================================================
Received Import Request.
  Time since last request: 0.000020 seconds.
  path: Assets/0DP ASSETS/0CASASNUEVAS/COLMADO/TEXTURA.png
  artifactKey: Guid(7a7eaad45d546114689f045b94f7e133) Importer(815301076,1909f56bfc062723c751e8b465ee728b)
Start importing Assets/0DP ASSETS/0CASASNUEVAS/COLMADO/TEXTURA.png using Guid(7a7eaad45d546114689f045b94f7e133) Importer(815301076,1909f56bfc062723c751e8b465ee728b)  -> (artifact id: '304568ca033cb182455912938a33ce92') in 0.017860 seconds 
========================================================================
Received Import Request.
  Time since last request: 0.000026 seconds.
  path: Assets/0DP ASSETS/0CASASNUEVAS/casatipozin/textura.png
  artifactKey: Guid(d281cdb96048ff04094ef7ff288806ab) Importer(815301076,1909f56bfc062723c751e8b465ee728b)
Start importing Assets/0DP ASSETS/0CASASNUEVAS/casatipozin/textura.png using Guid(d281cdb96048ff04094ef7ff288806ab) Importer(815301076,1909f56bfc062723c751e8b465ee728b)  -> (artifact id: '74951c271524da0c898702c099c15620') in 0.051148 seconds 
========================================================================
Received Import Request.
  Time since last request: 0.000021 seconds.
  path: Assets/0DP ASSETS/imagenes/frticas/green-grape.png
  artifactKey: Guid(3ae0043b8d1b2ae4a97337863abe298e) Importer(815301076,1909f56bfc062723c751e8b465ee728b)
Start importing Assets/0DP ASSETS/imagenes/frticas/green-grape.png using Guid(3ae0043b8d1b2ae4a97337863abe298e) Importer(815301076,1909f56bfc062723c751e8b465ee728b)  -> (artifact id: '85f66831e22a04ac5281891a8977e4e4') in 0.073307 seconds 
========================================================================
Received Import Request.
  Time since last request: 0.000019 seconds.
  path: Assets/0DP ASSETS/imagenes/old4/avion1.png
  artifactKey: Guid(b2ad1e8fe4b97d847bee0b1127f6e3de) Importer(815301076,1909f56bfc062723c751e8b465ee728b)
Start importing Assets/0DP ASSETS/imagenes/old4/avion1.png using Guid(b2ad1e8fe4b97d847bee0b1127f6e3de) Importer(815301076,1909f56bfc062723c751e8b465ee728b)  -> (artifact id: '372092fc26f4f491cc005a51a2f8ffc3') in 0.071247 seconds 
========================================================================
Received Import Request.
  Time since last request: 0.000021 seconds.
  path: Assets/0DP ASSETS/imagenes/old3/guagua 1.png
  artifactKey: Guid(69af03e702c1fa144adf1734e38ea98a) Importer(815301076,1909f56bfc062723c751e8b465ee728b)
Start importing Assets/0DP ASSETS/imagenes/old3/guagua 1.png using Guid(69af03e702c1fa144adf1734e38ea98a) Importer(815301076,1909f56bfc062723c751e8b465ee728b)  -> (artifact id: '914a99f7a8eb59b898ec04b2416f2784') in 0.034779 seconds 
========================================================================
Received Import Request.
  Time since last request: 0.000017 seconds.
  path: Assets/0DP ASSETS/Extra/burst_background_small_screen_red.png
  artifactKey: Guid(5e858db69e77d5d4caba3b289b4070a5) Importer(815301076,1909f56bfc062723c751e8b465ee728b)
Start importing Assets/0DP ASSETS/Extra/burst_background_small_screen_red.png using Guid(5e858db69e77d5d4caba3b289b4070a5) Importer(815301076,1909f56bfc062723c751e8b465ee728b)  -> (artifact id: '379691dd5a8cd275775a835287698377') in 0.148981 seconds 
========================================================================
Received Import Request.
  Time since last request: 0.000016 seconds.
  path: Assets/0DP ASSETS/imagenes/old/general2.png
  artifactKey: Guid(51cf2fb52919b39498e413a9cf7e235a) Importer(815301076,1909f56bfc062723c751e8b465ee728b)
Start importing Assets/0DP ASSETS/imagenes/old/general2.png using Guid(51cf2fb52919b39498e413a9cf7e235a) Importer(815301076,1909f56bfc062723c751e8b465ee728b)  -> (artifact id: '5eb49c123d99c63fbdfbb9a3c8e7c1c3') in 0.023840 seconds 
========================================================================
Received Import Request.
  Time since last request: 0.000021 seconds.
  path: Assets/0DP ASSETS/imagenes/old/FONDO VERDE.png
  artifactKey: Guid(7f53abfe2fdc8ef4a8e067f2022fbf20) Importer(815301076,1909f56bfc062723c751e8b465ee728b)
Start importing Assets/0DP ASSETS/imagenes/old/FONDO VERDE.png using Guid(7f53abfe2fdc8ef4a8e067f2022fbf20) Importer(815301076,1909f56bfc062723c751e8b465ee728b)  -> (artifact id: '6fd22e4d823495b34faf2db4653666bf') in 0.013601 seconds 
========================================================================
Received Import Request.
  Time since last request: 0.000017 seconds.
  path: Assets/0DP ASSETS/imagenes/old3/AGUJITA.png
  artifactKey: Guid(024a63bc23004ea4e8340354d82e1c77) Importer(815301076,1909f56bfc062723c751e8b465ee728b)
Start importing Assets/0DP ASSETS/imagenes/old3/AGUJITA.png using Guid(024a63bc23004ea4e8340354d82e1c77) Importer(815301076,1909f56bfc062723c751e8b465ee728b)  -> (artifact id: 'f75cf7ce709747fda113c471acaaf1e8') in 0.069439 seconds 
========================================================================
Received Import Request.
  Time since last request: 0.000018 seconds.
  path: Assets/0DP ASSETS/imagenes/old4/g34119.png
  artifactKey: Guid(8d494c82e4156ec43977fe6b9784fd81) Importer(815301076,1909f56bfc062723c751e8b465ee728b)
Start importing Assets/0DP ASSETS/imagenes/old4/g34119.png using Guid(8d494c82e4156ec43977fe6b9784fd81) Importer(815301076,1909f56bfc062723c751e8b465ee728b)  -> (artifact id: '703d08158dc243aeb7338616a76a3b4c') in 0.022777 seconds 
========================================================================
Received Import Request.
  Time since last request: 0.000017 seconds.
  path: Assets/0DP ASSETS/imagenes/old2/menu/fondo 1.png
  artifactKey: Guid(2d6ec412f5ca0a744a4598cc938b7ff6) Importer(815301076,1909f56bfc062723c751e8b465ee728b)
Start importing Assets/0DP ASSETS/imagenes/old2/menu/fondo 1.png using Guid(2d6ec412f5ca0a744a4598cc938b7ff6) Importer(815301076,1909f56bfc062723c751e8b465ee728b)  -> (artifact id: '16a129110cfdfb04df70547791e82e7b') in 0.134141 seconds 
========================================================================
Received Import Request.
  Time since last request: 0.000018 seconds.
  path: Assets/0DP ASSETS/Extra/bubble_bg_small_screen_yellow.png
  artifactKey: Guid(cecbb2e6af197b348a3d2226ba2c751b) Importer(815301076,1909f56bfc062723c751e8b465ee728b)
Start importing Assets/0DP ASSETS/Extra/bubble_bg_small_screen_yellow.png using Guid(cecbb2e6af197b348a3d2226ba2c751b) Importer(815301076,1909f56bfc062723c751e8b465ee728b)  -> (artifact id: 'eb50b4a7c309b3a05b0338c4054b5cf8') in 0.245129 seconds 
========================================================================
Received Import Request.
  Time since last request: 0.000023 seconds.
  path: Assets/0DP ASSETS/Extra/burst_background_small_screen_green.png
  artifactKey: Guid(74f7ab7dabc8e1547a1628595a8d9d64) Importer(815301076,1909f56bfc062723c751e8b465ee728b)
Start importing Assets/0DP ASSETS/Extra/burst_background_small_screen_green.png using Guid(74f7ab7dabc8e1547a1628595a8d9d64) Importer(815301076,1909f56bfc062723c751e8b465ee728b)  -> (artifact id: '68ac6f40775b5d6a63483176e0687177') in 0.035741 seconds 
========================================================================
Received Import Request.
  Time since last request: 0.000017 seconds.
  path: Assets/0DP ASSETS/imagenes/old/GA.png
  artifactKey: Guid(5a8b3b79aa6e1bd4684485838447074a) Importer(815301076,1909f56bfc062723c751e8b465ee728b)
Start importing Assets/0DP ASSETS/imagenes/old/GA.png using Guid(5a8b3b79aa6e1bd4684485838447074a) Importer(815301076,1909f56bfc062723c751e8b465ee728b)  -> (artifact id: '1af1383c0096dc094e249f7af7eb4f2b') in 0.175319 seconds 
========================================================================
Received Import Request.
  Time since last request: 0.000017 seconds.
  path: Assets/0DP ASSETS/imagenes/old2/fodoblanco.png
  artifactKey: Guid(b599f8d16cf9c6447b3f9fca589ff1ab) Importer(815301076,1909f56bfc062723c751e8b465ee728b)
Start importing Assets/0DP ASSETS/imagenes/old2/fodoblanco.png using Guid(b599f8d16cf9c6447b3f9fca589ff1ab) Importer(815301076,1909f56bfc062723c751e8b465ee728b)  -> (artifact id: '4862bfc76b211cad9ed76e8af8618630') in 0.017149 seconds 
========================================================================
Received Import Request.
  Time since last request: 0.000029 seconds.
  path: Assets/0DP ASSETS/Extra/bubble_bg_small_screen_green.png
  artifactKey: Guid(bb1be0c008551074bb849fe1a5b73922) Importer(815301076,1909f56bfc062723c751e8b465ee728b)
Start importing Assets/0DP ASSETS/Extra/bubble_bg_small_screen_green.png using Guid(bb1be0c008551074bb849fe1a5b73922) Importer(815301076,1909f56bfc062723c751e8b465ee728b)  -> (artifact id: '78e0c145b28d4904041974d0d7f74f0f') in 0.082341 seconds 
========================================================================
Received Import Request.
  Time since last request: 0.000016 seconds.
  path: Assets/0DP ASSETS/imagenes/old3/gallina.png
  artifactKey: Guid(bd677a4860e979244a64650d8533ff42) Importer(815301076,1909f56bfc062723c751e8b465ee728b)
Start importing Assets/0DP ASSETS/imagenes/old3/gallina.png using Guid(bd677a4860e979244a64650d8533ff42) Importer(815301076,1909f56bfc062723c751e8b465ee728b)  -> (artifact id: '283cc5772d96cc0c7d3b82e32e202b2e') in 0.252667 seconds 
========================================================================
Received Import Request.
  Time since last request: 0.000021 seconds.
  path: Assets/0DP ASSETS/imagenes/old4/avion3.png
  artifactKey: Guid(a220541fe87eec74dabebf669e5f401b) Importer(815301076,1909f56bfc062723c751e8b465ee728b)
Start importing Assets/0DP ASSETS/imagenes/old4/avion3.png using Guid(a220541fe87eec74dabebf669e5f401b) Importer(815301076,1909f56bfc062723c751e8b465ee728b)  -> (artifact id: '117daeba8e10bb0a8385fe990adf8730') in 0.095646 seconds 
========================================================================
Received Import Request.
  Time since last request: 0.000023 seconds.
  path: Assets/0DP ASSETS/0CASASNUEVAS/VIP/g875.png
  artifactKey: Guid(e2b8ca5c31a2e3241be4a0d55c506ef2) Importer(815301076,1909f56bfc062723c751e8b465ee728b)
Start importing Assets/0DP ASSETS/0CASASNUEVAS/VIP/g875.png using Guid(e2b8ca5c31a2e3241be4a0d55c506ef2) Importer(815301076,1909f56bfc062723c751e8b465ee728b)  -> (artifact id: 'cb25705ab40dcaf61328298d674fe53e') in 0.211331 seconds 
========================================================================
Received Import Request.
  Time since last request: 0.000022 seconds.
  path: Assets/0DP ASSETS/imagenes/ice_blocks/triangle_75_percent.png
  artifactKey: Guid(35e14e7eca38de84abf538f99b4c528e) Importer(815301076,1909f56bfc062723c751e8b465ee728b)
Start importing Assets/0DP ASSETS/imagenes/ice_blocks/triangle_75_percent.png using Guid(35e14e7eca38de84abf538f99b4c528e) Importer(815301076,1909f56bfc062723c751e8b465ee728b)  -> (artifact id: 'ab0f89338f546c543b80cff683a7dc64') in 0.088690 seconds 
========================================================================
Received Import Request.
  Time since last request: 0.000025 seconds.
  path: Assets/0DP ASSETS/imagenes/old4/salami.png
  artifactKey: Guid(a6a45b67b2503bc45b1f452c65cc7bb8) Importer(815301076,1909f56bfc062723c751e8b465ee728b)
Start importing Assets/0DP ASSETS/imagenes/old4/salami.png using Guid(a6a45b67b2503bc45b1f452c65cc7bb8) Importer(815301076,1909f56bfc062723c751e8b465ee728b)  -> (artifact id: 'd0045579cb6e2098fd1fb10480ca0238') in 0.211833 seconds 
========================================================================
Received Import Request.
  Time since last request: 0.000018 seconds.
  path: Assets/0DP ASSETS/imagenes/old4/AVANCEB.png
  artifactKey: Guid(f092b7676cf5a0d468c23e50311439bd) Importer(815301076,1909f56bfc062723c751e8b465ee728b)
Start importing Assets/0DP ASSETS/imagenes/old4/AVANCEB.png using Guid(f092b7676cf5a0d468c23e50311439bd) Importer(815301076,1909f56bfc062723c751e8b465ee728b)  -> (artifact id: 'cb88ab01110f39713497e31c3c90cbe8') in 0.046146 seconds 
========================================================================
Received Import Request.
  Time since last request: 0.000025 seconds.
  path: Assets/0DP ASSETS/personaje 3d/textures/TEXTURANUEVA.png
  artifactKey: Guid(8ea80f174b97b4345b64b8950ffbe7fc) Importer(815301076,1909f56bfc062723c751e8b465ee728b)
Start importing Assets/0DP ASSETS/personaje 3d/textures/TEXTURANUEVA.png using Guid(8ea80f174b97b4345b64b8950ffbe7fc) Importer(815301076,1909f56bfc062723c751e8b465ee728b)  -> (artifact id: 'bdb1ba1998d1a9ea707f23cfef4fc5e3') in 0.076550 seconds 
========================================================================
Received Import Request.
  Time since last request: 0.000017 seconds.
  path: Assets/0DP ASSETS/zparaorganizar/TEXTURAPLATANOFIN.png
  artifactKey: Guid(cc04f44b9f533c14eae137b447a89add) Importer(815301076,1909f56bfc062723c751e8b465ee728b)
Start importing Assets/0DP ASSETS/zparaorganizar/TEXTURAPLATANOFIN.png using Guid(cc04f44b9f533c14eae137b447a89add) Importer(815301076,1909f56bfc062723c751e8b465ee728b)  -> (artifact id: '50f2eb8eae89c52812c6ba0d83e7ad91') in 0.035691 seconds 
========================================================================
Received Import Request.
  Time since last request: 0.000016 seconds.
  path: Assets/0DP ASSETS/personaje 3d/magnate/animaciones/explo/yellow_explode_09.png
  artifactKey: Guid(6d44d367350d144419c25ad5480cec9f) Importer(815301076,1909f56bfc062723c751e8b465ee728b)
Start importing Assets/0DP ASSETS/personaje 3d/magnate/animaciones/explo/yellow_explode_09.png using Guid(6d44d367350d144419c25ad5480cec9f) Importer(815301076,1909f56bfc062723c751e8b465ee728b)  -> (artifact id: '9f86dbfddcc860f3928b5bfd31c0e301') in 0.094900 seconds 
========================================================================
Received Import Request.
  Time since last request: 0.000018 seconds.
  path: Assets/0DP ASSETS/Ciconia Studio/_Shared Files/UI/Gradient.png
  artifactKey: Guid(3d7b25ceb30d768498d483990f9b7c70) Importer(815301076,1909f56bfc062723c751e8b465ee728b)
Start importing Assets/0DP ASSETS/Ciconia Studio/_Shared Files/UI/Gradient.png using Guid(3d7b25ceb30d768498d483990f9b7c70) Importer(815301076,1909f56bfc062723c751e8b465ee728b)  -> (artifact id: '694afcd942dfa3d7c99f78815633a247') in 0.087474 seconds 
========================================================================
Received Import Request.
  Time since last request: 0.000024 seconds.
  path: Assets/0DP ASSETS/imagenes/ice_blocks/square_block_25.png
  artifactKey: Guid(977d2bc26b7c4724a88ede0524e33e44) Importer(815301076,1909f56bfc062723c751e8b465ee728b)
Start importing Assets/0DP ASSETS/imagenes/ice_blocks/square_block_25.png using Guid(977d2bc26b7c4724a88ede0524e33e44) Importer(815301076,1909f56bfc062723c751e8b465ee728b)  -> (artifact id: 'c6f7ef605f92551bd9061119c3a3c287') in 0.066866 seconds 
========================================================================
Received Import Request.
  Time since last request: 0.000016 seconds.
  path: Assets/0DP ASSETS/imagenes/old2/text1830.png
  artifactKey: Guid(13f990d9e238c304ab01fcb0de569066) Importer(815301076,1909f56bfc062723c751e8b465ee728b)
Start importing Assets/0DP ASSETS/imagenes/old2/text1830.png using Guid(13f990d9e238c304ab01fcb0de569066) Importer(815301076,1909f56bfc062723c751e8b465ee728b)  -> (artifact id: '584b2763a53c376d621e0fed9f641919') in 0.039202 seconds 
========================================================================
Received Import Request.
  Time since last request: 0.000020 seconds.
  path: Assets/0DP ASSETS/0CASASNUEVAS/CASA1/textura.png
  artifactKey: Guid(23177c5a87a767c4f8c136a4dbc90267) Importer(815301076,1909f56bfc062723c751e8b465ee728b)
Start importing Assets/0DP ASSETS/0CASASNUEVAS/CASA1/textura.png using Guid(23177c5a87a767c4f8c136a4dbc90267) Importer(815301076,1909f56bfc062723c751e8b465ee728b)  -> (artifact id: '67e9e65b960e0ad5ef245d705ce5cce6') in 0.127041 seconds 
========================================================================
Received Import Request.
  Time since last request: 0.000028 seconds.
  path: Assets/0DP ASSETS/personaje 3d/magnate/animaciones/explo/yellow_explode_08.png
  artifactKey: Guid(d69efced0dd257e4aaafdfcfe2cd61da) Importer(815301076,1909f56bfc062723c751e8b465ee728b)
Start importing Assets/0DP ASSETS/personaje 3d/magnate/animaciones/explo/yellow_explode_08.png using Guid(d69efced0dd257e4aaafdfcfe2cd61da) Importer(815301076,1909f56bfc062723c751e8b465ee728b)  -> (artifact id: '17e232bb3c30818d0d54e7b90663ead5') in 0.116661 seconds 
========================================================================
Received Import Request.
  Time since last request: 0.000023 seconds.
  path: Assets/0DP ASSETS/invocadores/texturesbruja/goblin_diffuse.png
  artifactKey: Guid(e55f25db1a2deeb4e9c45cd28eca2003) Importer(815301076,1909f56bfc062723c751e8b465ee728b)
Start importing Assets/0DP ASSETS/invocadores/texturesbruja/goblin_diffuse.png using Guid(e55f25db1a2deeb4e9c45cd28eca2003) Importer(815301076,1909f56bfc062723c751e8b465ee728b)  -> (artifact id: 'ae94db5d76fea0a1555d9ad4223d345f') in 0.644334 seconds 
========================================================================
Received Import Request.
  Time since last request: 0.000019 seconds.
  path: Assets/0DP ASSETS/imagenes/old/textura-pared-cemento-viejo_1149-1280.jpg
  artifactKey: Guid(d3dcba4d76700d24f99ecd53819c4e35) Importer(815301076,1909f56bfc062723c751e8b465ee728b)
Start importing Assets/0DP ASSETS/imagenes/old/textura-pared-cemento-viejo_1149-1280.jpg using Guid(d3dcba4d76700d24f99ecd53819c4e35) Importer(815301076,1909f56bfc062723c751e8b465ee728b)  -> (artifact id: 'fa89792676fb44f884dd4c36cd714dde') in 0.047918 seconds 
========================================================================
Received Import Request.
  Time since last request: 0.000029 seconds.
  path: Assets/0DP ASSETS/imagenes/ice_blocks/triangle_50_percent.png
  artifactKey: Guid(5867be84ff15e7e40a013722ba1e54a1) Importer(815301076,1909f56bfc062723c751e8b465ee728b)
Start importing Assets/0DP ASSETS/imagenes/ice_blocks/triangle_50_percent.png using Guid(5867be84ff15e7e40a013722ba1e54a1) Importer(815301076,1909f56bfc062723c751e8b465ee728b)  -> (artifact id: 'c4a9cfd6b92314891b5d12e96cc5d8c9') in 0.055772 seconds 
========================================================================
Received Import Request.
  Time since last request: 0.000019 seconds.
  path: Assets/0DP ASSETS/imagenes/old3/WhatsApp Image 2020-07-12 at 4.57.18 PM.jpeg
  artifactKey: Guid(68959728e58a79f4985853180a2e0703) Importer(815301076,1909f56bfc062723c751e8b465ee728b)
Start importing Assets/0DP ASSETS/imagenes/old3/WhatsApp Image 2020-07-12 at 4.57.18 PM.jpeg using Guid(68959728e58a79f4985853180a2e0703) Importer(815301076,1909f56bfc062723c751e8b465ee728b)  -> (artifact id: '0a0153b379857bed2d48b928b17dc957') in 0.045206 seconds 
========================================================================
Received Import Request.
  Time since last request: 0.000016 seconds.
  path: Assets/0DP ASSETS/imagenes/old3/text9601.png
  artifactKey: Guid(a1453bc3e97305742b0273735f0bd506) Importer(815301076,1909f56bfc062723c751e8b465ee728b)
Start importing Assets/0DP ASSETS/imagenes/old3/text9601.png using Guid(a1453bc3e97305742b0273735f0bd506) Importer(815301076,1909f56bfc062723c751e8b465ee728b)  -> (artifact id: '6728fe0eee765af141e5f8949e6b3f3a') in 0.016310 seconds 
========================================================================
Received Import Request.
  Time since last request: 0.000019 seconds.
  path: Assets/0DP ASSETS/CANVAS/water/water_01.png
  artifactKey: Guid(aa82ded63f1b2184ba6c5424262755be) Importer(815301076,1909f56bfc062723c751e8b465ee728b)
Start importing Assets/0DP ASSETS/CANVAS/water/water_01.png using Guid(aa82ded63f1b2184ba6c5424262755be) Importer(815301076,1909f56bfc062723c751e8b465ee728b)  -> (artifact id: '2089312ce8118705093b0b5e7485f6cd') in 0.041237 seconds 
========================================================================
Received Import Request.
  Time since last request: 0.000014 seconds.
  path: Assets/0DP ASSETS/prefabricados/ASALTADO.png
  artifactKey: Guid(2fc918518a7168547a5140df58e8f6b9) Importer(815301076,1909f56bfc062723c751e8b465ee728b)
Start importing Assets/0DP ASSETS/prefabricados/ASALTADO.png using Guid(2fc918518a7168547a5140df58e8f6b9) Importer(815301076,1909f56bfc062723c751e8b465ee728b)  -> (artifact id: 'ac7f6cffe595f3647d52a4f3d4663414') in 0.047177 seconds 
========================================================================
Received Import Request.
  Time since last request: 0.000021 seconds.
  path: Assets/0DP ASSETS/imagenes/old2/text872.png
  artifactKey: Guid(e82a30221fe896f4a946b2034de0d4d9) Importer(815301076,1909f56bfc062723c751e8b465ee728b)
Start importing Assets/0DP ASSETS/imagenes/old2/text872.png using Guid(e82a30221fe896f4a946b2034de0d4d9) Importer(815301076,1909f56bfc062723c751e8b465ee728b)  -> (artifact id: '7ef367cf5ad7bcbf5125ed0f174ca453') in 0.043564 seconds 
========================================================================
Received Import Request.
  Time since last request: 0.000022 seconds.
  path: Assets/0DP ASSETS/imagenes/spritesheets/sparkle_spritesheet_256px_by_256px_per_frame.png
  artifactKey: Guid(24a22968877d98a47833194341577f8f) Importer(815301076,1909f56bfc062723c751e8b465ee728b)
Start importing Assets/0DP ASSETS/imagenes/spritesheets/sparkle_spritesheet_256px_by_256px_per_frame.png using Guid(24a22968877d98a47833194341577f8f) Importer(815301076,1909f56bfc062723c751e8b465ee728b)  -> (artifact id: '4e9c1b7d3867f803b5a262f65e78d61b') in 0.090176 seconds 
========================================================================
Received Import Request.
  Time since last request: 0.000017 seconds.
  path: Assets/0DP ASSETS/personaje 3d/blanca/megro/textura1.png
  artifactKey: Guid(123f87d43ec276547aa01e2c60fefb12) Importer(815301076,1909f56bfc062723c751e8b465ee728b)
Start importing Assets/0DP ASSETS/personaje 3d/blanca/megro/textura1.png using Guid(123f87d43ec276547aa01e2c60fefb12) Importer(815301076,1909f56bfc062723c751e8b465ee728b)  -> (artifact id: 'cbac4d9b43a2364b351dc9e7d9d5cd6f') in 0.062185 seconds 
========================================================================
Received Import Request.
  Time since last request: 0.000020 seconds.
  path: Assets/0DP ASSETS/red_blood/splatter_drip_red_09.png
  artifactKey: Guid(55a3eed065e40f742be5bc7859251ee5) Importer(815301076,1909f56bfc062723c751e8b465ee728b)
Start importing Assets/0DP ASSETS/red_blood/splatter_drip_red_09.png using Guid(55a3eed065e40f742be5bc7859251ee5) Importer(815301076,1909f56bfc062723c751e8b465ee728b)  -> (artifact id: 'd45e0d456cc408851ace8936c428e563') in 0.215624 seconds 
========================================================================
Received Import Request.
  Time since last request: 0.000018 seconds.
  path: Assets/0DP ASSETS/zparaorganizar/Sin título-1.png
  artifactKey: Guid(585e47cf952508440a918bd25bde4c20) Importer(815301076,1909f56bfc062723c751e8b465ee728b)
Start importing Assets/0DP ASSETS/zparaorganizar/Sin título-1.png using Guid(585e47cf952508440a918bd25bde4c20) Importer(815301076,1909f56bfc062723c751e8b465ee728b)  -> (artifact id: '5e3f165653346254bc10b888c34e468b') in 0.052389 seconds 
========================================================================
Received Import Request.
  Time since last request: 0.000028 seconds.
  path: Assets/0DP ASSETS/Extra/bubble_bg_small_screen_red.png
  artifactKey: Guid(0ac9575652912a04bbcc8c2dab7fee8a) Importer(815301076,1909f56bfc062723c751e8b465ee728b)
Start importing Assets/0DP ASSETS/Extra/bubble_bg_small_screen_red.png using Guid(0ac9575652912a04bbcc8c2dab7fee8a) Importer(815301076,1909f56bfc062723c751e8b465ee728b)  -> (artifact id: '78cda2ec0b7d6cb9d026a33f82875365') in 0.084827 seconds 
========================================================================
Received Import Request.
  Time since last request: 0.000017 seconds.
  path: Assets/0DP ASSETS/imagenes/old/gafass.png
  artifactKey: Guid(14db0eadc992d044b8f18afd937417b1) Importer(815301076,1909f56bfc062723c751e8b465ee728b)
Start importing Assets/0DP ASSETS/imagenes/old/gafass.png using Guid(14db0eadc992d044b8f18afd937417b1) Importer(815301076,1909f56bfc062723c751e8b465ee728b)  -> (artifact id: '32c10e635b551c8b44074eb69b8f5908') in 0.082602 seconds 
========================================================================
Received Import Request.
  Time since last request: 9.076440 seconds.
  path: Assets/0DP ASSETS/Extra/New Avatar Mask.mask
  artifactKey: Guid(63875d1d65ea1394ca7e16309a825ec5) Importer(815301076,1909f56bfc062723c751e8b465ee728b)
Start importing Assets/0DP ASSETS/Extra/New Avatar Mask.mask using Guid(63875d1d65ea1394ca7e16309a825ec5) Importer(815301076,1909f56bfc062723c751e8b465ee728b)  -> (artifact id: '8f74f5a45dc44a6e1e1047e3a4186723') in 0.012164 seconds 
========================================================================
Received Import Request.
  Time since last request: 0.000019 seconds.
  path: Assets/0DP ASSETS/Extra/PANTALLADECARGA.prefab
  artifactKey: Guid(546f8bc46cde09948978f3e437544913) Importer(815301076,1909f56bfc062723c751e8b465ee728b)
Start importing Assets/0DP ASSETS/Extra/PANTALLADECARGA.prefab using Guid(546f8bc46cde09948978f3e437544913) Importer(815301076,1909f56bfc062723c751e8b465ee728b)  -> (artifact id: 'a78c413064af193986f8d3efd043a151') in 0.040940 seconds 
========================================================================
Received Import Request.
  Time since last request: 0.000019 seconds.
  path: Assets/0DP ASSETS/Extra/TexturesCom_Pavement_Terrazzo2_512_albedo.tif
  artifactKey: Guid(109a1f385d252344e9b75e155c3d6471) Importer(815301076,1909f56bfc062723c751e8b465ee728b)
Start importing Assets/0DP ASSETS/Extra/TexturesCom_Pavement_Terrazzo2_512_albedo.tif using Guid(109a1f385d252344e9b75e155c3d6471) Importer(815301076,1909f56bfc062723c751e8b465ee728b)  -> (artifact id: '6f49181a7caf22a789c5cb7aa84e42c6') in 0.064210 seconds 
========================================================================
Received Import Request.
  Time since last request: 0.000014 seconds.
  path: Assets/0DP ASSETS/Extra/New Material.mat
  artifactKey: Guid(b2efd746c406b4d4e9db7efa58de93a0) Importer(815301076,1909f56bfc062723c751e8b465ee728b)
Start importing Assets/0DP ASSETS/Extra/New Material.mat using Guid(b2efd746c406b4d4e9db7efa58de93a0) Importer(815301076,1909f56bfc062723c751e8b465ee728b)  -> (artifact id: '4fc0f6af32b4679226fda7e533c0693c') in 0.066190 seconds 
========================================================================
Received Import Request.
  Time since last request: 0.000018 seconds.
  path: Assets/0DP ASSETS/Extra/New Material 1.mat
  artifactKey: Guid(d3b545bb7e6c3114582a7e3ce9d48688) Importer(815301076,1909f56bfc062723c751e8b465ee728b)
Start importing Assets/0DP ASSETS/Extra/New Material 1.mat using Guid(d3b545bb7e6c3114582a7e3ce9d48688) Importer(815301076,1909f56bfc062723c751e8b465ee728b)  -> (artifact id: '807a4f19f651031d1bee1bd0793ad7d0') in 0.030566 seconds 
========================================================================
Received Import Request.
  Time since last request: 24.954282 seconds.
  path: Assets/0DP ASSETS/Extra/burst_background_small_screen_yellow.png
  artifactKey: Guid(5038187b2fcf424429aaf67d3c68c07c) Importer(815301076,1909f56bfc062723c751e8b465ee728b)
Start importing Assets/0DP ASSETS/Extra/burst_background_small_screen_yellow.png using Guid(5038187b2fcf424429aaf67d3c68c07c) Importer(815301076,1909f56bfc062723c751e8b465ee728b)  -> (artifact id: '20482199a05336c9e2549fbb49298df4') in 0.050979 seconds 
========================================================================
Received Import Request.
  Time since last request: 0.000019 seconds.
  path: Assets/0DP ASSETS/Extra/Canvas.prefab
  artifactKey: Guid(9d28c5da308c51247b0437723e21e400) Importer(815301076,1909f56bfc062723c751e8b465ee728b)
Start importing Assets/0DP ASSETS/Extra/Canvas.prefab using Guid(9d28c5da308c51247b0437723e21e400) Importer(815301076,1909f56bfc062723c751e8b465ee728b)  -> (artifact id: 'bf2799884e266d867b36bd0e594e95d1') in 0.090692 seconds 
========================================================================
Received Import Request.
  Time since last request: 0.000023 seconds.
  path: Assets/0DP ASSETS/Extra/CCC.prefab
  artifactKey: Guid(da29e1128201b304f84320ebda9ea78e) Importer(815301076,1909f56bfc062723c751e8b465ee728b)
Start importing Assets/0DP ASSETS/Extra/CCC.prefab using Guid(da29e1128201b304f84320ebda9ea78e) Importer(815301076,1909f56bfc062723c751e8b465ee728b)  -> (artifact id: '215d8ee8304f4b95f1e9e8a208937432') in 1.595449 seconds 
========================================================================
Received Import Request.
  Time since last request: 0.000044 seconds.
  path: Assets/0DP ASSETS/Extra/CASA 2.prefab
  artifactKey: Guid(bf57d2e090403f24bb9e3205b07e3bfc) Importer(815301076,1909f56bfc062723c751e8b465ee728b)
Start importing Assets/0DP ASSETS/Extra/CASA 2.prefab using Guid(bf57d2e090403f24bb9e3205b07e3bfc) Importer(815301076,1909f56bfc062723c751e8b465ee728b)  -> (artifact id: '7cbc7b744eee4ab9283f00e9473f4ad0') in 0.063535 seconds 
========================================================================
Received Import Request.
  Time since last request: 59.360869 seconds.
  path: Assets/0DP ASSETS/noimpo/Standard Assets/CrossPlatformInput/Sprites/ButtonArrowUpSprite.png
  artifactKey: Guid(4db017495c69e8140a56a0e2b669e3f8) Importer(815301076,1909f56bfc062723c751e8b465ee728b)
Start importing Assets/0DP ASSETS/noimpo/Standard Assets/CrossPlatformInput/Sprites/ButtonArrowUpSprite.png using Guid(4db017495c69e8140a56a0e2b669e3f8) Importer(815301076,1909f56bfc062723c751e8b465ee728b)  -> (artifact id: '456be9f7010d033ac4a899c9fc4e9ec1') in 0.088269 seconds 
========================================================================
Received Import Request.
  Time since last request: 0.000018 seconds.
  path: Assets/0DP ASSETS/noimpo/Standard Assets/CrossPlatformInput/Sprites/ButtonBrakeOverSprite.png
  artifactKey: Guid(5b1a64ea234fb2343b8d0686c51280de) Importer(815301076,1909f56bfc062723c751e8b465ee728b)
Start importing Assets/0DP ASSETS/noimpo/Standard Assets/CrossPlatformInput/Sprites/ButtonBrakeOverSprite.png using Guid(5b1a64ea234fb2343b8d0686c51280de) Importer(815301076,1909f56bfc062723c751e8b465ee728b)  -> (artifact id: '51f52ea4ccf6f07fb8cd6635ac5f7fa6') in 0.180996 seconds 
========================================================================
Received Import Request.
  Time since last request: 0.044365 seconds.
  path: Assets/0DP ASSETS/0CASASNUEVAS/chimi/chimi.png
  artifactKey: Guid(1130945d7fa7f8b47a649250a3c8ce51) Importer(815301076,1909f56bfc062723c751e8b465ee728b)
Start importing Assets/0DP ASSETS/0CASASNUEVAS/chimi/chimi.png using Guid(1130945d7fa7f8b47a649250a3c8ce51) Importer(815301076,1909f56bfc062723c751e8b465ee728b)  -> (artifact id: 'c953ff2ce6fc69cda81991c677cfeb54') in 0.061526 seconds 
Editor requested this worker to shutdown with reason: Scaling down because of idle timeout
AssetImportWorker is now disconnected from the server
Process exiting
Exiting without the bug reporter. Application will terminate with return code 0