Using pre-set license
Built from '2021.2/staging' branch; Version is '2021.2.10f1 (ee872746220e) revision 15632167'; Using compiler version '192829333'; Build Type 'Release'
OS: 'Windows 11  (10.0.22000) 64bit Core' Language: 'es' Physical Memory: 7556 MB
BatchMode: 1, IsHumanControllingUs: 0, StartBugReporterOnCrash: 0, Is64bit: 1, IsPro: 0

COMMAND LINE ARGUMENTS:
C:\Program Files\Unity\Hub\Editor\2021.2.10f1\Editor\Unity.exe
-adb2
-batchMode
-noUpm
-name
AssetImportWorker0
-projectPath
C:/Users/Eliam Paredes/Documents/GitHub/DominicanPower_iOS/DOMINICAN GAME
-logFile
Logs/AssetImportWorker0.log
-srvPort
56427
Successfully changed project path to: C:/Users/Eliam Paredes/Documents/GitHub/DominicanPower_iOS/DOMINICAN GAME
C:/Users/Eliam Paredes/Documents/GitHub/DominicanPower_iOS/DOMINICAN GAME
[UnityMemory] Configuration Parameters - Can be set up in boot.config
    "memorysetup-bucket-allocator-granularity=16"
    "memorysetup-bucket-allocator-bucket-count=8"
    "memorysetup-bucket-allocator-block-size=33554432"
    "memorysetup-bucket-allocator-block-count=8"
    "memorysetup-main-allocator-block-size=16777216"
    "memorysetup-thread-allocator-block-size=16777216"
    "memorysetup-gfx-main-allocator-block-size=16777216"
    "memorysetup-gfx-thread-allocator-block-size=16777216"
    "memorysetup-cache-allocator-block-size=4194304"
    "memorysetup-typetree-allocator-block-size=2097152"
    "memorysetup-profiler-bucket-allocator-granularity=16"
    "memorysetup-profiler-bucket-allocator-bucket-count=8"
    "memorysetup-profiler-bucket-allocator-block-size=33554432"
    "memorysetup-profiler-bucket-allocator-block-count=8"
    "memorysetup-profiler-allocator-block-size=16777216"
    "memorysetup-profiler-editor-allocator-block-size=1048576"
    "memorysetup-temp-allocator-size-main=16777216"
    "memorysetup-job-temp-allocator-block-size=2097152"
    "memorysetup-job-temp-allocator-block-size-background=1048576"
    "memorysetup-job-temp-allocator-reduction-small-platforms=262144"
    "memorysetup-temp-allocator-size-background-worker=32768"
    "memorysetup-temp-allocator-size-job-worker=262144"
    "memorysetup-temp-allocator-size-preload-manager=33554432"
    "memorysetup-temp-allocator-size-nav-mesh-worker=65536"
    "memorysetup-temp-allocator-size-audio-worker=65536"
    "memorysetup-temp-allocator-size-cloud-worker=32768"
    "memorysetup-temp-allocator-size-gi-baking-worker=262144"
    "memorysetup-temp-allocator-size-gfx=262144"
Refreshing native plugins compatible for Editor in 649.88 ms, found 3 plugins.
Preloading 0 native plugins for Editor in 0.00 ms.
Initialize engine version: 2021.2.10f1 (ee872746220e)
[Subsystems] Discovering subsystems at path C:/Program Files/Unity/Hub/Editor/2021.2.10f1/Editor/Data/Resources/UnitySubsystems
[Subsystems] Discovering subsystems at path C:/Users/Eliam Paredes/Documents/GitHub/DominicanPower_iOS/DOMINICAN GAME/Assets
GfxDevice: creating device client; threaded=0; jobified=0
Direct3D:
    Version:  Direct3D 11.0 [level 11.1]
    Renderer: AMD Radeon(TM) Graphics (ID=0x1636)
    Vendor:   ATI
    VRAM:     3778 MB
    Driver:   30.0.13026.3
Initialize mono
Mono path[0] = 'C:/Program Files/Unity/Hub/Editor/2021.2.10f1/Editor/Data/Managed'
Mono path[1] = 'C:/Program Files/Unity/Hub/Editor/2021.2.10f1/Editor/Data/MonoBleedingEdge/lib/mono/unityjit-win32'
Mono config path = 'C:/Program Files/Unity/Hub/Editor/2021.2.10f1/Editor/Data/MonoBleedingEdge/etc'
Using monoOptions --debugger-agent=transport=dt_socket,embedding=1,server=y,suspend=n,address=127.0.0.1:56448
Begin MonoManager ReloadAssembly
Registering precompiled unity dll's ...
Register platform support module: C:/Program Files/Unity/Hub/Editor/2021.2.10f1/Editor/Data/PlaybackEngines/WindowsStandaloneSupport/UnityEditor.WindowsStandalone.Extensions.dll
Registered in 0.083792 seconds.
Native extension for WindowsStandalone target not found
Refreshing native plugins compatible for Editor in 146.81 ms, found 3 plugins.
Preloading 0 native plugins for Editor in 0.00 ms.
Mono: successfully reloaded assembly
- Completed reload, in  3.696 seconds
Domain Reload Profiling:
	ReloadAssembly (3697ms)
		BeginReloadAssembly (2644ms)
			ExecutionOrderSort (0ms)
			DisableScriptedObjects (0ms)
			BackupInstance (0ms)
			ReleaseScriptingObjects (0ms)
			CreateAndSetChildDomain (1ms)
		EndReloadAssembly (752ms)
			LoadAssemblies (2642ms)
			RebuildTransferFunctionScriptingTraits (0ms)
			SetupTypeCache (351ms)
			ReleaseScriptCaches (0ms)
			RebuildScriptCaches (25ms)
			SetupLoadedEditorAssemblies (316ms)
				LogAssemblyErrors (0ms)
				InitializePlatformSupportModulesInManaged (14ms)
				SetLoadedEditorAssemblies (0ms)
				RefreshPlugins (147ms)
				BeforeProcessingInitializeOnLoad (1ms)
				ProcessInitializeOnLoadAttributes (111ms)
				ProcessInitializeOnLoadMethodAttributes (43ms)
				AfterProcessingInitializeOnLoad (0ms)
				EditorAssembliesLoaded (0ms)
			ExecutionOrderSort2 (0ms)
			AwakeInstancesAfterBackupRestoration (0ms)
Platform modules already initialized, skipping
Registering precompiled user dll's ...
Registered in 1.031571 seconds.
Begin MonoManager ReloadAssembly
Could not load signature of TestController:HandleInitCompleteAction due to: Could not load file or assembly 'GoogleMobileAds, Version=0.0.0.0, Culture=neutral, PublicKeyToken=null' or one of its dependencies.
Could not load signature of TestController:CreateAdRequest due to: Could not load file or assembly 'GoogleMobileAds.Core, Version=0.0.0.0, Culture=neutral, PublicKeyToken=null' or one of its dependencies.
Could not load signature of GoogleMobileAds.Placement.RewardedInterstitialAdGameObject:get_RewardedInterstitialAd due to: Could not load file or assembly 'GoogleMobileAds, Version=0.0.0.0, Culture=neutral, PublicKeyToken=null' or one of its dependencies.
Could not load signature of GoogleMobileAds.Placement.RewardedInterstitialAdGameObject:LoadAd due to: Could not load file or assembly 'GoogleMobileAds.Core, Version=0.0.0.0, Culture=neutral, PublicKeyToken=null' or one of its dependencies.
Could not load signature of GoogleMobileAds.Placement.RewardedInterstitialAdGameObject:<LoadAd>m__0 due to: Could not load file or assembly 'GoogleMobileAds, Version=0.0.0.0, Culture=neutral, PublicKeyToken=null' or one of its dependencies.
Could not load signature of GoogleMobileAds.Placement.RewardedInterstitialAdGameObject:<ShowIfLoaded>m__1 due to: Could not load file or assembly 'GoogleMobileAds.Core, Version=0.0.0.0, Culture=neutral, PublicKeyToken=null' or one of its dependencies.
Could not load signature of GoogleMobileAds.Placement.RewardedInterstitialAdGameObject:<AddCallbacks>m__4 due to: Could not load file or assembly 'GoogleMobileAds.Core, Version=0.0.0.0, Culture=neutral, PublicKeyToken=null' or one of its dependencies.
Could not load signature of GoogleMobileAds.Placement.AdGameObject:LoadAd due to: Could not load file or assembly 'GoogleMobileAds.Core, Version=0.0.0.0, Culture=neutral, PublicKeyToken=null' or one of its dependencies.
Could not load signature of GoogleMobileAds.Placement.RewardedAdGameObject:get_RewardedAd due to: Could not load file or assembly 'GoogleMobileAds, Version=0.0.0.0, Culture=neutral, PublicKeyToken=null' or one of its dependencies.
Could not load signature of GoogleMobileAds.Placement.RewardedAdGameObject:LoadAd due to: Could not load file or assembly 'GoogleMobileAds.Core, Version=0.0.0.0, Culture=neutral, PublicKeyToken=null' or one of its dependencies.
Could not load signature of GoogleMobileAds.Placement.RewardedAdGameObject:<AddCallbacks>m__1 due to: Could not load file or assembly 'GoogleMobileAds.Core, Version=0.0.0.0, Culture=neutral, PublicKeyToken=null' or one of its dependencies.
Could not load signature of GoogleMobileAds.Placement.RewardedAdGameObject:<AddCallbacks>m__2 due to: Could not load file or assembly 'GoogleMobileAds.Core, Version=0.0.0.0, Culture=neutral, PublicKeyToken=null' or one of its dependencies.
Could not load signature of GoogleMobileAds.Placement.RewardedAdGameObject:<AddCallbacks>m__4 due to: Could not load file or assembly 'GoogleMobileAds.Core, Version=0.0.0.0, Culture=neutral, PublicKeyToken=null' or one of its dependencies.
Could not load signature of GoogleMobileAds.Placement.AdGameObject:LoadAd due to: Could not load file or assembly 'GoogleMobileAds.Core, Version=0.0.0.0, Culture=neutral, PublicKeyToken=null' or one of its dependencies.
OnLevelWasLoaded was found on scriptEjemploVR
This message has been deprecated and will be removed in a later version of Unity.
Add a delegate to SceneManager.sceneLoaded instead to get notifications after scene loading has completed
Could not load signature of GoogleMobileAds.Placement.InterstitialAdGameObject:get_InterstitialAd due to: Could not load file or assembly 'GoogleMobileAds, Version=0.0.0.0, Culture=neutral, PublicKeyToken=null' or one of its dependencies.
Could not load signature of GoogleMobileAds.Placement.InterstitialAdGameObject:LoadAd due to: Could not load file or assembly 'GoogleMobileAds.Core, Version=0.0.0.0, Culture=neutral, PublicKeyToken=null' or one of its dependencies.
Could not load signature of GoogleMobileAds.Placement.InterstitialAdGameObject:<AddCallbacks>m__1 due to: Could not load file or assembly 'GoogleMobileAds.Core, Version=0.0.0.0, Culture=neutral, PublicKeyToken=null' or one of its dependencies.
Could not load signature of GoogleMobileAds.Placement.AdGameObject:LoadAd due to: Could not load file or assembly 'GoogleMobileAds.Core, Version=0.0.0.0, Culture=neutral, PublicKeyToken=null' or one of its dependencies.
Could not load signature of GoogleMobileAds.Placement.BannerAdGameObject:get_BannerView due to: Could not load file or assembly 'GoogleMobileAds, Version=0.0.0.0, Culture=neutral, PublicKeyToken=null' or one of its dependencies.
Could not load signature of GoogleMobileAds.Placement.BannerAdGameObject:LoadAd due to: Could not load file or assembly 'GoogleMobileAds.Core, Version=0.0.0.0, Culture=neutral, PublicKeyToken=null' or one of its dependencies.
Could not load signature of GoogleMobileAds.Placement.BannerAdGameObject:<AddCallbacks>m__1 due to: Could not load file or assembly 'GoogleMobileAds.Core, Version=0.0.0.0, Culture=neutral, PublicKeyToken=null' or one of its dependencies.
Could not load signature of GoogleMobileAds.Placement.AdGameObject:LoadAd due to: Could not load file or assembly 'GoogleMobileAds.Core, Version=0.0.0.0, Culture=neutral, PublicKeyToken=null' or one of its dependencies.
Unloading broken assembly Assets/GoogleMobileAds/GoogleMobileAds.Placement.dll, this assembly can cause crashes in the runtime
Unloading broken assembly Assets/GoogleMobileAds/GoogleMobileAds.Platforms.dll, this assembly can cause crashes in the runtime
Native extension for WindowsStandalone target not found
Refreshing native plugins compatible for Editor in 3.00 ms, found 3 plugins.
Preloading 0 native plugins for Editor in 0.00 ms.
Package Manager log level set to [2]
Mono: successfully reloaded assembly
- Completed reload, in  3.075 seconds
Domain Reload Profiling:
	ReloadAssembly (3076ms)
		BeginReloadAssembly (121ms)
			ExecutionOrderSort (0ms)
			DisableScriptedObjects (5ms)
			BackupInstance (0ms)
			ReleaseScriptingObjects (0ms)
			CreateAndSetChildDomain (24ms)
		EndReloadAssembly (2769ms)
			LoadAssemblies (2085ms)
			RebuildTransferFunctionScriptingTraits (0ms)
			SetupTypeCache (148ms)
			ReleaseScriptCaches (1ms)
			RebuildScriptCaches (58ms)
			SetupLoadedEditorAssemblies (457ms)
				LogAssemblyErrors (0ms)
				InitializePlatformSupportModulesInManaged (11ms)
				SetLoadedEditorAssemblies (0ms)
				RefreshPlugins (3ms)
				BeforeProcessingInitializeOnLoad (57ms)
				ProcessInitializeOnLoadAttributes (227ms)
				ProcessInitializeOnLoadMethodAttributes (153ms)
				AfterProcessingInitializeOnLoad (5ms)
				EditorAssembliesLoaded (0ms)
			ExecutionOrderSort2 (0ms)
			AwakeInstancesAfterBackupRestoration (4ms)
Platform modules already initialized, skipping
========================================================================
Worker process is ready to serve import requests
Launched and connected shader compiler UnityShaderCompiler.exe after 0.19 seconds
Refreshing native plugins compatible for Editor in 3.20 ms, found 3 plugins.
Preloading 0 native plugins for Editor in 0.00 ms.
Unloading 2756 Unused Serialized files (Serialized files now loaded: 0)
Unloading 187 unused Assets / (0.6 MB). Loaded Objects now: 3122.
Memory consumption went from 147.9 MB to 147.4 MB.
Total: 7.848500 ms (FindLiveObjects: 0.426500 ms CreateObjectMapping: 0.091600 ms MarkObjects: 6.761700 ms  DeleteObjects: 0.564900 ms)

AssetImportParameters requested are different than current active one (requested -> active):
  custom:video-decoder-ogg-theora: a1e56fd34408186e4bbccfd4996cb3dc -> 
  custom:container-muxer-webm: aa71ff27fc2769a1b78a27578f13a17b -> 
  custom:container-demuxer-webm: 4f35f7cbe854078d1ac9338744f61a02 -> 
  custom:video-encoder-webm-vp8: eb34c28f22e8b96e1ab97ce403110664 -> 
  custom:audio-encoder-webm-vorbis: bf7c407c2cedff20999df2af8eb42d56 -> 
  custom:framework-win-MediaFoundation: 216162199b28c13a410421893ffa2e32 -> 
  custom:container-demuxer-ogg: 62fdf1f143b41e24485cea50d1cbac27 -> 
  custom:video-decoder-webm-vp8: 9c59270c3fd7afecdb556c50c9e8de78 -> 
  custom:audio-decoder-ogg-vorbis: bf7c407c2cedff20999df2af8eb42d56 -> 
========================================================================
Received Import Request.
  Time since last request: 1250.125036 seconds.
  path: Assets/0CASASNUEVAS/camion jugete.obj
  artifactKey: Guid(34989c64e5a032c4d924acc968c030f1) Importer(815301076,1909f56bfc062723c751e8b465ee728b)
Start importing Assets/0CASASNUEVAS/camion jugete.obj using Guid(34989c64e5a032c4d924acc968c030f1) Importer(815301076,1909f56bfc062723c751e8b465ee728b)  -> (artifact id: '98149732453afccb5f5e6626d89bef46') in 0.391315 seconds 
========================================================================
Received Import Request.
  Time since last request: 0.000032 seconds.
  path: Assets/0CASASNUEVAS/image8sd43.png
  artifactKey: Guid(1266c37c57f35be47b8b1f8fbf2c873e) Importer(815301076,1909f56bfc062723c751e8b465ee728b)
Start importing Assets/0CASASNUEVAS/image8sd43.png using Guid(1266c37c57f35be47b8b1f8fbf2c873e) Importer(815301076,1909f56bfc062723c751e8b465ee728b)  -> (artifact id: '78f1fddf68533f2247ef02cf6731b109') in 0.070679 seconds 
========================================================================
Received Import Request.
  Time since last request: 0.000062 seconds.
  path: Assets/0 iNTERFAZpREFAB/descarga el tono de messenguer (msn).mp3
  artifactKey: Guid(a2e9e5e3094e0f84bbfeccda6ae5d76f) Importer(815301076,1909f56bfc062723c751e8b465ee728b)
Start importing Assets/0 iNTERFAZpREFAB/descarga el tono de messenguer (msn).mp3 using Guid(a2e9e5e3094e0f84bbfeccda6ae5d76f) Importer(815301076,1909f56bfc062723c751e8b465ee728b)  -> (artifact id: '7c647246662fe3b195739ed8aa11ba60') in 0.099005 seconds 
========================================================================
Received Import Request.
  Time since last request: 0.000046 seconds.
  path: Assets/0 iNTERFAZpREFAB/POWERTXT.png
  artifactKey: Guid(2c5e96d151bacbe489f7aeb07e4c67b0) Importer(815301076,1909f56bfc062723c751e8b465ee728b)
Start importing Assets/0 iNTERFAZpREFAB/POWERTXT.png using Guid(2c5e96d151bacbe489f7aeb07e4c67b0) Importer(815301076,1909f56bfc062723c751e8b465ee728b)  -> (artifact id: 'ba4bcf39c6c90c81497c6f80f5759490') in 0.034498 seconds 
Editor requested this worker to shutdown with reason: Scaling down because of idle timeout
AssetImportWorker is now disconnected from the server
Process exiting
Exiting without the bug reporter. Application will terminate with return code 0