Using pre-set license
Built from '2021.2/release' branch; Version is '2021.2.0f1 (4bf1ec4b23c9) revision 4977132'; Using compiler version '192829333'; Build Type 'Release'
OS: 'Windows 10 Pro; OS build 19043.1348; Version 2009; 64bit' Language: 'es' Physical Memory: 49080 MB
BatchMode: 1, IsHumanControllingUs: 0, StartBugReporterOnCrash: 0, Is64bit: 1, IsPro: 0

COMMAND LINE ARGUMENTS:
C:\Program Files\Unity\Hub\Editor\2021.2.0f1\Editor\Unity.exe
-adb2
-batchMode
-noUpm
-name
AssetImportWorker13
-projectPath
E:/new domincanpower/DominicanPower_iOS/DOMINICAN GAME
-logFile
Logs/AssetImportWorker13.log
-srvPort
55441
Successfully changed project path to: E:/new domincanpower/DominicanPower_iOS/DOMINICAN GAME
E:/new domincanpower/DominicanPower_iOS/DOMINICAN GAME
[UnityMemory] Configuration Parameters - Can be set up in boot.config
    "memorysetup-bucket-allocator-granularity=16"
    "memorysetup-bucket-allocator-bucket-count=8"
    "memorysetup-bucket-allocator-block-size=33554432"
    "memorysetup-bucket-allocator-block-count=8"
    "memorysetup-main-allocator-block-size=16777216"
    "memorysetup-thread-allocator-block-size=16777216"
    "memorysetup-gfx-main-allocator-block-size=16777216"
    "memorysetup-gfx-thread-allocator-block-size=16777216"
    "memorysetup-cache-allocator-block-size=4194304"
    "memorysetup-typetree-allocator-block-size=2097152"
    "memorysetup-profiler-bucket-allocator-granularity=16"
    "memorysetup-profiler-bucket-allocator-bucket-count=8"
    "memorysetup-profiler-bucket-allocator-block-size=33554432"
    "memorysetup-profiler-bucket-allocator-block-count=8"
    "memorysetup-profiler-allocator-block-size=16777216"
    "memorysetup-profiler-editor-allocator-block-size=1048576"
    "memorysetup-temp-allocator-size-main=16777216"
    "memorysetup-job-temp-allocator-block-size=2097152"
    "memorysetup-job-temp-allocator-block-size-background=1048576"
    "memorysetup-job-temp-allocator-reduction-small-platforms=262144"
    "memorysetup-temp-allocator-size-background-worker=32768"
    "memorysetup-temp-allocator-size-job-worker=262144"
    "memorysetup-temp-allocator-size-preload-manager=33554432"
    "memorysetup-temp-allocator-size-nav-mesh-worker=65536"
    "memorysetup-temp-allocator-size-audio-worker=65536"
    "memorysetup-temp-allocator-size-cloud-worker=32768"
    "memorysetup-temp-allocator-size-gi-baking-worker=262144"
    "memorysetup-temp-allocator-size-gfx=262144"
Refreshing native plugins compatible for Editor in 136.19 ms, found 3 plugins.
Preloading 0 native plugins for Editor in 0.00 ms.
Initialize engine version: 2021.2.0f1 (4bf1ec4b23c9)
[Subsystems] Discovering subsystems at path C:/Program Files/Unity/Hub/Editor/2021.2.0f1/Editor/Data/Resources/UnitySubsystems
[Subsystems] Discovering subsystems at path E:/new domincanpower/DominicanPower_iOS/DOMINICAN GAME/Assets
GfxDevice: creating device client; threaded=0; jobified=0
Direct3D:
    Version:  Direct3D 11.0 [level 11.1]
    Renderer: Radeon RX 580 Series (ID=0x67df)
    Vendor:   ATI
    VRAM:     8171 MB
    Driver:   27.20.1034.6
Initialize mono
Mono path[0] = 'C:/Program Files/Unity/Hub/Editor/2021.2.0f1/Editor/Data/Managed'
Mono path[1] = 'C:/Program Files/Unity/Hub/Editor/2021.2.0f1/Editor/Data/MonoBleedingEdge/lib/mono/unityjit-win32'
Mono config path = 'C:/Program Files/Unity/Hub/Editor/2021.2.0f1/Editor/Data/MonoBleedingEdge/etc'
Using monoOptions --debugger-agent=transport=dt_socket,embedding=1,server=y,suspend=n,address=127.0.0.1:56312
Begin MonoManager ReloadAssembly
Registering precompiled unity dll's ...
Register platform support module: C:/Program Files/Unity/Hub/Editor/2021.2.0f1/Editor/Data/PlaybackEngines/WindowsStandaloneSupport/UnityEditor.WindowsStandalone.Extensions.dll
Registered in 0.006162 seconds.
Native extension for WindowsStandalone target not found
Refreshing native plugins compatible for Editor in 117.49 ms, found 3 plugins.
Preloading 0 native plugins for Editor in 0.00 ms.
Mono: successfully reloaded assembly
- Completed reload, in  1.621 seconds
Domain Reload Profiling:
	ReloadAssembly (1622ms)
		BeginReloadAssembly (59ms)
			ExecutionOrderSort (0ms)
			DisableScriptedObjects (0ms)
			BackupInstance (0ms)
			ReleaseScriptingObjects (0ms)
			CreateAndSetChildDomain (1ms)
		EndReloadAssembly (421ms)
			LoadAssemblies (57ms)
			RebuildTransferFunctionScriptingTraits (0ms)
			SetupTypeCache (87ms)
			ReleaseScriptCaches (0ms)
			RebuildScriptCaches (21ms)
			SetupLoadedEditorAssemblies (265ms)
				LogAssemblyErrors (0ms)
				InitializePlatformSupportModulesInManaged (6ms)
				SetLoadedEditorAssemblies (0ms)
				RefreshPlugins (118ms)
				BeforeProcessingInitializeOnLoad (1ms)
				ProcessInitializeOnLoadAttributes (102ms)
				ProcessInitializeOnLoadMethodAttributes (38ms)
				AfterProcessingInitializeOnLoad (0ms)
				EditorAssembliesLoaded (0ms)
			ExecutionOrderSort2 (0ms)
			AwakeInstancesAfterBackupRestoration (0ms)
Platform modules already initialized, skipping
Registering precompiled user dll's ...
Registered in 0.007363 seconds.
Begin MonoManager ReloadAssembly
OnLevelWasLoaded was found on scriptEjemploVR
This message has been deprecated and will be removed in a later version of Unity.
Add a delegate to SceneManager.sceneLoaded instead to get notifications after scene loading has completed
Unloading broken assembly Assets/GoogleMobileAds/GoogleMobileAds.Unity.dll, this assembly can cause crashes in the runtime
Native extension for WindowsStandalone target not found
Refreshing native plugins compatible for Editor in 2.31 ms, found 3 plugins.
Preloading 0 native plugins for Editor in 0.00 ms.
Package Manager log level set to [2]
Mono: successfully reloaded assembly
- Completed reload, in  0.928 seconds
Domain Reload Profiling:
	ReloadAssembly (929ms)
		BeginReloadAssembly (149ms)
			ExecutionOrderSort (0ms)
			DisableScriptedObjects (5ms)
			BackupInstance (0ms)
			ReleaseScriptingObjects (0ms)
			CreateAndSetChildDomain (17ms)
		EndReloadAssembly (690ms)
			LoadAssemblies (60ms)
			RebuildTransferFunctionScriptingTraits (0ms)
			SetupTypeCache (132ms)
			ReleaseScriptCaches (1ms)
			RebuildScriptCaches (53ms)
			SetupLoadedEditorAssemblies (353ms)
				LogAssemblyErrors (0ms)
				InitializePlatformSupportModulesInManaged (11ms)
				SetLoadedEditorAssemblies (0ms)
				RefreshPlugins (2ms)
				BeforeProcessingInitializeOnLoad (56ms)
				ProcessInitializeOnLoadAttributes (213ms)
				ProcessInitializeOnLoadMethodAttributes (64ms)
				AfterProcessingInitializeOnLoad (8ms)
				EditorAssembliesLoaded (0ms)
			ExecutionOrderSort2 (0ms)
			AwakeInstancesAfterBackupRestoration (4ms)
Platform modules already initialized, skipping
========================================================================
Worker process is ready to serve import requests
Launched and connected shader compiler UnityShaderCompiler.exe after 0.08 seconds
Refreshing native plugins compatible for Editor in 2.22 ms, found 3 plugins.
Preloading 0 native plugins for Editor in 0.00 ms.
Unloading 2606 Unused Serialized files (Serialized files now loaded: 0)
Unloading 192 unused Assets / (1.7 MB). Loaded Objects now: 2982.
Memory consumption went from 156.1 MB to 154.4 MB.
Total: 5.378600 ms (FindLiveObjects: 0.248500 ms CreateObjectMapping: 0.072900 ms MarkObjects: 4.625200 ms  DeleteObjects: 0.430900 ms)

AssetImportParameters requested are different than current active one (requested -> active):
  custom:video-decoder-ogg-theora: a1e56fd34408186e4bbccfd4996cb3dc -> 
  custom:container-muxer-webm: aa71ff27fc2769a1b78a27578f13a17b -> 
  custom:container-demuxer-webm: 4f35f7cbe854078d1ac9338744f61a02 -> 
  custom:video-encoder-webm-vp8: eb34c28f22e8b96e1ab97ce403110664 -> 
  custom:audio-encoder-webm-vorbis: bf7c407c2cedff20999df2af8eb42d56 -> 
  custom:framework-win-MediaFoundation: 216162199b28c13a410421893ffa2e32 -> 
  custom:container-demuxer-ogg: 62fdf1f143b41e24485cea50d1cbac27 -> 
  custom:video-decoder-webm-vp8: 9c59270c3fd7afecdb556c50c9e8de78 -> 
  custom:audio-decoder-ogg-vorbis: bf7c407c2cedff20999df2af8eb42d56 -> 
========================================================================
Received Prepare
Registering precompiled user dll's ...
Registered in 0.010096 seconds.
OnLevelWasLoaded was found on scriptEjemploVR
This message has been deprecated and will be removed in a later version of Unity.
Add a delegate to SceneManager.sceneLoaded instead to get notifications after scene loading has completed
Begin MonoManager ReloadAssembly
OnLevelWasLoaded was found on scriptEjemploVR
This message has been deprecated and will be removed in a later version of Unity.
Add a delegate to SceneManager.sceneLoaded instead to get notifications after scene loading has completed
Unloading broken assembly Assets/GoogleMobileAds/GoogleMobileAds.Unity.dll, this assembly can cause crashes in the runtime
Native extension for WindowsStandalone target not found
Refreshing native plugins compatible for Editor in 3.67 ms, found 3 plugins.
Preloading 0 native plugins for Editor in 0.00 ms.
Unable to write to 'ProjectSettings\GvhProjectSettings.xml' (System.IO.IOException: Sharing violation on path E:\new domincanpower\DominicanPower_iOS\DOMINICAN GAME\ProjectSettings\GvhProjectSettings.xml
  at System.IO.FileStream..ctor (System.String path, System.IO.FileMode mode, System.IO.FileAccess access, System.IO.FileShare share, System.Int32 bufferSize, System.Boolean anonymous, System.IO.FileOptions options) [0x0019e] in <7b5f9a2f7db343a4ab54846ed680277b>:0 
  at System.IO.FileStream..ctor (System.String path, System.IO.FileMode mode, System.IO.FileAccess access, System.IO.FileShare share, System.Int32 bufferSize, System.IO.FileOptions options) [0x00000] in <7b5f9a2f7db343a4ab54846ed680277b>:0 
  at System.IO.FileStream..ctor (System.String path, System.IO.FileMode mode, System.IO.FileAccess access, System.IO.FileShare share, System.Int32 bufferSize, System.Boolean useAsync) [0x00000] in <7b5f9a2f7db343a4ab54846ed680277b>:0 
  at (wrapper remoting-invoke-with-check) System.IO.FileStream..ctor(string,System.IO.FileMode,System.IO.FileAccess,System.IO.FileShare,int,bool)
  at System.Xml.XmlWriterSettings.CreateWriter (System.String outputFileName) [0x00051] in <b97a394bd81d491ca8dce58aaa578910>:0 
  at System.Xml.XmlWriter.Create (System.String outputFileName, System.Xml.XmlWriterSettings settings) [0x0000a] in <b97a394bd81d491ca8dce58aaa578910>:0 
  at Google.ProjectSettings.Save () [0x00095] in Z:\tmp\tmp.cirhDnLU30\third_party\unity\unity_jar_resolver\source\VersionHandlerImpl\src\ProjectSettings.cs:826 , Project settings were not saved!
UnityEngine.StackTraceUtility:ExtractStackTrace ()
UnityEngine.DebugLogHandler:LogFormat (UnityEngine.LogType,UnityEngine.Object,string,object[])
UnityEngine.Logger:Log (UnityEngine.LogType,object)
UnityEngine.Debug:LogError (object)
Google.Logger:Log (string,Google.LogLevel) (at Z:/tmp/tmp.cirhDnLU30/third_party/unity/unity_jar_resolver/source/VersionHandlerImpl/src/Logger.cs:136)
Google.ProjectSettings:Save () (at Z:/tmp/tmp.cirhDnLU30/third_party/unity/unity_jar_resolver/source/VersionHandlerImpl/src/ProjectSettings.cs:842)
Google.ProjectSettings:SetBool (string,bool,Google.SettingsLocation) (at Z:/tmp/tmp.cirhDnLU30/third_party/unity/unity_jar_resolver/source/VersionHandlerImpl/src/ProjectSettings.cs:484)
Google.ProjectSettings:SetBool (string,bool) (at Z:/tmp/tmp.cirhDnLU30/third_party/unity/unity_jar_resolver/source/VersionHandlerImpl/src/ProjectSettings.cs:496)
Google.IOSResolver:set_VerboseLoggingEnabled (bool) (at Z:/tmp/tmp.28Sut6pFVt/third_party/unity/unity_jar_resolver/source/IOSResolver/src/IOSResolver.cs:986)
Google.IOSResolver:.cctor () (at Z:/tmp/tmp.28Sut6pFVt/third_party/unity/unity_jar_resolver/source/IOSResolver/src/IOSResolver.cs:689)
System.Runtime.CompilerServices.RuntimeHelpers:RunClassConstructor (System.RuntimeTypeHandle)
UnityEditor.EditorAssemblies:ProcessInitializeOnLoadAttributes (System.Type[])

(Filename: Z:/tmp/tmp.cirhDnLU30/third_party/unity/unity_jar_resolver/source/VersionHandlerImpl/src/ProjectSettings.cs Line: 842)

Mono: successfully reloaded assembly
- Completed reload, in  0.979 seconds
Domain Reload Profiling:
	ReloadAssembly (979ms)
		BeginReloadAssembly (117ms)
			ExecutionOrderSort (0ms)
			DisableScriptedObjects (4ms)
			BackupInstance (0ms)
			ReleaseScriptingObjects (0ms)
			CreateAndSetChildDomain (26ms)
		EndReloadAssembly (762ms)
			LoadAssemblies (69ms)
			RebuildTransferFunctionScriptingTraits (0ms)
			SetupTypeCache (156ms)
			ReleaseScriptCaches (1ms)
			RebuildScriptCaches (60ms)
			SetupLoadedEditorAssemblies (377ms)
				LogAssemblyErrors (0ms)
				InitializePlatformSupportModulesInManaged (11ms)
				SetLoadedEditorAssemblies (0ms)
				RefreshPlugins (4ms)
				BeforeProcessingInitializeOnLoad (61ms)
				ProcessInitializeOnLoadAttributes (218ms)
				ProcessInitializeOnLoadMethodAttributes (75ms)
				AfterProcessingInitializeOnLoad (8ms)
				EditorAssembliesLoaded (0ms)
			ExecutionOrderSort2 (0ms)
			AwakeInstancesAfterBackupRestoration (5ms)
Platform modules already initialized, skipping
Refreshing native plugins compatible for Editor in 2.50 ms, found 3 plugins.
Preloading 0 native plugins for Editor in 0.00 ms.
Unloading 2517 Unused Serialized files (Serialized files now loaded: 0)
Unloading 187 unused Assets / (1.7 MB). Loaded Objects now: 2985.
Memory consumption went from 147.5 MB to 145.9 MB.
Total: 5.760400 ms (FindLiveObjects: 0.263600 ms CreateObjectMapping: 0.151900 ms MarkObjects: 4.826200 ms  DeleteObjects: 0.517200 ms)

AssetImportParameters requested are different than current active one (requested -> active):
  custom:video-decoder-ogg-theora: a1e56fd34408186e4bbccfd4996cb3dc -> 
  custom:container-muxer-webm: aa71ff27fc2769a1b78a27578f13a17b -> 
  custom:container-demuxer-webm: 4f35f7cbe854078d1ac9338744f61a02 -> 
  custom:video-encoder-webm-vp8: eb34c28f22e8b96e1ab97ce403110664 -> 
  custom:audio-encoder-webm-vorbis: bf7c407c2cedff20999df2af8eb42d56 -> 
  custom:framework-win-MediaFoundation: 216162199b28c13a410421893ffa2e32 -> 
  custom:container-demuxer-ogg: 62fdf1f143b41e24485cea50d1cbac27 -> 
  custom:video-decoder-webm-vp8: 9c59270c3fd7afecdb556c50c9e8de78 -> 
  custom:audio-decoder-ogg-vorbis: bf7c407c2cedff20999df2af8eb42d56 -> 
========================================================================
Received Import Request.
  Time since last request: 193646.128150 seconds.
  path: Assets/Buttons/Square/512x512/Green/Vehicles/Taxi_Cab.png
  artifactKey: Guid(0f93c6bf31d689048bc70ee253255031) Importer(815301076,1909f56bfc062723c751e8b465ee728b)
Start importing Assets/Buttons/Square/512x512/Green/Vehicles/Taxi_Cab.png using Guid(0f93c6bf31d689048bc70ee253255031) Importer(815301076,1909f56bfc062723c751e8b465ee728b)  -> (artifact id: 'b92f4488f1d06c486701d5186c1a7f14') in 0.375282 seconds 
========================================================================
Received Import Request.
  Time since last request: 0.000018 seconds.
  path: Assets/JMO Assets/Toony Colors/Demo 2.0/UI/TCF_Demo_gToggle_on active copy.png
  artifactKey: Guid(ae66aa97758b4044c809e30690f3ce45) Importer(815301076,1909f56bfc062723c751e8b465ee728b)
Start importing Assets/JMO Assets/Toony Colors/Demo 2.0/UI/TCF_Demo_gToggle_on active copy.png using Guid(ae66aa97758b4044c809e30690f3ce45) Importer(815301076,1909f56bfc062723c751e8b465ee728b)  -> (artifact id: '5d5f35a0086fdbd801f6ebfee9833b2e') in 0.009297 seconds 
========================================================================
Received Import Request.
  Time since last request: 0.000029 seconds.
  path: Assets/Buttons/Square/512x512/Black/Social Media and Sharing/Telegram.png
  artifactKey: Guid(b894a46e9c5b2df4080d27540ee778fb) Importer(815301076,1909f56bfc062723c751e8b465ee728b)
Start importing Assets/Buttons/Square/512x512/Black/Social Media and Sharing/Telegram.png using Guid(b894a46e9c5b2df4080d27540ee778fb) Importer(815301076,1909f56bfc062723c751e8b465ee728b)  -> (artifact id: '4795e6c3aa33941dfe2c296965ba4b19') in 0.041178 seconds 
========================================================================
Received Import Request.
  Time since last request: 0.000015 seconds.
  path: Assets/Buttons/Square/512x512/Red/Social Media and Sharing/Telegram.png
  artifactKey: Guid(aa1dfdf13603f4b4583435eb85d45ff5) Importer(815301076,1909f56bfc062723c751e8b465ee728b)
Start importing Assets/Buttons/Square/512x512/Red/Social Media and Sharing/Telegram.png using Guid(aa1dfdf13603f4b4583435eb85d45ff5) Importer(815301076,1909f56bfc062723c751e8b465ee728b)  -> (artifact id: '78593392940c09504c4129c96e892291') in 0.056315 seconds 
========================================================================
Received Import Request.
  Time since last request: 0.000023 seconds.
  path: Assets/Buttons/Square/512x512/Black/Sports/Tennis_Racket.png
  artifactKey: Guid(1fcaa04f852b23942a350e2b601cf63d) Importer(815301076,1909f56bfc062723c751e8b465ee728b)
Start importing Assets/Buttons/Square/512x512/Black/Sports/Tennis_Racket.png using Guid(1fcaa04f852b23942a350e2b601cf63d) Importer(815301076,1909f56bfc062723c751e8b465ee728b)  -> (artifact id: '6eaaac730fb97f53ab0e0bc4a85ed693') in 0.036004 seconds 
========================================================================
Received Import Request.
  Time since last request: 0.000014 seconds.
  path: Assets/Buttons/Square/512x512/Pink/Social Media and Sharing/Telegram.png
  artifactKey: Guid(b1bc5d5caf818ee49915deab6f7100fb) Importer(815301076,1909f56bfc062723c751e8b465ee728b)
Start importing Assets/Buttons/Square/512x512/Pink/Social Media and Sharing/Telegram.png using Guid(b1bc5d5caf818ee49915deab6f7100fb) Importer(815301076,1909f56bfc062723c751e8b465ee728b)  -> (artifact id: 'a7ab99c9b1ec773264f958eba70bd9a7') in 0.073667 seconds 
========================================================================
Received Import Request.
  Time since last request: 0.000019 seconds.
  path: Assets/Buttons/Round/512x512/Green/Sports/Tennis_Racket.png
  artifactKey: Guid(6ade03c55541ca04c85f3f40bc923419) Importer(815301076,1909f56bfc062723c751e8b465ee728b)
Start importing Assets/Buttons/Round/512x512/Green/Sports/Tennis_Racket.png using Guid(6ade03c55541ca04c85f3f40bc923419) Importer(815301076,1909f56bfc062723c751e8b465ee728b)  -> (artifact id: 'cbad0c01c72aba2602d23dca2fb0d818') in 0.062483 seconds 
========================================================================
Received Import Request.
  Time since last request: 0.000030 seconds.
  path: Assets/Buttons/Square/512x512/Red/Sports/Tennis_Racket.png
  artifactKey: Guid(dba93f3ed6f95a14c80cd76e4cfc332e) Importer(815301076,1909f56bfc062723c751e8b465ee728b)
Start importing Assets/Buttons/Square/512x512/Red/Sports/Tennis_Racket.png using Guid(dba93f3ed6f95a14c80cd76e4cfc332e) Importer(815301076,1909f56bfc062723c751e8b465ee728b)  -> (artifact id: '5b8c7c20f705c4bbf1cf0b5703143ad1') in 0.049462 seconds 
========================================================================
Received Import Request.
  Time since last request: 0.000024 seconds.
  path: Assets/JMO Assets/Toony Colors/Demo 2.0/UI/TCF_Demo_gToggle_on copy.png
  artifactKey: Guid(259110fbb6b4cc2429fdabbd395bd05b) Importer(815301076,1909f56bfc062723c751e8b465ee728b)
Start importing Assets/JMO Assets/Toony Colors/Demo 2.0/UI/TCF_Demo_gToggle_on copy.png using Guid(259110fbb6b4cc2429fdabbd395bd05b) Importer(815301076,1909f56bfc062723c751e8b465ee728b)  -> (artifact id: 'c56807ad4186e1a216099ee5a4698c27') in 0.009756 seconds 
========================================================================
Received Import Request.
  Time since last request: 0.000016 seconds.
  path: Assets/Buttons/Round/512x512/Green/Social Media and Sharing/Telegram.png
  artifactKey: Guid(d54042fc033af374895ee7634bc2e7f5) Importer(815301076,1909f56bfc062723c751e8b465ee728b)
Start importing Assets/Buttons/Round/512x512/Green/Social Media and Sharing/Telegram.png using Guid(d54042fc033af374895ee7634bc2e7f5) Importer(815301076,1909f56bfc062723c751e8b465ee728b)  -> (artifact id: '378a9f37ea989df4920d2402a3f10783') in 0.051979 seconds 
========================================================================
Received Import Request.
  Time since last request: 0.000015 seconds.
  path: Assets/Buttons/Round/512x512/Red/Sports/Tennis_Racket.png
  artifactKey: Guid(48160fbb675d8cd47bc4dbdb2f8db3f8) Importer(815301076,1909f56bfc062723c751e8b465ee728b)
Start importing Assets/Buttons/Round/512x512/Red/Sports/Tennis_Racket.png using Guid(48160fbb675d8cd47bc4dbdb2f8db3f8) Importer(815301076,1909f56bfc062723c751e8b465ee728b)  -> (artifact id: '9a8149b172a5c140d264e07943b14b3a') in 0.060005 seconds 
========================================================================
Received Import Request.
  Time since last request: 0.000016 seconds.
  path: Assets/Buttons/Square/512x512/Blue/Social Media and Sharing/Telegram.png
  artifactKey: Guid(c61f048f163038e4d885a588c1a064da) Importer(815301076,1909f56bfc062723c751e8b465ee728b)
Start importing Assets/Buttons/Square/512x512/Blue/Social Media and Sharing/Telegram.png using Guid(c61f048f163038e4d885a588c1a064da) Importer(815301076,1909f56bfc062723c751e8b465ee728b)  -> (artifact id: '231a9ff90f9f89b0ffb03bbf7dcaa5f0') in 0.029865 seconds 
========================================================================
Received Import Request.
  Time since last request: 0.000022 seconds.
  path: Assets/Buttons/Square/512x512/Pink/Sports/Tennis_Racket.png
  artifactKey: Guid(3bfde05721a532648a532cfa41511f34) Importer(815301076,1909f56bfc062723c751e8b465ee728b)
Start importing Assets/Buttons/Square/512x512/Pink/Sports/Tennis_Racket.png using Guid(3bfde05721a532648a532cfa41511f34) Importer(815301076,1909f56bfc062723c751e8b465ee728b)  -> (artifact id: '978b262a08f11ed906c62da446e37635') in 0.047342 seconds 
========================================================================
Received Import Request.
  Time since last request: 0.000023 seconds.
  path: Assets/JMO Assets/Toony Colors/Demo 2.0/UI/TCF_Demo_gToggle_on over copy.png
  artifactKey: Guid(48eb6ed69c273564ba09c79ae1eb79d7) Importer(815301076,1909f56bfc062723c751e8b465ee728b)
Start importing Assets/JMO Assets/Toony Colors/Demo 2.0/UI/TCF_Demo_gToggle_on over copy.png using Guid(48eb6ed69c273564ba09c79ae1eb79d7) Importer(815301076,1909f56bfc062723c751e8b465ee728b)  -> (artifact id: '42fabd449f8f07d76c89eed5a1d87239') in 0.008674 seconds 
========================================================================
Received Import Request.
  Time since last request: 0.000018 seconds.
  path: Assets/JMO Assets/Toony Colors/Demo 2.0/UI/TCF_Demo_gButton copy.png
  artifactKey: Guid(7ce80c0bdb1f3584ca53451adffebd50) Importer(815301076,1909f56bfc062723c751e8b465ee728b)
Start importing Assets/JMO Assets/Toony Colors/Demo 2.0/UI/TCF_Demo_gButton copy.png using Guid(7ce80c0bdb1f3584ca53451adffebd50) Importer(815301076,1909f56bfc062723c751e8b465ee728b)  -> (artifact id: '29cc8bd1132644909c9c605c8169fd2b') in 0.010062 seconds 
========================================================================
Received Import Request.
  Time since last request: 0.000017 seconds.
  path: Assets/Buttons/Round/512x512/Gray/Social Media and Sharing/Telegram.png
  artifactKey: Guid(28cbfbefdd2e8154a8299b95e643486d) Importer(815301076,1909f56bfc062723c751e8b465ee728b)
Start importing Assets/Buttons/Round/512x512/Gray/Social Media and Sharing/Telegram.png using Guid(28cbfbefdd2e8154a8299b95e643486d) Importer(815301076,1909f56bfc062723c751e8b465ee728b)  -> (artifact id: 'e62361a3e75fc976cdd46b891d761f6a') in 0.042822 seconds 
========================================================================
Received Import Request.
  Time since last request: 0.000018 seconds.
  path: Assets/Buttons/Square/512x512/Yellow/Sports/Tennis_Racket.png
  artifactKey: Guid(6e7c9be583e9e7147bbae131c9366998) Importer(815301076,1909f56bfc062723c751e8b465ee728b)
Start importing Assets/Buttons/Square/512x512/Yellow/Sports/Tennis_Racket.png using Guid(6e7c9be583e9e7147bbae131c9366998) Importer(815301076,1909f56bfc062723c751e8b465ee728b)  -> (artifact id: '0ccf8d2ca779afd06ddd2243b1f2641f') in 0.038965 seconds 
========================================================================
Received Import Request.
  Time since last request: 0.000020 seconds.
  path: Assets/Buttons/Round/512x512/Orange/Sports/Tennis_Racket.png
  artifactKey: Guid(10eb4b184e16a4643aa4f42a778b1462) Importer(815301076,1909f56bfc062723c751e8b465ee728b)
Start importing Assets/Buttons/Round/512x512/Orange/Sports/Tennis_Racket.png using Guid(10eb4b184e16a4643aa4f42a778b1462) Importer(815301076,1909f56bfc062723c751e8b465ee728b)  -> (artifact id: 'ef3353188a1c07865b9f6e1048c3cd86') in 0.060298 seconds 
========================================================================
Received Import Request.
  Time since last request: 0.000015 seconds.
  path: Assets/JMO Assets/Toony Colors/Demo 2.0/Textures/TCF_Demo_WallDiffuse.tif
  artifactKey: Guid(126be8c13a9084940b9b4338b8b32126) Importer(815301076,1909f56bfc062723c751e8b465ee728b)
Start importing Assets/JMO Assets/Toony Colors/Demo 2.0/Textures/TCF_Demo_WallDiffuse.tif using Guid(126be8c13a9084940b9b4338b8b32126) Importer(815301076,1909f56bfc062723c751e8b465ee728b)  -> (artifact id: '45fa0f5bd5f500ff8fbca773bf21ef9b') in 0.014132 seconds 
========================================================================
Received Import Request.
  Time since last request: 0.000017 seconds.
  path: Assets/JMO Assets/Toony Colors/Demo 2.0/Textures/TCF_Demo_HellephantDiffuse.png
  artifactKey: Guid(f5b7dc99608666b4e85d0acaefbab666) Importer(815301076,1909f56bfc062723c751e8b465ee728b)
Start importing Assets/JMO Assets/Toony Colors/Demo 2.0/Textures/TCF_Demo_HellephantDiffuse.png using Guid(f5b7dc99608666b4e85d0acaefbab666) Importer(815301076,1909f56bfc062723c751e8b465ee728b)  -> (artifact id: '3cee79301f423a97cd2e7c3214126a85') in 0.011750 seconds 
========================================================================
Received Import Request.
  Time since last request: 0.000018 seconds.
  path: Assets/Buttons/Square/512x512/Yellow/Social Media and Sharing/Telegram.png
  artifactKey: Guid(e5599b3e732401843abc02d32a8b06a5) Importer(815301076,1909f56bfc062723c751e8b465ee728b)
Start importing Assets/Buttons/Square/512x512/Yellow/Social Media and Sharing/Telegram.png using Guid(e5599b3e732401843abc02d32a8b06a5) Importer(815301076,1909f56bfc062723c751e8b465ee728b)  -> (artifact id: '41e75bb732da5af733fd54487b629341') in 0.043208 seconds 
========================================================================
Received Import Request.
  Time since last request: 0.000023 seconds.
  path: Assets/Buttons/Square/512x512/Brown/Social Media and Sharing/Telegram.png
  artifactKey: Guid(b9563090c3458f140ab0ec31ed9391e9) Importer(815301076,1909f56bfc062723c751e8b465ee728b)
Start importing Assets/Buttons/Square/512x512/Brown/Social Media and Sharing/Telegram.png using Guid(b9563090c3458f140ab0ec31ed9391e9) Importer(815301076,1909f56bfc062723c751e8b465ee728b)  -> (artifact id: '3c372c1fcaa770a6b94ff036a7b6d444') in 0.039960 seconds 
========================================================================
Received Import Request.
  Time since last request: 0.000018 seconds.
  path: Assets/JMO Assets/Toony Colors/Demo 2.0/UI/TCF_Demo_gToggle active copy.png
  artifactKey: Guid(86d2e86f4f60cde468bd365687015b25) Importer(815301076,1909f56bfc062723c751e8b465ee728b)
Start importing Assets/JMO Assets/Toony Colors/Demo 2.0/UI/TCF_Demo_gToggle active copy.png using Guid(86d2e86f4f60cde468bd365687015b25) Importer(815301076,1909f56bfc062723c751e8b465ee728b)  -> (artifact id: '1c37d88bbbf1704876557ac41ce6b10a') in 0.008142 seconds 
========================================================================
Received Import Request.
  Time since last request: 0.000020 seconds.
  path: Assets/Buttons/Round/512x512/Pink/Sports/Tennis_Racket.png
  artifactKey: Guid(488990b55a6d1fd48ba128a880e240e6) Importer(815301076,1909f56bfc062723c751e8b465ee728b)
Start importing Assets/Buttons/Round/512x512/Pink/Sports/Tennis_Racket.png using Guid(488990b55a6d1fd48ba128a880e240e6) Importer(815301076,1909f56bfc062723c751e8b465ee728b)  -> (artifact id: 'd732223e4abfbc8e78554c4f01e23c96') in 0.037125 seconds 
========================================================================
Received Import Request.
  Time since last request: 0.000019 seconds.
  path: Assets/Buttons/Square/512x512/Aquamarine/Social Media and Sharing/Telegram.png
  artifactKey: Guid(ea2114eda81a22c43a9602182e55ec4d) Importer(815301076,1909f56bfc062723c751e8b465ee728b)
Start importing Assets/Buttons/Square/512x512/Aquamarine/Social Media and Sharing/Telegram.png using Guid(ea2114eda81a22c43a9602182e55ec4d) Importer(815301076,1909f56bfc062723c751e8b465ee728b)  -> (artifact id: '120dd1a5d246f489bd1b73092e8968e6') in 0.039741 seconds 
========================================================================
Received Import Request.
  Time since last request: 0.000018 seconds.
  path: Assets/Buttons/Square/512x512/NeonGreen/Social Media and Sharing/Telegram.png
  artifactKey: Guid(d9d6c2e9722474b45b73e4d8455ca10b) Importer(815301076,1909f56bfc062723c751e8b465ee728b)
Start importing Assets/Buttons/Square/512x512/NeonGreen/Social Media and Sharing/Telegram.png using Guid(d9d6c2e9722474b45b73e4d8455ca10b) Importer(815301076,1909f56bfc062723c751e8b465ee728b)  -> (artifact id: '1ccee20dc2b614266e62d83dc64fe221') in 0.078013 seconds 
========================================================================
Received Import Request.
  Time since last request: 0.000018 seconds.
  path: Assets/Buttons/Round/512x512/Aquamarine/Sports/Tennis_Racket.png
  artifactKey: Guid(1d8bbde7ca3f35f42890fe5e0b230d87) Importer(815301076,1909f56bfc062723c751e8b465ee728b)
Start importing Assets/Buttons/Round/512x512/Aquamarine/Sports/Tennis_Racket.png using Guid(1d8bbde7ca3f35f42890fe5e0b230d87) Importer(815301076,1909f56bfc062723c751e8b465ee728b)  -> (artifact id: 'b5498c3cdcb2b09dbc284b9a663913cd') in 0.047918 seconds 
========================================================================
Received Import Request.
  Time since last request: 0.000022 seconds.
  path: Assets/Buttons/Round/512x512/Black/Vehicles/Taxi_Cab.png
  artifactKey: Guid(9d07db5a8ef726b418d094592483a4c1) Importer(815301076,1909f56bfc062723c751e8b465ee728b)
Start importing Assets/Buttons/Round/512x512/Black/Vehicles/Taxi_Cab.png using Guid(9d07db5a8ef726b418d094592483a4c1) Importer(815301076,1909f56bfc062723c751e8b465ee728b)  -> (artifact id: '0188e4ff86c5490e2ea8684f4d4c0d96') in 0.034818 seconds 
========================================================================
Received Import Request.
  Time since last request: 0.000021 seconds.
  path: Assets/Buttons/Round/512x512/Black/Social Media and Sharing/Telegram.png
  artifactKey: Guid(18a4d9aaf6fce864288de8faa7e025dd) Importer(815301076,1909f56bfc062723c751e8b465ee728b)
Start importing Assets/Buttons/Round/512x512/Black/Social Media and Sharing/Telegram.png using Guid(18a4d9aaf6fce864288de8faa7e025dd) Importer(815301076,1909f56bfc062723c751e8b465ee728b)  -> (artifact id: 'f764a7ef02a7e8f2a324aa685f65108a') in 0.038727 seconds 
========================================================================
Received Import Request.
  Time since last request: 0.000018 seconds.
  path: Assets/0DP ASSETS/imagenes/old4/temporada 1.png
  artifactKey: Guid(127268f1fd4734c42bd2fe8a41dbc26c) Importer(815301076,1909f56bfc062723c751e8b465ee728b)
Start importing Assets/0DP ASSETS/imagenes/old4/temporada 1.png using Guid(127268f1fd4734c42bd2fe8a41dbc26c) Importer(815301076,1909f56bfc062723c751e8b465ee728b)  -> (artifact id: 'd9d4b1b1c3b15125657a38acb08242d0') in 0.066858 seconds 
========================================================================
Received Import Request.
  Time since last request: 0.000015 seconds.
  path: Assets/Buttons/Icons/PNG/Social Media and Sharing/Telegram(Icon).png
  artifactKey: Guid(2597b116e2ad9bd4994e99f7bc03fd3e) Importer(815301076,1909f56bfc062723c751e8b465ee728b)
Start importing Assets/Buttons/Icons/PNG/Social Media and Sharing/Telegram(Icon).png using Guid(2597b116e2ad9bd4994e99f7bc03fd3e) Importer(815301076,1909f56bfc062723c751e8b465ee728b)  -> (artifact id: '069e47d4d7b31bc6f3ec91006a58b55a') in 0.044210 seconds 
========================================================================
Received Import Request.
  Time since last request: 0.000018 seconds.
  path: Assets/Buttons/Round/512x512/Red/Social Media and Sharing/Telegram.png
  artifactKey: Guid(049c18eaa50d5af4a93625f1b8acd25a) Importer(815301076,1909f56bfc062723c751e8b465ee728b)
Start importing Assets/Buttons/Round/512x512/Red/Social Media and Sharing/Telegram.png using Guid(049c18eaa50d5af4a93625f1b8acd25a) Importer(815301076,1909f56bfc062723c751e8b465ee728b)  -> (artifact id: 'b132cccd3598e85b12aa173c5c093e21') in 0.045588 seconds 
========================================================================
Received Import Request.
  Time since last request: 0.000020 seconds.
  path: Assets/Buttons/Round/512x512/NeonGreen/Social Media and Sharing/Telegram.png
  artifactKey: Guid(4a9fa697c69bdd947a981a61145a408f) Importer(815301076,1909f56bfc062723c751e8b465ee728b)
Start importing Assets/Buttons/Round/512x512/NeonGreen/Social Media and Sharing/Telegram.png using Guid(4a9fa697c69bdd947a981a61145a408f) Importer(815301076,1909f56bfc062723c751e8b465ee728b)  -> (artifact id: 'f423eba9ec85bc60de7b5abc8ee76332') in 0.054027 seconds 
========================================================================
Received Import Request.
  Time since last request: 0.000025 seconds.
  path: Assets/Buttons/Square/512x512/Gray/Social Media and Sharing/Telegram.png
  artifactKey: Guid(143b856dff3be0d4dad93be1e03871d4) Importer(815301076,1909f56bfc062723c751e8b465ee728b)
Start importing Assets/Buttons/Square/512x512/Gray/Social Media and Sharing/Telegram.png using Guid(143b856dff3be0d4dad93be1e03871d4) Importer(815301076,1909f56bfc062723c751e8b465ee728b)  -> (artifact id: 'bd78200466bf87ad0cce4bf21b686e24') in 0.057687 seconds 
========================================================================
Received Import Request.
  Time since last request: 0.000018 seconds.
  path: Assets/Buttons/Round/512x512/Blue/Social Media and Sharing/Telegram.png
  artifactKey: Guid(5d052d12d2ee1834f8a0ca42af124478) Importer(815301076,1909f56bfc062723c751e8b465ee728b)
Start importing Assets/Buttons/Round/512x512/Blue/Social Media and Sharing/Telegram.png using Guid(5d052d12d2ee1834f8a0ca42af124478) Importer(815301076,1909f56bfc062723c751e8b465ee728b)  -> (artifact id: 'e7e282203ef4d9bb94f398bc4bfdd252') in 0.043770 seconds 
========================================================================
Received Import Request.
  Time since last request: 0.000015 seconds.
  path: Assets/Buttons/Round/512x512/Orange/Social Media and Sharing/Telegram.png
  artifactKey: Guid(74be3b28cb9ba2a44b8cbc1188ebb643) Importer(815301076,1909f56bfc062723c751e8b465ee728b)
Start importing Assets/Buttons/Round/512x512/Orange/Social Media and Sharing/Telegram.png using Guid(74be3b28cb9ba2a44b8cbc1188ebb643) Importer(815301076,1909f56bfc062723c751e8b465ee728b)  -> (artifact id: '1daca31ab3ad11a6603928ea94f22568') in 0.035591 seconds 
========================================================================
Received Import Request.
  Time since last request: 0.000019 seconds.
  path: Assets/Buttons/Square/512x512/Brown/Vehicles/Taxi_Cab.png
  artifactKey: Guid(3e699c6a69296294383d0ed6733b1345) Importer(815301076,1909f56bfc062723c751e8b465ee728b)
Start importing Assets/Buttons/Square/512x512/Brown/Vehicles/Taxi_Cab.png using Guid(3e699c6a69296294383d0ed6733b1345) Importer(815301076,1909f56bfc062723c751e8b465ee728b)  -> (artifact id: '23fa88ea89684f68918593babc53192f') in 0.033337 seconds 
Editor requested this worker to shutdown with reason: Scaling down because of idle timeout
AssetImportWorker is now disconnected from the server
Process exiting
Exiting without the bug reporter. Application will terminate with return code 0