Using pre-set license
Built from '2021.2/release' branch; Version is '2021.2.0f1 (4bf1ec4b23c9) revision 4977132'; Using compiler version '192829333'; Build Type 'Release'
OS: 'Windows 10 Pro; OS build 19043.1288; Version 2009; 64bit' Language: 'es' Physical Memory: 49080 MB
BatchMode: 1, IsHumanControllingUs: 0, StartBugReporterOnCrash: 0, Is64bit: 1, IsPro: 0

COMMAND LINE ARGUMENTS:
C:\Program Files\Unity\Hub\Editor\2021.2.0f1\Editor\Unity.exe
-adb2
-batchMode
-noUpm
-name
AssetImportWorker5
-projectPath
E:/new domincanpower/DominicanPower_iOS/DOMINICAN GAME
-logFile
Logs/AssetImportWorker5.log
-srvPort
57154
Successfully changed project path to: E:/new domincanpower/DominicanPower_iOS/DOMINICAN GAME
E:/new domincanpower/DominicanPower_iOS/DOMINICAN GAME
[UnityMemory] Configuration Parameters - Can be set up in boot.config
    "memorysetup-bucket-allocator-granularity=16"
    "memorysetup-bucket-allocator-bucket-count=8"
    "memorysetup-bucket-allocator-block-size=33554432"
    "memorysetup-bucket-allocator-block-count=8"
    "memorysetup-main-allocator-block-size=16777216"
    "memorysetup-thread-allocator-block-size=16777216"
    "memorysetup-gfx-main-allocator-block-size=16777216"
    "memorysetup-gfx-thread-allocator-block-size=16777216"
    "memorysetup-cache-allocator-block-size=4194304"
    "memorysetup-typetree-allocator-block-size=2097152"
    "memorysetup-profiler-bucket-allocator-granularity=16"
    "memorysetup-profiler-bucket-allocator-bucket-count=8"
    "memorysetup-profiler-bucket-allocator-block-size=33554432"
    "memorysetup-profiler-bucket-allocator-block-count=8"
    "memorysetup-profiler-allocator-block-size=16777216"
    "memorysetup-profiler-editor-allocator-block-size=1048576"
    "memorysetup-temp-allocator-size-main=16777216"
    "memorysetup-job-temp-allocator-block-size=2097152"
    "memorysetup-job-temp-allocator-block-size-background=1048576"
    "memorysetup-job-temp-allocator-reduction-small-platforms=262144"
    "memorysetup-temp-allocator-size-background-worker=32768"
    "memorysetup-temp-allocator-size-job-worker=262144"
    "memorysetup-temp-allocator-size-preload-manager=33554432"
    "memorysetup-temp-allocator-size-nav-mesh-worker=65536"
    "memorysetup-temp-allocator-size-audio-worker=65536"
    "memorysetup-temp-allocator-size-cloud-worker=32768"
    "memorysetup-temp-allocator-size-gi-baking-worker=262144"
    "memorysetup-temp-allocator-size-gfx=262144"
Refreshing native plugins compatible for Editor in 180.55 ms, found 5 plugins.
Preloading 0 native plugins for Editor in 0.00 ms.
Initialize engine version: 2021.2.0f1 (4bf1ec4b23c9)
[Subsystems] Discovering subsystems at path C:/Program Files/Unity/Hub/Editor/2021.2.0f1/Editor/Data/Resources/UnitySubsystems
[Subsystems] Discovering subsystems at path E:/new domincanpower/DominicanPower_iOS/DOMINICAN GAME/Assets
GfxDevice: creating device client; threaded=0; jobified=0
Direct3D:
    Version:  Direct3D 11.0 [level 11.1]
    Renderer: Radeon RX 580 Series (ID=0x67df)
    Vendor:   ATI
    VRAM:     8171 MB
    Driver:   27.20.1034.6
Initialize mono
Mono path[0] = 'C:/Program Files/Unity/Hub/Editor/2021.2.0f1/Editor/Data/Managed'
Mono path[1] = 'C:/Program Files/Unity/Hub/Editor/2021.2.0f1/Editor/Data/MonoBleedingEdge/lib/mono/unityjit-win32'
Mono config path = 'C:/Program Files/Unity/Hub/Editor/2021.2.0f1/Editor/Data/MonoBleedingEdge/etc'
Using monoOptions --debugger-agent=transport=dt_socket,embedding=1,server=y,suspend=n,address=127.0.0.1:56192
Begin MonoManager ReloadAssembly
Registering precompiled unity dll's ...
Register platform support module: C:/Program Files/Unity/Hub/Editor/2021.2.0f1/Editor/Data/PlaybackEngines/WindowsStandaloneSupport/UnityEditor.WindowsStandalone.Extensions.dll
Registered in 0.008868 seconds.
Native extension for WindowsStandalone target not found
Refreshing native plugins compatible for Editor in 130.41 ms, found 5 plugins.
Preloading 0 native plugins for Editor in 0.00 ms.
Mono: successfully reloaded assembly
- Completed reload, in  1.654 seconds
Domain Reload Profiling:
	ReloadAssembly (1654ms)
		BeginReloadAssembly (87ms)
			ExecutionOrderSort (0ms)
			DisableScriptedObjects (0ms)
			BackupInstance (0ms)
			ReleaseScriptingObjects (0ms)
			CreateAndSetChildDomain (1ms)
		EndReloadAssembly (612ms)
			LoadAssemblies (85ms)
			RebuildTransferFunctionScriptingTraits (0ms)
			SetupTypeCache (133ms)
			ReleaseScriptCaches (0ms)
			RebuildScriptCaches (35ms)
			SetupLoadedEditorAssemblies (369ms)
				LogAssemblyErrors (0ms)
				InitializePlatformSupportModulesInManaged (10ms)
				SetLoadedEditorAssemblies (0ms)
				RefreshPlugins (131ms)
				BeforeProcessingInitializeOnLoad (2ms)
				ProcessInitializeOnLoadAttributes (156ms)
				ProcessInitializeOnLoadMethodAttributes (69ms)
				AfterProcessingInitializeOnLoad (0ms)
				EditorAssembliesLoaded (0ms)
			ExecutionOrderSort2 (0ms)
			AwakeInstancesAfterBackupRestoration (0ms)
Platform modules already initialized, skipping
Registering precompiled user dll's ...
Registered in 0.014601 seconds.
Begin MonoManager ReloadAssembly
OnLevelWasLoaded was found on scriptEjemploVR
This message has been deprecated and will be removed in a later version of Unity.
Add a delegate to SceneManager.sceneLoaded instead to get notifications after scene loading has completed
Unloading broken assembly Assets/GoogleMobileAds/GoogleMobileAds.Unity.dll, this assembly can cause crashes in the runtime
Native extension for WindowsStandalone target not found
Refreshing native plugins compatible for Editor in 3.42 ms, found 5 plugins.
Preloading 0 native plugins for Editor in 0.00 ms.
Unable to write to 'ProjectSettings\GvhProjectSettings.xml' (System.IO.IOException: Sharing violation on path E:\new domincanpower\DominicanPower_iOS\DOMINICAN GAME\ProjectSettings\GvhProjectSettings.xml
  at System.IO.FileStream..ctor (System.String path, System.IO.FileMode mode, System.IO.FileAccess access, System.IO.FileShare share, System.Int32 bufferSize, System.Boolean anonymous, System.IO.FileOptions options) [0x0019e] in <7b5f9a2f7db343a4ab54846ed680277b>:0 
  at System.IO.FileStream..ctor (System.String path, System.IO.FileMode mode, System.IO.FileAccess access, System.IO.FileShare share, System.Int32 bufferSize, System.IO.FileOptions options) [0x00000] in <7b5f9a2f7db343a4ab54846ed680277b>:0 
  at System.IO.FileStream..ctor (System.String path, System.IO.FileMode mode, System.IO.FileAccess access, System.IO.FileShare share, System.Int32 bufferSize, System.Boolean useAsync) [0x00000] in <7b5f9a2f7db343a4ab54846ed680277b>:0 
  at (wrapper remoting-invoke-with-check) System.IO.FileStream..ctor(string,System.IO.FileMode,System.IO.FileAccess,System.IO.FileShare,int,bool)
  at System.Xml.XmlWriterSettings.CreateWriter (System.String outputFileName) [0x00051] in <b97a394bd81d491ca8dce58aaa578910>:0 
  at System.Xml.XmlWriter.Create (System.String outputFileName, System.Xml.XmlWriterSettings settings) [0x0000a] in <b97a394bd81d491ca8dce58aaa578910>:0 
  at Google.ProjectSettings.Save () [0x00095] in Z:\tmp\tmp.cirhDnLU30\third_party\unity\unity_jar_resolver\source\VersionHandlerImpl\src\ProjectSettings.cs:826 , Project settings were not saved!
UnityEngine.StackTraceUtility:ExtractStackTrace ()
UnityEngine.DebugLogHandler:LogFormat (UnityEngine.LogType,UnityEngine.Object,string,object[])
UnityEngine.Logger:Log (UnityEngine.LogType,object)
UnityEngine.Debug:LogError (object)
Google.Logger:Log (string,Google.LogLevel) (at Z:/tmp/tmp.cirhDnLU30/third_party/unity/unity_jar_resolver/source/VersionHandlerImpl/src/Logger.cs:136)
Google.ProjectSettings:Save () (at Z:/tmp/tmp.cirhDnLU30/third_party/unity/unity_jar_resolver/source/VersionHandlerImpl/src/ProjectSettings.cs:842)
Google.ProjectSettings:SetBool (string,bool,Google.SettingsLocation) (at Z:/tmp/tmp.cirhDnLU30/third_party/unity/unity_jar_resolver/source/VersionHandlerImpl/src/ProjectSettings.cs:484)
Google.ProjectSettings:SetBool (string,bool) (at Z:/tmp/tmp.cirhDnLU30/third_party/unity/unity_jar_resolver/source/VersionHandlerImpl/src/ProjectSettings.cs:496)
Google.IOSResolver:set_VerboseLoggingEnabled (bool) (at Z:/tmp/tmp.28Sut6pFVt/third_party/unity/unity_jar_resolver/source/IOSResolver/src/IOSResolver.cs:986)
Google.IOSResolver:.cctor () (at Z:/tmp/tmp.28Sut6pFVt/third_party/unity/unity_jar_resolver/source/IOSResolver/src/IOSResolver.cs:689)
System.Runtime.CompilerServices.RuntimeHelpers:RunClassConstructor (System.RuntimeTypeHandle)
UnityEditor.EditorAssemblies:ProcessInitializeOnLoadAttributes (System.Type[])

(Filename: Z:/tmp/tmp.cirhDnLU30/third_party/unity/unity_jar_resolver/source/VersionHandlerImpl/src/ProjectSettings.cs Line: 842)

Package Manager log level set to [2]
Mono: successfully reloaded assembly
- Completed reload, in  3.110 seconds
Domain Reload Profiling:
	ReloadAssembly (3111ms)
		BeginReloadAssembly (222ms)
			ExecutionOrderSort (0ms)
			DisableScriptedObjects (8ms)
			BackupInstance (0ms)
			ReleaseScriptingObjects (0ms)
			CreateAndSetChildDomain (28ms)
		EndReloadAssembly (2412ms)
			LoadAssemblies (1100ms)
			RebuildTransferFunctionScriptingTraits (0ms)
			SetupTypeCache (321ms)
			ReleaseScriptCaches (1ms)
			RebuildScriptCaches (101ms)
			SetupLoadedEditorAssemblies (757ms)
				LogAssemblyErrors (0ms)
				InitializePlatformSupportModulesInManaged (14ms)
				SetLoadedEditorAssemblies (1ms)
				RefreshPlugins (4ms)
				BeforeProcessingInitializeOnLoad (85ms)
				ProcessInitializeOnLoadAttributes (533ms)
				ProcessInitializeOnLoadMethodAttributes (110ms)
				AfterProcessingInitializeOnLoad (12ms)
				EditorAssembliesLoaded (0ms)
			ExecutionOrderSort2 (0ms)
			AwakeInstancesAfterBackupRestoration (5ms)
Platform modules already initialized, skipping
========================================================================
Worker process is ready to serve import requests
Launched and connected shader compiler UnityShaderCompiler.exe after 0.21 seconds
Refreshing native plugins compatible for Editor in 2.12 ms, found 5 plugins.
Preloading 0 native plugins for Editor in 0.00 ms.
Unloading 2953 Unused Serialized files (Serialized files now loaded: 0)
Unloading 204 unused Assets / (0.6 MB). Loaded Objects now: 3304.
Memory consumption went from 149.2 MB to 148.6 MB.
Total: 8.816600 ms (FindLiveObjects: 0.783200 ms CreateObjectMapping: 0.253600 ms MarkObjects: 7.382200 ms  DeleteObjects: 0.396000 ms)

AssetImportParameters requested are different than current active one (requested -> active):
  custom:video-decoder-ogg-theora: a1e56fd34408186e4bbccfd4996cb3dc -> 
  custom:container-muxer-webm: aa71ff27fc2769a1b78a27578f13a17b -> 
  custom:container-demuxer-webm: 4f35f7cbe854078d1ac9338744f61a02 -> 
  custom:video-encoder-webm-vp8: eb34c28f22e8b96e1ab97ce403110664 -> 
  custom:audio-encoder-webm-vorbis: bf7c407c2cedff20999df2af8eb42d56 -> 
  custom:framework-win-MediaFoundation: 216162199b28c13a410421893ffa2e32 -> 
  custom:container-demuxer-ogg: 62fdf1f143b41e24485cea50d1cbac27 -> 
  custom:video-decoder-webm-vp8: 9c59270c3fd7afecdb556c50c9e8de78 -> 
  custom:audio-decoder-ogg-vorbis: bf7c407c2cedff20999df2af8eb42d56 -> 
========================================================================
Received Import Request.
  Time since last request: 106726.480799 seconds.
  path: Assets/Resources/NivelesPrefab/49bani (2)_.prefab
  artifactKey: Guid(ea3f13b318224754a8e5a13524580fc0) Importer(815301076,1909f56bfc062723c751e8b465ee728b)
Start importing Assets/Resources/NivelesPrefab/49bani (2)_.prefab using Guid(ea3f13b318224754a8e5a13524580fc0) Importer(815301076,1909f56bfc062723c751e8b465ee728b)  -> (artifact id: '71b213a7f55ac187a1b21cb1903a146c') in 12.088632 seconds 
========================================================================
Received Import Request.
  Time since last request: 0.000050 seconds.
  path: Assets/Resources/NivelesPrefab/32los tres brazos_.prefab
  artifactKey: Guid(1dcffa09984fc1242bf30f85228598b1) Importer(815301076,1909f56bfc062723c751e8b465ee728b)
Start importing Assets/Resources/NivelesPrefab/32los tres brazos_.prefab using Guid(1dcffa09984fc1242bf30f85228598b1) Importer(815301076,1909f56bfc062723c751e8b465ee728b)  -> (artifact id: '0840c692ee17f416c935cfa30ef62f10') in 5.051274 seconds 
========================================================================
Received Import Request.
  Time since last request: 0.000050 seconds.
  path: Assets/Resources/NivelesPrefab/18pico_.prefab
  artifactKey: Guid(ef4d268110266964faf77cba4f238008) Importer(815301076,1909f56bfc062723c751e8b465ee728b)
Start importing Assets/Resources/NivelesPrefab/18pico_.prefab using Guid(ef4d268110266964faf77cba4f238008) Importer(815301076,1909f56bfc062723c751e8b465ee728b)  -> (artifact id: '8eabc9542858203db44a40bdef83f22a') in 2.388080 seconds 
========================================================================
Received Import Request.
  Time since last request: 0.000034 seconds.
  path: Assets/Resources/NivelesPrefab/7BARAHONA_.prefab
  artifactKey: Guid(87cc7105f9583d4459bf9a5de9a1df84) Importer(815301076,1909f56bfc062723c751e8b465ee728b)
Start importing Assets/Resources/NivelesPrefab/7BARAHONA_.prefab using Guid(87cc7105f9583d4459bf9a5de9a1df84) Importer(815301076,1909f56bfc062723c751e8b465ee728b)  -> (artifact id: '86bf7c903266a4010f351262f4c80ec4') in 0.630259 seconds 
========================================================================
Received Import Request.
  Time since last request: 0.000053 seconds.
  path: Assets/Resources/NivelesPrefab/16BOSQUE_.prefab
  artifactKey: Guid(5a8dd50bb8b1995429278c6240734461) Importer(815301076,1909f56bfc062723c751e8b465ee728b)
Start importing Assets/Resources/NivelesPrefab/16BOSQUE_.prefab using Guid(5a8dd50bb8b1995429278c6240734461) Importer(815301076,1909f56bfc062723c751e8b465ee728b)  -> (artifact id: '52af03b385766f5572aa98dffda70c4a') in 1.655275 seconds 
========================================================================
Received Import Request.
  Time since last request: 0.000034 seconds.
  path: Assets/Resources/NivelesPrefab/46los alcarrisos_.prefab
  artifactKey: Guid(cec5a021e0b9c7e4987dda9d3be486df) Importer(815301076,1909f56bfc062723c751e8b465ee728b)
Start importing Assets/Resources/NivelesPrefab/46los alcarrisos_.prefab using Guid(cec5a021e0b9c7e4987dda9d3be486df) Importer(815301076,1909f56bfc062723c751e8b465ee728b)  -> (artifact id: '796840ff74313be5ec9c414f9513b5bf') in 4.740382 seconds 
========================================================================
Received Import Request.
  Time since last request: 0.000044 seconds.
  path: Assets/Resources/NivelesPrefab/15PLAYASALINA_.prefab
  artifactKey: Guid(8a38d6bfeac44ad4e83041a9a577f7fa) Importer(815301076,1909f56bfc062723c751e8b465ee728b)
Start importing Assets/Resources/NivelesPrefab/15PLAYASALINA_.prefab using Guid(8a38d6bfeac44ad4e83041a9a577f7fa) Importer(815301076,1909f56bfc062723c751e8b465ee728b)  -> (artifact id: '40dee6d3b3b4e9be1ac919f27b6eb22d') in 1.216420 seconds 
========================================================================
Received Import Request.
  Time since last request: 0.000037 seconds.
  path: Assets/Resources/NivelesPrefab/55SALCEDO.prefab
  artifactKey: Guid(645b55ad27ced3146a8a64a2bab51c4f) Importer(815301076,1909f56bfc062723c751e8b465ee728b)
Start importing Assets/Resources/NivelesPrefab/55SALCEDO.prefab using Guid(645b55ad27ced3146a8a64a2bab51c4f) Importer(815301076,1909f56bfc062723c751e8b465ee728b)  -> (artifact id: 'd6659dbe2a8339ba5cbf110568e6414e') in 3.182939 seconds 
========================================================================
Received Import Request.
  Time since last request: 0.000041 seconds.
  path: Assets/Resources/NivelesPrefab/24GUACHUPITA_.prefab
  artifactKey: Guid(ae91065e0e8fa8b438a57018b310631f) Importer(815301076,1909f56bfc062723c751e8b465ee728b)
Start importing Assets/Resources/NivelesPrefab/24GUACHUPITA_.prefab using Guid(ae91065e0e8fa8b438a57018b310631f) Importer(815301076,1909f56bfc062723c751e8b465ee728b)  -> (artifact id: '9a2861cb2f1520bcd6ebfc18a829ff67') in 3.346540 seconds 
========================================================================
Received Import Request.
  Time since last request: 0.000146 seconds.
  path: Assets/Resources/NivelesPrefab/17samana 2_.prefab
  artifactKey: Guid(96a51b4db9f0ca84dadcea0cfb0ba5f9) Importer(815301076,1909f56bfc062723c751e8b465ee728b)
Start importing Assets/Resources/NivelesPrefab/17samana 2_.prefab using Guid(96a51b4db9f0ca84dadcea0cfb0ba5f9) Importer(815301076,1909f56bfc062723c751e8b465ee728b)  -> (artifact id: 'd43c266baf0e73827bcad3899e595264') in 0.620902 seconds 
========================================================================
Received Import Request.
  Time since last request: 0.000033 seconds.
  path: Assets/Resources/NivelesPrefab/30los guaricano_.prefab
  artifactKey: Guid(df2454b2046da2e4d819e3c99eee3a3f) Importer(815301076,1909f56bfc062723c751e8b465ee728b)
Start importing Assets/Resources/NivelesPrefab/30los guaricano_.prefab using Guid(df2454b2046da2e4d819e3c99eee3a3f) Importer(815301076,1909f56bfc062723c751e8b465ee728b)  -> (artifact id: '501c80e949a6cc65e9150b044a158466') in 4.247459 seconds 
========================================================================
Received Import Request.
  Time since last request: 0.000036 seconds.
  path: Assets/Resources/NivelesPrefab/58.5BARAHONA_ 1.prefab
  artifactKey: Guid(4a07574d059923944a14e0a23e168b3d) Importer(815301076,1909f56bfc062723c751e8b465ee728b)
Start importing Assets/Resources/NivelesPrefab/58.5BARAHONA_ 1.prefab using Guid(4a07574d059923944a14e0a23e168b3d) Importer(815301076,1909f56bfc062723c751e8b465ee728b)  -> (artifact id: '9654862a74e543c9973703370f755274') in 0.593225 seconds 
========================================================================
Received Import Request.
  Time since last request: 0.000055 seconds.
  path: Assets/Resources/NivelesPrefab/56LOS MAMEYES.prefab
  artifactKey: Guid(6a3eab35a77a0184ebc067215271de11) Importer(815301076,1909f56bfc062723c751e8b465ee728b)
Start importing Assets/Resources/NivelesPrefab/56LOS MAMEYES.prefab using Guid(6a3eab35a77a0184ebc067215271de11) Importer(815301076,1909f56bfc062723c751e8b465ee728b)  -> (artifact id: '7b3c4a5a94d03b3ece6e0535b2137b2e') in 3.974506 seconds 
========================================================================
Received Import Request.
  Time since last request: 0.000049 seconds.
  path: Assets/Resources/NivelesPrefab/44constanza 3.prefab
  artifactKey: Guid(a640fefa24fdace41a5c5dd712133fc4) Importer(815301076,1909f56bfc062723c751e8b465ee728b)
Start importing Assets/Resources/NivelesPrefab/44constanza 3.prefab using Guid(a640fefa24fdace41a5c5dd712133fc4) Importer(815301076,1909f56bfc062723c751e8b465ee728b)  -> (artifact id: 'ffa268d78c7ff6f00aef6b62fd0b40ea') in 0.798924 seconds 
========================================================================
Received Import Request.
  Time since last request: 0.000037 seconds.
  path: Assets/Resources/NivelesPrefab/25LA CIENAGA_25.prefab
  artifactKey: Guid(664576decaa99a0469216b5b445c98cb) Importer(815301076,1909f56bfc062723c751e8b465ee728b)
Start importing Assets/Resources/NivelesPrefab/25LA CIENAGA_25.prefab using Guid(664576decaa99a0469216b5b445c98cb) Importer(815301076,1909f56bfc062723c751e8b465ee728b)  -> (artifact id: '23dea40295c37e196ccbd4dbdfd86685') in 3.420807 seconds 
========================================================================
Received Import Request.
  Time since last request: 0.000030 seconds.
  path: Assets/Resources/NivelesPrefab/20teleferico_.prefab
  artifactKey: Guid(4c44409b7a84ae34984209b368596b33) Importer(815301076,1909f56bfc062723c751e8b465ee728b)
Start importing Assets/Resources/NivelesPrefab/20teleferico_.prefab using Guid(4c44409b7a84ae34984209b368596b33) Importer(815301076,1909f56bfc062723c751e8b465ee728b)  -> (artifact id: '92b4c46363ef261fe94e2e973e6c9a1f') in 1.598472 seconds 
========================================================================
Received Import Request.
  Time since last request: 0.000037 seconds.
  path: Assets/Resources/NivelesPrefab/48constanza 4.prefab
  artifactKey: Guid(500fd0ff195faf445a8ae2d245ae5c53) Importer(815301076,1909f56bfc062723c751e8b465ee728b)
Start importing Assets/Resources/NivelesPrefab/48constanza 4.prefab using Guid(500fd0ff195faf445a8ae2d245ae5c53) Importer(815301076,1909f56bfc062723c751e8b465ee728b) Asset 'hielo': Transition 'hielo -> otrahielo' in state 'hielo' doesn't have an Exit Time or any condition, transition will be ignored
UnityEngine.StackTraceUtility:ExtractStackTrace ()
UnityEditor.EditorUtility:Internal_InstantiateRemoveAllNonAnimationComponentsSingle (UnityEngine.Object,UnityEngine.Vector3,UnityEngine.Quaternion)
UnityEditor.EditorUtility:InstantiateRemoveAllNonAnimationComponents (UnityEngine.Object,UnityEngine.Vector3,UnityEngine.Quaternion)
UnityEditor.EditorUtility:InstantiateForAnimatorPreview (UnityEngine.Object)
UnityEditor.GameObjectInspector/PreviewData:UpdateGameObject (UnityEngine.Object)
UnityEditor.GameObjectInspector/PreviewData:.ctor (UnityEngine.Object)
UnityEditor.GameObjectInspector:GetPreviewData ()
UnityEditor.GameObjectInspector:RenderStaticPreview (string,UnityEngine.Object[],int,int)
UnityEditor.AssetPreviewUpdater:CreatePreview (UnityEngine.Object,UnityEngine.Object[],string,int,int)
UnityEditor.AssetPreviewUpdater:CreatePreviewForAsset (UnityEngine.Object,UnityEngine.Object[],string)

[C:\buildslave\unity\build\Editor\Src\Animation\StateMachine.cpp line 1845]

 -> (artifact id: '7360f48b6971a1f4eb3e86e181c37e5a') in 0.254958 seconds 
========================================================================
Received Import Request.
  Time since last request: 0.000034 seconds.
  path: Assets/Resources/NivelesPrefab/59utesa.prefab
  artifactKey: Guid(ed15dda85cff6884c82376b944d71129) Importer(815301076,1909f56bfc062723c751e8b465ee728b)
Start importing Assets/Resources/NivelesPrefab/59utesa.prefab using Guid(ed15dda85cff6884c82376b944d71129) Importer(815301076,1909f56bfc062723c751e8b465ee728b)  -> (artifact id: '71669c51adaa45b902fa19ff2d91ba2a') in 1.500468 seconds 
========================================================================
Received Import Request.
  Time since last request: 0.000040 seconds.
  path: Assets/Resources/NivelesPrefab/28los frailes_.prefab
  artifactKey: Guid(1c864f96f40cc7e4d874ec23b35cc3d4) Importer(815301076,1909f56bfc062723c751e8b465ee728b)
Start importing Assets/Resources/NivelesPrefab/28los frailes_.prefab using Guid(1c864f96f40cc7e4d874ec23b35cc3d4) Importer(815301076,1909f56bfc062723c751e8b465ee728b)  -> (artifact id: '7e7a0bab339813bc250aa13491ab4084') in 3.816454 seconds 
========================================================================
Received Import Request.
  Time since last request: 0.000047 seconds.
  path: Assets/Resources/NivelesPrefab/3LOS GUANDULES_.prefab
  artifactKey: Guid(dc66a638a43917843946e20a6647cfdc) Importer(815301076,1909f56bfc062723c751e8b465ee728b)
Start importing Assets/Resources/NivelesPrefab/3LOS GUANDULES_.prefab using Guid(dc66a638a43917843946e20a6647cfdc) Importer(815301076,1909f56bfc062723c751e8b465ee728b)  -> (artifact id: 'eb24b00326c080f77cfc31a3cd75273b') in 2.381546 seconds 
========================================================================
Received Import Request.
  Time since last request: 0.000035 seconds.
  path: Assets/Resources/NivelesPrefab/5uasd_.prefab
  artifactKey: Guid(752e0f964d231ca47be5d6a671bdc514) Importer(815301076,1909f56bfc062723c751e8b465ee728b)
Start importing Assets/Resources/NivelesPrefab/5uasd_.prefab using Guid(752e0f964d231ca47be5d6a671bdc514) Importer(815301076,1909f56bfc062723c751e8b465ee728b)  -> (artifact id: 'c0d24a2cb62a3de99a9d1c42dfe261a3') in 0.694308 seconds 
========================================================================
Received Import Request.
  Time since last request: 0.000042 seconds.
  path: Assets/Resources/NivelesPrefab/43VILLA MELLA 3_.prefab
  artifactKey: Guid(73820d6fffc5eb64ea9cffc8c2175271) Importer(815301076,1909f56bfc062723c751e8b465ee728b)
Start importing Assets/Resources/NivelesPrefab/43VILLA MELLA 3_.prefab using Guid(73820d6fffc5eb64ea9cffc8c2175271) Importer(815301076,1909f56bfc062723c751e8b465ee728b)  -> (artifact id: '90c69f31e5e5ab9681ead0926ec7db2f') in 3.660242 seconds 
========================================================================
Received Import Request.
  Time since last request: 0.000053 seconds.
  path: Assets/Resources/NivelesPrefab/50.5uasd_ 1.prefab
  artifactKey: Guid(1a3ccb9dbc8726040bb2619e40fbc50b) Importer(815301076,1909f56bfc062723c751e8b465ee728b)
Start importing Assets/Resources/NivelesPrefab/50.5uasd_ 1.prefab using Guid(1a3ccb9dbc8726040bb2619e40fbc50b) Importer(815301076,1909f56bfc062723c751e8b465ee728b)  -> (artifact id: '46b667e31cfe490fd5dab8a84c56d054') in 1.009919 seconds 
========================================================================
Received Import Request.
  Time since last request: 0.000027 seconds.
  path: Assets/Resources/NivelesPrefab/61OYM.prefab
  artifactKey: Guid(ed8eed4ccdd7cd148827ba11500ec9e9) Importer(815301076,1909f56bfc062723c751e8b465ee728b)
Start importing Assets/Resources/NivelesPrefab/61OYM.prefab using Guid(ed8eed4ccdd7cd148827ba11500ec9e9) Importer(815301076,1909f56bfc062723c751e8b465ee728b)  -> (artifact id: '0d935fd5bcdd7de2ff63eba2bc5ab452') in 1.134127 seconds 
Editor requested this worker to shutdown with reason: Scaling down because of idle timeout
AssetImportWorker is now disconnected from the server
Process exiting
Exiting without the bug reporter. Application will terminate with return code 0