Using pre-set license
Built from '2021.2/staging' branch; Version is '2021.2.10f1 (ee872746220e) revision 15632167'; Using compiler version '192829333'; Build Type 'Release'
OS: 'Windows 11  (10.0.22000) 64bit Core' Language: 'es' Physical Memory: 7556 MB
BatchMode: 1, IsHumanControllingUs: 0, StartBugReporterOnCrash: 0, Is64bit: 1, IsPro: 0

COMMAND LINE ARGUMENTS:
C:\Program Files\Unity\Hub\Editor\2021.2.10f1\Editor\Unity.exe
-adb2
-batchMode
-noUpm
-name
AssetImportWorker10
-projectPath
C:/Users/Eliam Paredes/Documents/GitHub/DominicanPower_iOS/DOMINICAN GAME
-logFile
Logs/AssetImportWorker10.log
-srvPort
64917
Successfully changed project path to: C:/Users/Eliam Paredes/Documents/GitHub/DominicanPower_iOS/DOMINICAN GAME
C:/Users/Eliam Paredes/Documents/GitHub/DominicanPower_iOS/DOMINICAN GAME
[UnityMemory] Configuration Parameters - Can be set up in boot.config
    "memorysetup-bucket-allocator-granularity=16"
    "memorysetup-bucket-allocator-bucket-count=8"
    "memorysetup-bucket-allocator-block-size=33554432"
    "memorysetup-bucket-allocator-block-count=8"
    "memorysetup-main-allocator-block-size=16777216"
    "memorysetup-thread-allocator-block-size=16777216"
    "memorysetup-gfx-main-allocator-block-size=16777216"
    "memorysetup-gfx-thread-allocator-block-size=16777216"
    "memorysetup-cache-allocator-block-size=4194304"
    "memorysetup-typetree-allocator-block-size=2097152"
    "memorysetup-profiler-bucket-allocator-granularity=16"
    "memorysetup-profiler-bucket-allocator-bucket-count=8"
    "memorysetup-profiler-bucket-allocator-block-size=33554432"
    "memorysetup-profiler-bucket-allocator-block-count=8"
    "memorysetup-profiler-allocator-block-size=16777216"
    "memorysetup-profiler-editor-allocator-block-size=1048576"
    "memorysetup-temp-allocator-size-main=16777216"
    "memorysetup-job-temp-allocator-block-size=2097152"
    "memorysetup-job-temp-allocator-block-size-background=1048576"
    "memorysetup-job-temp-allocator-reduction-small-platforms=262144"
    "memorysetup-temp-allocator-size-background-worker=32768"
    "memorysetup-temp-allocator-size-job-worker=262144"
    "memorysetup-temp-allocator-size-preload-manager=33554432"
    "memorysetup-temp-allocator-size-nav-mesh-worker=65536"
    "memorysetup-temp-allocator-size-audio-worker=65536"
    "memorysetup-temp-allocator-size-cloud-worker=32768"
    "memorysetup-temp-allocator-size-gi-baking-worker=262144"
    "memorysetup-temp-allocator-size-gfx=262144"
Refreshing native plugins compatible for Editor in 213.43 ms, found 3 plugins.
Preloading 0 native plugins for Editor in 0.00 ms.
Initialize engine version: 2021.2.10f1 (ee872746220e)
[Subsystems] Discovering subsystems at path C:/Program Files/Unity/Hub/Editor/2021.2.10f1/Editor/Data/Resources/UnitySubsystems
[Subsystems] Discovering subsystems at path C:/Users/Eliam Paredes/Documents/GitHub/DominicanPower_iOS/DOMINICAN GAME/Assets
GfxDevice: creating device client; threaded=0; jobified=0
Direct3D:
    Version:  Direct3D 11.0 [level 11.1]
    Renderer: AMD Radeon(TM) Graphics (ID=0x1636)
    Vendor:   ATI
    VRAM:     3778 MB
    Driver:   30.0.13026.3
Initialize mono
Mono path[0] = 'C:/Program Files/Unity/Hub/Editor/2021.2.10f1/Editor/Data/Managed'
Mono path[1] = 'C:/Program Files/Unity/Hub/Editor/2021.2.10f1/Editor/Data/MonoBleedingEdge/lib/mono/unityjit-win32'
Mono config path = 'C:/Program Files/Unity/Hub/Editor/2021.2.10f1/Editor/Data/MonoBleedingEdge/etc'
Using monoOptions --debugger-agent=transport=dt_socket,embedding=1,server=y,suspend=n,address=127.0.0.1:56756
Begin MonoManager ReloadAssembly
Registering precompiled unity dll's ...
Register platform support module: C:/Program Files/Unity/Hub/Editor/2021.2.10f1/Editor/Data/PlaybackEngines/WindowsStandaloneSupport/UnityEditor.WindowsStandalone.Extensions.dll
Registered in 0.005664 seconds.
Native extension for WindowsStandalone target not found
Refreshing native plugins compatible for Editor in 139.70 ms, found 3 plugins.
Preloading 0 native plugins for Editor in 0.00 ms.
Mono: successfully reloaded assembly
- Completed reload, in  0.770 seconds
Domain Reload Profiling:
	ReloadAssembly (771ms)
		BeginReloadAssembly (108ms)
			ExecutionOrderSort (0ms)
			DisableScriptedObjects (0ms)
			BackupInstance (0ms)
			ReleaseScriptingObjects (0ms)
			CreateAndSetChildDomain (1ms)
		EndReloadAssembly (587ms)
			LoadAssemblies (106ms)
			RebuildTransferFunctionScriptingTraits (0ms)
			SetupTypeCache (166ms)
			ReleaseScriptCaches (0ms)
			RebuildScriptCaches (28ms)
			SetupLoadedEditorAssemblies (317ms)
				LogAssemblyErrors (0ms)
				InitializePlatformSupportModulesInManaged (15ms)
				SetLoadedEditorAssemblies (0ms)
				RefreshPlugins (140ms)
				BeforeProcessingInitializeOnLoad (1ms)
				ProcessInitializeOnLoadAttributes (119ms)
				ProcessInitializeOnLoadMethodAttributes (42ms)
				AfterProcessingInitializeOnLoad (0ms)
				EditorAssembliesLoaded (0ms)
			ExecutionOrderSort2 (0ms)
			AwakeInstancesAfterBackupRestoration (0ms)
Platform modules already initialized, skipping
Registering precompiled user dll's ...
Registered in 0.039705 seconds.
Begin MonoManager ReloadAssembly
Could not load signature of GoogleMobileAds.Placement.BannerAdGameObject:get_BannerView due to: Could not load file or assembly 'GoogleMobileAds, Version=0.0.0.0, Culture=neutral, PublicKeyToken=null' or one of its dependencies.
Could not load signature of GoogleMobileAds.Placement.BannerAdGameObject:LoadAd due to: Could not load file or assembly 'GoogleMobileAds.Core, Version=0.0.0.0, Culture=neutral, PublicKeyToken=null' or one of its dependencies.
Could not load signature of GoogleMobileAds.Placement.BannerAdGameObject:<AddCallbacks>m__1 due to: Could not load file or assembly 'GoogleMobileAds.Core, Version=0.0.0.0, Culture=neutral, PublicKeyToken=null' or one of its dependencies.
Could not load signature of GoogleMobileAds.Placement.AdGameObject:LoadAd due to: Could not load file or assembly 'GoogleMobileAds.Core, Version=0.0.0.0, Culture=neutral, PublicKeyToken=null' or one of its dependencies.
OnLevelWasLoaded was found on scriptEjemploVR
This message has been deprecated and will be removed in a later version of Unity.
Add a delegate to SceneManager.sceneLoaded instead to get notifications after scene loading has completed
Could not load signature of TestController:HandleInitCompleteAction due to: Could not load file or assembly 'GoogleMobileAds, Version=0.0.0.0, Culture=neutral, PublicKeyToken=null' or one of its dependencies.
Could not load signature of TestController:CreateAdRequest due to: Could not load file or assembly 'GoogleMobileAds.Core, Version=0.0.0.0, Culture=neutral, PublicKeyToken=null' or one of its dependencies.
Could not load signature of GoogleMobileAds.Placement.RewardedInterstitialAdGameObject:get_RewardedInterstitialAd due to: Could not load file or assembly 'GoogleMobileAds, Version=0.0.0.0, Culture=neutral, PublicKeyToken=null' or one of its dependencies.
Could not load signature of GoogleMobileAds.Placement.RewardedInterstitialAdGameObject:LoadAd due to: Could not load file or assembly 'GoogleMobileAds.Core, Version=0.0.0.0, Culture=neutral, PublicKeyToken=null' or one of its dependencies.
Could not load signature of GoogleMobileAds.Placement.RewardedInterstitialAdGameObject:<LoadAd>m__0 due to: Could not load file or assembly 'GoogleMobileAds, Version=0.0.0.0, Culture=neutral, PublicKeyToken=null' or one of its dependencies.
Could not load signature of GoogleMobileAds.Placement.RewardedInterstitialAdGameObject:<ShowIfLoaded>m__1 due to: Could not load file or assembly 'GoogleMobileAds.Core, Version=0.0.0.0, Culture=neutral, PublicKeyToken=null' or one of its dependencies.
Could not load signature of GoogleMobileAds.Placement.RewardedInterstitialAdGameObject:<AddCallbacks>m__4 due to: Could not load file or assembly 'GoogleMobileAds.Core, Version=0.0.0.0, Culture=neutral, PublicKeyToken=null' or one of its dependencies.
Could not load signature of GoogleMobileAds.Placement.AdGameObject:LoadAd due to: Could not load file or assembly 'GoogleMobileAds.Core, Version=0.0.0.0, Culture=neutral, PublicKeyToken=null' or one of its dependencies.
Could not load signature of GoogleMobileAds.Placement.RewardedAdGameObject:get_RewardedAd due to: Could not load file or assembly 'GoogleMobileAds, Version=0.0.0.0, Culture=neutral, PublicKeyToken=null' or one of its dependencies.
Could not load signature of GoogleMobileAds.Placement.RewardedAdGameObject:LoadAd due to: Could not load file or assembly 'GoogleMobileAds.Core, Version=0.0.0.0, Culture=neutral, PublicKeyToken=null' or one of its dependencies.
Could not load signature of GoogleMobileAds.Placement.RewardedAdGameObject:<AddCallbacks>m__1 due to: Could not load file or assembly 'GoogleMobileAds.Core, Version=0.0.0.0, Culture=neutral, PublicKeyToken=null' or one of its dependencies.
Could not load signature of GoogleMobileAds.Placement.RewardedAdGameObject:<AddCallbacks>m__2 due to: Could not load file or assembly 'GoogleMobileAds.Core, Version=0.0.0.0, Culture=neutral, PublicKeyToken=null' or one of its dependencies.
Could not load signature of GoogleMobileAds.Placement.RewardedAdGameObject:<AddCallbacks>m__4 due to: Could not load file or assembly 'GoogleMobileAds.Core, Version=0.0.0.0, Culture=neutral, PublicKeyToken=null' or one of its dependencies.
Could not load signature of GoogleMobileAds.Placement.AdGameObject:LoadAd due to: Could not load file or assembly 'GoogleMobileAds.Core, Version=0.0.0.0, Culture=neutral, PublicKeyToken=null' or one of its dependencies.
Could not load signature of GoogleMobileAds.Placement.InterstitialAdGameObject:get_InterstitialAd due to: Could not load file or assembly 'GoogleMobileAds, Version=0.0.0.0, Culture=neutral, PublicKeyToken=null' or one of its dependencies.
Could not load signature of GoogleMobileAds.Placement.InterstitialAdGameObject:LoadAd due to: Could not load file or assembly 'GoogleMobileAds.Core, Version=0.0.0.0, Culture=neutral, PublicKeyToken=null' or one of its dependencies.
Could not load signature of GoogleMobileAds.Placement.InterstitialAdGameObject:<AddCallbacks>m__1 due to: Could not load file or assembly 'GoogleMobileAds.Core, Version=0.0.0.0, Culture=neutral, PublicKeyToken=null' or one of its dependencies.
Could not load signature of GoogleMobileAds.Placement.AdGameObject:LoadAd due to: Could not load file or assembly 'GoogleMobileAds.Core, Version=0.0.0.0, Culture=neutral, PublicKeyToken=null' or one of its dependencies.
Unloading broken assembly Assets/GoogleMobileAds/GoogleMobileAds.Placement.dll, this assembly can cause crashes in the runtime
Unloading broken assembly Assets/GoogleMobileAds/GoogleMobileAds.Platforms.dll, this assembly can cause crashes in the runtime
Native extension for WindowsStandalone target not found
Refreshing native plugins compatible for Editor in 2.62 ms, found 3 plugins.
Preloading 0 native plugins for Editor in 0.00 ms.
Package Manager log level set to [2]
Mono: successfully reloaded assembly
- Completed reload, in  0.938 seconds
Domain Reload Profiling:
	ReloadAssembly (939ms)
		BeginReloadAssembly (104ms)
			ExecutionOrderSort (0ms)
			DisableScriptedObjects (5ms)
			BackupInstance (0ms)
			ReleaseScriptingObjects (0ms)
			CreateAndSetChildDomain (21ms)
		EndReloadAssembly (733ms)
			LoadAssemblies (112ms)
			RebuildTransferFunctionScriptingTraits (0ms)
			SetupTypeCache (150ms)
			ReleaseScriptCaches (1ms)
			RebuildScriptCaches (59ms)
			SetupLoadedEditorAssemblies (382ms)
				LogAssemblyErrors (0ms)
				InitializePlatformSupportModulesInManaged (11ms)
				SetLoadedEditorAssemblies (0ms)
				RefreshPlugins (3ms)
				BeforeProcessingInitializeOnLoad (59ms)
				ProcessInitializeOnLoadAttributes (240ms)
				ProcessInitializeOnLoadMethodAttributes (65ms)
				AfterProcessingInitializeOnLoad (4ms)
				EditorAssembliesLoaded (0ms)
			ExecutionOrderSort2 (0ms)
			AwakeInstancesAfterBackupRestoration (4ms)
Platform modules already initialized, skipping
========================================================================
Worker process is ready to serve import requests
Launched and connected shader compiler UnityShaderCompiler.exe after 0.17 seconds
Refreshing native plugins compatible for Editor in 2.29 ms, found 3 plugins.
Preloading 0 native plugins for Editor in 0.00 ms.
Unloading 2757 Unused Serialized files (Serialized files now loaded: 0)
Unloading 187 unused Assets / (0.6 MB). Loaded Objects now: 3138.
Memory consumption went from 159.4 MB to 158.8 MB.
Total: 6.439400 ms (FindLiveObjects: 0.395300 ms CreateObjectMapping: 0.098300 ms MarkObjects: 5.694200 ms  DeleteObjects: 0.249400 ms)

AssetImportParameters requested are different than current active one (requested -> active):
  custom:video-decoder-ogg-theora: a1e56fd34408186e4bbccfd4996cb3dc -> 
  custom:container-muxer-webm: aa71ff27fc2769a1b78a27578f13a17b -> 
  custom:container-demuxer-webm: 4f35f7cbe854078d1ac9338744f61a02 -> 
  custom:video-encoder-webm-vp8: eb34c28f22e8b96e1ab97ce403110664 -> 
  custom:audio-encoder-webm-vorbis: bf7c407c2cedff20999df2af8eb42d56 -> 
  custom:framework-win-MediaFoundation: 216162199b28c13a410421893ffa2e32 -> 
  custom:container-demuxer-ogg: 62fdf1f143b41e24485cea50d1cbac27 -> 
  custom:video-decoder-webm-vp8: 9c59270c3fd7afecdb556c50c9e8de78 -> 
  custom:audio-decoder-ogg-vorbis: bf7c407c2cedff20999df2af8eb42d56 -> 
========================================================================
Received Import Request.
  Time since last request: 278266.463754 seconds.
  path: Assets/Buttons/Round/512x512/Yellow/General/Person_Player_Solo.png
  artifactKey: Guid(d0adc264eaed89744915eb2f8849a61e) Importer(815301076,1909f56bfc062723c751e8b465ee728b)
Start importing Assets/Buttons/Round/512x512/Yellow/General/Person_Player_Solo.png using Guid(d0adc264eaed89744915eb2f8849a61e) Importer(815301076,1909f56bfc062723c751e8b465ee728b)  -> (artifact id: '61eeb485a0efded12d0e9cebb74884fb') in 0.252703 seconds 
========================================================================
Received Import Request.
  Time since last request: 0.000080 seconds.
  path: Assets/Buttons/Round/512x512/Pink/General/Person_Player_Solo.png
  artifactKey: Guid(40776468b8976da4fbd7540b1d244e5e) Importer(815301076,1909f56bfc062723c751e8b465ee728b)
Start importing Assets/Buttons/Round/512x512/Pink/General/Person_Player_Solo.png using Guid(40776468b8976da4fbd7540b1d244e5e) Importer(815301076,1909f56bfc062723c751e8b465ee728b)  -> (artifact id: '80f26990764f9d581030715334a1df48') in 0.050980 seconds 
========================================================================
Received Import Request.
  Time since last request: 0.174672 seconds.
  path: Assets/Buttons/Round/512x512/Black/General/Person_Player_Solo.png
  artifactKey: Guid(fe872e3339f0fdb438cabe72aae3ddf3) Importer(815301076,1909f56bfc062723c751e8b465ee728b)
Start importing Assets/Buttons/Round/512x512/Black/General/Person_Player_Solo.png using Guid(fe872e3339f0fdb438cabe72aae3ddf3) Importer(815301076,1909f56bfc062723c751e8b465ee728b)  -> (artifact id: '1579dc7c1a63f34a81c6a2beb6e73a69') in 0.045495 seconds 
========================================================================
Received Import Request.
  Time since last request: 0.045473 seconds.
  path: Assets/Buttons/Icons/PNG/General/Person_Player_Solo(Icon).png
  artifactKey: Guid(ba12080fa71ea8d46bed6e40c0ba9a05) Importer(815301076,1909f56bfc062723c751e8b465ee728b)
Start importing Assets/Buttons/Icons/PNG/General/Person_Player_Solo(Icon).png using Guid(ba12080fa71ea8d46bed6e40c0ba9a05) Importer(815301076,1909f56bfc062723c751e8b465ee728b)  -> (artifact id: '7f3ecccc3af221c0794d2e55712ccbb9') in 0.039567 seconds 
========================================================================
Received Import Request.
  Time since last request: 0.050895 seconds.
  path: Assets/0DP ASSETS/prefabricados/Player.prefab
  artifactKey: Guid(ea7a257698f94eb478d1857812549379) Importer(815301076,1909f56bfc062723c751e8b465ee728b)
Start importing Assets/0DP ASSETS/prefabricados/Player.prefab using Guid(ea7a257698f94eb478d1857812549379) Importer(815301076,1909f56bfc062723c751e8b465ee728b)  -> (artifact id: '96ec65bdc74541da3d3df286e0a26e7b') in 0.059190 seconds 
========================================================================
Received Import Request.
  Time since last request: 0.502604 seconds.
  path: Assets/JMO Assets/Toony Colors/Demo 2.0/Materials/TCF_Demo_PlayerMaterial.mat
  artifactKey: Guid(3ea44298aa419344dbdcf87dd1a50533) Importer(815301076,1909f56bfc062723c751e8b465ee728b)
Start importing Assets/JMO Assets/Toony Colors/Demo 2.0/Materials/TCF_Demo_PlayerMaterial.mat using Guid(3ea44298aa419344dbdcf87dd1a50533) Importer(815301076,1909f56bfc062723c751e8b465ee728b)  -> (artifact id: '145be0bcce2d2bc60ebdb92af8514ddf') in 0.117604 seconds 
========================================================================
Received Import Request.
  Time since last request: 2.748096 seconds.
  path: Assets/0DP ASSETS/Extra/player1.cs
  artifactKey: Guid(b850762f682d80e479d8ee3d19d9c9ae) Importer(815301076,1909f56bfc062723c751e8b465ee728b)
Start importing Assets/0DP ASSETS/Extra/player1.cs using Guid(b850762f682d80e479d8ee3d19d9c9ae) Importer(815301076,1909f56bfc062723c751e8b465ee728b)  -> (artifact id: '8d59da12e70a85103778b3ab68b942da') in 0.020025 seconds 
========================================================================
Received Import Request.
  Time since last request: 407.666366 seconds.
  path: Assets/0DP ASSETS/imagenes/old4/lever_02_02.png
  artifactKey: Guid(d56cef074dd823a4eaf763b883e8a0bf) Importer(815301076,1909f56bfc062723c751e8b465ee728b)
Start importing Assets/0DP ASSETS/imagenes/old4/lever_02_02.png using Guid(d56cef074dd823a4eaf763b883e8a0bf) Importer(815301076,1909f56bfc062723c751e8b465ee728b)  -> (artifact id: 'db963adc3e0bf7831ec5ced9de469663') in 0.068426 seconds 
========================================================================
Received Import Request.
  Time since last request: 0.000047 seconds.
  path: Assets/0DP ASSETS/POLYGON city pack/Meshes,textures/props_FBX/Materials/televersion antenna.mat
  artifactKey: Guid(b6183d9c1ec5b4a459eb0a08657d18ed) Importer(815301076,1909f56bfc062723c751e8b465ee728b)
Start importing Assets/0DP ASSETS/POLYGON city pack/Meshes,textures/props_FBX/Materials/televersion antenna.mat using Guid(b6183d9c1ec5b4a459eb0a08657d18ed) Importer(815301076,1909f56bfc062723c751e8b465ee728b)  -> (artifact id: 'd03570afce96cd64bc8ce15fac2061de') in 0.111999 seconds 
========================================================================
Received Import Request.
  Time since last request: 0.000090 seconds.
  path: Assets/0DP ASSETS/POLYGON city pack/Meshes,textures/props_FBX/televersion antenna.png
  artifactKey: Guid(d1bfdbe0907c94f4db4bd148d8c98f37) Importer(815301076,1909f56bfc062723c751e8b465ee728b)
Start importing Assets/0DP ASSETS/POLYGON city pack/Meshes,textures/props_FBX/televersion antenna.png using Guid(d1bfdbe0907c94f4db4bd148d8c98f37) Importer(815301076,1909f56bfc062723c751e8b465ee728b)  -> (artifact id: 'd3721d847431ecc483a43ed878838ea1') in 0.030638 seconds 
Editor requested this worker to shutdown with reason: Scaling down because of idle timeout
AssetImportWorker is now disconnected from the server
Process exiting
Exiting without the bug reporter. Application will terminate with return code 0