Using pre-set license
Built from '2021.2/release' branch; Version is '2021.2.0f1 (4bf1ec4b23c9) revision 4977132'; Using compiler version '192829333'; Build Type 'Release'
OS: 'Windows 10 Pro; OS build 19043.1288; Version 2009; 64bit' Language: 'es' Physical Memory: 49080 MB
BatchMode: 1, IsHumanControllingUs: 0, StartBugReporterOnCrash: 0, Is64bit: 1, IsPro: 0

COMMAND LINE ARGUMENTS:
C:\Program Files\Unity\Hub\Editor\2021.2.0f1\Editor\Unity.exe
-adb2
-batchMode
-noUpm
-name
AssetImportWorker3
-projectPath
E:/new domincanpower/DominicanPower_iOS/DOMINICAN GAME
-logFile
Logs/AssetImportWorker3.log
-srvPort
57154
Successfully changed project path to: E:/new domincanpower/DominicanPower_iOS/DOMINICAN GAME
E:/new domincanpower/DominicanPower_iOS/DOMINICAN GAME
[UnityMemory] Configuration Parameters - Can be set up in boot.config
    "memorysetup-bucket-allocator-granularity=16"
    "memorysetup-bucket-allocator-bucket-count=8"
    "memorysetup-bucket-allocator-block-size=33554432"
    "memorysetup-bucket-allocator-block-count=8"
    "memorysetup-main-allocator-block-size=16777216"
    "memorysetup-thread-allocator-block-size=16777216"
    "memorysetup-gfx-main-allocator-block-size=16777216"
    "memorysetup-gfx-thread-allocator-block-size=16777216"
    "memorysetup-cache-allocator-block-size=4194304"
    "memorysetup-typetree-allocator-block-size=2097152"
    "memorysetup-profiler-bucket-allocator-granularity=16"
    "memorysetup-profiler-bucket-allocator-bucket-count=8"
    "memorysetup-profiler-bucket-allocator-block-size=33554432"
    "memorysetup-profiler-bucket-allocator-block-count=8"
    "memorysetup-profiler-allocator-block-size=16777216"
    "memorysetup-profiler-editor-allocator-block-size=1048576"
    "memorysetup-temp-allocator-size-main=16777216"
    "memorysetup-job-temp-allocator-block-size=2097152"
    "memorysetup-job-temp-allocator-block-size-background=1048576"
    "memorysetup-job-temp-allocator-reduction-small-platforms=262144"
    "memorysetup-temp-allocator-size-background-worker=32768"
    "memorysetup-temp-allocator-size-job-worker=262144"
    "memorysetup-temp-allocator-size-preload-manager=33554432"
    "memorysetup-temp-allocator-size-nav-mesh-worker=65536"
    "memorysetup-temp-allocator-size-audio-worker=65536"
    "memorysetup-temp-allocator-size-cloud-worker=32768"
    "memorysetup-temp-allocator-size-gi-baking-worker=262144"
    "memorysetup-temp-allocator-size-gfx=262144"
Refreshing native plugins compatible for Editor in 157.05 ms, found 5 plugins.
Preloading 0 native plugins for Editor in 0.00 ms.
Initialize engine version: 2021.2.0f1 (4bf1ec4b23c9)
[Subsystems] Discovering subsystems at path C:/Program Files/Unity/Hub/Editor/2021.2.0f1/Editor/Data/Resources/UnitySubsystems
[Subsystems] Discovering subsystems at path E:/new domincanpower/DominicanPower_iOS/DOMINICAN GAME/Assets
GfxDevice: creating device client; threaded=0; jobified=0
Direct3D:
    Version:  Direct3D 11.0 [level 11.1]
    Renderer: Radeon RX 580 Series (ID=0x67df)
    Vendor:   ATI
    VRAM:     8171 MB
    Driver:   27.20.1034.6
Initialize mono
Mono path[0] = 'C:/Program Files/Unity/Hub/Editor/2021.2.0f1/Editor/Data/Managed'
Mono path[1] = 'C:/Program Files/Unity/Hub/Editor/2021.2.0f1/Editor/Data/MonoBleedingEdge/lib/mono/unityjit-win32'
Mono config path = 'C:/Program Files/Unity/Hub/Editor/2021.2.0f1/Editor/Data/MonoBleedingEdge/etc'
Using monoOptions --debugger-agent=transport=dt_socket,embedding=1,server=y,suspend=n,address=127.0.0.1:56060
Begin MonoManager ReloadAssembly
Registering precompiled unity dll's ...
Register platform support module: C:/Program Files/Unity/Hub/Editor/2021.2.0f1/Editor/Data/PlaybackEngines/WindowsStandaloneSupport/UnityEditor.WindowsStandalone.Extensions.dll
Registered in 0.010438 seconds.
Native extension for WindowsStandalone target not found
Refreshing native plugins compatible for Editor in 169.20 ms, found 5 plugins.
Preloading 0 native plugins for Editor in 0.00 ms.
Mono: successfully reloaded assembly
- Completed reload, in  1.720 seconds
Domain Reload Profiling:
	ReloadAssembly (1721ms)
		BeginReloadAssembly (91ms)
			ExecutionOrderSort (0ms)
			DisableScriptedObjects (0ms)
			BackupInstance (0ms)
			ReleaseScriptingObjects (0ms)
			CreateAndSetChildDomain (1ms)
		EndReloadAssembly (689ms)
			LoadAssemblies (86ms)
			RebuildTransferFunctionScriptingTraits (0ms)
			SetupTypeCache (136ms)
			ReleaseScriptCaches (0ms)
			RebuildScriptCaches (32ms)
			SetupLoadedEditorAssemblies (450ms)
				LogAssemblyErrors (0ms)
				InitializePlatformSupportModulesInManaged (11ms)
				SetLoadedEditorAssemblies (0ms)
				RefreshPlugins (169ms)
				BeforeProcessingInitializeOnLoad (2ms)
				ProcessInitializeOnLoadAttributes (194ms)
				ProcessInitializeOnLoadMethodAttributes (74ms)
				AfterProcessingInitializeOnLoad (0ms)
				EditorAssembliesLoaded (0ms)
			ExecutionOrderSort2 (0ms)
			AwakeInstancesAfterBackupRestoration (0ms)
Platform modules already initialized, skipping
Registering precompiled user dll's ...
Registered in 0.014780 seconds.
Begin MonoManager ReloadAssembly
OnLevelWasLoaded was found on scriptEjemploVR
This message has been deprecated and will be removed in a later version of Unity.
Add a delegate to SceneManager.sceneLoaded instead to get notifications after scene loading has completed
Unloading broken assembly Assets/GoogleMobileAds/GoogleMobileAds.Unity.dll, this assembly can cause crashes in the runtime
Native extension for WindowsStandalone target not found
Refreshing native plugins compatible for Editor in 3.65 ms, found 5 plugins.
Preloading 0 native plugins for Editor in 0.00 ms.
Package Manager log level set to [2]
Mono: successfully reloaded assembly
- Completed reload, in  3.117 seconds
Domain Reload Profiling:
	ReloadAssembly (3118ms)
		BeginReloadAssembly (226ms)
			ExecutionOrderSort (0ms)
			DisableScriptedObjects (6ms)
			BackupInstance (0ms)
			ReleaseScriptingObjects (0ms)
			CreateAndSetChildDomain (26ms)
		EndReloadAssembly (2416ms)
			LoadAssemblies (1102ms)
			RebuildTransferFunctionScriptingTraits (0ms)
			SetupTypeCache (325ms)
			ReleaseScriptCaches (1ms)
			RebuildScriptCaches (110ms)
			SetupLoadedEditorAssemblies (749ms)
				LogAssemblyErrors (0ms)
				InitializePlatformSupportModulesInManaged (22ms)
				SetLoadedEditorAssemblies (1ms)
				RefreshPlugins (4ms)
				BeforeProcessingInitializeOnLoad (81ms)
				ProcessInitializeOnLoadAttributes (522ms)
				ProcessInitializeOnLoadMethodAttributes (109ms)
				AfterProcessingInitializeOnLoad (12ms)
				EditorAssembliesLoaded (0ms)
			ExecutionOrderSort2 (0ms)
			AwakeInstancesAfterBackupRestoration (6ms)
Platform modules already initialized, skipping
========================================================================
Worker process is ready to serve import requests
Launched and connected shader compiler UnityShaderCompiler.exe after 0.21 seconds
Refreshing native plugins compatible for Editor in 2.09 ms, found 5 plugins.
Preloading 0 native plugins for Editor in 0.00 ms.
Unloading 2953 Unused Serialized files (Serialized files now loaded: 0)
Unloading 204 unused Assets / (0.6 MB). Loaded Objects now: 3304.
Memory consumption went from 149.1 MB to 148.5 MB.
Total: 8.560800 ms (FindLiveObjects: 0.314900 ms CreateObjectMapping: 0.088700 ms MarkObjects: 7.723500 ms  DeleteObjects: 0.431400 ms)

AssetImportParameters requested are different than current active one (requested -> active):
  custom:video-decoder-ogg-theora: a1e56fd34408186e4bbccfd4996cb3dc -> 
  custom:container-muxer-webm: aa71ff27fc2769a1b78a27578f13a17b -> 
  custom:container-demuxer-webm: 4f35f7cbe854078d1ac9338744f61a02 -> 
  custom:video-encoder-webm-vp8: eb34c28f22e8b96e1ab97ce403110664 -> 
  custom:audio-encoder-webm-vorbis: bf7c407c2cedff20999df2af8eb42d56 -> 
  custom:framework-win-MediaFoundation: 216162199b28c13a410421893ffa2e32 -> 
  custom:container-demuxer-ogg: 62fdf1f143b41e24485cea50d1cbac27 -> 
  custom:video-decoder-webm-vp8: 9c59270c3fd7afecdb556c50c9e8de78 -> 
  custom:audio-decoder-ogg-vorbis: bf7c407c2cedff20999df2af8eb42d56 -> 
========================================================================
Received Import Request.
  Time since last request: 106726.480432 seconds.
  path: Assets/Resources/NivelesPrefab/40.prefab
  artifactKey: Guid(56ee77c2fb9e14540932087df4eb542f) Importer(815301076,1909f56bfc062723c751e8b465ee728b)
Start importing Assets/Resources/NivelesPrefab/40.prefab using Guid(56ee77c2fb9e14540932087df4eb542f) Importer(815301076,1909f56bfc062723c751e8b465ee728b)  -> (artifact id: '0ccec4844bafa34fabc1a38e33b46deb') in 12.703101 seconds 
========================================================================
Received Import Request.
  Time since last request: 0.000036 seconds.
  path: Assets/Resources/NivelesPrefab/34villa faro_ 1 neybva.prefab
  artifactKey: Guid(e196755f8c9b7754092d83fb22ce3826) Importer(815301076,1909f56bfc062723c751e8b465ee728b)
Start importing Assets/Resources/NivelesPrefab/34villa faro_ 1 neybva.prefab using Guid(e196755f8c9b7754092d83fb22ce3826) Importer(815301076,1909f56bfc062723c751e8b465ee728b)  -> (artifact id: '614d00353461dfb964a149b2dab1c4b5') in 5.903158 seconds 
========================================================================
Received Import Request.
  Time since last request: 0.000040 seconds.
  path: Assets/Resources/NivelesPrefab/63CAMPITO_.prefab
  artifactKey: Guid(732ca79cef9a8c2468149809c2ff0477) Importer(815301076,1909f56bfc062723c751e8b465ee728b)
Start importing Assets/Resources/NivelesPrefab/63CAMPITO_.prefab using Guid(732ca79cef9a8c2468149809c2ff0477) Importer(815301076,1909f56bfc062723c751e8b465ee728b)  -> (artifact id: '76b414b643e9ea5e4f6206a5f0a531c4') in 7.220518 seconds 
========================================================================
Received Import Request.
  Time since last request: 0.000038 seconds.
  path: Assets/Resources/NivelesPrefab/11RIOOZAMA.prefab
  artifactKey: Guid(d4328471b2861ec4a90aa46652cb51a8) Importer(815301076,1909f56bfc062723c751e8b465ee728b)
Start importing Assets/Resources/NivelesPrefab/11RIOOZAMA.prefab using Guid(d4328471b2861ec4a90aa46652cb51a8) Importer(815301076,1909f56bfc062723c751e8b465ee728b)  -> (artifact id: '03a0dccd346585d78f4da21137957058') in 1.323224 seconds 
========================================================================
Received Import Request.
  Time since last request: 0.000058 seconds.
  path: Assets/Resources/NivelesPrefab/2LOS MINA_.prefab
  artifactKey: Guid(ee16c120d9317144c9abab4c837333ad) Importer(815301076,1909f56bfc062723c751e8b465ee728b)
Start importing Assets/Resources/NivelesPrefab/2LOS MINA_.prefab using Guid(ee16c120d9317144c9abab4c837333ad) Importer(815301076,1909f56bfc062723c751e8b465ee728b)  -> (artifact id: '2b5762f8872c3aa8b8fcde97e29d9607') in 2.843848 seconds 
========================================================================
Received Import Request.
  Time since last request: 0.000033 seconds.
  path: Assets/Resources/NivelesPrefab/8los jardines_.prefab
  artifactKey: Guid(5b2b36e2439600545a3998d460768036) Importer(815301076,1909f56bfc062723c751e8b465ee728b)
Start importing Assets/Resources/NivelesPrefab/8los jardines_.prefab using Guid(5b2b36e2439600545a3998d460768036) Importer(815301076,1909f56bfc062723c751e8b465ee728b) Tried select unknown importer for id '-2' '00000000000000000000000000000000'
 -> (artifact id: 'a6c6dff9b006ca8e2ae6aed1ec916830') in 2.659267 seconds 
========================================================================
Received Import Request.
  Time since last request: 0.000033 seconds.
  path: Assets/Resources/NivelesPrefab/60moca.prefab
  artifactKey: Guid(7d6f9ad5f62af6b4886222899c283f9d) Importer(815301076,1909f56bfc062723c751e8b465ee728b)
Start importing Assets/Resources/NivelesPrefab/60moca.prefab using Guid(7d6f9ad5f62af6b4886222899c283f9d) Importer(815301076,1909f56bfc062723c751e8b465ee728b)  -> (artifact id: '32762490ff1507bd8850ea88612a0f4f') in 2.277765 seconds 
========================================================================
Received Import Request.
  Time since last request: 0.000060 seconds.
  path: Assets/Resources/NivelesPrefab/21labarquita_.prefab
  artifactKey: Guid(6c442314e84529e4488b13000e833e56) Importer(815301076,1909f56bfc062723c751e8b465ee728b)
Start importing Assets/Resources/NivelesPrefab/21labarquita_.prefab using Guid(6c442314e84529e4488b13000e833e56) Importer(815301076,1909f56bfc062723c751e8b465ee728b)  -> (artifact id: 'a37fa14c2c1a8cf98bef0ac4511b579b') in 2.598931 seconds 
========================================================================
Received Import Request.
  Time since last request: 0.000045 seconds.
  path: Assets/Resources/NivelesPrefab/62INTEC.prefab
  artifactKey: Guid(76e37911efd3ca4458edab4171a75ad0) Importer(815301076,1909f56bfc062723c751e8b465ee728b)
Start importing Assets/Resources/NivelesPrefab/62INTEC.prefab using Guid(76e37911efd3ca4458edab4171a75ad0) Importer(815301076,1909f56bfc062723c751e8b465ee728b)  -> (artifact id: '19d1c017de335ba142ab2365ca614ea7') in 1.490748 seconds 
========================================================================
Received Import Request.
  Time since last request: 0.000039 seconds.
  path: Assets/Resources/NivelesPrefab/19SAN JUAN (2)_.prefab
  artifactKey: Guid(c9728d3bdb33c254d989af8d0738c6fb) Importer(815301076,1909f56bfc062723c751e8b465ee728b)
Start importing Assets/Resources/NivelesPrefab/19SAN JUAN (2)_.prefab using Guid(c9728d3bdb33c254d989af8d0738c6fb) Importer(815301076,1909f56bfc062723c751e8b465ee728b)  -> (artifact id: '3b67299257373aa576fb87c0448ad877') in 3.379048 seconds 
========================================================================
Received Import Request.
  Time since last request: 0.000046 seconds.
  path: Assets/Resources/NivelesPrefab/52constanza 4 (1).prefab
  artifactKey: Guid(df10b77dc6af43240bffe7f4aa19d137) Importer(815301076,1909f56bfc062723c751e8b465ee728b)
Start importing Assets/Resources/NivelesPrefab/52constanza 4 (1).prefab using Guid(df10b77dc6af43240bffe7f4aa19d137) Importer(815301076,1909f56bfc062723c751e8b465ee728b) Asset 'hielo': Transition 'hielo -> otrahielo' in state 'hielo' doesn't have an Exit Time or any condition, transition will be ignored
UnityEngine.StackTraceUtility:ExtractStackTrace ()
UnityEditor.EditorUtility:Internal_InstantiateRemoveAllNonAnimationComponentsSingle (UnityEngine.Object,UnityEngine.Vector3,UnityEngine.Quaternion)
UnityEditor.EditorUtility:InstantiateRemoveAllNonAnimationComponents (UnityEngine.Object,UnityEngine.Vector3,UnityEngine.Quaternion)
UnityEditor.EditorUtility:InstantiateForAnimatorPreview (UnityEngine.Object)
UnityEditor.GameObjectInspector/PreviewData:UpdateGameObject (UnityEngine.Object)
UnityEditor.GameObjectInspector/PreviewData:.ctor (UnityEngine.Object)
UnityEditor.GameObjectInspector:GetPreviewData ()
UnityEditor.GameObjectInspector:RenderStaticPreview (string,UnityEngine.Object[],int,int)
UnityEditor.AssetPreviewUpdater:CreatePreview (UnityEngine.Object,UnityEngine.Object[],string,int,int)
UnityEditor.AssetPreviewUpdater:CreatePreviewForAsset (UnityEngine.Object,UnityEngine.Object[],string)

[C:\buildslave\unity\build\Editor\Src\Animation\StateMachine.cpp line 1845]

 -> (artifact id: '0d09477f4f0a9385541f7ac5b5b93888') in 0.961712 seconds 
========================================================================
Received Import Request.
  Time since last request: 0.000034 seconds.
  path: Assets/Resources/NivelesPrefab/54ZONA POPI.prefab
  artifactKey: Guid(6571aa962b3de224cacc3e64c5fa5b80) Importer(815301076,1909f56bfc062723c751e8b465ee728b)
Start importing Assets/Resources/NivelesPrefab/54ZONA POPI.prefab using Guid(6571aa962b3de224cacc3e64c5fa5b80) Importer(815301076,1909f56bfc062723c751e8b465ee728b)  -> (artifact id: 'ff09c2db8bbde10adf08c8bb0602720c') in 1.463114 seconds 
========================================================================
Received Import Request.
  Time since last request: 0.000148 seconds.
  path: Assets/Resources/NivelesPrefab/51.5PLAYASALINA_ 2.prefab
  artifactKey: Guid(6447cb40160d6904a889fef9e7bd9d85) Importer(815301076,1909f56bfc062723c751e8b465ee728b)
Start importing Assets/Resources/NivelesPrefab/51.5PLAYASALINA_ 2.prefab using Guid(6447cb40160d6904a889fef9e7bd9d85) Importer(815301076,1909f56bfc062723c751e8b465ee728b)  -> (artifact id: 'fe94b8ddfba51fba91d5b9fb32780cdb') in 0.953058 seconds 
========================================================================
Received Import Request.
  Time since last request: 0.000027 seconds.
  path: Assets/Resources/NivelesPrefab/9SAMANA_.prefab
  artifactKey: Guid(d03272bdb23947747a380f34d6d1bbc8) Importer(815301076,1909f56bfc062723c751e8b465ee728b)
Start importing Assets/Resources/NivelesPrefab/9SAMANA_.prefab using Guid(d03272bdb23947747a380f34d6d1bbc8) Importer(815301076,1909f56bfc062723c751e8b465ee728b)  -> (artifact id: '23ea952930cbca4f0737c41ba5055117') in 0.447926 seconds 
========================================================================
Received Import Request.
  Time since last request: 0.000049 seconds.
  path: Assets/Resources/NivelesPrefab/14,5uasd_ 1.prefab
  artifactKey: Guid(77e0a2e97b71a3d42ab0db8743a946b2) Importer(815301076,1909f56bfc062723c751e8b465ee728b)
Start importing Assets/Resources/NivelesPrefab/14,5uasd_ 1.prefab using Guid(77e0a2e97b71a3d42ab0db8743a946b2) Importer(815301076,1909f56bfc062723c751e8b465ee728b)  -> (artifact id: '4743a953b0fa62cb517e6120a7444765') in 1.257972 seconds 
========================================================================
Received Import Request.
  Time since last request: 0.000027 seconds.
  path: Assets/Resources/NivelesPrefab/33alma rosa_.prefab
  artifactKey: Guid(d4501d271c7064348a90053b02d1ba68) Importer(815301076,1909f56bfc062723c751e8b465ee728b)
Start importing Assets/Resources/NivelesPrefab/33alma rosa_.prefab using Guid(d4501d271c7064348a90053b02d1ba68) Importer(815301076,1909f56bfc062723c751e8b465ee728b)  -> (artifact id: '75b8e915fd9810a517ca12ee92246142') in 3.524568 seconds 
========================================================================
Received Import Request.
  Time since last request: 0.000035 seconds.
  path: Assets/Resources/NivelesPrefab/41SAN ISIDRO_.prefab
  artifactKey: Guid(1ba274bf844e6f24fa0716d867508970) Importer(815301076,1909f56bfc062723c751e8b465ee728b)
Start importing Assets/Resources/NivelesPrefab/41SAN ISIDRO_.prefab using Guid(1ba274bf844e6f24fa0716d867508970) Importer(815301076,1909f56bfc062723c751e8b465ee728b)  -> (artifact id: '901af50c80f280355341c33dfd9c72a7') in 4.092395 seconds 
========================================================================
Received Import Request.
  Time since last request: 0.000053 seconds.
  path: Assets/Resources/NivelesPrefab/12bani_.prefab
  artifactKey: Guid(b06882e6fa7733b479295f7c216e37c1) Importer(815301076,1909f56bfc062723c751e8b465ee728b)
Start importing Assets/Resources/NivelesPrefab/12bani_.prefab using Guid(b06882e6fa7733b479295f7c216e37c1) Importer(815301076,1909f56bfc062723c751e8b465ee728b)  -> (artifact id: 'da8dc95a5b7706483c91dc8757d7f91b') in 3.020126 seconds 
========================================================================
Received Import Request.
  Time since last request: 0.000080 seconds.
  path: Assets/Resources/NivelesPrefab/42VILLA MELLA 2_.prefab
  artifactKey: Guid(19019752ed9e70541ba772db4b383f6e) Importer(815301076,1909f56bfc062723c751e8b465ee728b)
Start importing Assets/Resources/NivelesPrefab/42VILLA MELLA 2_.prefab using Guid(19019752ed9e70541ba772db4b383f6e) Importer(815301076,1909f56bfc062723c751e8b465ee728b)  -> (artifact id: '64e1d50bf90c7c6b1b11315154d8ef90') in 4.228972 seconds 
========================================================================
Received Import Request.
  Time since last request: 0.000031 seconds.
  path: Assets/Resources/NivelesPrefab/22RIOOZAMA (1)_.prefab
  artifactKey: Guid(b359da798198828499b6a73c4a195401) Importer(815301076,1909f56bfc062723c751e8b465ee728b)
Start importing Assets/Resources/NivelesPrefab/22RIOOZAMA (1)_.prefab using Guid(b359da798198828499b6a73c4a195401) Importer(815301076,1909f56bfc062723c751e8b465ee728b)  -> (artifact id: 'a599a302821e4b8d3434d9668a9cac9c') in 0.476831 seconds 
========================================================================
Received Import Request.
  Time since last request: 0.000029 seconds.
  path: Assets/Resources/NivelesPrefab/13bani (1)_.prefab
  artifactKey: Guid(6b81b5f9f0f119946877d67d018a845c) Importer(815301076,1909f56bfc062723c751e8b465ee728b)
Start importing Assets/Resources/NivelesPrefab/13bani (1)_.prefab using Guid(6b81b5f9f0f119946877d67d018a845c) Importer(815301076,1909f56bfc062723c751e8b465ee728b)  -> (artifact id: 'daa4df2d47e4bbe5836dd7ebebf472f2') in 0.479187 seconds 
========================================================================
Received Import Request.
  Time since last request: 0.000040 seconds.
  path: Assets/Resources/NivelesPrefab/53LOS MINA (2) no vehciulo.prefab
  artifactKey: Guid(91180473c38c12849af13c671f8bf388) Importer(815301076,1909f56bfc062723c751e8b465ee728b)
Start importing Assets/Resources/NivelesPrefab/53LOS MINA (2) no vehciulo.prefab using Guid(91180473c38c12849af13c671f8bf388) Importer(815301076,1909f56bfc062723c751e8b465ee728b)  -> (artifact id: '4636041024c2a56248f90ef80dc6548a') in 2.655172 seconds 
