Using pre-set license
Built from '2021.2/release' branch; Version is '2021.2.0f1 (4bf1ec4b23c9) revision 4977132'; Using compiler version '192829333'; Build Type 'Release'
OS: 'Windows 10 Pro; OS build 19043.1348; Version 2009; 64bit' Language: 'es' Physical Memory: 49080 MB
BatchMode: 1, IsHumanControllingUs: 0, StartBugReporterOnCrash: 0, Is64bit: 1, IsPro: 0

COMMAND LINE ARGUMENTS:
C:\Program Files\Unity\Hub\Editor\2021.2.0f1\Editor\Unity.exe
-adb2
-batchMode
-noUpm
-name
AssetImportWorker8
-projectPath
E:/new domincanpower/DominicanPower_iOS/DOMINICAN GAME
-logFile
Logs/AssetImportWorker8.log
-srvPort
59383
Successfully changed project path to: E:/new domincanpower/DominicanPower_iOS/DOMINICAN GAME
E:/new domincanpower/DominicanPower_iOS/DOMINICAN GAME
[UnityMemory] Configuration Parameters - Can be set up in boot.config
    "memorysetup-bucket-allocator-granularity=16"
    "memorysetup-bucket-allocator-bucket-count=8"
    "memorysetup-bucket-allocator-block-size=33554432"
    "memorysetup-bucket-allocator-block-count=8"
    "memorysetup-main-allocator-block-size=16777216"
    "memorysetup-thread-allocator-block-size=16777216"
    "memorysetup-gfx-main-allocator-block-size=16777216"
    "memorysetup-gfx-thread-allocator-block-size=16777216"
    "memorysetup-cache-allocator-block-size=4194304"
    "memorysetup-typetree-allocator-block-size=2097152"
    "memorysetup-profiler-bucket-allocator-granularity=16"
    "memorysetup-profiler-bucket-allocator-bucket-count=8"
    "memorysetup-profiler-bucket-allocator-block-size=33554432"
    "memorysetup-profiler-bucket-allocator-block-count=8"
    "memorysetup-profiler-allocator-block-size=16777216"
    "memorysetup-profiler-editor-allocator-block-size=1048576"
    "memorysetup-temp-allocator-size-main=16777216"
    "memorysetup-job-temp-allocator-block-size=2097152"
    "memorysetup-job-temp-allocator-block-size-background=1048576"
    "memorysetup-job-temp-allocator-reduction-small-platforms=262144"
    "memorysetup-temp-allocator-size-background-worker=32768"
    "memorysetup-temp-allocator-size-job-worker=262144"
    "memorysetup-temp-allocator-size-preload-manager=33554432"
    "memorysetup-temp-allocator-size-nav-mesh-worker=65536"
    "memorysetup-temp-allocator-size-audio-worker=65536"
    "memorysetup-temp-allocator-size-cloud-worker=32768"
    "memorysetup-temp-allocator-size-gi-baking-worker=262144"
    "memorysetup-temp-allocator-size-gfx=262144"
Refreshing native plugins compatible for Editor in 147.07 ms, found 3 plugins.
Preloading 0 native plugins for Editor in 0.00 ms.
Initialize engine version: 2021.2.0f1 (4bf1ec4b23c9)
[Subsystems] Discovering subsystems at path C:/Program Files/Unity/Hub/Editor/2021.2.0f1/Editor/Data/Resources/UnitySubsystems
[Subsystems] Discovering subsystems at path E:/new domincanpower/DominicanPower_iOS/DOMINICAN GAME/Assets
GfxDevice: creating device client; threaded=0; jobified=0
Direct3D:
    Version:  Direct3D 11.0 [level 11.1]
    Renderer: Radeon RX 580 Series (ID=0x67df)
    Vendor:   ATI
    VRAM:     8171 MB
    Driver:   27.20.1034.6
Initialize mono
Mono path[0] = 'C:/Program Files/Unity/Hub/Editor/2021.2.0f1/Editor/Data/Managed'
Mono path[1] = 'C:/Program Files/Unity/Hub/Editor/2021.2.0f1/Editor/Data/MonoBleedingEdge/lib/mono/unityjit-win32'
Mono config path = 'C:/Program Files/Unity/Hub/Editor/2021.2.0f1/Editor/Data/MonoBleedingEdge/etc'
Using monoOptions --debugger-agent=transport=dt_socket,embedding=1,server=y,suspend=n,address=127.0.0.1:56440
Begin MonoManager ReloadAssembly
Registering precompiled unity dll's ...
Register platform support module: C:/Program Files/Unity/Hub/Editor/2021.2.0f1/Editor/Data/PlaybackEngines/WindowsStandaloneSupport/UnityEditor.WindowsStandalone.Extensions.dll
Registered in 0.006256 seconds.
Native extension for WindowsStandalone target not found
Refreshing native plugins compatible for Editor in 136.36 ms, found 3 plugins.
Preloading 0 native plugins for Editor in 0.00 ms.
Mono: successfully reloaded assembly
- Completed reload, in  1.051 seconds
Domain Reload Profiling:
	ReloadAssembly (1051ms)
		BeginReloadAssembly (58ms)
			ExecutionOrderSort (0ms)
			DisableScriptedObjects (0ms)
			BackupInstance (0ms)
			ReleaseScriptingObjects (0ms)
			CreateAndSetChildDomain (1ms)
		EndReloadAssembly (438ms)
			LoadAssemblies (55ms)
			RebuildTransferFunctionScriptingTraits (0ms)
			SetupTypeCache (87ms)
			ReleaseScriptCaches (0ms)
			RebuildScriptCaches (20ms)
			SetupLoadedEditorAssemblies (284ms)
				LogAssemblyErrors (0ms)
				InitializePlatformSupportModulesInManaged (6ms)
				SetLoadedEditorAssemblies (0ms)
				RefreshPlugins (136ms)
				BeforeProcessingInitializeOnLoad (1ms)
				ProcessInitializeOnLoadAttributes (103ms)
				ProcessInitializeOnLoadMethodAttributes (37ms)
				AfterProcessingInitializeOnLoad (0ms)
				EditorAssembliesLoaded (0ms)
			ExecutionOrderSort2 (0ms)
			AwakeInstancesAfterBackupRestoration (0ms)
Platform modules already initialized, skipping
Registering precompiled user dll's ...
Registered in 0.007187 seconds.
Begin MonoManager ReloadAssembly
OnLevelWasLoaded was found on scriptEjemploVR
This message has been deprecated and will be removed in a later version of Unity.
Add a delegate to SceneManager.sceneLoaded instead to get notifications after scene loading has completed
Unloading broken assembly Assets/GoogleMobileAds/GoogleMobileAds.Unity.dll, this assembly can cause crashes in the runtime
Native extension for WindowsStandalone target not found
Refreshing native plugins compatible for Editor in 2.01 ms, found 3 plugins.
Preloading 0 native plugins for Editor in 0.00 ms.
Package Manager log level set to [2]
Mono: successfully reloaded assembly
- Completed reload, in  0.896 seconds
Domain Reload Profiling:
	ReloadAssembly (896ms)
		BeginReloadAssembly (149ms)
			ExecutionOrderSort (0ms)
			DisableScriptedObjects (5ms)
			BackupInstance (0ms)
			ReleaseScriptingObjects (0ms)
			CreateAndSetChildDomain (18ms)
		EndReloadAssembly (660ms)
			LoadAssemblies (60ms)
			RebuildTransferFunctionScriptingTraits (0ms)
			SetupTypeCache (128ms)
			ReleaseScriptCaches (1ms)
			RebuildScriptCaches (48ms)
			SetupLoadedEditorAssemblies (337ms)
				LogAssemblyErrors (0ms)
				InitializePlatformSupportModulesInManaged (10ms)
				SetLoadedEditorAssemblies (0ms)
				RefreshPlugins (2ms)
				BeforeProcessingInitializeOnLoad (52ms)
				ProcessInitializeOnLoadAttributes (201ms)
				ProcessInitializeOnLoadMethodAttributes (63ms)
				AfterProcessingInitializeOnLoad (7ms)
				EditorAssembliesLoaded (0ms)
			ExecutionOrderSort2 (0ms)
			AwakeInstancesAfterBackupRestoration (4ms)
Platform modules already initialized, skipping
========================================================================
Worker process is ready to serve import requests
Shader 'Hidden/Flat Kit/Terrain/Lit (Add Pass)': fallback shader 'Hidden/Universal Render Pipeline/FallbackError' not found
Shader 'Hidden/Flat Kit/Terrain/Lit (Add Pass)': fallback shader 'Hidden/Universal Render Pipeline/FallbackError' not found
Launched and connected shader compiler UnityShaderCompiler.exe after 0.07 seconds
Refreshing native plugins compatible for Editor in 2.02 ms, found 3 plugins.
Preloading 0 native plugins for Editor in 0.00 ms.
Unloading 2577 Unused Serialized files (Serialized files now loaded: 0)
Unloading 137 unused Assets / (68.7 MB). Loaded Objects now: 3009.
Memory consumption went from 360.7 MB to 292.0 MB.
Total: 8.689400 ms (FindLiveObjects: 0.231600 ms CreateObjectMapping: 0.070300 ms MarkObjects: 4.727800 ms  DeleteObjects: 3.658200 ms)

AssetImportParameters requested are different than current active one (requested -> active):
  custom:video-decoder-ogg-theora: a1e56fd34408186e4bbccfd4996cb3dc -> 
  custom:container-muxer-webm: aa71ff27fc2769a1b78a27578f13a17b -> 
  custom:container-demuxer-webm: 4f35f7cbe854078d1ac9338744f61a02 -> 
  custom:video-encoder-webm-vp8: eb34c28f22e8b96e1ab97ce403110664 -> 
  custom:audio-encoder-webm-vorbis: bf7c407c2cedff20999df2af8eb42d56 -> 
  custom:framework-win-MediaFoundation: 216162199b28c13a410421893ffa2e32 -> 
  custom:container-demuxer-ogg: 62fdf1f143b41e24485cea50d1cbac27 -> 
  custom:video-decoder-webm-vp8: 9c59270c3fd7afecdb556c50c9e8de78 -> 
  custom:audio-decoder-ogg-vorbis: bf7c407c2cedff20999df2af8eb42d56 -> 
========================================================================
Received Import Request.
  Time since last request: 263114.234219 seconds.
  path: Assets/FlatKit/Demos/[Demo] Wanderer/Wanderer - Scene.unity
  artifactKey: Guid(7ed1072f01f684603aaed176cb87adcf) Importer(815301076,1909f56bfc062723c751e8b465ee728b)
Start importing Assets/FlatKit/Demos/[Demo] Wanderer/Wanderer - Scene.unity using Guid(7ed1072f01f684603aaed176cb87adcf) Importer(815301076,1909f56bfc062723c751e8b465ee728b)  -> (artifact id: '82c41f099ad783fe661de7ded6083c65') in 0.018426 seconds 
========================================================================
Received Import Request.
  Time since last request: 7.192314 seconds.
  path: Assets/FlatKit/Demos/[Demo] Valley/Valley - Scene - With Fog.unity
  artifactKey: Guid(6ae1fd040fd6a43288bb4ac1d87ccf07) Importer(815301076,1909f56bfc062723c751e8b465ee728b)
Start importing Assets/FlatKit/Demos/[Demo] Valley/Valley - Scene - With Fog.unity using Guid(6ae1fd040fd6a43288bb4ac1d87ccf07) Importer(815301076,1909f56bfc062723c751e8b465ee728b)  -> (artifact id: '82e8efe5318f6fc10c09f26df9cffe5a') in 0.007603 seconds 
========================================================================
Received Import Request.
  Time since last request: 5.780537 seconds.
  path: Assets/FlatKit/Demos/[Demo] Room/Room - scene.unity
  artifactKey: Guid(a60f9dfab9c1e49d4a1bc8a5260c193b) Importer(815301076,1909f56bfc062723c751e8b465ee728b)
Start importing Assets/FlatKit/Demos/[Demo] Room/Room - scene.unity using Guid(a60f9dfab9c1e49d4a1bc8a5260c193b) Importer(815301076,1909f56bfc062723c751e8b465ee728b)  -> (artifact id: '03e0ed2438a168ab3beb1afb41f78aa3') in 0.006861 seconds 
========================================================================
Received Import Request.
  Time since last request: 3.189319 seconds.
  path: Assets/FlatKit/Demos/[Demo] NormalMapsTree/NormalMapsTree - Scene.unity
  artifactKey: Guid(adc00bb328a1d4445af18df3d67701ed) Importer(815301076,1909f56bfc062723c751e8b465ee728b)
Start importing Assets/FlatKit/Demos/[Demo] NormalMapsTree/NormalMapsTree - Scene.unity using Guid(adc00bb328a1d4445af18df3d67701ed) Importer(815301076,1909f56bfc062723c751e8b465ee728b)  -> (artifact id: '63120c1ac253ff4f860930d0661030d5') in 0.005594 seconds 
========================================================================
Received Import Request.
  Time since last request: 4.446723 seconds.
  path: Assets/FlatKit/Demos/[Demo] Mugs/Mugs - Scene1 - OneColorVariousParameters.unity
  artifactKey: Guid(6a99dc8d088024ad1a7d74ac9b92ba96) Importer(815301076,1909f56bfc062723c751e8b465ee728b)
Start importing Assets/FlatKit/Demos/[Demo] Mugs/Mugs - Scene1 - OneColorVariousParameters.unity using Guid(6a99dc8d088024ad1a7d74ac9b92ba96) Importer(815301076,1909f56bfc062723c751e8b465ee728b)  -> (artifact id: '5bec2e98e5e835b449a6dff273c2f986') in 0.005373 seconds 
========================================================================
Received Import Request.
  Time since last request: 3.766862 seconds.
  path: Assets/FlatKit/Demos/[Demo] Mugs/Mugs - Scene2 - ColorfulMisc.unity
  artifactKey: Guid(0dfa98ce6ac354785b87a1f05abef26c) Importer(815301076,1909f56bfc062723c751e8b465ee728b)
Start importing Assets/FlatKit/Demos/[Demo] Mugs/Mugs - Scene2 - ColorfulMisc.unity using Guid(0dfa98ce6ac354785b87a1f05abef26c) Importer(815301076,1909f56bfc062723c751e8b465ee728b)  -> (artifact id: '8467652ec69e03c2c03909e5d8919d39') in 0.005167 seconds 
========================================================================
Received Import Request.
  Time since last request: 3.110626 seconds.
  path: Assets/FlatKit/Demos/[Demo] IslandWithTrees/IslandWithTrees-Scene.unity
  artifactKey: Guid(956385759b4764b6ca2992f1d1a3c1b4) Importer(815301076,1909f56bfc062723c751e8b465ee728b)
Start importing Assets/FlatKit/Demos/[Demo] IslandWithTrees/IslandWithTrees-Scene.unity using Guid(956385759b4764b6ca2992f1d1a3c1b4) Importer(815301076,1909f56bfc062723c751e8b465ee728b)  -> (artifact id: '8a682d68b3640c4c4d9a0c1fc7015b68') in 0.004871 seconds 
========================================================================
Received Import Request.
  Time since last request: 20.249012 seconds.
  path: Assets/FlatKit/Demos/[Water] Various Presets/Water Vessels - Various Water Presets.unity
  artifactKey: Guid(2f6481c36cb2f4983b1fb7aba5b98b1a) Importer(815301076,1909f56bfc062723c751e8b465ee728b)
Start importing Assets/FlatKit/Demos/[Water] Various Presets/Water Vessels - Various Water Presets.unity using Guid(2f6481c36cb2f4983b1fb7aba5b98b1a) Importer(815301076,1909f56bfc062723c751e8b465ee728b)  -> (artifact id: '4b3f361a3bc8a433c954b44b1087898b') in 0.005599 seconds 
========================================================================
Received Import Request.
  Time since last request: 4.718719 seconds.
  path: Assets/FlatKit/Demos/[Water] Pool/Pool.unity
  artifactKey: Guid(111a1ac9cebbd40468c1865f98e05dc8) Importer(815301076,1909f56bfc062723c751e8b465ee728b)
Start importing Assets/FlatKit/Demos/[Water] Pool/Pool.unity using Guid(111a1ac9cebbd40468c1865f98e05dc8) Importer(815301076,1909f56bfc062723c751e8b465ee728b)  -> (artifact id: 'c6a0205f6fed1919e451edc14ef2871d') in 0.005533 seconds 
========================================================================
Received Import Request.
  Time since last request: 32.942272 seconds.
  path: Assets/FlatKit/PresetsShared/Materials/BlackEdge01__StylSurf_None_Rim.mat
  artifactKey: Guid(5f980a88fe5c1416b8165dd514c65cf2) Importer(815301076,1909f56bfc062723c751e8b465ee728b)
Start importing Assets/FlatKit/PresetsShared/Materials/BlackEdge01__StylSurf_None_Rim.mat using Guid(5f980a88fe5c1416b8165dd514c65cf2) Importer(815301076,1909f56bfc062723c751e8b465ee728b)  -> (artifact id: '5ce3d152049f74885932f4d2feb8d4af') in 0.110990 seconds 
========================================================================
Received Import Request.
  Time since last request: 0.000015 seconds.
  path: Assets/FlatKit/PresetsShared/Materials/WhiteWithBlackRim__StylSurf_Single_Spec_Rim.mat
  artifactKey: Guid(fb551bbeb60294300b736f60a9f30137) Importer(815301076,1909f56bfc062723c751e8b465ee728b)
Start importing Assets/FlatKit/PresetsShared/Materials/WhiteWithBlackRim__StylSurf_Single_Spec_Rim.mat using Guid(fb551bbeb60294300b736f60a9f30137) Importer(815301076,1909f56bfc062723c751e8b465ee728b)  -> (artifact id: '41df49e1855de03c25d6d2a9473a854a') in 0.015630 seconds 
========================================================================
Received Import Request.
  Time since last request: 0.000022 seconds.
  path: Assets/FlatKit/PresetsShared/Materials/SmoothExtraCel__StylSurf_ExtraC_Spec.mat
  artifactKey: Guid(972bfabc3f2714d2fa49a65e17e36059) Importer(815301076,1909f56bfc062723c751e8b465ee728b)
Start importing Assets/FlatKit/PresetsShared/Materials/SmoothExtraCel__StylSurf_ExtraC_Spec.mat using Guid(972bfabc3f2714d2fa49a65e17e36059) Importer(815301076,1909f56bfc062723c751e8b465ee728b)  -> (artifact id: '038db85557d9ff770f2ef798ac2f726e') in 0.011457 seconds 
========================================================================
Received Import Request.
  Time since last request: 0.000025 seconds.
  path: Assets/FlatKit/PresetsShared/Materials/MatteGradient_StylSurf_None_HGrad.mat
  artifactKey: Guid(e94d28abfc91f4c18b24784856a1cbe6) Importer(815301076,1909f56bfc062723c751e8b465ee728b)
Start importing Assets/FlatKit/PresetsShared/Materials/MatteGradient_StylSurf_None_HGrad.mat using Guid(e94d28abfc91f4c18b24784856a1cbe6) Importer(815301076,1909f56bfc062723c751e8b465ee728b)  -> (artifact id: '5ff7f6a85db8cdd7c43eb56de72685c5') in 0.013986 seconds 
========================================================================
Received Import Request.
  Time since last request: 0.000028 seconds.
  path: Assets/FlatKit/PresetsShared/Materials/TwoColorVasePreset01.mat
  artifactKey: Guid(8f7c53e504a2d438f86459695b527b18) Importer(815301076,1909f56bfc062723c751e8b465ee728b)
Start importing Assets/FlatKit/PresetsShared/Materials/TwoColorVasePreset01.mat using Guid(8f7c53e504a2d438f86459695b527b18) Importer(815301076,1909f56bfc062723c751e8b465ee728b)  -> (artifact id: '932d39e921e41c4f60ac6bd3b0b80ffc') in 0.012604 seconds 
========================================================================
Received Import Request.
  Time since last request: 0.000018 seconds.
  path: Assets/FlatKit/PresetsShared/Materials/MatteBronze__StylSurf_Single_Spec_Rim_HGrad.mat
  artifactKey: Guid(d7887f8002a6f4adb86573608f56b5ee) Importer(815301076,1909f56bfc062723c751e8b465ee728b)
Start importing Assets/FlatKit/PresetsShared/Materials/MatteBronze__StylSurf_Single_Spec_Rim_HGrad.mat using Guid(d7887f8002a6f4adb86573608f56b5ee) Importer(815301076,1909f56bfc062723c751e8b465ee728b)  -> (artifact id: '9e732bd1be3ba86588b2c71961878302') in 0.016610 seconds 
========================================================================
Received Import Request.
  Time since last request: 0.000015 seconds.
  path: Assets/FlatKit/PresetsShared/Materials/SimpleCel01_StylSurf_Single.mat
  artifactKey: Guid(631d28fabcf7c46c2a30a647eef5b155) Importer(815301076,1909f56bfc062723c751e8b465ee728b)
Start importing Assets/FlatKit/PresetsShared/Materials/SimpleCel01_StylSurf_Single.mat using Guid(631d28fabcf7c46c2a30a647eef5b155) Importer(815301076,1909f56bfc062723c751e8b465ee728b)  -> (artifact id: '8d9a4d0637be23d1e640b72d96202adc') in 0.012873 seconds 
========================================================================
Received Import Request.
  Time since last request: 0.000021 seconds.
  path: Assets/FlatKit/PresetsShared/Materials/Metallic01__StylSurf_Single_ExtraC_Spec.mat
  artifactKey: Guid(0025046aba5804824a78eba655f70400) Importer(815301076,1909f56bfc062723c751e8b465ee728b)
Start importing Assets/FlatKit/PresetsShared/Materials/Metallic01__StylSurf_Single_ExtraC_Spec.mat using Guid(0025046aba5804824a78eba655f70400) Importer(815301076,1909f56bfc062723c751e8b465ee728b)  -> (artifact id: '907483a663f957df7b5b1da80495c505') in 0.011872 seconds 
========================================================================
Received Import Request.
  Time since last request: 0.000027 seconds.
  path: Assets/FlatKit/PresetsShared/Materials/ToonSubtle__StylSurf_Single.mat
  artifactKey: Guid(1a080219edff24138bba7d247a60a606) Importer(815301076,1909f56bfc062723c751e8b465ee728b)
Start importing Assets/FlatKit/PresetsShared/Materials/ToonSubtle__StylSurf_Single.mat using Guid(1a080219edff24138bba7d247a60a606) Importer(815301076,1909f56bfc062723c751e8b465ee728b)  -> (artifact id: '2e4df83b1bfb5e3b234c7090efd05ea8') in 0.012701 seconds 
========================================================================
Received Import Request.
  Time since last request: 0.000018 seconds.
  path: Assets/FlatKit/PresetsShared/Materials/LacquerBlack__StylSurf_Single_ExCel_Spec_Rim.mat
  artifactKey: Guid(e81cc5197e16f4d5ca99bad79723f8d1) Importer(815301076,1909f56bfc062723c751e8b465ee728b)
Start importing Assets/FlatKit/PresetsShared/Materials/LacquerBlack__StylSurf_Single_ExCel_Spec_Rim.mat using Guid(e81cc5197e16f4d5ca99bad79723f8d1) Importer(815301076,1909f56bfc062723c751e8b465ee728b)  -> (artifact id: '3d5febb0d0b6fd32cfd13ed7b27dbea5') in 0.011600 seconds 
========================================================================
Received Import Request.
  Time since last request: 0.000017 seconds.
  path: Assets/FlatKit/PresetsShared/Materials/DarkPaleWhiteRim__StylSurf_Single_Rim.mat
  artifactKey: Guid(1de9f01c7ba864c0487f9e7a3be4e645) Importer(815301076,1909f56bfc062723c751e8b465ee728b)
Start importing Assets/FlatKit/PresetsShared/Materials/DarkPaleWhiteRim__StylSurf_Single_Rim.mat using Guid(1de9f01c7ba864c0487f9e7a3be4e645) Importer(815301076,1909f56bfc062723c751e8b465ee728b)  -> (artifact id: '7876ca8576a3b958aa6c82bdc6259adf') in 0.013083 seconds 
========================================================================
Received Import Request.
  Time since last request: 0.000017 seconds.
  path: Assets/FlatKit/PresetsShared/Materials/Toon02__StylSurf_Single_ExtraC_Spec.mat
  artifactKey: Guid(c3f81ca1d300246269aa73091d2103f9) Importer(815301076,1909f56bfc062723c751e8b465ee728b)
Start importing Assets/FlatKit/PresetsShared/Materials/Toon02__StylSurf_Single_ExtraC_Spec.mat using Guid(c3f81ca1d300246269aa73091d2103f9) Importer(815301076,1909f56bfc062723c751e8b465ee728b)  -> (artifact id: '18c42a6780e139154198725be0b56b96') in 0.013419 seconds 
========================================================================
Received Import Request.
  Time since last request: 0.000016 seconds.
  path: Assets/FlatKit/PresetsShared/Materials/SmoothPcycho03__StylSurf_Single_ExCel_Spec_Rim.mat
  artifactKey: Guid(2f77e66e2514b48b5b474b41827bad57) Importer(815301076,1909f56bfc062723c751e8b465ee728b)
Start importing Assets/FlatKit/PresetsShared/Materials/SmoothPcycho03__StylSurf_Single_ExCel_Spec_Rim.mat using Guid(2f77e66e2514b48b5b474b41827bad57) Importer(815301076,1909f56bfc062723c751e8b465ee728b)  -> (artifact id: '82d81d59a9035c7cbc43cdcbcf0164af') in 0.541269 seconds 
========================================================================
Received Import Request.
  Time since last request: 0.000017 seconds.
  path: Assets/FlatKit/PresetsShared/Materials/SmoothRim02__StylSurf_None_Rim.mat
  artifactKey: Guid(f2d81d08d32994061b705c071b2fa0e4) Importer(815301076,1909f56bfc062723c751e8b465ee728b)
Start importing Assets/FlatKit/PresetsShared/Materials/SmoothRim02__StylSurf_None_Rim.mat using Guid(f2d81d08d32994061b705c071b2fa0e4) Importer(815301076,1909f56bfc062723c751e8b465ee728b)  -> (artifact id: '8e83d1f6986a59849251d02cbf335e6f') in 0.013977 seconds 
========================================================================
Received Import Request.
  Time since last request: 0.000033 seconds.
  path: Assets/FlatKit/PresetsShared/Materials/SmoothPcycho02__StylSurf_Single_ExCel_Spec_Rim.mat
  artifactKey: Guid(0da22a351019d4976982b74a76f7d328) Importer(815301076,1909f56bfc062723c751e8b465ee728b)
Start importing Assets/FlatKit/PresetsShared/Materials/SmoothPcycho02__StylSurf_Single_ExCel_Spec_Rim.mat using Guid(0da22a351019d4976982b74a76f7d328) Importer(815301076,1909f56bfc062723c751e8b465ee728b)  -> (artifact id: 'ac56b1e96eab511a68f07e4f07a7f2eb') in 0.012252 seconds 
========================================================================
Received Import Request.
  Time since last request: 0.000017 seconds.
  path: Assets/FlatKit/PresetsShared/Materials/Metallic02__StylSurf_Single_ExtraC_Spec_Rim.mat
  artifactKey: Guid(bcf02e10e105745ce9ac07869c402f07) Importer(815301076,1909f56bfc062723c751e8b465ee728b)
Start importing Assets/FlatKit/PresetsShared/Materials/Metallic02__StylSurf_Single_ExtraC_Spec_Rim.mat using Guid(bcf02e10e105745ce9ac07869c402f07) Importer(815301076,1909f56bfc062723c751e8b465ee728b)  -> (artifact id: '753da5b7dcc7650017cc3031e5f78dbc') in 0.011520 seconds 
========================================================================
Received Import Request.
  Time since last request: 0.000016 seconds.
  path: Assets/FlatKit/PresetsShared/Materials/CelWithRim02__StylSurf_Single_ExCel_Spec_Rim.mat
  artifactKey: Guid(727cfaf3482ac48ff97b662624abc435) Importer(815301076,1909f56bfc062723c751e8b465ee728b)
Start importing Assets/FlatKit/PresetsShared/Materials/CelWithRim02__StylSurf_Single_ExCel_Spec_Rim.mat using Guid(727cfaf3482ac48ff97b662624abc435) Importer(815301076,1909f56bfc062723c751e8b465ee728b)  -> (artifact id: '646ab544f5472a3e20302ae8a9d082d6') in 0.010624 seconds 
========================================================================
Received Import Request.
  Time since last request: 0.000020 seconds.
  path: Assets/FlatKit/PresetsShared/Materials/MetallicRim01__StylSurf_None_Rim.mat
  artifactKey: Guid(86a58607bcd094a07b0159120c6c21bd) Importer(815301076,1909f56bfc062723c751e8b465ee728b)
Start importing Assets/FlatKit/PresetsShared/Materials/MetallicRim01__StylSurf_None_Rim.mat using Guid(86a58607bcd094a07b0159120c6c21bd) Importer(815301076,1909f56bfc062723c751e8b465ee728b)  -> (artifact id: '4b435c3d31c0217af4829282c20afe2b') in 0.014032 seconds 
Editor requested this worker to shutdown with reason: Scaling down because of idle timeout
AssetImportWorker is now disconnected from the server
Process exiting
Exiting without the bug reporter. Application will terminate with return code 0