Using pre-set license
Built from '2021.2/release' branch; Version is '2021.2.0f1 (4bf1ec4b23c9) revision 4977132'; Using compiler version '192829333'; Build Type 'Release'
OS: 'Windows 10 Pro; OS build 19043.1348; Version 2009; 64bit' Language: 'es' Physical Memory: 49080 MB
BatchMode: 1, IsHumanControllingUs: 0, StartBugReporterOnCrash: 0, Is64bit: 1, IsPro: 0

COMMAND LINE ARGUMENTS:
C:\Program Files\Unity\Hub\Editor\2021.2.0f1\Editor\Unity.exe
-adb2
-batchMode
-noUpm
-name
AssetImportWorker17
-projectPath
E:/new domincanpower/DominicanPower_iOS/DOMINICAN GAME
-logFile
Logs/AssetImportWorker17.log
-srvPort
55441
Successfully changed project path to: E:/new domincanpower/DominicanPower_iOS/DOMINICAN GAME
E:/new domincanpower/DominicanPower_iOS/DOMINICAN GAME
[UnityMemory] Configuration Parameters - Can be set up in boot.config
    "memorysetup-bucket-allocator-granularity=16"
    "memorysetup-bucket-allocator-bucket-count=8"
    "memorysetup-bucket-allocator-block-size=33554432"
    "memorysetup-bucket-allocator-block-count=8"
    "memorysetup-main-allocator-block-size=16777216"
    "memorysetup-thread-allocator-block-size=16777216"
    "memorysetup-gfx-main-allocator-block-size=16777216"
    "memorysetup-gfx-thread-allocator-block-size=16777216"
    "memorysetup-cache-allocator-block-size=4194304"
    "memorysetup-typetree-allocator-block-size=2097152"
    "memorysetup-profiler-bucket-allocator-granularity=16"
    "memorysetup-profiler-bucket-allocator-bucket-count=8"
    "memorysetup-profiler-bucket-allocator-block-size=33554432"
    "memorysetup-profiler-bucket-allocator-block-count=8"
    "memorysetup-profiler-allocator-block-size=16777216"
    "memorysetup-profiler-editor-allocator-block-size=1048576"
    "memorysetup-temp-allocator-size-main=16777216"
    "memorysetup-job-temp-allocator-block-size=2097152"
    "memorysetup-job-temp-allocator-block-size-background=1048576"
    "memorysetup-job-temp-allocator-reduction-small-platforms=262144"
    "memorysetup-temp-allocator-size-background-worker=32768"
    "memorysetup-temp-allocator-size-job-worker=262144"
    "memorysetup-temp-allocator-size-preload-manager=33554432"
    "memorysetup-temp-allocator-size-nav-mesh-worker=65536"
    "memorysetup-temp-allocator-size-audio-worker=65536"
    "memorysetup-temp-allocator-size-cloud-worker=32768"
    "memorysetup-temp-allocator-size-gi-baking-worker=262144"
    "memorysetup-temp-allocator-size-gfx=262144"
Refreshing native plugins compatible for Editor in 144.02 ms, found 3 plugins.
Preloading 0 native plugins for Editor in 0.00 ms.
Initialize engine version: 2021.2.0f1 (4bf1ec4b23c9)
[Subsystems] Discovering subsystems at path C:/Program Files/Unity/Hub/Editor/2021.2.0f1/Editor/Data/Resources/UnitySubsystems
[Subsystems] Discovering subsystems at path E:/new domincanpower/DominicanPower_iOS/DOMINICAN GAME/Assets
GfxDevice: creating device client; threaded=0; jobified=0
Direct3D:
    Version:  Direct3D 11.0 [level 11.1]
    Renderer: Radeon RX 580 Series (ID=0x67df)
    Vendor:   ATI
    VRAM:     8171 MB
    Driver:   27.20.1034.6
Initialize mono
Mono path[0] = 'C:/Program Files/Unity/Hub/Editor/2021.2.0f1/Editor/Data/Managed'
Mono path[1] = 'C:/Program Files/Unity/Hub/Editor/2021.2.0f1/Editor/Data/MonoBleedingEdge/lib/mono/unityjit-win32'
Mono config path = 'C:/Program Files/Unity/Hub/Editor/2021.2.0f1/Editor/Data/MonoBleedingEdge/etc'
Using monoOptions --debugger-agent=transport=dt_socket,embedding=1,server=y,suspend=n,address=127.0.0.1:56040
Begin MonoManager ReloadAssembly
Registering precompiled unity dll's ...
Register platform support module: C:/Program Files/Unity/Hub/Editor/2021.2.0f1/Editor/Data/PlaybackEngines/WindowsStandaloneSupport/UnityEditor.WindowsStandalone.Extensions.dll
Registered in 0.006377 seconds.
Native extension for WindowsStandalone target not found
Refreshing native plugins compatible for Editor in 126.65 ms, found 3 plugins.
Preloading 0 native plugins for Editor in 0.00 ms.
Mono: successfully reloaded assembly
- Completed reload, in  1.101 seconds
Domain Reload Profiling:
	ReloadAssembly (1101ms)
		BeginReloadAssembly (61ms)
			ExecutionOrderSort (0ms)
			DisableScriptedObjects (0ms)
			BackupInstance (0ms)
			ReleaseScriptingObjects (0ms)
			CreateAndSetChildDomain (1ms)
		EndReloadAssembly (456ms)
			LoadAssemblies (59ms)
			RebuildTransferFunctionScriptingTraits (0ms)
			SetupTypeCache (96ms)
			ReleaseScriptCaches (0ms)
			RebuildScriptCaches (22ms)
			SetupLoadedEditorAssemblies (287ms)
				LogAssemblyErrors (0ms)
				InitializePlatformSupportModulesInManaged (7ms)
				SetLoadedEditorAssemblies (0ms)
				RefreshPlugins (127ms)
				BeforeProcessingInitializeOnLoad (1ms)
				ProcessInitializeOnLoadAttributes (111ms)
				ProcessInitializeOnLoadMethodAttributes (41ms)
				AfterProcessingInitializeOnLoad (0ms)
				EditorAssembliesLoaded (0ms)
			ExecutionOrderSort2 (0ms)
			AwakeInstancesAfterBackupRestoration (0ms)
Platform modules already initialized, skipping
Registering precompiled user dll's ...
Registered in 0.007881 seconds.
Begin MonoManager ReloadAssembly
OnLevelWasLoaded was found on scriptEjemploVR
This message has been deprecated and will be removed in a later version of Unity.
Add a delegate to SceneManager.sceneLoaded instead to get notifications after scene loading has completed
Unloading broken assembly Assets/GoogleMobileAds/GoogleMobileAds.Unity.dll, this assembly can cause crashes in the runtime
Native extension for WindowsStandalone target not found
Refreshing native plugins compatible for Editor in 2.37 ms, found 3 plugins.
Preloading 0 native plugins for Editor in 0.00 ms.
Package Manager log level set to [2]
Mono: successfully reloaded assembly
- Completed reload, in  0.957 seconds
Domain Reload Profiling:
	ReloadAssembly (957ms)
		BeginReloadAssembly (154ms)
			ExecutionOrderSort (0ms)
			DisableScriptedObjects (5ms)
			BackupInstance (0ms)
			ReleaseScriptingObjects (0ms)
			CreateAndSetChildDomain (18ms)
		EndReloadAssembly (713ms)
			LoadAssemblies (63ms)
			RebuildTransferFunctionScriptingTraits (0ms)
			SetupTypeCache (140ms)
			ReleaseScriptCaches (1ms)
			RebuildScriptCaches (51ms)
			SetupLoadedEditorAssemblies (369ms)
				LogAssemblyErrors (0ms)
				InitializePlatformSupportModulesInManaged (11ms)
				SetLoadedEditorAssemblies (0ms)
				RefreshPlugins (2ms)
				BeforeProcessingInitializeOnLoad (56ms)
				ProcessInitializeOnLoadAttributes (221ms)
				ProcessInitializeOnLoadMethodAttributes (71ms)
				AfterProcessingInitializeOnLoad (7ms)
				EditorAssembliesLoaded (0ms)
			ExecutionOrderSort2 (0ms)
			AwakeInstancesAfterBackupRestoration (4ms)
Platform modules already initialized, skipping
========================================================================
Worker process is ready to serve import requests
Launched and connected shader compiler UnityShaderCompiler.exe after 0.07 seconds
Refreshing native plugins compatible for Editor in 2.17 ms, found 3 plugins.
Preloading 0 native plugins for Editor in 0.00 ms.
Unloading 2606 Unused Serialized files (Serialized files now loaded: 0)
Unloading 191 unused Assets / (1.7 MB). Loaded Objects now: 2983.
Memory consumption went from 156.0 MB to 154.3 MB.
Total: 5.289400 ms (FindLiveObjects: 0.247400 ms CreateObjectMapping: 0.075400 ms MarkObjects: 4.562000 ms  DeleteObjects: 0.403700 ms)

AssetImportParameters requested are different than current active one (requested -> active):
  custom:video-decoder-ogg-theora: a1e56fd34408186e4bbccfd4996cb3dc -> 
  custom:container-muxer-webm: aa71ff27fc2769a1b78a27578f13a17b -> 
  custom:container-demuxer-webm: 4f35f7cbe854078d1ac9338744f61a02 -> 
  custom:video-encoder-webm-vp8: eb34c28f22e8b96e1ab97ce403110664 -> 
  custom:audio-encoder-webm-vorbis: bf7c407c2cedff20999df2af8eb42d56 -> 
  custom:framework-win-MediaFoundation: 216162199b28c13a410421893ffa2e32 -> 
  custom:container-demuxer-ogg: 62fdf1f143b41e24485cea50d1cbac27 -> 
  custom:video-decoder-webm-vp8: 9c59270c3fd7afecdb556c50c9e8de78 -> 
  custom:audio-decoder-ogg-vorbis: bf7c407c2cedff20999df2af8eb42d56 -> 
========================================================================
Received Import Request.
  Time since last request: 194411.827165 seconds.
  path: Assets/Buttons/Round/512x512/Blue/General/People_Players_Crowd_Party.png
  artifactKey: Guid(8bf5ebd9717f45643b7112297632928c) Importer(815301076,1909f56bfc062723c751e8b465ee728b)
Start importing Assets/Buttons/Round/512x512/Blue/General/People_Players_Crowd_Party.png using Guid(8bf5ebd9717f45643b7112297632928c) Importer(815301076,1909f56bfc062723c751e8b465ee728b)  -> (artifact id: '12cf7be16b0e53113f62d2dd700d6981') in 0.147953 seconds 
========================================================================
Received Import Request.
  Time since last request: 0.174605 seconds.
  path: Assets/Buttons/Square/512x512/Gray/General/Person_Player_Solo.png
  artifactKey: Guid(f68b5e08825c5de4f8cc16cd64ae02f7) Importer(815301076,1909f56bfc062723c751e8b465ee728b)
Start importing Assets/Buttons/Square/512x512/Gray/General/Person_Player_Solo.png using Guid(f68b5e08825c5de4f8cc16cd64ae02f7) Importer(815301076,1909f56bfc062723c751e8b465ee728b)  -> (artifact id: 'f4b2e19a8cb4dba75103a5fb50c5d3e5') in 0.060139 seconds 
========================================================================
Received Import Request.
  Time since last request: 0.000023 seconds.
  path: Assets/Buttons/Round/512x512/Aquamarine/General/Person_Player_Solo.png
  artifactKey: Guid(f1c422c425413574093c79839f253235) Importer(815301076,1909f56bfc062723c751e8b465ee728b)
Start importing Assets/Buttons/Round/512x512/Aquamarine/General/Person_Player_Solo.png using Guid(f1c422c425413574093c79839f253235) Importer(815301076,1909f56bfc062723c751e8b465ee728b)  -> (artifact id: '9cf201b2947ccecf9fd1365aee00e682') in 0.040322 seconds 
========================================================================
Received Import Request.
  Time since last request: 0.000028 seconds.
  path: Assets/Buttons/Round/512x512/Green/General/Person_Player_Solo.png
  artifactKey: Guid(ceb2a7572007fb143989116475717756) Importer(815301076,1909f56bfc062723c751e8b465ee728b)
Start importing Assets/Buttons/Round/512x512/Green/General/Person_Player_Solo.png using Guid(ceb2a7572007fb143989116475717756) Importer(815301076,1909f56bfc062723c751e8b465ee728b)  -> (artifact id: 'a1c079a39821a9762cace5bdfe17c959') in 0.042402 seconds 
========================================================================
Received Import Request.
  Time since last request: 0.000016 seconds.
  path: Assets/Buttons/Square/512x512/Pink/General/Person_Player_Solo.png
  artifactKey: Guid(b5dc82ab0670d63409ab81ceb2771a6e) Importer(815301076,1909f56bfc062723c751e8b465ee728b)
Start importing Assets/Buttons/Square/512x512/Pink/General/Person_Player_Solo.png using Guid(b5dc82ab0670d63409ab81ceb2771a6e) Importer(815301076,1909f56bfc062723c751e8b465ee728b)  -> (artifact id: 'a9e8ed20bfe6b7d011b03140b5288f0f') in 0.022499 seconds 
========================================================================
Received Import Request.
  Time since last request: 0.000016 seconds.
  path: Assets/Buttons/Round/512x512/NeonGreen/General/Person_Player_Solo.png
  artifactKey: Guid(267d1e5e087b9a7488a0e9dfdaa6020a) Importer(815301076,1909f56bfc062723c751e8b465ee728b)
Start importing Assets/Buttons/Round/512x512/NeonGreen/General/Person_Player_Solo.png using Guid(267d1e5e087b9a7488a0e9dfdaa6020a) Importer(815301076,1909f56bfc062723c751e8b465ee728b)  -> (artifact id: 'a89c0bfe456c71d4ca80c57272169716') in 0.073924 seconds 
========================================================================
Received Import Request.
  Time since last request: 0.000023 seconds.
  path: Assets/Buttons/Round/512x512/Purple/General/Person_Player_Solo.png
  artifactKey: Guid(e50887f157fba2b4bb078f805dc5d9eb) Importer(815301076,1909f56bfc062723c751e8b465ee728b)
Start importing Assets/Buttons/Round/512x512/Purple/General/Person_Player_Solo.png using Guid(e50887f157fba2b4bb078f805dc5d9eb) Importer(815301076,1909f56bfc062723c751e8b465ee728b)  -> (artifact id: '156c92b3e1024f0466306ec29e7b7871') in 0.036400 seconds 
========================================================================
Received Import Request.
  Time since last request: 0.080449 seconds.
  path: Assets/Buttons/Round/512x512/Red/General/Person_Player_Solo.png
  artifactKey: Guid(b8c2a4c4bf2d1244dac0ed697fa1bdf1) Importer(815301076,1909f56bfc062723c751e8b465ee728b)
Start importing Assets/Buttons/Round/512x512/Red/General/Person_Player_Solo.png using Guid(b8c2a4c4bf2d1244dac0ed697fa1bdf1) Importer(815301076,1909f56bfc062723c751e8b465ee728b)  -> (artifact id: 'f41fba5e0a1dca43bd86d72c0ce1294d') in 0.056406 seconds 
========================================================================
Received Import Request.
  Time since last request: 0.000022 seconds.
  path: Assets/JMO Assets/Toony Colors/Demo 2.0/Models/TCF_Demo_Player.fbx
  artifactKey: Guid(f1d84cc28597f5641a3d9cbc4df7e306) Importer(815301076,1909f56bfc062723c751e8b465ee728b)
Start importing Assets/JMO Assets/Toony Colors/Demo 2.0/Models/TCF_Demo_Player.fbx using Guid(f1d84cc28597f5641a3d9cbc4df7e306) Importer(815301076,1909f56bfc062723c751e8b465ee728b)  -> (artifact id: '038d91a202445526edb958108f477973') in 0.083805 seconds 
========================================================================
Received Import Request.
  Time since last request: 37.219423 seconds.
  path: Assets/0DP ASSETS/noimpo/SampleScenes/Models/RampElevated.fbx
  artifactKey: Guid(18dd8d7cbc4bc6a49ba9d26e2994c5bf) Importer(815301076,1909f56bfc062723c751e8b465ee728b)
Start importing Assets/0DP ASSETS/noimpo/SampleScenes/Models/RampElevated.fbx using Guid(18dd8d7cbc4bc6a49ba9d26e2994c5bf) Importer(815301076,1909f56bfc062723c751e8b465ee728b)  -> (artifact id: '6e7d6493a0f11ba86526843d5f085afe') in 0.440370 seconds 
========================================================================
Received Prepare
Registering precompiled user dll's ...
Registered in 0.010733 seconds.
OnLevelWasLoaded was found on scriptEjemploVR
This message has been deprecated and will be removed in a later version of Unity.
Add a delegate to SceneManager.sceneLoaded instead to get notifications after scene loading has completed
Begin MonoManager ReloadAssembly
OnLevelWasLoaded was found on scriptEjemploVR
This message has been deprecated and will be removed in a later version of Unity.
Add a delegate to SceneManager.sceneLoaded instead to get notifications after scene loading has completed
Unloading broken assembly Assets/GoogleMobileAds/GoogleMobileAds.Unity.dll, this assembly can cause crashes in the runtime
Native extension for WindowsStandalone target not found
Refreshing native plugins compatible for Editor in 2.56 ms, found 3 plugins.
Preloading 0 native plugins for Editor in 0.00 ms.
Mono: successfully reloaded assembly
- Completed reload, in  1.042 seconds
Domain Reload Profiling:
	ReloadAssembly (1043ms)
		BeginReloadAssembly (113ms)
			ExecutionOrderSort (0ms)
			DisableScriptedObjects (5ms)
			BackupInstance (0ms)
			ReleaseScriptingObjects (0ms)
			CreateAndSetChildDomain (28ms)
		EndReloadAssembly (821ms)
			LoadAssemblies (68ms)
			RebuildTransferFunctionScriptingTraits (0ms)
			SetupTypeCache (169ms)
			ReleaseScriptCaches (2ms)
			RebuildScriptCaches (59ms)
			SetupLoadedEditorAssemblies (401ms)
				LogAssemblyErrors (0ms)
				InitializePlatformSupportModulesInManaged (12ms)
				SetLoadedEditorAssemblies (0ms)
				RefreshPlugins (3ms)
				BeforeProcessingInitializeOnLoad (62ms)
				ProcessInitializeOnLoadAttributes (241ms)
				ProcessInitializeOnLoadMethodAttributes (74ms)
				AfterProcessingInitializeOnLoad (8ms)
				EditorAssembliesLoaded (0ms)
			ExecutionOrderSort2 (0ms)
			AwakeInstancesAfterBackupRestoration (9ms)
Platform modules already initialized, skipping
Refreshing native plugins compatible for Editor in 2.37 ms, found 3 plugins.
Preloading 0 native plugins for Editor in 0.00 ms.
Unloading 2524 Unused Serialized files (Serialized files now loaded: 0)
Unloading 186 unused Assets / (1.6 MB). Loaded Objects now: 3119.
Memory consumption went from 157.6 MB to 156.0 MB.
Total: 5.928200 ms (FindLiveObjects: 0.232200 ms CreateObjectMapping: 0.073000 ms MarkObjects: 5.224300 ms  DeleteObjects: 0.397700 ms)

AssetImportParameters requested are different than current active one (requested -> active):
  custom:video-decoder-ogg-theora: a1e56fd34408186e4bbccfd4996cb3dc -> 
  custom:container-muxer-webm: aa71ff27fc2769a1b78a27578f13a17b -> 
  custom:container-demuxer-webm: 4f35f7cbe854078d1ac9338744f61a02 -> 
  custom:video-encoder-webm-vp8: eb34c28f22e8b96e1ab97ce403110664 -> 
  custom:audio-encoder-webm-vorbis: bf7c407c2cedff20999df2af8eb42d56 -> 
  custom:framework-win-MediaFoundation: 216162199b28c13a410421893ffa2e32 -> 
  custom:container-demuxer-ogg: 62fdf1f143b41e24485cea50d1cbac27 -> 
  custom:video-decoder-webm-vp8: 9c59270c3fd7afecdb556c50c9e8de78 -> 
  custom:audio-decoder-ogg-vorbis: bf7c407c2cedff20999df2af8eb42d56 -> 
========================================================================
Received Prepare
Registering precompiled user dll's ...
Registered in 0.007601 seconds.
OnLevelWasLoaded was found on scriptEjemploVR
This message has been deprecated and will be removed in a later version of Unity.
Add a delegate to SceneManager.sceneLoaded instead to get notifications after scene loading has completed
Begin MonoManager ReloadAssembly
OnLevelWasLoaded was found on scriptEjemploVR
This message has been deprecated and will be removed in a later version of Unity.
Add a delegate to SceneManager.sceneLoaded instead to get notifications after scene loading has completed
Unloading broken assembly Assets/GoogleMobileAds/GoogleMobileAds.Unity.dll, this assembly can cause crashes in the runtime
Native extension for WindowsStandalone target not found
Refreshing native plugins compatible for Editor in 3.54 ms, found 3 plugins.
Preloading 0 native plugins for Editor in 0.00 ms.
Mono: successfully reloaded assembly
- Completed reload, in  0.941 seconds
Domain Reload Profiling:
	ReloadAssembly (941ms)
		BeginReloadAssembly (117ms)
			ExecutionOrderSort (0ms)
			DisableScriptedObjects (7ms)
			BackupInstance (0ms)
			ReleaseScriptingObjects (0ms)
			CreateAndSetChildDomain (26ms)
		EndReloadAssembly (720ms)
			LoadAssemblies (64ms)
			RebuildTransferFunctionScriptingTraits (0ms)
			SetupTypeCache (149ms)
			ReleaseScriptCaches (1ms)
			RebuildScriptCaches (52ms)
			SetupLoadedEditorAssemblies (354ms)
				LogAssemblyErrors (0ms)
				InitializePlatformSupportModulesInManaged (15ms)
				SetLoadedEditorAssemblies (0ms)
				RefreshPlugins (4ms)
				BeforeProcessingInitializeOnLoad (61ms)
				ProcessInitializeOnLoadAttributes (202ms)
				ProcessInitializeOnLoadMethodAttributes (64ms)
				AfterProcessingInitializeOnLoad (8ms)
				EditorAssembliesLoaded (0ms)
			ExecutionOrderSort2 (0ms)
			AwakeInstancesAfterBackupRestoration (9ms)
Platform modules already initialized, skipping
Refreshing native plugins compatible for Editor in 2.35 ms, found 3 plugins.
Preloading 0 native plugins for Editor in 0.00 ms.
Unloading 2515 Unused Serialized files (Serialized files now loaded: 0)
Unloading 186 unused Assets / (1.6 MB). Loaded Objects now: 3121.
Memory consumption went from 157.2 MB to 155.6 MB.
Total: 5.497900 ms (FindLiveObjects: 0.265900 ms CreateObjectMapping: 0.073100 ms MarkObjects: 4.735200 ms  DeleteObjects: 0.422600 ms)

AssetImportParameters requested are different than current active one (requested -> active):
  custom:video-decoder-ogg-theora: a1e56fd34408186e4bbccfd4996cb3dc -> 
  custom:container-muxer-webm: aa71ff27fc2769a1b78a27578f13a17b -> 
  custom:container-demuxer-webm: 4f35f7cbe854078d1ac9338744f61a02 -> 
  custom:video-encoder-webm-vp8: eb34c28f22e8b96e1ab97ce403110664 -> 
  custom:audio-encoder-webm-vorbis: bf7c407c2cedff20999df2af8eb42d56 -> 
  custom:framework-win-MediaFoundation: 216162199b28c13a410421893ffa2e32 -> 
  custom:container-demuxer-ogg: 62fdf1f143b41e24485cea50d1cbac27 -> 
  custom:video-decoder-webm-vp8: 9c59270c3fd7afecdb556c50c9e8de78 -> 
  custom:audio-decoder-ogg-vorbis: bf7c407c2cedff20999df2af8eb42d56 -> 
========================================================================
Received Prepare
Registering precompiled user dll's ...
Registered in 0.007964 seconds.
OnLevelWasLoaded was found on scriptEjemploVR
This message has been deprecated and will be removed in a later version of Unity.
Add a delegate to SceneManager.sceneLoaded instead to get notifications after scene loading has completed
Begin MonoManager ReloadAssembly
OnLevelWasLoaded was found on scriptEjemploVR
This message has been deprecated and will be removed in a later version of Unity.
Add a delegate to SceneManager.sceneLoaded instead to get notifications after scene loading has completed
Unloading broken assembly Assets/GoogleMobileAds/GoogleMobileAds.Unity.dll, this assembly can cause crashes in the runtime
Native extension for WindowsStandalone target not found
Refreshing native plugins compatible for Editor in 2.38 ms, found 3 plugins.
Preloading 0 native plugins for Editor in 0.00 ms.
Mono: successfully reloaded assembly
- Completed reload, in  0.949 seconds
Domain Reload Profiling:
	ReloadAssembly (949ms)
		BeginReloadAssembly (110ms)
			ExecutionOrderSort (0ms)
			DisableScriptedObjects (6ms)
			BackupInstance (0ms)
			ReleaseScriptingObjects (0ms)
			CreateAndSetChildDomain (25ms)
		EndReloadAssembly (731ms)
			LoadAssemblies (64ms)
			RebuildTransferFunctionScriptingTraits (0ms)
			SetupTypeCache (141ms)
			ReleaseScriptCaches (2ms)
			RebuildScriptCaches (60ms)
			SetupLoadedEditorAssemblies (358ms)
				LogAssemblyErrors (0ms)
				InitializePlatformSupportModulesInManaged (11ms)
				SetLoadedEditorAssemblies (0ms)
				RefreshPlugins (2ms)
				BeforeProcessingInitializeOnLoad (59ms)
				ProcessInitializeOnLoadAttributes (206ms)
				ProcessInitializeOnLoadMethodAttributes (72ms)
				AfterProcessingInitializeOnLoad (8ms)
				EditorAssembliesLoaded (0ms)
			ExecutionOrderSort2 (0ms)
			AwakeInstancesAfterBackupRestoration (9ms)
Platform modules already initialized, skipping
Refreshing native plugins compatible for Editor in 2.34 ms, found 3 plugins.
Preloading 0 native plugins for Editor in 0.00 ms.
Unloading 2515 Unused Serialized files (Serialized files now loaded: 0)
Unloading 186 unused Assets / (1.6 MB). Loaded Objects now: 3123.
Memory consumption went from 157.2 MB to 155.6 MB.
Total: 5.648300 ms (FindLiveObjects: 0.335400 ms CreateObjectMapping: 0.075800 ms MarkObjects: 4.809400 ms  DeleteObjects: 0.426500 ms)

AssetImportParameters requested are different than current active one (requested -> active):
  custom:video-decoder-ogg-theora: a1e56fd34408186e4bbccfd4996cb3dc -> 
  custom:container-muxer-webm: aa71ff27fc2769a1b78a27578f13a17b -> 
  custom:container-demuxer-webm: 4f35f7cbe854078d1ac9338744f61a02 -> 
  custom:video-encoder-webm-vp8: eb34c28f22e8b96e1ab97ce403110664 -> 
  custom:audio-encoder-webm-vorbis: bf7c407c2cedff20999df2af8eb42d56 -> 
  custom:framework-win-MediaFoundation: 216162199b28c13a410421893ffa2e32 -> 
  custom:container-demuxer-ogg: 62fdf1f143b41e24485cea50d1cbac27 -> 
  custom:video-decoder-webm-vp8: 9c59270c3fd7afecdb556c50c9e8de78 -> 
  custom:audio-decoder-ogg-vorbis: bf7c407c2cedff20999df2af8eb42d56 -> 
========================================================================
Received Import Request.
  Time since last request: 413.963750 seconds.
  path: Assets/Resources/NivelesPrefab/14GUALEY_.prefab
  artifactKey: Guid(5cdb1d2f7f5ffcd44b493d567c262854) Importer(815301076,1909f56bfc062723c751e8b465ee728b)
Start importing Assets/Resources/NivelesPrefab/14GUALEY_.prefab using Guid(5cdb1d2f7f5ffcd44b493d567c262854) Importer(815301076,1909f56bfc062723c751e8b465ee728b)  -> (artifact id: '7dc97da320ce18477d28cc2484f7b63f') in 1.199456 seconds 
========================================================================
Received Import Request.
  Time since last request: 0.000030 seconds.
  path: Assets/0DP ASSETS/prefabricados/plataformaagua.prefab
  artifactKey: Guid(c9172b78ee2f17743a7adf0b033e915a) Importer(815301076,1909f56bfc062723c751e8b465ee728b)
Start importing Assets/0DP ASSETS/prefabricados/plataformaagua.prefab using Guid(c9172b78ee2f17743a7adf0b033e915a) Importer(815301076,1909f56bfc062723c751e8b465ee728b)  -> (artifact id: 'b50435737db2d43e4a0eb1eaa85bf91c') in 0.053672 seconds 
========================================================================
Received Import Request.
  Time since last request: 0.000024 seconds.
  path: Assets/0DP ASSETS/imagenes/Materials/texturaaguacate1.mat
  artifactKey: Guid(76f9cacea73c73f45af6df339c318c6b) Importer(815301076,1909f56bfc062723c751e8b465ee728b)
Start importing Assets/0DP ASSETS/imagenes/Materials/texturaaguacate1.mat using Guid(76f9cacea73c73f45af6df339c318c6b) Importer(815301076,1909f56bfc062723c751e8b465ee728b)  -> (artifact id: '4d82fa4be18bef8713cb1d77d83ad4a5') in 0.043052 seconds 
========================================================================
Received Import Request.
  Time since last request: 0.000021 seconds.
  path: Assets/0DP ASSETS/imagenes/Materials/texturaaguacate.mat
  artifactKey: Guid(55c98c782ca25a04c8f6415af3db25a3) Importer(815301076,1909f56bfc062723c751e8b465ee728b)
Start importing Assets/0DP ASSETS/imagenes/Materials/texturaaguacate.mat using Guid(55c98c782ca25a04c8f6415af3db25a3) Importer(815301076,1909f56bfc062723c751e8b465ee728b)  -> (artifact id: '672df973ceb98f44504246ca9f32f9bb') in 0.031763 seconds 
========================================================================
Received Import Request.
  Time since last request: 0.000017 seconds.
  path: Assets/0DP ASSETS/prefabricados/aguacate.prefab
  artifactKey: Guid(e4e26aed32b9e9443822e8d06f3933a1) Importer(815301076,1909f56bfc062723c751e8b465ee728b)
Start importing Assets/0DP ASSETS/prefabricados/aguacate.prefab using Guid(e4e26aed32b9e9443822e8d06f3933a1) Importer(815301076,1909f56bfc062723c751e8b465ee728b)  -> (artifact id: '52471703764ff055efd3051639a8618a') in 0.012497 seconds 
========================================================================
Received Import Request.
  Time since last request: 0.000019 seconds.
  path: Assets/0DP ASSETS/imagenes/old4/texturaaguacate.png
  artifactKey: Guid(273c76610946e104bafd8f6fd7331592) Importer(815301076,1909f56bfc062723c751e8b465ee728b)
Start importing Assets/0DP ASSETS/imagenes/old4/texturaaguacate.png using Guid(273c76610946e104bafd8f6fd7331592) Importer(815301076,1909f56bfc062723c751e8b465ee728b)  -> (artifact id: '4ab78590b11db38c92cd7d3009e4488e') in 0.028714 seconds 
========================================================================
Received Import Request.
  Time since last request: 0.000021 seconds.
  path: Assets/0DP ASSETS/0CASASNUEVAS/PLATANERA/camioncitodeagua.prefab
  artifactKey: Guid(5d96285a9d57e814baada2928cf54a89) Importer(815301076,1909f56bfc062723c751e8b465ee728b)
Start importing Assets/0DP ASSETS/0CASASNUEVAS/PLATANERA/camioncitodeagua.prefab using Guid(5d96285a9d57e814baada2928cf54a89) Importer(815301076,1909f56bfc062723c751e8b465ee728b)  -> (artifact id: 'e3b2e3538fd882485e7d8f2689166094') in 0.175608 seconds 
========================================================================
Received Import Request.
  Time since last request: 0.000023 seconds.
  path: Assets/0DP ASSETS/MUSICA Y SONIDOS/agua.mp3
  artifactKey: Guid(2adc4fab77ea4504885a80600a5dfbd4) Importer(815301076,1909f56bfc062723c751e8b465ee728b)
Start importing Assets/0DP ASSETS/MUSICA Y SONIDOS/agua.mp3 using Guid(2adc4fab77ea4504885a80600a5dfbd4) Importer(815301076,1909f56bfc062723c751e8b465ee728b)  -> (artifact id: '5167bf20f79175ed69d4a289ec68b8ba') in 0.020037 seconds 
========================================================================
Received Import Request.
  Time since last request: 0.000020 seconds.
  path: Assets/Resources/NivelesPrefab/30los guaricano_.prefab
  artifactKey: Guid(df2454b2046da2e4d819e3c99eee3a3f) Importer(815301076,1909f56bfc062723c751e8b465ee728b)
Start importing Assets/Resources/NivelesPrefab/30los guaricano_.prefab using Guid(df2454b2046da2e4d819e3c99eee3a3f) Importer(815301076,1909f56bfc062723c751e8b465ee728b)  -> (artifact id: '2e3ecc3b20d6919ed800157eee77bc7c') in 2.621854 seconds 
========================================================================
Received Import Request.
  Time since last request: 27.867446 seconds.
  path: Assets/Resources/NivelesPrefab/2LOS MINA_.prefab
  artifactKey: Guid(ee16c120d9317144c9abab4c837333ad) Importer(815301076,1909f56bfc062723c751e8b465ee728b)
Start importing Assets/Resources/NivelesPrefab/2LOS MINA_.prefab using Guid(ee16c120d9317144c9abab4c837333ad) Importer(815301076,1909f56bfc062723c751e8b465ee728b)  -> (artifact id: 'ee2b35b3e393e80e88d2ad73dcadf36d') in 0.793190 seconds 
========================================================================
Received Import Request.
  Time since last request: 0.000024 seconds.
  path: Assets/Resources/NivelesPrefab/42VILLA MELLA 2_.prefab
  artifactKey: Guid(19019752ed9e70541ba772db4b383f6e) Importer(815301076,1909f56bfc062723c751e8b465ee728b)
Start importing Assets/Resources/NivelesPrefab/42VILLA MELLA 2_.prefab using Guid(19019752ed9e70541ba772db4b383f6e) Importer(815301076,1909f56bfc062723c751e8b465ee728b)  -> (artifact id: 'ff0c145268965d0da625d4b8316c6fa2') in 2.709689 seconds 
========================================================================
Received Import Request.
  Time since last request: 0.000029 seconds.
  path: Assets/Resources/NivelesPrefab/18pico_.prefab
  artifactKey: Guid(ef4d268110266964faf77cba4f238008) Importer(815301076,1909f56bfc062723c751e8b465ee728b)
Start importing Assets/Resources/NivelesPrefab/18pico_.prefab using Guid(ef4d268110266964faf77cba4f238008) Importer(815301076,1909f56bfc062723c751e8b465ee728b)  -> (artifact id: 'b5af5cdfa52d7d1382a37566cc6fd36f') in 0.863970 seconds 
========================================================================
Received Import Request.
  Time since last request: 0.000028 seconds.
  path: Assets/Resources/NivelesPrefab/11RIOOZAMA.prefab
  artifactKey: Guid(d4328471b2861ec4a90aa46652cb51a8) Importer(815301076,1909f56bfc062723c751e8b465ee728b)
Start importing Assets/Resources/NivelesPrefab/11RIOOZAMA.prefab using Guid(d4328471b2861ec4a90aa46652cb51a8) Importer(815301076,1909f56bfc062723c751e8b465ee728b)  -> (artifact id: '29d95a5ac660a8220846e401ea421a30') in 0.144670 seconds 
========================================================================
Received Import Request.
  Time since last request: 0.000030 seconds.
  path: Assets/Resources/NivelesPrefab/17samana 2_.prefab
  artifactKey: Guid(96a51b4db9f0ca84dadcea0cfb0ba5f9) Importer(815301076,1909f56bfc062723c751e8b465ee728b)
Start importing Assets/Resources/NivelesPrefab/17samana 2_.prefab using Guid(96a51b4db9f0ca84dadcea0cfb0ba5f9) Importer(815301076,1909f56bfc062723c751e8b465ee728b)  -> (artifact id: '386c603e01b857930cffc824be93eb72') in 0.172387 seconds 
========================================================================
Received Import Request.
  Time since last request: 0.000023 seconds.
  path: Assets/Resources/NivelesPrefab/52constanza 4 (1).prefab
  artifactKey: Guid(df10b77dc6af43240bffe7f4aa19d137) Importer(815301076,1909f56bfc062723c751e8b465ee728b)
Start importing Assets/Resources/NivelesPrefab/52constanza 4 (1).prefab using Guid(df10b77dc6af43240bffe7f4aa19d137) Importer(815301076,1909f56bfc062723c751e8b465ee728b) Asset 'hielo': Transition 'hielo -> otrahielo' in state 'hielo' doesn't have an Exit Time or any condition, transition will be ignored
UnityEngine.StackTraceUtility:ExtractStackTrace ()
UnityEditor.EditorUtility:Internal_InstantiateRemoveAllNonAnimationComponentsSingle (UnityEngine.Object,UnityEngine.Vector3,UnityEngine.Quaternion)
UnityEditor.EditorUtility:InstantiateRemoveAllNonAnimationComponents (UnityEngine.Object,UnityEngine.Vector3,UnityEngine.Quaternion)
UnityEditor.EditorUtility:InstantiateForAnimatorPreview (UnityEngine.Object)
UnityEditor.GameObjectInspector/PreviewData:UpdateGameObject (UnityEngine.Object)
UnityEditor.GameObjectInspector/PreviewData:.ctor (UnityEngine.Object)
UnityEditor.GameObjectInspector:GetPreviewData ()
UnityEditor.GameObjectInspector:RenderStaticPreview (string,UnityEngine.Object[],int,int)
UnityEditor.AssetPreviewUpdater:CreatePreview (UnityEngine.Object,UnityEngine.Object[],string,int,int)
UnityEditor.AssetPreviewUpdater:CreatePreviewForAsset (UnityEngine.Object,UnityEngine.Object[],string)

[C:\buildslave\unity\build\Editor\Src\Animation\StateMachine.cpp line 1845]

 -> (artifact id: 'cc31e5c9b547bb32c193f0917afefe96') in 0.226290 seconds 
========================================================================
Received Import Request.
  Time since last request: 0.000031 seconds.
  path: Assets/Resources/NivelesPrefab/50.5uasd_ 1.prefab
  artifactKey: Guid(1a3ccb9dbc8726040bb2619e40fbc50b) Importer(815301076,1909f56bfc062723c751e8b465ee728b)
Start importing Assets/Resources/NivelesPrefab/50.5uasd_ 1.prefab using Guid(1a3ccb9dbc8726040bb2619e40fbc50b) Importer(815301076,1909f56bfc062723c751e8b465ee728b)  -> (artifact id: 'b83615481eddc7a65982b3534befe47e') in 0.410029 seconds 
========================================================================
Received Import Request.
  Time since last request: 0.000045 seconds.
  path: Assets/Resources/NivelesPrefab/6SAN JUAN_.prefab
  artifactKey: Guid(5c2cce69dd40e874f93eaf4c852eb7b8) Importer(815301076,1909f56bfc062723c751e8b465ee728b)
Start importing Assets/Resources/NivelesPrefab/6SAN JUAN_.prefab using Guid(5c2cce69dd40e874f93eaf4c852eb7b8) Importer(815301076,1909f56bfc062723c751e8b465ee728b)  -> (artifact id: 'cc22ce4bedf139b88655a0c55cf41c10') in 1.850868 seconds 
========================================================================
Received Import Request.
  Time since last request: 0.000036 seconds.
  path: Assets/Resources/NivelesPrefab/55SALCEDO.prefab
  artifactKey: Guid(645b55ad27ced3146a8a64a2bab51c4f) Importer(815301076,1909f56bfc062723c751e8b465ee728b)
Start importing Assets/Resources/NivelesPrefab/55SALCEDO.prefab using Guid(645b55ad27ced3146a8a64a2bab51c4f) Importer(815301076,1909f56bfc062723c751e8b465ee728b)  -> (artifact id: '37d29db8f4e1b79afef2572138424882') in 1.238066 seconds 
========================================================================
Received Import Request.
  Time since last request: 0.000040 seconds.
  path: Assets/Resources/NivelesPrefab/9SAMANA_.prefab
  artifactKey: Guid(d03272bdb23947747a380f34d6d1bbc8) Importer(815301076,1909f56bfc062723c751e8b465ee728b)
Start importing Assets/Resources/NivelesPrefab/9SAMANA_.prefab using Guid(d03272bdb23947747a380f34d6d1bbc8) Importer(815301076,1909f56bfc062723c751e8b465ee728b)  -> (artifact id: '4b6518c121d9253e942a8fa4131d5a08') in 0.207199 seconds 
========================================================================
Received Import Request.
  Time since last request: 0.000034 seconds.
  path: Assets/Resources/NivelesPrefab/54ZONA POPI.prefab
  artifactKey: Guid(6571aa962b3de224cacc3e64c5fa5b80) Importer(815301076,1909f56bfc062723c751e8b465ee728b)
Start importing Assets/Resources/NivelesPrefab/54ZONA POPI.prefab using Guid(6571aa962b3de224cacc3e64c5fa5b80) Importer(815301076,1909f56bfc062723c751e8b465ee728b)  -> (artifact id: 'e327e31d597cdad7da449b6e9923d36a') in 0.663610 seconds 
========================================================================
Received Import Request.
  Time since last request: 0.000064 seconds.
  path: Assets/Resources/NivelesPrefab/14,5uasd_ 1.prefab
  artifactKey: Guid(77e0a2e97b71a3d42ab0db8743a946b2) Importer(815301076,1909f56bfc062723c751e8b465ee728b)
Start importing Assets/Resources/NivelesPrefab/14,5uasd_ 1.prefab using Guid(77e0a2e97b71a3d42ab0db8743a946b2) Importer(815301076,1909f56bfc062723c751e8b465ee728b)  -> (artifact id: '8b25b467904bddb7b5dc2ac450667963') in 0.482719 seconds 
========================================================================
Received Import Request.
  Time since last request: 0.000032 seconds.
  path: Assets/Resources/NivelesPrefab/60moca.prefab
  artifactKey: Guid(7d6f9ad5f62af6b4886222899c283f9d) Importer(815301076,1909f56bfc062723c751e8b465ee728b)
Start importing Assets/Resources/NivelesPrefab/60moca.prefab using Guid(7d6f9ad5f62af6b4886222899c283f9d) Importer(815301076,1909f56bfc062723c751e8b465ee728b)  -> (artifact id: 'c1d4f526732d64d821b9ec42498b5532') in 1.527216 seconds 
========================================================================
Received Import Request.
  Time since last request: 0.000039 seconds.
  path: Assets/Resources/NivelesPrefab/43VILLA MELLA 3_.prefab
  artifactKey: Guid(73820d6fffc5eb64ea9cffc8c2175271) Importer(815301076,1909f56bfc062723c751e8b465ee728b)
Start importing Assets/Resources/NivelesPrefab/43VILLA MELLA 3_.prefab using Guid(73820d6fffc5eb64ea9cffc8c2175271) Importer(815301076,1909f56bfc062723c751e8b465ee728b)  -> (artifact id: 'becff3a6d9ead538b0dafea998fe5c05') in 2.880101 seconds 
========================================================================
Received Import Request.
  Time since last request: 0.000031 seconds.
  path: Assets/Resources/NivelesPrefab/56LOS MAMEYES.prefab
  artifactKey: Guid(6a3eab35a77a0184ebc067215271de11) Importer(815301076,1909f56bfc062723c751e8b465ee728b)
Start importing Assets/Resources/NivelesPrefab/56LOS MAMEYES.prefab using Guid(6a3eab35a77a0184ebc067215271de11) Importer(815301076,1909f56bfc062723c751e8b465ee728b)  -> (artifact id: '9c7df6e1b379c15dc44afb6c73fe3b96') in 2.789050 seconds 
========================================================================
Received Import Request.
  Time since last request: 0.000032 seconds.
  path: Assets/Resources/NivelesPrefab/16BOSQUE_.prefab
  artifactKey: Guid(5a8dd50bb8b1995429278c6240734461) Importer(815301076,1909f56bfc062723c751e8b465ee728b)
Start importing Assets/Resources/NivelesPrefab/16BOSQUE_.prefab using Guid(5a8dd50bb8b1995429278c6240734461) Importer(815301076,1909f56bfc062723c751e8b465ee728b)  -> (artifact id: 'bfc585dd9f86fd6fe835918c14d43a0f') in 0.667826 seconds 
========================================================================
Received Import Request.
  Time since last request: 0.000028 seconds.
  path: Assets/Resources/NivelesPrefab/59utesa.prefab
  artifactKey: Guid(ed15dda85cff6884c82376b944d71129) Importer(815301076,1909f56bfc062723c751e8b465ee728b)
Start importing Assets/Resources/NivelesPrefab/59utesa.prefab using Guid(ed15dda85cff6884c82376b944d71129) Importer(815301076,1909f56bfc062723c751e8b465ee728b)  -> (artifact id: 'b3b211637ac2f62a0bdca732ed102a7f') in 0.673357 seconds 
========================================================================
Received Import Request.
  Time since last request: 0.000035 seconds.
  path: Assets/Resources/NivelesPrefab/28los frailes_.prefab
  artifactKey: Guid(1c864f96f40cc7e4d874ec23b35cc3d4) Importer(815301076,1909f56bfc062723c751e8b465ee728b)
Start importing Assets/Resources/NivelesPrefab/28los frailes_.prefab using Guid(1c864f96f40cc7e4d874ec23b35cc3d4) Importer(815301076,1909f56bfc062723c751e8b465ee728b)  -> (artifact id: '2e3e0051ab77aeb02290201c4688099e') in 2.746012 seconds 
========================================================================
Received Import Request.
  Time since last request: 0.000035 seconds.
  path: Assets/Resources/NivelesPrefab/13bani (1)_.prefab
  artifactKey: Guid(6b81b5f9f0f119946877d67d018a845c) Importer(815301076,1909f56bfc062723c751e8b465ee728b)
Start importing Assets/Resources/NivelesPrefab/13bani (1)_.prefab using Guid(6b81b5f9f0f119946877d67d018a845c) Importer(815301076,1909f56bfc062723c751e8b465ee728b)  -> (artifact id: '025b1c032011cea9da4fd725073891ea') in 0.350122 seconds 
========================================================================
Received Import Request.
  Time since last request: 0.000033 seconds.
  path: Assets/Resources/NivelesPrefab/34villa faro_ 1 neybva.prefab
  artifactKey: Guid(e196755f8c9b7754092d83fb22ce3826) Importer(815301076,1909f56bfc062723c751e8b465ee728b)
Start importing Assets/Resources/NivelesPrefab/34villa faro_ 1 neybva.prefab using Guid(e196755f8c9b7754092d83fb22ce3826) Importer(815301076,1909f56bfc062723c751e8b465ee728b)  -> (artifact id: '1270e5c9309648a54f1d1e4ecffb5bc5') in 3.203855 seconds 
========================================================================
Received Import Request.
  Time since last request: 0.000030 seconds.
  path: Assets/Resources/NivelesPrefab/21labarquita_.prefab
  artifactKey: Guid(6c442314e84529e4488b13000e833e56) Importer(815301076,1909f56bfc062723c751e8b465ee728b)
Start importing Assets/Resources/NivelesPrefab/21labarquita_.prefab using Guid(6c442314e84529e4488b13000e833e56) Importer(815301076,1909f56bfc062723c751e8b465ee728b)  -> (artifact id: 'a9d3a7abeb2b73ba41b035e8eb2d4ee0') in 1.753862 seconds 
========================================================================
Received Import Request.
  Time since last request: 0.000034 seconds.
  path: Assets/Resources/NivelesPrefab/57.prefab
  artifactKey: Guid(b88953717b997b54e9a1d3adf8ebe218) Importer(815301076,1909f56bfc062723c751e8b465ee728b)
Start importing Assets/Resources/NivelesPrefab/57.prefab using Guid(b88953717b997b54e9a1d3adf8ebe218) Importer(815301076,1909f56bfc062723c751e8b465ee728b)  -> (artifact id: '39a1923f4ed090f7e5f118cd81868579') in 0.915760 seconds 
========================================================================
Received Import Request.
  Time since last request: 0.000031 seconds.
  path: Assets/Resources/NivelesPrefab/48constanza 4.prefab
  artifactKey: Guid(500fd0ff195faf445a8ae2d245ae5c53) Importer(815301076,1909f56bfc062723c751e8b465ee728b)
Start importing Assets/Resources/NivelesPrefab/48constanza 4.prefab using Guid(500fd0ff195faf445a8ae2d245ae5c53) Importer(815301076,1909f56bfc062723c751e8b465ee728b) Asset 'hielo': Transition 'hielo -> otrahielo' in state 'hielo' doesn't have an Exit Time or any condition, transition will be ignored
UnityEngine.StackTraceUtility:ExtractStackTrace ()
UnityEditor.EditorUtility:Internal_InstantiateRemoveAllNonAnimationComponentsSingle (UnityEngine.Object,UnityEngine.Vector3,UnityEngine.Quaternion)
UnityEditor.EditorUtility:InstantiateRemoveAllNonAnimationComponents (UnityEngine.Object,UnityEngine.Vector3,UnityEngine.Quaternion)
UnityEditor.EditorUtility:InstantiateForAnimatorPreview (UnityEngine.Object)
UnityEditor.GameObjectInspector/PreviewData:UpdateGameObject (UnityEngine.Object)
UnityEditor.GameObjectInspector/PreviewData:.ctor (UnityEngine.Object)
UnityEditor.GameObjectInspector:GetPreviewData ()
UnityEditor.GameObjectInspector:RenderStaticPreview (string,UnityEngine.Object[],int,int)
UnityEditor.AssetPreviewUpdater:CreatePreview (UnityEngine.Object,UnityEngine.Object[],string,int,int)
UnityEditor.AssetPreviewUpdater:CreatePreviewForAsset (UnityEngine.Object,UnityEngine.Object[],string)

[C:\buildslave\unity\build\Editor\Src\Animation\StateMachine.cpp line 1845]

 -> (artifact id: '0b3b5835623d236c43a5be5bbf927350') in 0.117144 seconds 
========================================================================
Received Prepare
Registering precompiled user dll's ...
Registered in 0.007646 seconds.
OnLevelWasLoaded was found on scriptEjemploVR
This message has been deprecated and will be removed in a later version of Unity.
Add a delegate to SceneManager.sceneLoaded instead to get notifications after scene loading has completed
Begin MonoManager ReloadAssembly
OnLevelWasLoaded was found on scriptEjemploVR
This message has been deprecated and will be removed in a later version of Unity.
Add a delegate to SceneManager.sceneLoaded instead to get notifications after scene loading has completed
Unloading broken assembly Assets/GoogleMobileAds/GoogleMobileAds.Unity.dll, this assembly can cause crashes in the runtime
Native extension for WindowsStandalone target not found
Refreshing native plugins compatible for Editor in 2.62 ms, found 3 plugins.
Preloading 0 native plugins for Editor in 0.00 ms.
Mono: successfully reloaded assembly
- Completed reload, in  1.011 seconds
Domain Reload Profiling:
	ReloadAssembly (1012ms)
		BeginReloadAssembly (151ms)
			ExecutionOrderSort (0ms)
			DisableScriptedObjects (5ms)
			BackupInstance (0ms)
			ReleaseScriptingObjects (0ms)
			CreateAndSetChildDomain (30ms)
		EndReloadAssembly (744ms)
			LoadAssemblies (75ms)
			RebuildTransferFunctionScriptingTraits (0ms)
			SetupTypeCache (161ms)
			ReleaseScriptCaches (2ms)
			RebuildScriptCaches (53ms)
			SetupLoadedEditorAssemblies (360ms)
				LogAssemblyErrors (0ms)
				InitializePlatformSupportModulesInManaged (11ms)
				SetLoadedEditorAssemblies (0ms)
				RefreshPlugins (3ms)
				BeforeProcessingInitializeOnLoad (57ms)
				ProcessInitializeOnLoadAttributes (217ms)
				ProcessInitializeOnLoadMethodAttributes (65ms)
				AfterProcessingInitializeOnLoad (8ms)
				EditorAssembliesLoaded (0ms)
			ExecutionOrderSort2 (0ms)
			AwakeInstancesAfterBackupRestoration (9ms)
Platform modules already initialized, skipping
Refreshing native plugins compatible for Editor in 2.57 ms, found 3 plugins.
Preloading 0 native plugins for Editor in 0.00 ms.
Unloading 2516 Unused Serialized files (Serialized files now loaded: 0)
Unloading 189 unused Assets / (1.6 MB). Loaded Objects now: 3184.
Memory consumption went from 303.3 MB to 301.6 MB.
Total: 5.532000 ms (FindLiveObjects: 0.252500 ms CreateObjectMapping: 0.074800 ms MarkObjects: 4.700600 ms  DeleteObjects: 0.502700 ms)

AssetImportParameters requested are different than current active one (requested -> active):
  custom:video-decoder-ogg-theora: a1e56fd34408186e4bbccfd4996cb3dc -> 
  custom:container-muxer-webm: aa71ff27fc2769a1b78a27578f13a17b -> 
  custom:container-demuxer-webm: 4f35f7cbe854078d1ac9338744f61a02 -> 
  custom:video-encoder-webm-vp8: eb34c28f22e8b96e1ab97ce403110664 -> 
  custom:audio-encoder-webm-vorbis: bf7c407c2cedff20999df2af8eb42d56 -> 
  custom:framework-win-MediaFoundation: 216162199b28c13a410421893ffa2e32 -> 
  custom:container-demuxer-ogg: 62fdf1f143b41e24485cea50d1cbac27 -> 
  custom:video-decoder-webm-vp8: 9c59270c3fd7afecdb556c50c9e8de78 -> 
  custom:audio-decoder-ogg-vorbis: bf7c407c2cedff20999df2af8eb42d56 -> 
Editor requested this worker to shutdown with reason: Scaling down because of idle timeout
AssetImportWorker is now disconnected from the server
Process exiting
Exiting without the bug reporter. Application will terminate with return code 0