Using pre-set license
Built from '2021.2/release' branch; Version is '2021.2.0f1 (4bf1ec4b23c9) revision 4977132'; Using compiler version '192829333'; Build Type 'Release'
OS: 'Windows 10 Pro; OS build 19043.1348; Version 2009; 64bit' Language: 'es' Physical Memory: 49080 MB
BatchMode: 1, IsHumanControllingUs: 0, StartBugReporterOnCrash: 0, Is64bit: 1, IsPro: 0

COMMAND LINE ARGUMENTS:
C:\Program Files\Unity\Hub\Editor\2021.2.0f1\Editor\Unity.exe
-adb2
-batchMode
-noUpm
-name
AssetImportWorker7
-projectPath
E:/new domincanpower/DominicanPower_iOS/DOMINICAN GAME
-logFile
Logs/AssetImportWorker7.log
-srvPort
59383
Successfully changed project path to: E:/new domincanpower/DominicanPower_iOS/DOMINICAN GAME
E:/new domincanpower/DominicanPower_iOS/DOMINICAN GAME
[UnityMemory] Configuration Parameters - Can be set up in boot.config
    "memorysetup-bucket-allocator-granularity=16"
    "memorysetup-bucket-allocator-bucket-count=8"
    "memorysetup-bucket-allocator-block-size=33554432"
    "memorysetup-bucket-allocator-block-count=8"
    "memorysetup-main-allocator-block-size=16777216"
    "memorysetup-thread-allocator-block-size=16777216"
    "memorysetup-gfx-main-allocator-block-size=16777216"
    "memorysetup-gfx-thread-allocator-block-size=16777216"
    "memorysetup-cache-allocator-block-size=4194304"
    "memorysetup-typetree-allocator-block-size=2097152"
    "memorysetup-profiler-bucket-allocator-granularity=16"
    "memorysetup-profiler-bucket-allocator-bucket-count=8"
    "memorysetup-profiler-bucket-allocator-block-size=33554432"
    "memorysetup-profiler-bucket-allocator-block-count=8"
    "memorysetup-profiler-allocator-block-size=16777216"
    "memorysetup-profiler-editor-allocator-block-size=1048576"
    "memorysetup-temp-allocator-size-main=16777216"
    "memorysetup-job-temp-allocator-block-size=2097152"
    "memorysetup-job-temp-allocator-block-size-background=1048576"
    "memorysetup-job-temp-allocator-reduction-small-platforms=262144"
    "memorysetup-temp-allocator-size-background-worker=32768"
    "memorysetup-temp-allocator-size-job-worker=262144"
    "memorysetup-temp-allocator-size-preload-manager=33554432"
    "memorysetup-temp-allocator-size-nav-mesh-worker=65536"
    "memorysetup-temp-allocator-size-audio-worker=65536"
    "memorysetup-temp-allocator-size-cloud-worker=32768"
    "memorysetup-temp-allocator-size-gi-baking-worker=262144"
    "memorysetup-temp-allocator-size-gfx=262144"
Refreshing native plugins compatible for Editor in 149.44 ms, found 3 plugins.
Preloading 0 native plugins for Editor in 0.00 ms.
Initialize engine version: 2021.2.0f1 (4bf1ec4b23c9)
[Subsystems] Discovering subsystems at path C:/Program Files/Unity/Hub/Editor/2021.2.0f1/Editor/Data/Resources/UnitySubsystems
[Subsystems] Discovering subsystems at path E:/new domincanpower/DominicanPower_iOS/DOMINICAN GAME/Assets
GfxDevice: creating device client; threaded=0; jobified=0
Direct3D:
    Version:  Direct3D 11.0 [level 11.1]
    Renderer: Radeon RX 580 Series (ID=0x67df)
    Vendor:   ATI
    VRAM:     8171 MB
    Driver:   27.20.1034.6
Initialize mono
Mono path[0] = 'C:/Program Files/Unity/Hub/Editor/2021.2.0f1/Editor/Data/Managed'
Mono path[1] = 'C:/Program Files/Unity/Hub/Editor/2021.2.0f1/Editor/Data/MonoBleedingEdge/lib/mono/unityjit-win32'
Mono config path = 'C:/Program Files/Unity/Hub/Editor/2021.2.0f1/Editor/Data/MonoBleedingEdge/etc'
Using monoOptions --debugger-agent=transport=dt_socket,embedding=1,server=y,suspend=n,address=127.0.0.1:56800
Begin MonoManager ReloadAssembly
Registering precompiled unity dll's ...
Register platform support module: C:/Program Files/Unity/Hub/Editor/2021.2.0f1/Editor/Data/PlaybackEngines/WindowsStandaloneSupport/UnityEditor.WindowsStandalone.Extensions.dll
Registered in 0.006472 seconds.
Native extension for WindowsStandalone target not found
Refreshing native plugins compatible for Editor in 134.69 ms, found 3 plugins.
Preloading 0 native plugins for Editor in 0.00 ms.
Mono: successfully reloaded assembly
- Completed reload, in  3.552 seconds
Domain Reload Profiling:
	ReloadAssembly (3552ms)
		BeginReloadAssembly (58ms)
			ExecutionOrderSort (0ms)
			DisableScriptedObjects (0ms)
			BackupInstance (0ms)
			ReleaseScriptingObjects (0ms)
			CreateAndSetChildDomain (1ms)
		EndReloadAssembly (432ms)
			LoadAssemblies (56ms)
			RebuildTransferFunctionScriptingTraits (0ms)
			SetupTypeCache (86ms)
			ReleaseScriptCaches (0ms)
			RebuildScriptCaches (20ms)
			SetupLoadedEditorAssemblies (280ms)
				LogAssemblyErrors (0ms)
				InitializePlatformSupportModulesInManaged (6ms)
				SetLoadedEditorAssemblies (0ms)
				RefreshPlugins (135ms)
				BeforeProcessingInitializeOnLoad (1ms)
				ProcessInitializeOnLoadAttributes (101ms)
				ProcessInitializeOnLoadMethodAttributes (37ms)
				AfterProcessingInitializeOnLoad (0ms)
				EditorAssembliesLoaded (0ms)
			ExecutionOrderSort2 (0ms)
			AwakeInstancesAfterBackupRestoration (0ms)
Platform modules already initialized, skipping
Registering precompiled user dll's ...
Registered in 0.007176 seconds.
Begin MonoManager ReloadAssembly
OnLevelWasLoaded was found on scriptEjemploVR
This message has been deprecated and will be removed in a later version of Unity.
Add a delegate to SceneManager.sceneLoaded instead to get notifications after scene loading has completed
Unloading broken assembly Assets/GoogleMobileAds/GoogleMobileAds.Unity.dll, this assembly can cause crashes in the runtime
Native extension for WindowsStandalone target not found
Refreshing native plugins compatible for Editor in 2.03 ms, found 3 plugins.
Preloading 0 native plugins for Editor in 0.00 ms.
Package Manager log level set to [2]
Mono: successfully reloaded assembly
- Completed reload, in  0.909 seconds
Domain Reload Profiling:
	ReloadAssembly (910ms)
		BeginReloadAssembly (148ms)
			ExecutionOrderSort (0ms)
			DisableScriptedObjects (5ms)
			BackupInstance (0ms)
			ReleaseScriptingObjects (0ms)
			CreateAndSetChildDomain (18ms)
		EndReloadAssembly (672ms)
			LoadAssemblies (59ms)
			RebuildTransferFunctionScriptingTraits (0ms)
			SetupTypeCache (129ms)
			ReleaseScriptCaches (1ms)
			RebuildScriptCaches (53ms)
			SetupLoadedEditorAssemblies (343ms)
				LogAssemblyErrors (0ms)
				InitializePlatformSupportModulesInManaged (11ms)
				SetLoadedEditorAssemblies (0ms)
				RefreshPlugins (2ms)
				BeforeProcessingInitializeOnLoad (54ms)
				ProcessInitializeOnLoadAttributes (204ms)
				ProcessInitializeOnLoadMethodAttributes (64ms)
				AfterProcessingInitializeOnLoad (8ms)
				EditorAssembliesLoaded (0ms)
			ExecutionOrderSort2 (0ms)
			AwakeInstancesAfterBackupRestoration (4ms)
Platform modules already initialized, skipping
========================================================================
Worker process is ready to serve import requests
Shader 'Hidden/Flat Kit/Terrain/Lit (Add Pass)': fallback shader 'Hidden/Universal Render Pipeline/FallbackError' not found
Shader 'FlatKit/Stylized Surface': fallback shader 'Hidden/Universal Render Pipeline/FallbackError' not found
Shader 'FlatKit/Stylized Surface With Outline': fallback shader 'Hidden/Universal Render Pipeline/FallbackError' not found
WARNING: Shader Unsupported: 'FlatKit/Stylized Surface With Outline' - All subshaders removed
WARNING: Shader Did you use #pragma only_renderers and omit this platform?
WARNING: Shader If subshaders removal was intentional, you may have forgotten turning Fallback off?
WARNING: Shader Unsupported: 'FlatKit/Stylized Surface With Outline' - All subshaders removed
WARNING: Shader Did you use #pragma only_renderers and omit this platform?
WARNING: Shader If subshaders removal was intentional, you may have forgotten turning Fallback off?
Shader 'FlatKit/Terrain': fallback shader 'Hidden/Universal Render Pipeline/FallbackError' not found
Shader 'FlatKit/Terrain': dependency 'BaseMapShader' shader 'Hidden/Universal Render Pipeline/Terrain/Lit (Base Pass)' not found
Shader 'FlatKit/Terrain': dependency 'BaseMapGenShader' shader 'Hidden/Universal Render Pipeline/Terrain/Lit (Basemap Gen)' not found
Shader 'FlatKit/Stylized Surface': fallback shader 'Hidden/Universal Render Pipeline/FallbackError' not found
Shader 'FlatKit/Stylized Surface With Outline': fallback shader 'Hidden/Universal Render Pipeline/FallbackError' not found
WARNING: Shader Unsupported: 'FlatKit/Stylized Surface With Outline' - All subshaders removed
WARNING: Shader Did you use #pragma only_renderers and omit this platform?
WARNING: Shader If subshaders removal was intentional, you may have forgotten turning Fallback off?
WARNING: Shader Unsupported: 'FlatKit/Stylized Surface With Outline' - All subshaders removed
WARNING: Shader Did you use #pragma only_renderers and omit this platform?
WARNING: Shader If subshaders removal was intentional, you may have forgotten turning Fallback off?
Shader 'FlatKit/Terrain': fallback shader 'Hidden/Universal Render Pipeline/FallbackError' not found
Shader 'Hidden/Flat Kit/Terrain/Lit (Add Pass)': fallback shader 'Hidden/Universal Render Pipeline/FallbackError' not found
Shader 'FlatKit/Terrain': dependency 'BaseMapShader' shader 'Hidden/Universal Render Pipeline/Terrain/Lit (Base Pass)' not found
Shader 'FlatKit/Terrain': dependency 'BaseMapGenShader' shader 'Hidden/Universal Render Pipeline/Terrain/Lit (Basemap Gen)' not found
Shader 'FlatKit/Stylized Surface': fallback shader 'Hidden/Universal Render Pipeline/FallbackError' not found
Shader 'Hidden/Flat Kit/Terrain/Lit (Add Pass)': fallback shader 'Hidden/Universal Render Pipeline/FallbackError' not found
Launched and connected shader compiler UnityShaderCompiler.exe after 0.08 seconds
Refreshing native plugins compatible for Editor in 1.97 ms, found 3 plugins.
Preloading 0 native plugins for Editor in 0.00 ms.
Unloading 2577 Unused Serialized files (Serialized files now loaded: 0)
Unloading 139 unused Assets / (2.6 MB). Loaded Objects now: 3007.
Memory consumption went from 208.4 MB to 205.9 MB.
Total: 5.803500 ms (FindLiveObjects: 0.237900 ms CreateObjectMapping: 0.076000 ms MarkObjects: 4.758200 ms  DeleteObjects: 0.730500 ms)

AssetImportParameters requested are different than current active one (requested -> active):
  custom:video-decoder-ogg-theora: a1e56fd34408186e4bbccfd4996cb3dc -> 
  custom:container-muxer-webm: aa71ff27fc2769a1b78a27578f13a17b -> 
  custom:container-demuxer-webm: 4f35f7cbe854078d1ac9338744f61a02 -> 
  custom:video-encoder-webm-vp8: eb34c28f22e8b96e1ab97ce403110664 -> 
  custom:audio-encoder-webm-vorbis: bf7c407c2cedff20999df2af8eb42d56 -> 
  custom:framework-win-MediaFoundation: 216162199b28c13a410421893ffa2e32 -> 
  custom:container-demuxer-ogg: 62fdf1f143b41e24485cea50d1cbac27 -> 
  custom:video-decoder-webm-vp8: 9c59270c3fd7afecdb556c50c9e8de78 -> 
  custom:audio-decoder-ogg-vorbis: bf7c407c2cedff20999df2af8eb42d56 -> 
========================================================================
Received Import Request.
  Time since last request: 262907.365107 seconds.
  path: Assets/FlatKit/PresetsShared/Presets/CelWithRim02__StylSurf_Single_ExCel_Spec_Rim.preset
  artifactKey: Guid(0859201f5c4f045e8b9ba5f1af163f87) Importer(815301076,1909f56bfc062723c751e8b465ee728b)
Start importing Assets/FlatKit/PresetsShared/Presets/CelWithRim02__StylSurf_Single_ExCel_Spec_Rim.preset using Guid(0859201f5c4f045e8b9ba5f1af163f87) Importer(815301076,1909f56bfc062723c751e8b465ee728b)  -> (artifact id: '82343bc6bc4b3ac36d294d569fef14d0') in 0.034496 seconds 
========================================================================
Received Import Request.
  Time since last request: 0.000017 seconds.
  path: Assets/FlatKit/PresetsShared/Presets/Metallic01__StylSurf_Single_ExtraC_Spec.preset
  artifactKey: Guid(a41bd2c2425154cc0bf4fd70c3e055b0) Importer(815301076,1909f56bfc062723c751e8b465ee728b)
Start importing Assets/FlatKit/PresetsShared/Presets/Metallic01__StylSurf_Single_ExtraC_Spec.preset using Guid(a41bd2c2425154cc0bf4fd70c3e055b0) Importer(815301076,1909f56bfc062723c751e8b465ee728b)  -> (artifact id: '4811d7637fa5ccfc4cd8a906d58844ec') in 0.010381 seconds 
========================================================================
Received Import Request.
  Time since last request: 0.000015 seconds.
  path: Assets/FlatKit/PresetsShared/Presets/TwoColorVasePreset03.preset
  artifactKey: Guid(3bf4feb0be3584503919b2aaea4f17cd) Importer(815301076,1909f56bfc062723c751e8b465ee728b)
Start importing Assets/FlatKit/PresetsShared/Presets/TwoColorVasePreset03.preset using Guid(3bf4feb0be3584503919b2aaea4f17cd) Importer(815301076,1909f56bfc062723c751e8b465ee728b)  -> (artifact id: '0d0af5697c5cd870917d43a05edc256c') in 0.010003 seconds 
========================================================================
Received Import Request.
  Time since last request: 0.000014 seconds.
  path: Assets/FlatKit/PresetsShared/Presets/MetallicRim01__StylSurf_None_Rim.preset
  artifactKey: Guid(77d55e84aba3b49728ceea41fb5e15ec) Importer(815301076,1909f56bfc062723c751e8b465ee728b)
Start importing Assets/FlatKit/PresetsShared/Presets/MetallicRim01__StylSurf_None_Rim.preset using Guid(77d55e84aba3b49728ceea41fb5e15ec) Importer(815301076,1909f56bfc062723c751e8b465ee728b)  -> (artifact id: '6bb110fa8d01c5d55e16132b221a2475') in 0.008709 seconds 
========================================================================
Received Import Request.
  Time since last request: 0.000017 seconds.
  path: Assets/FlatKit/PresetsShared/Presets/SmoothRim02__StylSurf_None_Rim.preset
  artifactKey: Guid(7f5443d94e92f4f58a524258f06a509c) Importer(815301076,1909f56bfc062723c751e8b465ee728b)
Start importing Assets/FlatKit/PresetsShared/Presets/SmoothRim02__StylSurf_None_Rim.preset using Guid(7f5443d94e92f4f58a524258f06a509c) Importer(815301076,1909f56bfc062723c751e8b465ee728b)  -> (artifact id: '5da98ca1ad54f8651014d550983c0080') in 0.009687 seconds 
========================================================================
Received Import Request.
  Time since last request: 0.000018 seconds.
  path: Assets/FlatKit/PresetsShared/Presets/TwoColorVasePreset02.preset
  artifactKey: Guid(7f50d27e9176e47aea25e86d301cd2b7) Importer(815301076,1909f56bfc062723c751e8b465ee728b)
Start importing Assets/FlatKit/PresetsShared/Presets/TwoColorVasePreset02.preset using Guid(7f50d27e9176e47aea25e86d301cd2b7) Importer(815301076,1909f56bfc062723c751e8b465ee728b)  -> (artifact id: 'df3370abed15e84bbb6a10ae0c3e6b23') in 0.009361 seconds 
========================================================================
Received Import Request.
  Time since last request: 0.000019 seconds.
  path: Assets/FlatKit/PresetsShared/Presets/Metallic03__StylSurf_Single_ExCel_Spec_Rim.preset
  artifactKey: Guid(49224feeb8d4b444199fed814c32c46c) Importer(815301076,1909f56bfc062723c751e8b465ee728b)
Start importing Assets/FlatKit/PresetsShared/Presets/Metallic03__StylSurf_Single_ExCel_Spec_Rim.preset using Guid(49224feeb8d4b444199fed814c32c46c) Importer(815301076,1909f56bfc062723c751e8b465ee728b)  -> (artifact id: 'eb7594708e98bb4eea884f852d97ca46') in 0.009528 seconds 
========================================================================
Received Import Request.
  Time since last request: 0.000023 seconds.
  path: Assets/FlatKit/PresetsShared/Presets/GlassLook01__StylSurf_Single_Spec.preset
  artifactKey: Guid(85fd45c797bb4455c9c348896e9ceb92) Importer(815301076,1909f56bfc062723c751e8b465ee728b)
Start importing Assets/FlatKit/PresetsShared/Presets/GlassLook01__StylSurf_Single_Spec.preset using Guid(85fd45c797bb4455c9c348896e9ceb92) Importer(815301076,1909f56bfc062723c751e8b465ee728b)  -> (artifact id: 'f70c032ebda891e6af2486356cf3fc78') in 0.009797 seconds 
========================================================================
Received Import Request.
  Time since last request: 0.000023 seconds.
  path: Assets/FlatKit/PresetsShared/Presets/TwoColorVasePreset01.preset
  artifactKey: Guid(ec556079e4fcf4edb9889024fff173e2) Importer(815301076,1909f56bfc062723c751e8b465ee728b)
Start importing Assets/FlatKit/PresetsShared/Presets/TwoColorVasePreset01.preset using Guid(ec556079e4fcf4edb9889024fff173e2) Importer(815301076,1909f56bfc062723c751e8b465ee728b)  -> (artifact id: '398688d4f6ddaef8e6b2d6235d612cdc') in 0.009337 seconds 
========================================================================
Received Import Request.
  Time since last request: 1.635843 seconds.
  path: Assets/FlatKit/PresetsShared/Materials/CelWithRim02__StylSurf_Single_ExCel_Spec_Rim.mat
  artifactKey: Guid(727cfaf3482ac48ff97b662624abc435) Importer(815301076,1909f56bfc062723c751e8b465ee728b)
Start importing Assets/FlatKit/PresetsShared/Materials/CelWithRim02__StylSurf_Single_ExCel_Spec_Rim.mat using Guid(727cfaf3482ac48ff97b662624abc435) Importer(815301076,1909f56bfc062723c751e8b465ee728b) Shader 'FlatKit/Stylized Surface': fallback shader 'Hidden/Universal Render Pipeline/FallbackError' not found
Shader error in 'FlatKit/Stylized Surface': Invalid conditional expression: unexpected ','. at line 140
Shader error in 'FlatKit/Stylized Surface': Invalid conditional expression: unexpected ','. at line 338
Shader error in 'FlatKit/Stylized Surface': Couldn't open include file 'Packages/com.unity.render-pipelines.universal/ShaderLibrary/Core.hlsl'. at Assets/FlatKit/Shaders/StylizedSurface/LibraryUrp/StylizedInput.hlsl(3)

Compiling Vertex program
Platform defines: SHADER_API_DESKTOP UNITY_COLORSPACE_GAMMA UNITY_ENABLE_DETAIL_NORMALMAP UNITY_ENABLE_REFLECTION_BUFFERS UNITY_LIGHTMAP_FULL_HDR UNITY_LIGHT_PROBE_PROXY_VOLUME UNITY_PASS_SHADOWCASTER UNITY_PBS_USE_BRDF1 UNITY_SPECCUBE_BLENDING UNITY_SPECCUBE_BOX_PROJECTION UNITY_USE_DITHER_MASK_FOR_ALPHABLENDED_SHADOWS
Disabled keywords: DOTS_INSTANCING_ON INSTANCING_ON SHADER_API_GLES30 UNITY_ASTC_NORMALMAP_ENCODING UNITY_ENABLE_NATIVE_SHADOW_LOOKUPS UNITY_FRAMEBUFFER_FETCH_AVAILABLE UNITY_HALF_PRECISION_FRAGMENT_SHADER_REGISTERS UNITY_HARDWARE_TIER1 UNITY_HARDWARE_TIER2 UNITY_HARDWARE_TIER3 UNITY_LIGHTMAP_DLDR_ENCODING UNITY_LIGHTMAP_RGBM_ENCODING UNITY_METAL_SHADOWS_USE_POINT_FILTERING UNITY_NO_DXT5nm UNITY_NO_FULL_STANDARD_SHADER UNITY_NO_SCREENSPACE_SHADOWS UNITY_PBS_USE_BRDF2 UNITY_PBS_USE_BRDF3 UNITY_PRETRANSFORM_TO_DISPLAY_ORIENTATION UNITY_UNIFIED_SHADER_PRECISION_MODEL UNITY_VIRTUAL_TEXTURING _CASTING_PUNCTUAL_LIGHT_SHADOW
Shader warning in 'FlatKit/Stylized Surface': Both vertex and fragment programs must be present in a shader snippet. Excluding it from compilation. at line 115
Shader warning in 'FlatKit/Stylized Surface': Both vertex and fragment programs must be present in a shader snippet. Excluding it from compilation. at line 324
Shader error in 'FlatKit/Stylized Surface': Invalid conditional expression: unexpected ','. at line 140
Shader error in 'FlatKit/Stylized Surface': Invalid conditional expression: unexpected ','. at line 338
Shader error in 'FlatKit/Stylized Surface': Couldn't open include file 'Packages/com.unity.render-pipelines.universal/ShaderLibrary/Core.hlsl'. at Assets/FlatKit/Shaders/StylizedSurface/LibraryUrp/StylizedInput.hlsl(3)

Compiling Vertex program
Platform defines: SHADER_API_DESKTOP UNITY_COLORSPACE_GAMMA UNITY_ENABLE_DETAIL_NORMALMAP UNITY_ENABLE_REFLECTION_BUFFERS UNITY_LIGHTMAP_FULL_HDR UNITY_LIGHT_PROBE_PROXY_VOLUME UNITY_PASS_SHADOWCASTER UNITY_PBS_USE_BRDF1 UNITY_SPECCUBE_BLENDING UNITY_SPECCUBE_BOX_PROJECTION UNITY_USE_DITHER_MASK_FOR_ALPHABLENDED_SHADOWS
Disabled keywords: DOTS_INSTANCING_ON INSTANCING_ON SHADER_API_GLES30 UNITY_ASTC_NORMALMAP_ENCODING UNITY_ENABLE_NATIVE_SHADOW_LOOKUPS UNITY_FRAMEBUFFER_FETCH_AVAILABLE UNITY_HALF_PRECISION_FRAGMENT_SHADER_REGISTERS UNITY_HARDWARE_TIER1 UNITY_HARDWARE_TIER2 UNITY_HARDWARE_TIER3 UNITY_LIGHTMAP_DLDR_ENCODING UNITY_LIGHTMAP_RGBM_ENCODING UNITY_METAL_SHADOWS_USE_POINT_FILTERING UNITY_NO_DXT5nm UNITY_NO_FULL_STANDARD_SHADER UNITY_NO_SCREENSPACE_SHADOWS UNITY_PBS_USE_BRDF2 UNITY_PBS_USE_BRDF3 UNITY_PRETRANSFORM_TO_DISPLAY_ORIENTATION UNITY_UNIFIED_SHADER_PRECISION_MODEL UNITY_VIRTUAL_TEXTURING _CASTING_PUNCTUAL_LIGHT_SHADOW
Shader warning in 'FlatKit/Stylized Surface': Both vertex and fragment programs must be present in a shader snippet. Excluding it from compilation. at line 115
Shader warning in 'FlatKit/Stylized Surface': Both vertex and fragment programs must be present in a shader snippet. Excluding it from compilation. at line 324
 -> (artifact id: '110c977bddc35ea51fbf3def4bc73b2a') in 0.099177 seconds 
========================================================================
Received Import Request.
  Time since last request: 0.000019 seconds.
  path: Assets/FlatKit/PresetsShared/Materials/Metallic03__StylSurf_Single_ExCel_Spec_Rim.mat
  artifactKey: Guid(52afcead26cd849a9ae03850749fc7b0) Importer(815301076,1909f56bfc062723c751e8b465ee728b)
Start importing Assets/FlatKit/PresetsShared/Materials/Metallic03__StylSurf_Single_ExCel_Spec_Rim.mat using Guid(52afcead26cd849a9ae03850749fc7b0) Importer(815301076,1909f56bfc062723c751e8b465ee728b) Shader 'FlatKit/Stylized Surface': fallback shader 'Hidden/Universal Render Pipeline/FallbackError' not found
Shader error in 'FlatKit/Stylized Surface': Invalid conditional expression: unexpected ','. at line 140
Shader error in 'FlatKit/Stylized Surface': Invalid conditional expression: unexpected ','. at line 338
Shader error in 'FlatKit/Stylized Surface': Couldn't open include file 'Packages/com.unity.render-pipelines.universal/ShaderLibrary/Core.hlsl'. at Assets/FlatKit/Shaders/StylizedSurface/LibraryUrp/StylizedInput.hlsl(3)

Compiling Vertex program
Platform defines: SHADER_API_DESKTOP UNITY_COLORSPACE_GAMMA UNITY_ENABLE_DETAIL_NORMALMAP UNITY_ENABLE_REFLECTION_BUFFERS UNITY_LIGHTMAP_FULL_HDR UNITY_LIGHT_PROBE_PROXY_VOLUME UNITY_PASS_SHADOWCASTER UNITY_PBS_USE_BRDF1 UNITY_SPECCUBE_BLENDING UNITY_SPECCUBE_BOX_PROJECTION UNITY_USE_DITHER_MASK_FOR_ALPHABLENDED_SHADOWS
Disabled keywords: DOTS_INSTANCING_ON INSTANCING_ON SHADER_API_GLES30 UNITY_ASTC_NORMALMAP_ENCODING UNITY_ENABLE_NATIVE_SHADOW_LOOKUPS UNITY_FRAMEBUFFER_FETCH_AVAILABLE UNITY_HALF_PRECISION_FRAGMENT_SHADER_REGISTERS UNITY_HARDWARE_TIER1 UNITY_HARDWARE_TIER2 UNITY_HARDWARE_TIER3 UNITY_LIGHTMAP_DLDR_ENCODING UNITY_LIGHTMAP_RGBM_ENCODING UNITY_METAL_SHADOWS_USE_POINT_FILTERING UNITY_NO_DXT5nm UNITY_NO_FULL_STANDARD_SHADER UNITY_NO_SCREENSPACE_SHADOWS UNITY_PBS_USE_BRDF2 UNITY_PBS_USE_BRDF3 UNITY_PRETRANSFORM_TO_DISPLAY_ORIENTATION UNITY_UNIFIED_SHADER_PRECISION_MODEL UNITY_VIRTUAL_TEXTURING _CASTING_PUNCTUAL_LIGHT_SHADOW
Shader warning in 'FlatKit/Stylized Surface': Both vertex and fragment programs must be present in a shader snippet. Excluding it from compilation. at line 115
Shader warning in 'FlatKit/Stylized Surface': Both vertex and fragment programs must be present in a shader snippet. Excluding it from compilation. at line 324
Shader error in 'FlatKit/Stylized Surface': Invalid conditional expression: unexpected ','. at line 140
Shader error in 'FlatKit/Stylized Surface': Invalid conditional expression: unexpected ','. at line 338
Shader error in 'FlatKit/Stylized Surface': Couldn't open include file 'Packages/com.unity.render-pipelines.universal/ShaderLibrary/Core.hlsl'. at Assets/FlatKit/Shaders/StylizedSurface/LibraryUrp/StylizedInput.hlsl(3)

Compiling Vertex program
Platform defines: SHADER_API_DESKTOP UNITY_COLORSPACE_GAMMA UNITY_ENABLE_DETAIL_NORMALMAP UNITY_ENABLE_REFLECTION_BUFFERS UNITY_LIGHTMAP_FULL_HDR UNITY_LIGHT_PROBE_PROXY_VOLUME UNITY_PASS_SHADOWCASTER UNITY_PBS_USE_BRDF1 UNITY_SPECCUBE_BLENDING UNITY_SPECCUBE_BOX_PROJECTION UNITY_USE_DITHER_MASK_FOR_ALPHABLENDED_SHADOWS
Disabled keywords: DOTS_INSTANCING_ON INSTANCING_ON SHADER_API_GLES30 UNITY_ASTC_NORMALMAP_ENCODING UNITY_ENABLE_NATIVE_SHADOW_LOOKUPS UNITY_FRAMEBUFFER_FETCH_AVAILABLE UNITY_HALF_PRECISION_FRAGMENT_SHADER_REGISTERS UNITY_HARDWARE_TIER1 UNITY_HARDWARE_TIER2 UNITY_HARDWARE_TIER3 UNITY_LIGHTMAP_DLDR_ENCODING UNITY_LIGHTMAP_RGBM_ENCODING UNITY_METAL_SHADOWS_USE_POINT_FILTERING UNITY_NO_DXT5nm UNITY_NO_FULL_STANDARD_SHADER UNITY_NO_SCREENSPACE_SHADOWS UNITY_PBS_USE_BRDF2 UNITY_PBS_USE_BRDF3 UNITY_PRETRANSFORM_TO_DISPLAY_ORIENTATION UNITY_UNIFIED_SHADER_PRECISION_MODEL UNITY_VIRTUAL_TEXTURING _CASTING_PUNCTUAL_LIGHT_SHADOW
Shader warning in 'FlatKit/Stylized Surface': Both vertex and fragment programs must be present in a shader snippet. Excluding it from compilation. at line 115
Shader warning in 'FlatKit/Stylized Surface': Both vertex and fragment programs must be present in a shader snippet. Excluding it from compilation. at line 324
 -> (artifact id: '4a17c378f8c70016a87f39159c57f71e') in 0.013433 seconds 
========================================================================
Received Import Request.
  Time since last request: 0.000022 seconds.
  path: Assets/FlatKit/PresetsShared/Materials/Metallic02__StylSurf_Single_ExtraC_Spec_Rim.mat
  artifactKey: Guid(bcf02e10e105745ce9ac07869c402f07) Importer(815301076,1909f56bfc062723c751e8b465ee728b)
Start importing Assets/FlatKit/PresetsShared/Materials/Metallic02__StylSurf_Single_ExtraC_Spec_Rim.mat using Guid(bcf02e10e105745ce9ac07869c402f07) Importer(815301076,1909f56bfc062723c751e8b465ee728b) Shader 'FlatKit/Stylized Surface': fallback shader 'Hidden/Universal Render Pipeline/FallbackError' not found
Shader error in 'FlatKit/Stylized Surface': Invalid conditional expression: unexpected ','. at line 140
Shader error in 'FlatKit/Stylized Surface': Invalid conditional expression: unexpected ','. at line 338
Shader error in 'FlatKit/Stylized Surface': Couldn't open include file 'Packages/com.unity.render-pipelines.universal/ShaderLibrary/Core.hlsl'. at Assets/FlatKit/Shaders/StylizedSurface/LibraryUrp/StylizedInput.hlsl(3)

Compiling Vertex program
Platform defines: SHADER_API_DESKTOP UNITY_COLORSPACE_GAMMA UNITY_ENABLE_DETAIL_NORMALMAP UNITY_ENABLE_REFLECTION_BUFFERS UNITY_LIGHTMAP_FULL_HDR UNITY_LIGHT_PROBE_PROXY_VOLUME UNITY_PASS_SHADOWCASTER UNITY_PBS_USE_BRDF1 UNITY_SPECCUBE_BLENDING UNITY_SPECCUBE_BOX_PROJECTION UNITY_USE_DITHER_MASK_FOR_ALPHABLENDED_SHADOWS
Disabled keywords: DOTS_INSTANCING_ON INSTANCING_ON SHADER_API_GLES30 UNITY_ASTC_NORMALMAP_ENCODING UNITY_ENABLE_NATIVE_SHADOW_LOOKUPS UNITY_FRAMEBUFFER_FETCH_AVAILABLE UNITY_HALF_PRECISION_FRAGMENT_SHADER_REGISTERS UNITY_HARDWARE_TIER1 UNITY_HARDWARE_TIER2 UNITY_HARDWARE_TIER3 UNITY_LIGHTMAP_DLDR_ENCODING UNITY_LIGHTMAP_RGBM_ENCODING UNITY_METAL_SHADOWS_USE_POINT_FILTERING UNITY_NO_DXT5nm UNITY_NO_FULL_STANDARD_SHADER UNITY_NO_SCREENSPACE_SHADOWS UNITY_PBS_USE_BRDF2 UNITY_PBS_USE_BRDF3 UNITY_PRETRANSFORM_TO_DISPLAY_ORIENTATION UNITY_UNIFIED_SHADER_PRECISION_MODEL UNITY_VIRTUAL_TEXTURING _CASTING_PUNCTUAL_LIGHT_SHADOW
Shader warning in 'FlatKit/Stylized Surface': Both vertex and fragment programs must be present in a shader snippet. Excluding it from compilation. at line 115
Shader warning in 'FlatKit/Stylized Surface': Both vertex and fragment programs must be present in a shader snippet. Excluding it from compilation. at line 324
Shader error in 'FlatKit/Stylized Surface': Invalid conditional expression: unexpected ','. at line 140
Shader error in 'FlatKit/Stylized Surface': Invalid conditional expression: unexpected ','. at line 338
Shader error in 'FlatKit/Stylized Surface': Couldn't open include file 'Packages/com.unity.render-pipelines.universal/ShaderLibrary/Core.hlsl'. at Assets/FlatKit/Shaders/StylizedSurface/LibraryUrp/StylizedInput.hlsl(3)

Compiling Vertex program
Platform defines: SHADER_API_DESKTOP UNITY_COLORSPACE_GAMMA UNITY_ENABLE_DETAIL_NORMALMAP UNITY_ENABLE_REFLECTION_BUFFERS UNITY_LIGHTMAP_FULL_HDR UNITY_LIGHT_PROBE_PROXY_VOLUME UNITY_PASS_SHADOWCASTER UNITY_PBS_USE_BRDF1 UNITY_SPECCUBE_BLENDING UNITY_SPECCUBE_BOX_PROJECTION UNITY_USE_DITHER_MASK_FOR_ALPHABLENDED_SHADOWS
Disabled keywords: DOTS_INSTANCING_ON INSTANCING_ON SHADER_API_GLES30 UNITY_ASTC_NORMALMAP_ENCODING UNITY_ENABLE_NATIVE_SHADOW_LOOKUPS UNITY_FRAMEBUFFER_FETCH_AVAILABLE UNITY_HALF_PRECISION_FRAGMENT_SHADER_REGISTERS UNITY_HARDWARE_TIER1 UNITY_HARDWARE_TIER2 UNITY_HARDWARE_TIER3 UNITY_LIGHTMAP_DLDR_ENCODING UNITY_LIGHTMAP_RGBM_ENCODING UNITY_METAL_SHADOWS_USE_POINT_FILTERING UNITY_NO_DXT5nm UNITY_NO_FULL_STANDARD_SHADER UNITY_NO_SCREENSPACE_SHADOWS UNITY_PBS_USE_BRDF2 UNITY_PBS_USE_BRDF3 UNITY_PRETRANSFORM_TO_DISPLAY_ORIENTATION UNITY_UNIFIED_SHADER_PRECISION_MODEL UNITY_VIRTUAL_TEXTURING _CASTING_PUNCTUAL_LIGHT_SHADOW
Shader warning in 'FlatKit/Stylized Surface': Both vertex and fragment programs must be present in a shader snippet. Excluding it from compilation. at line 115
Shader warning in 'FlatKit/Stylized Surface': Both vertex and fragment programs must be present in a shader snippet. Excluding it from compilation. at line 324
 -> (artifact id: '3ee4d33ee8e962f42b53d231e481b04d') in 0.015043 seconds 
========================================================================
Received Import Request.
  Time since last request: 0.000014 seconds.
  path: Assets/FlatKit/PresetsShared/Materials/SmoothRim01__StylSurf_None_Rim.mat
  artifactKey: Guid(f80ee76898a4e4c40b4362f31057b793) Importer(815301076,1909f56bfc062723c751e8b465ee728b)
Start importing Assets/FlatKit/PresetsShared/Materials/SmoothRim01__StylSurf_None_Rim.mat using Guid(f80ee76898a4e4c40b4362f31057b793) Importer(815301076,1909f56bfc062723c751e8b465ee728b) Shader 'FlatKit/Stylized Surface': fallback shader 'Hidden/Universal Render Pipeline/FallbackError' not found
Shader error in 'FlatKit/Stylized Surface': Invalid conditional expression: unexpected ','. at line 140
Shader error in 'FlatKit/Stylized Surface': Invalid conditional expression: unexpected ','. at line 338
Shader error in 'FlatKit/Stylized Surface': Couldn't open include file 'Packages/com.unity.render-pipelines.universal/ShaderLibrary/Core.hlsl'. at Assets/FlatKit/Shaders/StylizedSurface/LibraryUrp/StylizedInput.hlsl(3)

Compiling Vertex program
Platform defines: SHADER_API_DESKTOP UNITY_COLORSPACE_GAMMA UNITY_ENABLE_DETAIL_NORMALMAP UNITY_ENABLE_REFLECTION_BUFFERS UNITY_LIGHTMAP_FULL_HDR UNITY_LIGHT_PROBE_PROXY_VOLUME UNITY_PASS_SHADOWCASTER UNITY_PBS_USE_BRDF1 UNITY_SPECCUBE_BLENDING UNITY_SPECCUBE_BOX_PROJECTION UNITY_USE_DITHER_MASK_FOR_ALPHABLENDED_SHADOWS
Disabled keywords: DOTS_INSTANCING_ON INSTANCING_ON SHADER_API_GLES30 UNITY_ASTC_NORMALMAP_ENCODING UNITY_ENABLE_NATIVE_SHADOW_LOOKUPS UNITY_FRAMEBUFFER_FETCH_AVAILABLE UNITY_HALF_PRECISION_FRAGMENT_SHADER_REGISTERS UNITY_HARDWARE_TIER1 UNITY_HARDWARE_TIER2 UNITY_HARDWARE_TIER3 UNITY_LIGHTMAP_DLDR_ENCODING UNITY_LIGHTMAP_RGBM_ENCODING UNITY_METAL_SHADOWS_USE_POINT_FILTERING UNITY_NO_DXT5nm UNITY_NO_FULL_STANDARD_SHADER UNITY_NO_SCREENSPACE_SHADOWS UNITY_PBS_USE_BRDF2 UNITY_PBS_USE_BRDF3 UNITY_PRETRANSFORM_TO_DISPLAY_ORIENTATION UNITY_UNIFIED_SHADER_PRECISION_MODEL UNITY_VIRTUAL_TEXTURING _CASTING_PUNCTUAL_LIGHT_SHADOW
Shader warning in 'FlatKit/Stylized Surface': Both vertex and fragment programs must be present in a shader snippet. Excluding it from compilation. at line 115
Shader warning in 'FlatKit/Stylized Surface': Both vertex and fragment programs must be present in a shader snippet. Excluding it from compilation. at line 324
Shader error in 'FlatKit/Stylized Surface': Invalid conditional expression: unexpected ','. at line 140
Shader error in 'FlatKit/Stylized Surface': Invalid conditional expression: unexpected ','. at line 338
Shader error in 'FlatKit/Stylized Surface': Couldn't open include file 'Packages/com.unity.render-pipelines.universal/ShaderLibrary/Core.hlsl'. at Assets/FlatKit/Shaders/StylizedSurface/LibraryUrp/StylizedInput.hlsl(3)

Compiling Vertex program
Platform defines: SHADER_API_DESKTOP UNITY_COLORSPACE_GAMMA UNITY_ENABLE_DETAIL_NORMALMAP UNITY_ENABLE_REFLECTION_BUFFERS UNITY_LIGHTMAP_FULL_HDR UNITY_LIGHT_PROBE_PROXY_VOLUME UNITY_PASS_SHADOWCASTER UNITY_PBS_USE_BRDF1 UNITY_SPECCUBE_BLENDING UNITY_SPECCUBE_BOX_PROJECTION UNITY_USE_DITHER_MASK_FOR_ALPHABLENDED_SHADOWS
Disabled keywords: DOTS_INSTANCING_ON INSTANCING_ON SHADER_API_GLES30 UNITY_ASTC_NORMALMAP_ENCODING UNITY_ENABLE_NATIVE_SHADOW_LOOKUPS UNITY_FRAMEBUFFER_FETCH_AVAILABLE UNITY_HALF_PRECISION_FRAGMENT_SHADER_REGISTERS UNITY_HARDWARE_TIER1 UNITY_HARDWARE_TIER2 UNITY_HARDWARE_TIER3 UNITY_LIGHTMAP_DLDR_ENCODING UNITY_LIGHTMAP_RGBM_ENCODING UNITY_METAL_SHADOWS_USE_POINT_FILTERING UNITY_NO_DXT5nm UNITY_NO_FULL_STANDARD_SHADER UNITY_NO_SCREENSPACE_SHADOWS UNITY_PBS_USE_BRDF2 UNITY_PBS_USE_BRDF3 UNITY_PRETRANSFORM_TO_DISPLAY_ORIENTATION UNITY_UNIFIED_SHADER_PRECISION_MODEL UNITY_VIRTUAL_TEXTURING _CASTING_PUNCTUAL_LIGHT_SHADOW
Shader warning in 'FlatKit/Stylized Surface': Both vertex and fragment programs must be present in a shader snippet. Excluding it from compilation. at line 115
Shader warning in 'FlatKit/Stylized Surface': Both vertex and fragment programs must be present in a shader snippet. Excluding it from compilation. at line 324
 -> (artifact id: '373699357ff0b54d631f4d7d0f97211b') in 0.018395 seconds 
========================================================================
Received Import Request.
  Time since last request: 0.000021 seconds.
  path: Assets/FlatKit/PresetsShared/Materials/ToonBlurry__StylSurf_Single_HGrad.mat
  artifactKey: Guid(545a8fba51c9e44b8ab053736f81fbee) Importer(815301076,1909f56bfc062723c751e8b465ee728b)
Start importing Assets/FlatKit/PresetsShared/Materials/ToonBlurry__StylSurf_Single_HGrad.mat using Guid(545a8fba51c9e44b8ab053736f81fbee) Importer(815301076,1909f56bfc062723c751e8b465ee728b) Shader 'FlatKit/Stylized Surface': fallback shader 'Hidden/Universal Render Pipeline/FallbackError' not found
Shader error in 'FlatKit/Stylized Surface': Invalid conditional expression: unexpected ','. at line 140
Shader error in 'FlatKit/Stylized Surface': Invalid conditional expression: unexpected ','. at line 338
Shader error in 'FlatKit/Stylized Surface': Couldn't open include file 'Packages/com.unity.render-pipelines.universal/ShaderLibrary/Core.hlsl'. at Assets/FlatKit/Shaders/StylizedSurface/LibraryUrp/StylizedInput.hlsl(3)

Compiling Vertex program
Platform defines: SHADER_API_DESKTOP UNITY_COLORSPACE_GAMMA UNITY_ENABLE_DETAIL_NORMALMAP UNITY_ENABLE_REFLECTION_BUFFERS UNITY_LIGHTMAP_FULL_HDR UNITY_LIGHT_PROBE_PROXY_VOLUME UNITY_PASS_SHADOWCASTER UNITY_PBS_USE_BRDF1 UNITY_SPECCUBE_BLENDING UNITY_SPECCUBE_BOX_PROJECTION UNITY_USE_DITHER_MASK_FOR_ALPHABLENDED_SHADOWS
Disabled keywords: DOTS_INSTANCING_ON INSTANCING_ON SHADER_API_GLES30 UNITY_ASTC_NORMALMAP_ENCODING UNITY_ENABLE_NATIVE_SHADOW_LOOKUPS UNITY_FRAMEBUFFER_FETCH_AVAILABLE UNITY_HALF_PRECISION_FRAGMENT_SHADER_REGISTERS UNITY_HARDWARE_TIER1 UNITY_HARDWARE_TIER2 UNITY_HARDWARE_TIER3 UNITY_LIGHTMAP_DLDR_ENCODING UNITY_LIGHTMAP_RGBM_ENCODING UNITY_METAL_SHADOWS_USE_POINT_FILTERING UNITY_NO_DXT5nm UNITY_NO_FULL_STANDARD_SHADER UNITY_NO_SCREENSPACE_SHADOWS UNITY_PBS_USE_BRDF2 UNITY_PBS_USE_BRDF3 UNITY_PRETRANSFORM_TO_DISPLAY_ORIENTATION UNITY_UNIFIED_SHADER_PRECISION_MODEL UNITY_VIRTUAL_TEXTURING _CASTING_PUNCTUAL_LIGHT_SHADOW
Shader warning in 'FlatKit/Stylized Surface': Both vertex and fragment programs must be present in a shader snippet. Excluding it from compilation. at line 115
Shader warning in 'FlatKit/Stylized Surface': Both vertex and fragment programs must be present in a shader snippet. Excluding it from compilation. at line 324
Shader error in 'FlatKit/Stylized Surface': Invalid conditional expression: unexpected ','. at line 140
Shader error in 'FlatKit/Stylized Surface': Invalid conditional expression: unexpected ','. at line 338
Shader error in 'FlatKit/Stylized Surface': Couldn't open include file 'Packages/com.unity.render-pipelines.universal/ShaderLibrary/Core.hlsl'. at Assets/FlatKit/Shaders/StylizedSurface/LibraryUrp/StylizedInput.hlsl(3)

Compiling Vertex program
Platform defines: SHADER_API_DESKTOP UNITY_COLORSPACE_GAMMA UNITY_ENABLE_DETAIL_NORMALMAP UNITY_ENABLE_REFLECTION_BUFFERS UNITY_LIGHTMAP_FULL_HDR UNITY_LIGHT_PROBE_PROXY_VOLUME UNITY_PASS_SHADOWCASTER UNITY_PBS_USE_BRDF1 UNITY_SPECCUBE_BLENDING UNITY_SPECCUBE_BOX_PROJECTION UNITY_USE_DITHER_MASK_FOR_ALPHABLENDED_SHADOWS
Disabled keywords: DOTS_INSTANCING_ON INSTANCING_ON SHADER_API_GLES30 UNITY_ASTC_NORMALMAP_ENCODING UNITY_ENABLE_NATIVE_SHADOW_LOOKUPS UNITY_FRAMEBUFFER_FETCH_AVAILABLE UNITY_HALF_PRECISION_FRAGMENT_SHADER_REGISTERS UNITY_HARDWARE_TIER1 UNITY_HARDWARE_TIER2 UNITY_HARDWARE_TIER3 UNITY_LIGHTMAP_DLDR_ENCODING UNITY_LIGHTMAP_RGBM_ENCODING UNITY_METAL_SHADOWS_USE_POINT_FILTERING UNITY_NO_DXT5nm UNITY_NO_FULL_STANDARD_SHADER UNITY_NO_SCREENSPACE_SHADOWS UNITY_PBS_USE_BRDF2 UNITY_PBS_USE_BRDF3 UNITY_PRETRANSFORM_TO_DISPLAY_ORIENTATION UNITY_UNIFIED_SHADER_PRECISION_MODEL UNITY_VIRTUAL_TEXTURING _CASTING_PUNCTUAL_LIGHT_SHADOW
Shader warning in 'FlatKit/Stylized Surface': Both vertex and fragment programs must be present in a shader snippet. Excluding it from compilation. at line 115
Shader warning in 'FlatKit/Stylized Surface': Both vertex and fragment programs must be present in a shader snippet. Excluding it from compilation. at line 324
 -> (artifact id: 'f3ea2fc433179fd361a0510e350639ba') in 0.016026 seconds 
========================================================================
Received Import Request.
  Time since last request: 0.000015 seconds.
  path: Assets/FlatKit/PresetsShared/Materials/Toon01__StylSurf_Single.mat
  artifactKey: Guid(b82e1056173d24d179d23832acb54555) Importer(815301076,1909f56bfc062723c751e8b465ee728b)
Start importing Assets/FlatKit/PresetsShared/Materials/Toon01__StylSurf_Single.mat using Guid(b82e1056173d24d179d23832acb54555) Importer(815301076,1909f56bfc062723c751e8b465ee728b) Shader 'FlatKit/Stylized Surface': fallback shader 'Hidden/Universal Render Pipeline/FallbackError' not found
Shader error in 'FlatKit/Stylized Surface': Invalid conditional expression: unexpected ','. at line 140
Shader error in 'FlatKit/Stylized Surface': Invalid conditional expression: unexpected ','. at line 338
Shader error in 'FlatKit/Stylized Surface': Couldn't open include file 'Packages/com.unity.render-pipelines.universal/ShaderLibrary/Core.hlsl'. at Assets/FlatKit/Shaders/StylizedSurface/LibraryUrp/StylizedInput.hlsl(3)

Compiling Vertex program
Platform defines: SHADER_API_DESKTOP UNITY_COLORSPACE_GAMMA UNITY_ENABLE_DETAIL_NORMALMAP UNITY_ENABLE_REFLECTION_BUFFERS UNITY_LIGHTMAP_FULL_HDR UNITY_LIGHT_PROBE_PROXY_VOLUME UNITY_PASS_SHADOWCASTER UNITY_PBS_USE_BRDF1 UNITY_SPECCUBE_BLENDING UNITY_SPECCUBE_BOX_PROJECTION UNITY_USE_DITHER_MASK_FOR_ALPHABLENDED_SHADOWS
Disabled keywords: DOTS_INSTANCING_ON INSTANCING_ON SHADER_API_GLES30 UNITY_ASTC_NORMALMAP_ENCODING UNITY_ENABLE_NATIVE_SHADOW_LOOKUPS UNITY_FRAMEBUFFER_FETCH_AVAILABLE UNITY_HALF_PRECISION_FRAGMENT_SHADER_REGISTERS UNITY_HARDWARE_TIER1 UNITY_HARDWARE_TIER2 UNITY_HARDWARE_TIER3 UNITY_LIGHTMAP_DLDR_ENCODING UNITY_LIGHTMAP_RGBM_ENCODING UNITY_METAL_SHADOWS_USE_POINT_FILTERING UNITY_NO_DXT5nm UNITY_NO_FULL_STANDARD_SHADER UNITY_NO_SCREENSPACE_SHADOWS UNITY_PBS_USE_BRDF2 UNITY_PBS_USE_BRDF3 UNITY_PRETRANSFORM_TO_DISPLAY_ORIENTATION UNITY_UNIFIED_SHADER_PRECISION_MODEL UNITY_VIRTUAL_TEXTURING _CASTING_PUNCTUAL_LIGHT_SHADOW
Shader warning in 'FlatKit/Stylized Surface': Both vertex and fragment programs must be present in a shader snippet. Excluding it from compilation. at line 115
Shader warning in 'FlatKit/Stylized Surface': Both vertex and fragment programs must be present in a shader snippet. Excluding it from compilation. at line 324
Shader error in 'FlatKit/Stylized Surface': Invalid conditional expression: unexpected ','. at line 140
Shader error in 'FlatKit/Stylized Surface': Invalid conditional expression: unexpected ','. at line 338
Shader error in 'FlatKit/Stylized Surface': Couldn't open include file 'Packages/com.unity.render-pipelines.universal/ShaderLibrary/Core.hlsl'. at Assets/FlatKit/Shaders/StylizedSurface/LibraryUrp/StylizedInput.hlsl(3)

Compiling Vertex program
Platform defines: SHADER_API_DESKTOP UNITY_COLORSPACE_GAMMA UNITY_ENABLE_DETAIL_NORMALMAP UNITY_ENABLE_REFLECTION_BUFFERS UNITY_LIGHTMAP_FULL_HDR UNITY_LIGHT_PROBE_PROXY_VOLUME UNITY_PASS_SHADOWCASTER UNITY_PBS_USE_BRDF1 UNITY_SPECCUBE_BLENDING UNITY_SPECCUBE_BOX_PROJECTION UNITY_USE_DITHER_MASK_FOR_ALPHABLENDED_SHADOWS
Disabled keywords: DOTS_INSTANCING_ON INSTANCING_ON SHADER_API_GLES30 UNITY_ASTC_NORMALMAP_ENCODING UNITY_ENABLE_NATIVE_SHADOW_LOOKUPS UNITY_FRAMEBUFFER_FETCH_AVAILABLE UNITY_HALF_PRECISION_FRAGMENT_SHADER_REGISTERS UNITY_HARDWARE_TIER1 UNITY_HARDWARE_TIER2 UNITY_HARDWARE_TIER3 UNITY_LIGHTMAP_DLDR_ENCODING UNITY_LIGHTMAP_RGBM_ENCODING UNITY_METAL_SHADOWS_USE_POINT_FILTERING UNITY_NO_DXT5nm UNITY_NO_FULL_STANDARD_SHADER UNITY_NO_SCREENSPACE_SHADOWS UNITY_PBS_USE_BRDF2 UNITY_PBS_USE_BRDF3 UNITY_PRETRANSFORM_TO_DISPLAY_ORIENTATION UNITY_UNIFIED_SHADER_PRECISION_MODEL UNITY_VIRTUAL_TEXTURING _CASTING_PUNCTUAL_LIGHT_SHADOW
Shader warning in 'FlatKit/Stylized Surface': Both vertex and fragment programs must be present in a shader snippet. Excluding it from compilation. at line 115
Shader warning in 'FlatKit/Stylized Surface': Both vertex and fragment programs must be present in a shader snippet. Excluding it from compilation. at line 324
 -> (artifact id: 'cd179b8420bbd4b3c5c6d8c7c06efac3') in 0.019037 seconds 
========================================================================
Received Import Request.
  Time since last request: 0.000017 seconds.
  path: Assets/FlatKit/PresetsShared/Materials/DarkPaleWhiteRim__StylSurf_Single_Rim.mat
  artifactKey: Guid(1de9f01c7ba864c0487f9e7a3be4e645) Importer(815301076,1909f56bfc062723c751e8b465ee728b)
Start importing Assets/FlatKit/PresetsShared/Materials/DarkPaleWhiteRim__StylSurf_Single_Rim.mat using Guid(1de9f01c7ba864c0487f9e7a3be4e645) Importer(815301076,1909f56bfc062723c751e8b465ee728b) Shader 'FlatKit/Stylized Surface': fallback shader 'Hidden/Universal Render Pipeline/FallbackError' not found
Shader error in 'FlatKit/Stylized Surface': Invalid conditional expression: unexpected ','. at line 140
Shader error in 'FlatKit/Stylized Surface': Invalid conditional expression: unexpected ','. at line 338
Shader error in 'FlatKit/Stylized Surface': Couldn't open include file 'Packages/com.unity.render-pipelines.universal/ShaderLibrary/Core.hlsl'. at Assets/FlatKit/Shaders/StylizedSurface/LibraryUrp/StylizedInput.hlsl(3)

Compiling Vertex program
Platform defines: SHADER_API_DESKTOP UNITY_COLORSPACE_GAMMA UNITY_ENABLE_DETAIL_NORMALMAP UNITY_ENABLE_REFLECTION_BUFFERS UNITY_LIGHTMAP_FULL_HDR UNITY_LIGHT_PROBE_PROXY_VOLUME UNITY_PASS_SHADOWCASTER UNITY_PBS_USE_BRDF1 UNITY_SPECCUBE_BLENDING UNITY_SPECCUBE_BOX_PROJECTION UNITY_USE_DITHER_MASK_FOR_ALPHABLENDED_SHADOWS
Disabled keywords: DOTS_INSTANCING_ON INSTANCING_ON SHADER_API_GLES30 UNITY_ASTC_NORMALMAP_ENCODING UNITY_ENABLE_NATIVE_SHADOW_LOOKUPS UNITY_FRAMEBUFFER_FETCH_AVAILABLE UNITY_HALF_PRECISION_FRAGMENT_SHADER_REGISTERS UNITY_HARDWARE_TIER1 UNITY_HARDWARE_TIER2 UNITY_HARDWARE_TIER3 UNITY_LIGHTMAP_DLDR_ENCODING UNITY_LIGHTMAP_RGBM_ENCODING UNITY_METAL_SHADOWS_USE_POINT_FILTERING UNITY_NO_DXT5nm UNITY_NO_FULL_STANDARD_SHADER UNITY_NO_SCREENSPACE_SHADOWS UNITY_PBS_USE_BRDF2 UNITY_PBS_USE_BRDF3 UNITY_PRETRANSFORM_TO_DISPLAY_ORIENTATION UNITY_UNIFIED_SHADER_PRECISION_MODEL UNITY_VIRTUAL_TEXTURING _CASTING_PUNCTUAL_LIGHT_SHADOW
Shader warning in 'FlatKit/Stylized Surface': Both vertex and fragment programs must be present in a shader snippet. Excluding it from compilation. at line 115
Shader warning in 'FlatKit/Stylized Surface': Both vertex and fragment programs must be present in a shader snippet. Excluding it from compilation. at line 324
Shader error in 'FlatKit/Stylized Surface': Invalid conditional expression: unexpected ','. at line 140
Shader error in 'FlatKit/Stylized Surface': Invalid conditional expression: unexpected ','. at line 338
Shader error in 'FlatKit/Stylized Surface': Couldn't open include file 'Packages/com.unity.render-pipelines.universal/ShaderLibrary/Core.hlsl'. at Assets/FlatKit/Shaders/StylizedSurface/LibraryUrp/StylizedInput.hlsl(3)

Compiling Vertex program
Platform defines: SHADER_API_DESKTOP UNITY_COLORSPACE_GAMMA UNITY_ENABLE_DETAIL_NORMALMAP UNITY_ENABLE_REFLECTION_BUFFERS UNITY_LIGHTMAP_FULL_HDR UNITY_LIGHT_PROBE_PROXY_VOLUME UNITY_PASS_SHADOWCASTER UNITY_PBS_USE_BRDF1 UNITY_SPECCUBE_BLENDING UNITY_SPECCUBE_BOX_PROJECTION UNITY_USE_DITHER_MASK_FOR_ALPHABLENDED_SHADOWS
Disabled keywords: DOTS_INSTANCING_ON INSTANCING_ON SHADER_API_GLES30 UNITY_ASTC_NORMALMAP_ENCODING UNITY_ENABLE_NATIVE_SHADOW_LOOKUPS UNITY_FRAMEBUFFER_FETCH_AVAILABLE UNITY_HALF_PRECISION_FRAGMENT_SHADER_REGISTERS UNITY_HARDWARE_TIER1 UNITY_HARDWARE_TIER2 UNITY_HARDWARE_TIER3 UNITY_LIGHTMAP_DLDR_ENCODING UNITY_LIGHTMAP_RGBM_ENCODING UNITY_METAL_SHADOWS_USE_POINT_FILTERING UNITY_NO_DXT5nm UNITY_NO_FULL_STANDARD_SHADER UNITY_NO_SCREENSPACE_SHADOWS UNITY_PBS_USE_BRDF2 UNITY_PBS_USE_BRDF3 UNITY_PRETRANSFORM_TO_DISPLAY_ORIENTATION UNITY_UNIFIED_SHADER_PRECISION_MODEL UNITY_VIRTUAL_TEXTURING _CASTING_PUNCTUAL_LIGHT_SHADOW
Shader warning in 'FlatKit/Stylized Surface': Both vertex and fragment programs must be present in a shader snippet. Excluding it from compilation. at line 115
Shader warning in 'FlatKit/Stylized Surface': Both vertex and fragment programs must be present in a shader snippet. Excluding it from compilation. at line 324
 -> (artifact id: 'a3056b1a4d6c2afeeb9fdcb926bfcb2b') in 0.014007 seconds 
========================================================================
Received Import Request.
  Time since last request: 0.000023 seconds.
  path: Assets/FlatKit/PresetsShared/Materials/SmoothPcycho02__StylSurf_Single_ExCel_Spec_Rim.mat
  artifactKey: Guid(0da22a351019d4976982b74a76f7d328) Importer(815301076,1909f56bfc062723c751e8b465ee728b)
Start importing Assets/FlatKit/PresetsShared/Materials/SmoothPcycho02__StylSurf_Single_ExCel_Spec_Rim.mat using Guid(0da22a351019d4976982b74a76f7d328) Importer(815301076,1909f56bfc062723c751e8b465ee728b) Shader 'FlatKit/Stylized Surface': fallback shader 'Hidden/Universal Render Pipeline/FallbackError' not found
Shader error in 'FlatKit/Stylized Surface': Invalid conditional expression: unexpected ','. at line 140
Shader error in 'FlatKit/Stylized Surface': Invalid conditional expression: unexpected ','. at line 338
Shader error in 'FlatKit/Stylized Surface': Couldn't open include file 'Packages/com.unity.render-pipelines.universal/ShaderLibrary/Core.hlsl'. at Assets/FlatKit/Shaders/StylizedSurface/LibraryUrp/StylizedInput.hlsl(3)

Compiling Vertex program
Platform defines: SHADER_API_DESKTOP UNITY_COLORSPACE_GAMMA UNITY_ENABLE_DETAIL_NORMALMAP UNITY_ENABLE_REFLECTION_BUFFERS UNITY_LIGHTMAP_FULL_HDR UNITY_LIGHT_PROBE_PROXY_VOLUME UNITY_PASS_SHADOWCASTER UNITY_PBS_USE_BRDF1 UNITY_SPECCUBE_BLENDING UNITY_SPECCUBE_BOX_PROJECTION UNITY_USE_DITHER_MASK_FOR_ALPHABLENDED_SHADOWS
Disabled keywords: DOTS_INSTANCING_ON INSTANCING_ON SHADER_API_GLES30 UNITY_ASTC_NORMALMAP_ENCODING UNITY_ENABLE_NATIVE_SHADOW_LOOKUPS UNITY_FRAMEBUFFER_FETCH_AVAILABLE UNITY_HALF_PRECISION_FRAGMENT_SHADER_REGISTERS UNITY_HARDWARE_TIER1 UNITY_HARDWARE_TIER2 UNITY_HARDWARE_TIER3 UNITY_LIGHTMAP_DLDR_ENCODING UNITY_LIGHTMAP_RGBM_ENCODING UNITY_METAL_SHADOWS_USE_POINT_FILTERING UNITY_NO_DXT5nm UNITY_NO_FULL_STANDARD_SHADER UNITY_NO_SCREENSPACE_SHADOWS UNITY_PBS_USE_BRDF2 UNITY_PBS_USE_BRDF3 UNITY_PRETRANSFORM_TO_DISPLAY_ORIENTATION UNITY_UNIFIED_SHADER_PRECISION_MODEL UNITY_VIRTUAL_TEXTURING _CASTING_PUNCTUAL_LIGHT_SHADOW
Shader warning in 'FlatKit/Stylized Surface': Both vertex and fragment programs must be present in a shader snippet. Excluding it from compilation. at line 115
Shader warning in 'FlatKit/Stylized Surface': Both vertex and fragment programs must be present in a shader snippet. Excluding it from compilation. at line 324
Shader error in 'FlatKit/Stylized Surface': Invalid conditional expression: unexpected ','. at line 140
Shader error in 'FlatKit/Stylized Surface': Invalid conditional expression: unexpected ','. at line 338
Shader error in 'FlatKit/Stylized Surface': Couldn't open include file 'Packages/com.unity.render-pipelines.universal/ShaderLibrary/Core.hlsl'. at Assets/FlatKit/Shaders/StylizedSurface/LibraryUrp/StylizedInput.hlsl(3)

Compiling Vertex program
Platform defines: SHADER_API_DESKTOP UNITY_COLORSPACE_GAMMA UNITY_ENABLE_DETAIL_NORMALMAP UNITY_ENABLE_REFLECTION_BUFFERS UNITY_LIGHTMAP_FULL_HDR UNITY_LIGHT_PROBE_PROXY_VOLUME UNITY_PASS_SHADOWCASTER UNITY_PBS_USE_BRDF1 UNITY_SPECCUBE_BLENDING UNITY_SPECCUBE_BOX_PROJECTION UNITY_USE_DITHER_MASK_FOR_ALPHABLENDED_SHADOWS
Disabled keywords: DOTS_INSTANCING_ON INSTANCING_ON SHADER_API_GLES30 UNITY_ASTC_NORMALMAP_ENCODING UNITY_ENABLE_NATIVE_SHADOW_LOOKUPS UNITY_FRAMEBUFFER_FETCH_AVAILABLE UNITY_HALF_PRECISION_FRAGMENT_SHADER_REGISTERS UNITY_HARDWARE_TIER1 UNITY_HARDWARE_TIER2 UNITY_HARDWARE_TIER3 UNITY_LIGHTMAP_DLDR_ENCODING UNITY_LIGHTMAP_RGBM_ENCODING UNITY_METAL_SHADOWS_USE_POINT_FILTERING UNITY_NO_DXT5nm UNITY_NO_FULL_STANDARD_SHADER UNITY_NO_SCREENSPACE_SHADOWS UNITY_PBS_USE_BRDF2 UNITY_PBS_USE_BRDF3 UNITY_PRETRANSFORM_TO_DISPLAY_ORIENTATION UNITY_UNIFIED_SHADER_PRECISION_MODEL UNITY_VIRTUAL_TEXTURING _CASTING_PUNCTUAL_LIGHT_SHADOW
Shader warning in 'FlatKit/Stylized Surface': Both vertex and fragment programs must be present in a shader snippet. Excluding it from compilation. at line 115
Shader warning in 'FlatKit/Stylized Surface': Both vertex and fragment programs must be present in a shader snippet. Excluding it from compilation. at line 324
 -> (artifact id: '5fd595cebfca5e1475306f47a4a635a4') in 0.012759 seconds 
========================================================================
Received Import Request.
  Time since last request: 48.398097 seconds.
  path: Assets/FlatKit/Demos/[Water] Ocean Islands/Ocean Islands Scene - Models/Island_block.fbx
  artifactKey: Guid(9cd8516a789b94ae1801c2afb59bb47e) Importer(815301076,1909f56bfc062723c751e8b465ee728b)
Start importing Assets/FlatKit/Demos/[Water] Ocean Islands/Ocean Islands Scene - Models/Island_block.fbx using Guid(9cd8516a789b94ae1801c2afb59bb47e) Importer(815301076,1909f56bfc062723c751e8b465ee728b)  -> (artifact id: 'ed99863696c3ff68d9aaab5cfae2ab0d') in 0.070783 seconds 
========================================================================
Received Import Request.
  Time since last request: 0.000087 seconds.
  path: Assets/FlatKit/Demos/[Water] Ocean Islands/Ocean Islands Scene - Models/Rock_04_high.fbx
  artifactKey: Guid(52a3086d75c934655b4df1c0e14d4cdc) Importer(815301076,1909f56bfc062723c751e8b465ee728b)
Start importing Assets/FlatKit/Demos/[Water] Ocean Islands/Ocean Islands Scene - Models/Rock_04_high.fbx using Guid(52a3086d75c934655b4df1c0e14d4cdc) Importer(815301076,1909f56bfc062723c751e8b465ee728b)  -> (artifact id: 'ac0e5db190cf0bac9076de5a2dfc98d1') in 0.018333 seconds 
========================================================================
Received Import Request.
  Time since last request: 0.000023 seconds.
  path: Assets/FlatKit/Demos/[Water] Ocean Islands/Ocean Islands Scene - Models/Waterfall_bottom.fbx
  artifactKey: Guid(1d1c5a94bdfb44809b71db711072fc85) Importer(815301076,1909f56bfc062723c751e8b465ee728b)
Start importing Assets/FlatKit/Demos/[Water] Ocean Islands/Ocean Islands Scene - Models/Waterfall_bottom.fbx using Guid(1d1c5a94bdfb44809b71db711072fc85) Importer(815301076,1909f56bfc062723c751e8b465ee728b)  -> (artifact id: '659a1c584f439b84574489c76e583a19') in 0.017630 seconds 
========================================================================
Received Import Request.
  Time since last request: 0.000016 seconds.
  path: Assets/FlatKit/Demos/[Water] Ocean Islands/Ocean Islands Scene - Models/Waterfall.fbx
  artifactKey: Guid(a62042bca34634a3fb05d65b58e4151c) Importer(815301076,1909f56bfc062723c751e8b465ee728b)
Start importing Assets/FlatKit/Demos/[Water] Ocean Islands/Ocean Islands Scene - Models/Waterfall.fbx using Guid(a62042bca34634a3fb05d65b58e4151c) Importer(815301076,1909f56bfc062723c751e8b465ee728b)  -> (artifact id: 'ab9f45e5e2a69637fa922b00ae8a9647') in 0.014279 seconds 
========================================================================
Received Import Request.
  Time since last request: 0.000025 seconds.
  path: Assets/FlatKit/Demos/[Water] Ocean Islands/Ocean Islands Scene - Models/Rock_01.fbx
  artifactKey: Guid(767be7e164a474589bc3dbbc78469c47) Importer(815301076,1909f56bfc062723c751e8b465ee728b)
Start importing Assets/FlatKit/Demos/[Water] Ocean Islands/Ocean Islands Scene - Models/Rock_01.fbx using Guid(767be7e164a474589bc3dbbc78469c47) Importer(815301076,1909f56bfc062723c751e8b465ee728b)  -> (artifact id: '75754015cfd66a4ed76a6ed3222a3215') in 0.016583 seconds 
========================================================================
Received Import Request.
  Time since last request: 1.018648 seconds.
  path: Assets/FlatKit/Demos/[Water] Ocean Islands/Ocean Islands Scene - Materials/OceanScene-Water-Preset 2.mat
  artifactKey: Guid(488b6686c84654d9490fa5f2c9d1d14c) Importer(815301076,1909f56bfc062723c751e8b465ee728b)
Start importing Assets/FlatKit/Demos/[Water] Ocean Islands/Ocean Islands Scene - Materials/OceanScene-Water-Preset 2.mat using Guid(488b6686c84654d9490fa5f2c9d1d14c) Importer(815301076,1909f56bfc062723c751e8b465ee728b) Shader error in 'FlatKit/Water': Couldn't open include file 'Packages/com.unity.render-pipelines.universal/ShaderLibrary/Core.hlsl'. at line 98

Compiling Vertex program with _COLORMODE_LINEAR _FOAMMODE_GRADIENT_NOISE _WAVEMODE_GRID
Platform defines: SHADER_API_DESKTOP UNITY_COLORSPACE_GAMMA UNITY_ENABLE_DETAIL_NORMALMAP UNITY_ENABLE_REFLECTION_BUFFERS UNITY_LIGHTMAP_FULL_HDR UNITY_LIGHT_PROBE_PROXY_VOLUME UNITY_PBS_USE_BRDF1 UNITY_SPECCUBE_BLENDING UNITY_SPECCUBE_BOX_PROJECTION UNITY_USE_DITHER_MASK_FOR_ALPHABLENDED_SHADOWS
Disabled keywords: FOG_EXP FOG_EXP2 FOG_LINEAR SHADER_API_GLES30 UNITY_ASTC_NORMALMAP_ENCODING UNITY_ENABLE_NATIVE_SHADOW_LOOKUPS UNITY_FRAMEBUFFER_FETCH_AVAILABLE UNITY_HALF_PRECISION_FRAGMENT_SHADER_REGISTERS UNITY_HARDWARE_TIER1 UNITY_HARDWARE_TIER2 UNITY_HARDWARE_TIER3 UNITY_LIGHTMAP_DLDR_ENCODING UNITY_LIGHTMAP_RGBM_ENCODING UNITY_METAL_SHADOWS_USE_POINT_FILTERING UNITY_NO_DXT5nm UNITY_NO_FULL_STANDARD_SHADER UNITY_NO_SCREENSPACE_SHADOWS UNITY_PBS_USE_BRDF2 UNITY_PBS_USE_BRDF3 UNITY_PRETRANSFORM_TO_DISPLAY_ORIENTATION UNITY_UNIFIED_SHADER_PRECISION_MODEL UNITY_VIRTUAL_TEXTURING _COLORMODE_GRADIENT_TEXTURE _FOAMMODE_NONE _FOAMMODE_TEXTURE _MAIN_LIGHT_SHADOWS _MAIN_LIGHT_SHADOWS_CASCADE _SHADOWS_SOFT _WAVEMODE_NONE _WAVEMODE_POINTY _WAVEMODE_ROUND
Shader warning in 'FlatKit/Water': Both vertex and fragment programs must be present in a shader snippet. Excluding it from compilation. at line 82

Compiling Vertex program with _COLORMODE_LINEAR _FOAMMODE_GRADIENT_NOISE _WAVEMODE_GRID
Platform defines: SHADER_API_DESKTOP UNITY_COLORSPACE_GAMMA UNITY_ENABLE_DETAIL_NORMALMAP UNITY_ENABLE_REFLECTION_BUFFERS UNITY_LIGHTMAP_FULL_HDR UNITY_LIGHT_PROBE_PROXY_VOLUME UNITY_PBS_USE_BRDF1 UNITY_SPECCUBE_BLENDING UNITY_SPECCUBE_BOX_PROJECTION UNITY_USE_DITHER_MASK_FOR_ALPHABLENDED_SHADOWS
Disabled keywords: FOG_EXP FOG_EXP2 FOG_LINEAR SHADER_API_GLES30 UNITY_ASTC_NORMALMAP_ENCODING UNITY_ENABLE_NATIVE_SHADOW_LOOKUPS UNITY_FRAMEBUFFER_FETCH_AVAILABLE UNITY_HALF_PRECISION_FRAGMENT_SHADER_REGISTERS UNITY_HARDWARE_TIER1 UNITY_HARDWARE_TIER2 UNITY_HARDWARE_TIER3 UNITY_LIGHTMAP_DLDR_ENCODING UNITY_LIGHTMAP_RGBM_ENCODING UNITY_METAL_SHADOWS_USE_POINT_FILTERING UNITY_NO_DXT5nm UNITY_NO_FULL_STANDARD_SHADER UNITY_NO_SCREENSPACE_SHADOWS UNITY_PBS_USE_BRDF2 UNITY_PBS_USE_BRDF3 UNITY_PRETRANSFORM_TO_DISPLAY_ORIENTATION UNITY_UNIFIED_SHADER_PRECISION_MODEL UNITY_VIRTUAL_TEXTURING _COLORMODE_GRADIENT_TEXTURE _FOAMMODE_NONE _FOAMMODE_TEXTURE _MAIN_LIGHT_SHADOWS _MAIN_LIGHT_SHADOWS_CASCADE _SHADOWS_SOFT _WAVEMODE_NONE _WAVEMODE_POINTY _WAVEMODE_ROUND
Shader warning in 'FlatKit/Water': CGPROGRAM block does not contain #pragma vertex, #pragma fragment or #pragma surface directive, skipping at line 82

Compiling Vertex program with _COLORMODE_LINEAR _FOAMMODE_GRADIENT_NOISE _WAVEMODE_GRID
Platform defines: SHADER_API_DESKTOP UNITY_COLORSPACE_GAMMA UNITY_ENABLE_DETAIL_NORMALMAP UNITY_ENABLE_REFLECTION_BUFFERS UNITY_LIGHTMAP_FULL_HDR UNITY_LIGHT_PROBE_PROXY_VOLUME UNITY_PBS_USE_BRDF1 UNITY_SPECCUBE_BLENDING UNITY_SPECCUBE_BOX_PROJECTION UNITY_USE_DITHER_MASK_FOR_ALPHABLENDED_SHADOWS
Disabled keywords: FOG_EXP FOG_EXP2 FOG_LINEAR SHADER_API_GLES30 UNITY_ASTC_NORMALMAP_ENCODING UNITY_ENABLE_NATIVE_SHADOW_LOOKUPS UNITY_FRAMEBUFFER_FETCH_AVAILABLE UNITY_HALF_PRECISION_FRAGMENT_SHADER_REGISTERS UNITY_HARDWARE_TIER1 UNITY_HARDWARE_TIER2 UNITY_HARDWARE_TIER3 UNITY_LIGHTMAP_DLDR_ENCODING UNITY_LIGHTMAP_RGBM_ENCODING UNITY_METAL_SHADOWS_USE_POINT_FILTERING UNITY_NO_DXT5nm UNITY_NO_FULL_STANDARD_SHADER UNITY_NO_SCREENSPACE_SHADOWS UNITY_PBS_USE_BRDF2 UNITY_PBS_USE_BRDF3 UNITY_PRETRANSFORM_TO_DISPLAY_ORIENTATION UNITY_UNIFIED_SHADER_PRECISION_MODEL UNITY_VIRTUAL_TEXTURING _COLORMODE_GRADIENT_TEXTURE _FOAMMODE_NONE _FOAMMODE_TEXTURE _MAIN_LIGHT_SHADOWS _MAIN_LIGHT_SHADOWS_CASCADE _SHADOWS_SOFT _WAVEMODE_NONE _WAVEMODE_POINTY _WAVEMODE_ROUND
Shader error in 'FlatKit/Water': Couldn't open include file 'Packages/com.unity.render-pipelines.universal/ShaderLibrary/Core.hlsl'. at line 98

Compiling Vertex program with _COLORMODE_LINEAR _FOAMMODE_GRADIENT_NOISE _WAVEMODE_GRID
Platform defines: SHADER_API_DESKTOP UNITY_COLORSPACE_GAMMA UNITY_ENABLE_DETAIL_NORMALMAP UNITY_ENABLE_REFLECTION_BUFFERS UNITY_LIGHTMAP_FULL_HDR UNITY_LIGHT_PROBE_PROXY_VOLUME UNITY_PBS_USE_BRDF1 UNITY_SPECCUBE_BLENDING UNITY_SPECCUBE_BOX_PROJECTION UNITY_USE_DITHER_MASK_FOR_ALPHABLENDED_SHADOWS
Disabled keywords: FOG_EXP FOG_EXP2 FOG_LINEAR SHADER_API_GLES30 UNITY_ASTC_NORMALMAP_ENCODING UNITY_ENABLE_NATIVE_SHADOW_LOOKUPS UNITY_FRAMEBUFFER_FETCH_AVAILABLE UNITY_HALF_PRECISION_FRAGMENT_SHADER_REGISTERS UNITY_HARDWARE_TIER1 UNITY_HARDWARE_TIER2 UNITY_HARDWARE_TIER3 UNITY_LIGHTMAP_DLDR_ENCODING UNITY_LIGHTMAP_RGBM_ENCODING UNITY_METAL_SHADOWS_USE_POINT_FILTERING UNITY_NO_DXT5nm UNITY_NO_FULL_STANDARD_SHADER UNITY_NO_SCREENSPACE_SHADOWS UNITY_PBS_USE_BRDF2 UNITY_PBS_USE_BRDF3 UNITY_PRETRANSFORM_TO_DISPLAY_ORIENTATION UNITY_UNIFIED_SHADER_PRECISION_MODEL UNITY_VIRTUAL_TEXTURING _COLORMODE_GRADIENT_TEXTURE _FOAMMODE_NONE _FOAMMODE_TEXTURE _MAIN_LIGHT_SHADOWS _MAIN_LIGHT_SHADOWS_CASCADE _SHADOWS_SOFT _WAVEMODE_NONE _WAVEMODE_POINTY _WAVEMODE_ROUND
Shader warning in 'FlatKit/Water': Both vertex and fragment programs must be present in a shader snippet. Excluding it from compilation. at line 82

Compiling Vertex program with _COLORMODE_LINEAR _FOAMMODE_GRADIENT_NOISE _WAVEMODE_GRID
Platform defines: SHADER_API_DESKTOP UNITY_COLORSPACE_GAMMA UNITY_ENABLE_DETAIL_NORMALMAP UNITY_ENABLE_REFLECTION_BUFFERS UNITY_LIGHTMAP_FULL_HDR UNITY_LIGHT_PROBE_PROXY_VOLUME UNITY_PBS_USE_BRDF1 UNITY_SPECCUBE_BLENDING UNITY_SPECCUBE_BOX_PROJECTION UNITY_USE_DITHER_MASK_FOR_ALPHABLENDED_SHADOWS
Disabled keywords: FOG_EXP FOG_EXP2 FOG_LINEAR SHADER_API_GLES30 UNITY_ASTC_NORMALMAP_ENCODING UNITY_ENABLE_NATIVE_SHADOW_LOOKUPS UNITY_FRAMEBUFFER_FETCH_AVAILABLE UNITY_HALF_PRECISION_FRAGMENT_SHADER_REGISTERS UNITY_HARDWARE_TIER1 UNITY_HARDWARE_TIER2 UNITY_HARDWARE_TIER3 UNITY_LIGHTMAP_DLDR_ENCODING UNITY_LIGHTMAP_RGBM_ENCODING UNITY_METAL_SHADOWS_USE_POINT_FILTERING UNITY_NO_DXT5nm UNITY_NO_FULL_STANDARD_SHADER UNITY_NO_SCREENSPACE_SHADOWS UNITY_PBS_USE_BRDF2 UNITY_PBS_USE_BRDF3 UNITY_PRETRANSFORM_TO_DISPLAY_ORIENTATION UNITY_UNIFIED_SHADER_PRECISION_MODEL UNITY_VIRTUAL_TEXTURING _COLORMODE_GRADIENT_TEXTURE _FOAMMODE_NONE _FOAMMODE_TEXTURE _MAIN_LIGHT_SHADOWS _MAIN_LIGHT_SHADOWS_CASCADE _SHADOWS_SOFT _WAVEMODE_NONE _WAVEMODE_POINTY _WAVEMODE_ROUND
Shader warning in 'FlatKit/Water': CGPROGRAM block does not contain #pragma vertex, #pragma fragment or #pragma surface directive, skipping at line 82

Compiling Vertex program with _COLORMODE_LINEAR _FOAMMODE_GRADIENT_NOISE _WAVEMODE_GRID
Platform defines: SHADER_API_DESKTOP UNITY_COLORSPACE_GAMMA UNITY_ENABLE_DETAIL_NORMALMAP UNITY_ENABLE_REFLECTION_BUFFERS UNITY_LIGHTMAP_FULL_HDR UNITY_LIGHT_PROBE_PROXY_VOLUME UNITY_PBS_USE_BRDF1 UNITY_SPECCUBE_BLENDING UNITY_SPECCUBE_BOX_PROJECTION UNITY_USE_DITHER_MASK_FOR_ALPHABLENDED_SHADOWS
Disabled keywords: FOG_EXP FOG_EXP2 FOG_LINEAR SHADER_API_GLES30 UNITY_ASTC_NORMALMAP_ENCODING UNITY_ENABLE_NATIVE_SHADOW_LOOKUPS UNITY_FRAMEBUFFER_FETCH_AVAILABLE UNITY_HALF_PRECISION_FRAGMENT_SHADER_REGISTERS UNITY_HARDWARE_TIER1 UNITY_HARDWARE_TIER2 UNITY_HARDWARE_TIER3 UNITY_LIGHTMAP_DLDR_ENCODING UNITY_LIGHTMAP_RGBM_ENCODING UNITY_METAL_SHADOWS_USE_POINT_FILTERING UNITY_NO_DXT5nm UNITY_NO_FULL_STANDARD_SHADER UNITY_NO_SCREENSPACE_SHADOWS UNITY_PBS_USE_BRDF2 UNITY_PBS_USE_BRDF3 UNITY_PRETRANSFORM_TO_DISPLAY_ORIENTATION UNITY_UNIFIED_SHADER_PRECISION_MODEL UNITY_VIRTUAL_TEXTURING _COLORMODE_GRADIENT_TEXTURE _FOAMMODE_NONE _FOAMMODE_TEXTURE _MAIN_LIGHT_SHADOWS _MAIN_LIGHT_SHADOWS_CASCADE _SHADOWS_SOFT _WAVEMODE_NONE _WAVEMODE_POINTY _WAVEMODE_ROUND
 -> (artifact id: '0d4818f052c0874f720b83c24f040e57') in 0.056027 seconds 
========================================================================
Received Import Request.
  Time since last request: 0.000017 seconds.
  path: Assets/FlatKit/Demos/[Water] Ocean Islands/Ocean Islands Scene - Materials/WaterScene_Tree 1.mat
  artifactKey: Guid(141a460ae361449f6986a3635397be5f) Importer(815301076,1909f56bfc062723c751e8b465ee728b)
Start importing Assets/FlatKit/Demos/[Water] Ocean Islands/Ocean Islands Scene - Materials/WaterScene_Tree 1.mat using Guid(141a460ae361449f6986a3635397be5f) Importer(815301076,1909f56bfc062723c751e8b465ee728b) Shader 'FlatKit/Stylized Surface': fallback shader 'Hidden/Universal Render Pipeline/FallbackError' not found
Shader error in 'FlatKit/Stylized Surface': Invalid conditional expression: unexpected ','. at line 140
Shader error in 'FlatKit/Stylized Surface': Invalid conditional expression: unexpected ','. at line 338
Shader error in 'FlatKit/Stylized Surface': Couldn't open include file 'Packages/com.unity.render-pipelines.universal/ShaderLibrary/Core.hlsl'. at Assets/FlatKit/Shaders/StylizedSurface/LibraryUrp/StylizedInput.hlsl(3)

Compiling Vertex program
Platform defines: SHADER_API_DESKTOP UNITY_COLORSPACE_GAMMA UNITY_ENABLE_DETAIL_NORMALMAP UNITY_ENABLE_REFLECTION_BUFFERS UNITY_LIGHTMAP_FULL_HDR UNITY_LIGHT_PROBE_PROXY_VOLUME UNITY_PASS_SHADOWCASTER UNITY_PBS_USE_BRDF1 UNITY_SPECCUBE_BLENDING UNITY_SPECCUBE_BOX_PROJECTION UNITY_USE_DITHER_MASK_FOR_ALPHABLENDED_SHADOWS
Disabled keywords: DOTS_INSTANCING_ON INSTANCING_ON SHADER_API_GLES30 UNITY_ASTC_NORMALMAP_ENCODING UNITY_ENABLE_NATIVE_SHADOW_LOOKUPS UNITY_FRAMEBUFFER_FETCH_AVAILABLE UNITY_HALF_PRECISION_FRAGMENT_SHADER_REGISTERS UNITY_HARDWARE_TIER1 UNITY_HARDWARE_TIER2 UNITY_HARDWARE_TIER3 UNITY_LIGHTMAP_DLDR_ENCODING UNITY_LIGHTMAP_RGBM_ENCODING UNITY_METAL_SHADOWS_USE_POINT_FILTERING UNITY_NO_DXT5nm UNITY_NO_FULL_STANDARD_SHADER UNITY_NO_SCREENSPACE_SHADOWS UNITY_PBS_USE_BRDF2 UNITY_PBS_USE_BRDF3 UNITY_PRETRANSFORM_TO_DISPLAY_ORIENTATION UNITY_UNIFIED_SHADER_PRECISION_MODEL UNITY_VIRTUAL_TEXTURING _CASTING_PUNCTUAL_LIGHT_SHADOW
Shader warning in 'FlatKit/Stylized Surface': Both vertex and fragment programs must be present in a shader snippet. Excluding it from compilation. at line 115
Shader warning in 'FlatKit/Stylized Surface': Both vertex and fragment programs must be present in a shader snippet. Excluding it from compilation. at line 324
Shader error in 'FlatKit/Stylized Surface': Invalid conditional expression: unexpected ','. at line 140
Shader error in 'FlatKit/Stylized Surface': Invalid conditional expression: unexpected ','. at line 338
Shader error in 'FlatKit/Stylized Surface': Couldn't open include file 'Packages/com.unity.render-pipelines.universal/ShaderLibrary/Core.hlsl'. at Assets/FlatKit/Shaders/StylizedSurface/LibraryUrp/StylizedInput.hlsl(3)

Compiling Vertex program
Platform defines: SHADER_API_DESKTOP UNITY_COLORSPACE_GAMMA UNITY_ENABLE_DETAIL_NORMALMAP UNITY_ENABLE_REFLECTION_BUFFERS UNITY_LIGHTMAP_FULL_HDR UNITY_LIGHT_PROBE_PROXY_VOLUME UNITY_PASS_SHADOWCASTER UNITY_PBS_USE_BRDF1 UNITY_SPECCUBE_BLENDING UNITY_SPECCUBE_BOX_PROJECTION UNITY_USE_DITHER_MASK_FOR_ALPHABLENDED_SHADOWS
Disabled keywords: DOTS_INSTANCING_ON INSTANCING_ON SHADER_API_GLES30 UNITY_ASTC_NORMALMAP_ENCODING UNITY_ENABLE_NATIVE_SHADOW_LOOKUPS UNITY_FRAMEBUFFER_FETCH_AVAILABLE UNITY_HALF_PRECISION_FRAGMENT_SHADER_REGISTERS UNITY_HARDWARE_TIER1 UNITY_HARDWARE_TIER2 UNITY_HARDWARE_TIER3 UNITY_LIGHTMAP_DLDR_ENCODING UNITY_LIGHTMAP_RGBM_ENCODING UNITY_METAL_SHADOWS_USE_POINT_FILTERING UNITY_NO_DXT5nm UNITY_NO_FULL_STANDARD_SHADER UNITY_NO_SCREENSPACE_SHADOWS UNITY_PBS_USE_BRDF2 UNITY_PBS_USE_BRDF3 UNITY_PRETRANSFORM_TO_DISPLAY_ORIENTATION UNITY_UNIFIED_SHADER_PRECISION_MODEL UNITY_VIRTUAL_TEXTURING _CASTING_PUNCTUAL_LIGHT_SHADOW
Shader warning in 'FlatKit/Stylized Surface': Both vertex and fragment programs must be present in a shader snippet. Excluding it from compilation. at line 115
Shader warning in 'FlatKit/Stylized Surface': Both vertex and fragment programs must be present in a shader snippet. Excluding it from compilation. at line 324
 -> (artifact id: '9fb289701c79b7d08d4fce564021fcfe') in 0.026583 seconds 
========================================================================
Received Import Request.
  Time since last request: 0.000023 seconds.
  path: Assets/FlatKit/Demos/[Water] Ocean Islands/Ocean Islands Scene - Materials/WaterScene_Island_Purplish.mat
  artifactKey: Guid(362639e5e3b0949c8b2c1eb7f0b44976) Importer(815301076,1909f56bfc062723c751e8b465ee728b)
Start importing Assets/FlatKit/Demos/[Water] Ocean Islands/Ocean Islands Scene - Materials/WaterScene_Island_Purplish.mat using Guid(362639e5e3b0949c8b2c1eb7f0b44976) Importer(815301076,1909f56bfc062723c751e8b465ee728b) Shader 'FlatKit/Stylized Surface': fallback shader 'Hidden/Universal Render Pipeline/FallbackError' not found
Shader error in 'FlatKit/Stylized Surface': Invalid conditional expression: unexpected ','. at line 140
Shader error in 'FlatKit/Stylized Surface': Invalid conditional expression: unexpected ','. at line 338
Shader error in 'FlatKit/Stylized Surface': Couldn't open include file 'Packages/com.unity.render-pipelines.universal/ShaderLibrary/Core.hlsl'. at Assets/FlatKit/Shaders/StylizedSurface/LibraryUrp/StylizedInput.hlsl(3)

Compiling Vertex program
Platform defines: SHADER_API_DESKTOP UNITY_COLORSPACE_GAMMA UNITY_ENABLE_DETAIL_NORMALMAP UNITY_ENABLE_REFLECTION_BUFFERS UNITY_LIGHTMAP_FULL_HDR UNITY_LIGHT_PROBE_PROXY_VOLUME UNITY_PASS_SHADOWCASTER UNITY_PBS_USE_BRDF1 UNITY_SPECCUBE_BLENDING UNITY_SPECCUBE_BOX_PROJECTION UNITY_USE_DITHER_MASK_FOR_ALPHABLENDED_SHADOWS
Disabled keywords: DOTS_INSTANCING_ON INSTANCING_ON SHADER_API_GLES30 UNITY_ASTC_NORMALMAP_ENCODING UNITY_ENABLE_NATIVE_SHADOW_LOOKUPS UNITY_FRAMEBUFFER_FETCH_AVAILABLE UNITY_HALF_PRECISION_FRAGMENT_SHADER_REGISTERS UNITY_HARDWARE_TIER1 UNITY_HARDWARE_TIER2 UNITY_HARDWARE_TIER3 UNITY_LIGHTMAP_DLDR_ENCODING UNITY_LIGHTMAP_RGBM_ENCODING UNITY_METAL_SHADOWS_USE_POINT_FILTERING UNITY_NO_DXT5nm UNITY_NO_FULL_STANDARD_SHADER UNITY_NO_SCREENSPACE_SHADOWS UNITY_PBS_USE_BRDF2 UNITY_PBS_USE_BRDF3 UNITY_PRETRANSFORM_TO_DISPLAY_ORIENTATION UNITY_UNIFIED_SHADER_PRECISION_MODEL UNITY_VIRTUAL_TEXTURING _CASTING_PUNCTUAL_LIGHT_SHADOW
Shader warning in 'FlatKit/Stylized Surface': Both vertex and fragment programs must be present in a shader snippet. Excluding it from compilation. at line 115
Shader warning in 'FlatKit/Stylized Surface': Both vertex and fragment programs must be present in a shader snippet. Excluding it from compilation. at line 324
Shader error in 'FlatKit/Stylized Surface': Invalid conditional expression: unexpected ','. at line 140
Shader error in 'FlatKit/Stylized Surface': Invalid conditional expression: unexpected ','. at line 338
Shader error in 'FlatKit/Stylized Surface': Couldn't open include file 'Packages/com.unity.render-pipelines.universal/ShaderLibrary/Core.hlsl'. at Assets/FlatKit/Shaders/StylizedSurface/LibraryUrp/StylizedInput.hlsl(3)

Compiling Vertex program
Platform defines: SHADER_API_DESKTOP UNITY_COLORSPACE_GAMMA UNITY_ENABLE_DETAIL_NORMALMAP UNITY_ENABLE_REFLECTION_BUFFERS UNITY_LIGHTMAP_FULL_HDR UNITY_LIGHT_PROBE_PROXY_VOLUME UNITY_PASS_SHADOWCASTER UNITY_PBS_USE_BRDF1 UNITY_SPECCUBE_BLENDING UNITY_SPECCUBE_BOX_PROJECTION UNITY_USE_DITHER_MASK_FOR_ALPHABLENDED_SHADOWS
Disabled keywords: DOTS_INSTANCING_ON INSTANCING_ON SHADER_API_GLES30 UNITY_ASTC_NORMALMAP_ENCODING UNITY_ENABLE_NATIVE_SHADOW_LOOKUPS UNITY_FRAMEBUFFER_FETCH_AVAILABLE UNITY_HALF_PRECISION_FRAGMENT_SHADER_REGISTERS UNITY_HARDWARE_TIER1 UNITY_HARDWARE_TIER2 UNITY_HARDWARE_TIER3 UNITY_LIGHTMAP_DLDR_ENCODING UNITY_LIGHTMAP_RGBM_ENCODING UNITY_METAL_SHADOWS_USE_POINT_FILTERING UNITY_NO_DXT5nm UNITY_NO_FULL_STANDARD_SHADER UNITY_NO_SCREENSPACE_SHADOWS UNITY_PBS_USE_BRDF2 UNITY_PBS_USE_BRDF3 UNITY_PRETRANSFORM_TO_DISPLAY_ORIENTATION UNITY_UNIFIED_SHADER_PRECISION_MODEL UNITY_VIRTUAL_TEXTURING _CASTING_PUNCTUAL_LIGHT_SHADOW
Shader warning in 'FlatKit/Stylized Surface': Both vertex and fragment programs must be present in a shader snippet. Excluding it from compilation. at line 115
Shader warning in 'FlatKit/Stylized Surface': Both vertex and fragment programs must be present in a shader snippet. Excluding it from compilation. at line 324
 -> (artifact id: '5a4cc6bfc58eadd8ce74e67d8a3b8cd5') in 0.018236 seconds 
========================================================================
Received Import Request.
  Time since last request: 0.000018 seconds.
  path: Assets/FlatKit/Demos/[Water] Ocean Islands/Ocean Islands Scene - Materials/WaterScene_Island_Greenish.mat
  artifactKey: Guid(154d1055a35044e31b916408a0b553aa) Importer(815301076,1909f56bfc062723c751e8b465ee728b)
Start importing Assets/FlatKit/Demos/[Water] Ocean Islands/Ocean Islands Scene - Materials/WaterScene_Island_Greenish.mat using Guid(154d1055a35044e31b916408a0b553aa) Importer(815301076,1909f56bfc062723c751e8b465ee728b) Shader 'FlatKit/Stylized Surface': fallback shader 'Hidden/Universal Render Pipeline/FallbackError' not found
Shader error in 'FlatKit/Stylized Surface': Invalid conditional expression: unexpected ','. at line 140
Shader error in 'FlatKit/Stylized Surface': Invalid conditional expression: unexpected ','. at line 338
Shader error in 'FlatKit/Stylized Surface': Couldn't open include file 'Packages/com.unity.render-pipelines.universal/ShaderLibrary/Core.hlsl'. at Assets/FlatKit/Shaders/StylizedSurface/LibraryUrp/StylizedInput.hlsl(3)

Compiling Vertex program
Platform defines: SHADER_API_DESKTOP UNITY_COLORSPACE_GAMMA UNITY_ENABLE_DETAIL_NORMALMAP UNITY_ENABLE_REFLECTION_BUFFERS UNITY_LIGHTMAP_FULL_HDR UNITY_LIGHT_PROBE_PROXY_VOLUME UNITY_PASS_SHADOWCASTER UNITY_PBS_USE_BRDF1 UNITY_SPECCUBE_BLENDING UNITY_SPECCUBE_BOX_PROJECTION UNITY_USE_DITHER_MASK_FOR_ALPHABLENDED_SHADOWS
Disabled keywords: DOTS_INSTANCING_ON INSTANCING_ON SHADER_API_GLES30 UNITY_ASTC_NORMALMAP_ENCODING UNITY_ENABLE_NATIVE_SHADOW_LOOKUPS UNITY_FRAMEBUFFER_FETCH_AVAILABLE UNITY_HALF_PRECISION_FRAGMENT_SHADER_REGISTERS UNITY_HARDWARE_TIER1 UNITY_HARDWARE_TIER2 UNITY_HARDWARE_TIER3 UNITY_LIGHTMAP_DLDR_ENCODING UNITY_LIGHTMAP_RGBM_ENCODING UNITY_METAL_SHADOWS_USE_POINT_FILTERING UNITY_NO_DXT5nm UNITY_NO_FULL_STANDARD_SHADER UNITY_NO_SCREENSPACE_SHADOWS UNITY_PBS_USE_BRDF2 UNITY_PBS_USE_BRDF3 UNITY_PRETRANSFORM_TO_DISPLAY_ORIENTATION UNITY_UNIFIED_SHADER_PRECISION_MODEL UNITY_VIRTUAL_TEXTURING _CASTING_PUNCTUAL_LIGHT_SHADOW
Shader warning in 'FlatKit/Stylized Surface': Both vertex and fragment programs must be present in a shader snippet. Excluding it from compilation. at line 115
Shader warning in 'FlatKit/Stylized Surface': Both vertex and fragment programs must be present in a shader snippet. Excluding it from compilation. at line 324
Shader error in 'FlatKit/Stylized Surface': Invalid conditional expression: unexpected ','. at line 140
Shader error in 'FlatKit/Stylized Surface': Invalid conditional expression: unexpected ','. at line 338
Shader error in 'FlatKit/Stylized Surface': Couldn't open include file 'Packages/com.unity.render-pipelines.universal/ShaderLibrary/Core.hlsl'. at Assets/FlatKit/Shaders/StylizedSurface/LibraryUrp/StylizedInput.hlsl(3)

Compiling Vertex program
Platform defines: SHADER_API_DESKTOP UNITY_COLORSPACE_GAMMA UNITY_ENABLE_DETAIL_NORMALMAP UNITY_ENABLE_REFLECTION_BUFFERS UNITY_LIGHTMAP_FULL_HDR UNITY_LIGHT_PROBE_PROXY_VOLUME UNITY_PASS_SHADOWCASTER UNITY_PBS_USE_BRDF1 UNITY_SPECCUBE_BLENDING UNITY_SPECCUBE_BOX_PROJECTION UNITY_USE_DITHER_MASK_FOR_ALPHABLENDED_SHADOWS
Disabled keywords: DOTS_INSTANCING_ON INSTANCING_ON SHADER_API_GLES30 UNITY_ASTC_NORMALMAP_ENCODING UNITY_ENABLE_NATIVE_SHADOW_LOOKUPS UNITY_FRAMEBUFFER_FETCH_AVAILABLE UNITY_HALF_PRECISION_FRAGMENT_SHADER_REGISTERS UNITY_HARDWARE_TIER1 UNITY_HARDWARE_TIER2 UNITY_HARDWARE_TIER3 UNITY_LIGHTMAP_DLDR_ENCODING UNITY_LIGHTMAP_RGBM_ENCODING UNITY_METAL_SHADOWS_USE_POINT_FILTERING UNITY_NO_DXT5nm UNITY_NO_FULL_STANDARD_SHADER UNITY_NO_SCREENSPACE_SHADOWS UNITY_PBS_USE_BRDF2 UNITY_PBS_USE_BRDF3 UNITY_PRETRANSFORM_TO_DISPLAY_ORIENTATION UNITY_UNIFIED_SHADER_PRECISION_MODEL UNITY_VIRTUAL_TEXTURING _CASTING_PUNCTUAL_LIGHT_SHADOW
Shader warning in 'FlatKit/Stylized Surface': Both vertex and fragment programs must be present in a shader snippet. Excluding it from compilation. at line 115
Shader warning in 'FlatKit/Stylized Surface': Both vertex and fragment programs must be present in a shader snippet. Excluding it from compilation. at line 324
 -> (artifact id: '38411d00c66818d2591dbed38d081af1') in 0.016233 seconds 
========================================================================
Received Import Request.
  Time since last request: 0.000017 seconds.
  path: Assets/FlatKit/Demos/[Water] Ocean Islands/Ocean Islands Scene - Materials/WaterScene_Tree 3.mat
  artifactKey: Guid(6089faa20635c49ab9bff6e2aed5ade7) Importer(815301076,1909f56bfc062723c751e8b465ee728b)
Start importing Assets/FlatKit/Demos/[Water] Ocean Islands/Ocean Islands Scene - Materials/WaterScene_Tree 3.mat using Guid(6089faa20635c49ab9bff6e2aed5ade7) Importer(815301076,1909f56bfc062723c751e8b465ee728b) Shader 'FlatKit/Stylized Surface': fallback shader 'Hidden/Universal Render Pipeline/FallbackError' not found
Shader error in 'FlatKit/Stylized Surface': Invalid conditional expression: unexpected ','. at line 140
Shader error in 'FlatKit/Stylized Surface': Invalid conditional expression: unexpected ','. at line 338
Shader error in 'FlatKit/Stylized Surface': Couldn't open include file 'Packages/com.unity.render-pipelines.universal/ShaderLibrary/Core.hlsl'. at Assets/FlatKit/Shaders/StylizedSurface/LibraryUrp/StylizedInput.hlsl(3)

Compiling Vertex program
Platform defines: SHADER_API_DESKTOP UNITY_COLORSPACE_GAMMA UNITY_ENABLE_DETAIL_NORMALMAP UNITY_ENABLE_REFLECTION_BUFFERS UNITY_LIGHTMAP_FULL_HDR UNITY_LIGHT_PROBE_PROXY_VOLUME UNITY_PASS_SHADOWCASTER UNITY_PBS_USE_BRDF1 UNITY_SPECCUBE_BLENDING UNITY_SPECCUBE_BOX_PROJECTION UNITY_USE_DITHER_MASK_FOR_ALPHABLENDED_SHADOWS
Disabled keywords: DOTS_INSTANCING_ON INSTANCING_ON SHADER_API_GLES30 UNITY_ASTC_NORMALMAP_ENCODING UNITY_ENABLE_NATIVE_SHADOW_LOOKUPS UNITY_FRAMEBUFFER_FETCH_AVAILABLE UNITY_HALF_PRECISION_FRAGMENT_SHADER_REGISTERS UNITY_HARDWARE_TIER1 UNITY_HARDWARE_TIER2 UNITY_HARDWARE_TIER3 UNITY_LIGHTMAP_DLDR_ENCODING UNITY_LIGHTMAP_RGBM_ENCODING UNITY_METAL_SHADOWS_USE_POINT_FILTERING UNITY_NO_DXT5nm UNITY_NO_FULL_STANDARD_SHADER UNITY_NO_SCREENSPACE_SHADOWS UNITY_PBS_USE_BRDF2 UNITY_PBS_USE_BRDF3 UNITY_PRETRANSFORM_TO_DISPLAY_ORIENTATION UNITY_UNIFIED_SHADER_PRECISION_MODEL UNITY_VIRTUAL_TEXTURING _CASTING_PUNCTUAL_LIGHT_SHADOW
Shader warning in 'FlatKit/Stylized Surface': Both vertex and fragment programs must be present in a shader snippet. Excluding it from compilation. at line 115
Shader warning in 'FlatKit/Stylized Surface': Both vertex and fragment programs must be present in a shader snippet. Excluding it from compilation. at line 324
Shader error in 'FlatKit/Stylized Surface': Invalid conditional expression: unexpected ','. at line 140
Shader error in 'FlatKit/Stylized Surface': Invalid conditional expression: unexpected ','. at line 338
Shader error in 'FlatKit/Stylized Surface': Couldn't open include file 'Packages/com.unity.render-pipelines.universal/ShaderLibrary/Core.hlsl'. at Assets/FlatKit/Shaders/StylizedSurface/LibraryUrp/StylizedInput.hlsl(3)

Compiling Vertex program
Platform defines: SHADER_API_DESKTOP UNITY_COLORSPACE_GAMMA UNITY_ENABLE_DETAIL_NORMALMAP UNITY_ENABLE_REFLECTION_BUFFERS UNITY_LIGHTMAP_FULL_HDR UNITY_LIGHT_PROBE_PROXY_VOLUME UNITY_PASS_SHADOWCASTER UNITY_PBS_USE_BRDF1 UNITY_SPECCUBE_BLENDING UNITY_SPECCUBE_BOX_PROJECTION UNITY_USE_DITHER_MASK_FOR_ALPHABLENDED_SHADOWS
Disabled keywords: DOTS_INSTANCING_ON INSTANCING_ON SHADER_API_GLES30 UNITY_ASTC_NORMALMAP_ENCODING UNITY_ENABLE_NATIVE_SHADOW_LOOKUPS UNITY_FRAMEBUFFER_FETCH_AVAILABLE UNITY_HALF_PRECISION_FRAGMENT_SHADER_REGISTERS UNITY_HARDWARE_TIER1 UNITY_HARDWARE_TIER2 UNITY_HARDWARE_TIER3 UNITY_LIGHTMAP_DLDR_ENCODING UNITY_LIGHTMAP_RGBM_ENCODING UNITY_METAL_SHADOWS_USE_POINT_FILTERING UNITY_NO_DXT5nm UNITY_NO_FULL_STANDARD_SHADER UNITY_NO_SCREENSPACE_SHADOWS UNITY_PBS_USE_BRDF2 UNITY_PBS_USE_BRDF3 UNITY_PRETRANSFORM_TO_DISPLAY_ORIENTATION UNITY_UNIFIED_SHADER_PRECISION_MODEL UNITY_VIRTUAL_TEXTURING _CASTING_PUNCTUAL_LIGHT_SHADOW
Shader warning in 'FlatKit/Stylized Surface': Both vertex and fragment programs must be present in a shader snippet. Excluding it from compilation. at line 115
Shader warning in 'FlatKit/Stylized Surface': Both vertex and fragment programs must be present in a shader snippet. Excluding it from compilation. at line 324
 -> (artifact id: 'e07e26d8194f783192e30344a7c7e431') in 0.014510 seconds 
========================================================================
Received Import Request.
  Time since last request: 149.053721 seconds.
  path: Assets/FlatKit/Demos/[Water] Ocean Islands/Ocean Islands Scene - Materials/WaterScene_Hut 1.mat
  artifactKey: Guid(ce211bfc411434c58aab04f18723ffbe) Importer(815301076,1909f56bfc062723c751e8b465ee728b)
Start importing Assets/FlatKit/Demos/[Water] Ocean Islands/Ocean Islands Scene - Materials/WaterScene_Hut 1.mat using Guid(ce211bfc411434c58aab04f18723ffbe) Importer(815301076,1909f56bfc062723c751e8b465ee728b)  -> (artifact id: 'c912d5eeb2dfc4250c07c9611d98d610') in 0.039262 seconds 
========================================================================
Received Import Request.
  Time since last request: 0.000024 seconds.
  path: Assets/FlatKit/Demos/[Water] Ocean Islands/Ocean Islands Scene - Materials/WaterScene_Skybox.mat
  artifactKey: Guid(277da098804474be3b4ef15bb19067c2) Importer(815301076,1909f56bfc062723c751e8b465ee728b)
Start importing Assets/FlatKit/Demos/[Water] Ocean Islands/Ocean Islands Scene - Materials/WaterScene_Skybox.mat using Guid(277da098804474be3b4ef15bb19067c2) Importer(815301076,1909f56bfc062723c751e8b465ee728b)  -> (artifact id: '609b0c3a17af92be0dfa848a38929d2c') in 0.014181 seconds 
========================================================================
Received Import Request.
  Time since last request: 0.000019 seconds.
  path: Assets/FlatKit/Demos/[Water] Ocean Islands/Ocean Islands Scene - Materials/WaterScene_WaterfallBottom.mat
  artifactKey: Guid(129d345ff2fda45ba9aed43091152df9) Importer(815301076,1909f56bfc062723c751e8b465ee728b)
Start importing Assets/FlatKit/Demos/[Water] Ocean Islands/Ocean Islands Scene - Materials/WaterScene_WaterfallBottom.mat using Guid(129d345ff2fda45ba9aed43091152df9) Importer(815301076,1909f56bfc062723c751e8b465ee728b)  -> (artifact id: 'b428b1187a83af6d3f9227c53fee115f') in 0.030726 seconds 
========================================================================
Received Import Request.
  Time since last request: 0.000027 seconds.
  path: Assets/FlatKit/Demos/[Water] Ocean Islands/Ocean Islands Scene - Materials/WaterScene_Island_Rim 1.mat
  artifactKey: Guid(2be7e9940e7054090bc0bc6219389f27) Importer(815301076,1909f56bfc062723c751e8b465ee728b)
Start importing Assets/FlatKit/Demos/[Water] Ocean Islands/Ocean Islands Scene - Materials/WaterScene_Island_Rim 1.mat using Guid(2be7e9940e7054090bc0bc6219389f27) Importer(815301076,1909f56bfc062723c751e8b465ee728b)  -> (artifact id: 'c6d11ef11c10c3bce084b50b6898be77') in 0.029624 seconds 
========================================================================
Received Import Request.
  Time since last request: 0.000025 seconds.
  path: Assets/FlatKit/Demos/[Water] Ocean Islands/Ocean Islands Scene - Materials/WaterScene_Island_Purplish.mat
  artifactKey: Guid(362639e5e3b0949c8b2c1eb7f0b44976) Importer(815301076,1909f56bfc062723c751e8b465ee728b)
Start importing Assets/FlatKit/Demos/[Water] Ocean Islands/Ocean Islands Scene - Materials/WaterScene_Island_Purplish.mat using Guid(362639e5e3b0949c8b2c1eb7f0b44976) Importer(815301076,1909f56bfc062723c751e8b465ee728b)  -> (artifact id: '083421b6a0cfd8981f63eef65a059f11') in 0.034866 seconds 
========================================================================
Received Import Request.
  Time since last request: 0.000020 seconds.
  path: Assets/FlatKit/Demos/[Water] Ocean Islands/Ocean Islands Scene - Materials/WaterScene_Island_Greenish.mat
  artifactKey: Guid(154d1055a35044e31b916408a0b553aa) Importer(815301076,1909f56bfc062723c751e8b465ee728b)
Start importing Assets/FlatKit/Demos/[Water] Ocean Islands/Ocean Islands Scene - Materials/WaterScene_Island_Greenish.mat using Guid(154d1055a35044e31b916408a0b553aa) Importer(815301076,1909f56bfc062723c751e8b465ee728b)  -> (artifact id: '3a3118f09a59ba883ee93096e0e77faf') in 0.032343 seconds 
========================================================================
Received Import Request.
  Time since last request: 0.000026 seconds.
  path: Assets/FlatKit/Demos/[Water] Ocean Islands/Ocean Islands Scene - Materials/WaterScene_Tree 3.mat
  artifactKey: Guid(6089faa20635c49ab9bff6e2aed5ade7) Importer(815301076,1909f56bfc062723c751e8b465ee728b)
Start importing Assets/FlatKit/Demos/[Water] Ocean Islands/Ocean Islands Scene - Materials/WaterScene_Tree 3.mat using Guid(6089faa20635c49ab9bff6e2aed5ade7) Importer(815301076,1909f56bfc062723c751e8b465ee728b)  -> (artifact id: '0a6eca8033c0e1180ba8ff24e04a8680') in 0.032961 seconds 
========================================================================
Received Import Request.
  Time since last request: 91.286404 seconds.
  path: Assets/FlatKit/PresetsShared/Materials/CelWithRim01__StylSurf_Single_ExCel_Spec_Rim.mat
  artifactKey: Guid(67e02736826e94ff1a0442df707a7a1c) Importer(815301076,1909f56bfc062723c751e8b465ee728b)
Start importing Assets/FlatKit/PresetsShared/Materials/CelWithRim01__StylSurf_Single_ExCel_Spec_Rim.mat using Guid(67e02736826e94ff1a0442df707a7a1c) Importer(815301076,1909f56bfc062723c751e8b465ee728b)  -> (artifact id: '0f295c8ec18ef075350ded8797da65b4') in 0.030879 seconds 
========================================================================
Received Import Request.
  Time since last request: 0.000019 seconds.
  path: Assets/FlatKit/PresetsShared/Materials/SmoothPcycho01__StylSurf_Single_ExCel_Rim.mat
  artifactKey: Guid(536f60e82c7474ae5837d096ada1ae09) Importer(815301076,1909f56bfc062723c751e8b465ee728b)
Start importing Assets/FlatKit/PresetsShared/Materials/SmoothPcycho01__StylSurf_Single_ExCel_Rim.mat using Guid(536f60e82c7474ae5837d096ada1ae09) Importer(815301076,1909f56bfc062723c751e8b465ee728b)  -> (artifact id: '5dfdd2795d352eff752fc4dda408d1f3') in 0.030744 seconds 
========================================================================
Received Import Request.
  Time since last request: 0.000026 seconds.
  path: Assets/FlatKit/PresetsShared/Materials/SmoothRim01__StylSurf_None_Rim.mat
  artifactKey: Guid(f80ee76898a4e4c40b4362f31057b793) Importer(815301076,1909f56bfc062723c751e8b465ee728b)
Start importing Assets/FlatKit/PresetsShared/Materials/SmoothRim01__StylSurf_None_Rim.mat using Guid(f80ee76898a4e4c40b4362f31057b793) Importer(815301076,1909f56bfc062723c751e8b465ee728b)  -> (artifact id: 'ae1f7f033ad02b53473e7b630a0e149a') in 0.033290 seconds 
========================================================================
Received Import Request.
  Time since last request: 0.000031 seconds.
  path: Assets/FlatKit/PresetsShared/Materials/TwoColorVasePreset02.mat
  artifactKey: Guid(5dfbe33f51e50465fbeb21a29f3b679e) Importer(815301076,1909f56bfc062723c751e8b465ee728b)
Start importing Assets/FlatKit/PresetsShared/Materials/TwoColorVasePreset02.mat using Guid(5dfbe33f51e50465fbeb21a29f3b679e) Importer(815301076,1909f56bfc062723c751e8b465ee728b)  -> (artifact id: '99cf44d8c6ff75b076a2fee767ce357d') in 0.030908 seconds 
========================================================================
Received Import Request.
  Time since last request: 0.000039 seconds.
  path: Assets/FlatKit/PresetsShared/Materials/GlassLook01__StylSurf_Single_Spec.mat
  artifactKey: Guid(490bf097c15f14b0eb0bc61fd4f7a2c1) Importer(815301076,1909f56bfc062723c751e8b465ee728b)
Start importing Assets/FlatKit/PresetsShared/Materials/GlassLook01__StylSurf_Single_Spec.mat using Guid(490bf097c15f14b0eb0bc61fd4f7a2c1) Importer(815301076,1909f56bfc062723c751e8b465ee728b)  -> (artifact id: '08e0889b7ef8f73509819d993307d152') in 0.036154 seconds 
========================================================================
Received Import Request.
  Time since last request: 0.000032 seconds.
  path: Assets/FlatKit/PresetsShared/Materials/ToonBlurry__StylSurf_Single_HGrad.mat
  artifactKey: Guid(545a8fba51c9e44b8ab053736f81fbee) Importer(815301076,1909f56bfc062723c751e8b465ee728b)
Start importing Assets/FlatKit/PresetsShared/Materials/ToonBlurry__StylSurf_Single_HGrad.mat using Guid(545a8fba51c9e44b8ab053736f81fbee) Importer(815301076,1909f56bfc062723c751e8b465ee728b)  -> (artifact id: 'cb8cd0495eb938bab4786a65be944da3') in 0.032960 seconds 
========================================================================
Received Import Request.
  Time since last request: 0.000023 seconds.
  path: Assets/FlatKit/PresetsShared/Materials/Toon01__StylSurf_Single.mat
  artifactKey: Guid(b82e1056173d24d179d23832acb54555) Importer(815301076,1909f56bfc062723c751e8b465ee728b)
Start importing Assets/FlatKit/PresetsShared/Materials/Toon01__StylSurf_Single.mat using Guid(b82e1056173d24d179d23832acb54555) Importer(815301076,1909f56bfc062723c751e8b465ee728b)  -> (artifact id: '05dadeaa7c83bb1953ea135e69e41de2') in 0.031294 seconds 
========================================================================
Received Import Request.
  Time since last request: 0.000029 seconds.
  path: Assets/FlatKit/PresetsShared/Materials/LacquerGray__StylSurf_Single_ExCel_Spec_Rim 1.mat
  artifactKey: Guid(eca77510b14ce49bd9069248e3037387) Importer(815301076,1909f56bfc062723c751e8b465ee728b)
Start importing Assets/FlatKit/PresetsShared/Materials/LacquerGray__StylSurf_Single_ExCel_Spec_Rim 1.mat using Guid(eca77510b14ce49bd9069248e3037387) Importer(815301076,1909f56bfc062723c751e8b465ee728b)  -> (artifact id: '690216e220df580a9b172196c49a645d') in 0.031532 seconds 
========================================================================
Received Import Request.
  Time since last request: 0.000024 seconds.
  path: Assets/FlatKit/PresetsShared/Materials/Metallic03__StylSurf_Single_ExCel_Spec_Rim.mat
  artifactKey: Guid(52afcead26cd849a9ae03850749fc7b0) Importer(815301076,1909f56bfc062723c751e8b465ee728b)
Start importing Assets/FlatKit/PresetsShared/Materials/Metallic03__StylSurf_Single_ExCel_Spec_Rim.mat using Guid(52afcead26cd849a9ae03850749fc7b0) Importer(815301076,1909f56bfc062723c751e8b465ee728b)  -> (artifact id: '78f44a20ca994eba6cf7df97de07e957') in 0.546006 seconds 
========================================================================
Received Import Request.
  Time since last request: 0.000028 seconds.
  path: Assets/FlatKit/PresetsShared/Materials/ShinyPlastic01__StylSurf_Spec_Rim.mat
  artifactKey: Guid(22a9cf31201a340a6856f59e682f5950) Importer(815301076,1909f56bfc062723c751e8b465ee728b)
Start importing Assets/FlatKit/PresetsShared/Materials/ShinyPlastic01__StylSurf_Spec_Rim.mat using Guid(22a9cf31201a340a6856f59e682f5950) Importer(815301076,1909f56bfc062723c751e8b465ee728b)  -> (artifact id: '5ee0ed3a5bbdc2b789b069bf48a1c06e') in 0.035192 seconds 
========================================================================
Received Import Request.
  Time since last request: 0.000031 seconds.
  path: Assets/FlatKit/PresetsShared/Materials/TwoColorVasePreset03.mat
  artifactKey: Guid(09315d48a2a714a7bbd32c9e72d111b5) Importer(815301076,1909f56bfc062723c751e8b465ee728b)
Start importing Assets/FlatKit/PresetsShared/Materials/TwoColorVasePreset03.mat using Guid(09315d48a2a714a7bbd32c9e72d111b5) Importer(815301076,1909f56bfc062723c751e8b465ee728b)  -> (artifact id: '887c9546caa6033b46eaa04e3c5125b8') in 0.032974 seconds 
