Using pre-set license
Built from '2021.2/staging' branch; Version is '2021.2.10f1 (ee872746220e) revision 15632167'; Using compiler version '192829333'; Build Type 'Release'
OS: 'Windows 11  (10.0.22000) 64bit Core' Language: 'es' Physical Memory: 7556 MB
BatchMode: 1, IsHumanControllingUs: 0, StartBugReporterOnCrash: 0, Is64bit: 1, IsPro: 0

COMMAND LINE ARGUMENTS:
C:\Program Files\Unity\Hub\Editor\2021.2.10f1\Editor\Unity.exe
-adb2
-batchMode
-noUpm
-name
AssetImportWorker8
-projectPath
C:/Users/Eliam Paredes/Documents/GitHub/DominicanPower_iOS/DOMINICAN GAME
-logFile
Logs/AssetImportWorker8.log
-srvPort
64917
Successfully changed project path to: C:/Users/Eliam Paredes/Documents/GitHub/DominicanPower_iOS/DOMINICAN GAME
C:/Users/Eliam Paredes/Documents/GitHub/DominicanPower_iOS/DOMINICAN GAME
[UnityMemory] Configuration Parameters - Can be set up in boot.config
    "memorysetup-bucket-allocator-granularity=16"
    "memorysetup-bucket-allocator-bucket-count=8"
    "memorysetup-bucket-allocator-block-size=33554432"
    "memorysetup-bucket-allocator-block-count=8"
    "memorysetup-main-allocator-block-size=16777216"
    "memorysetup-thread-allocator-block-size=16777216"
    "memorysetup-gfx-main-allocator-block-size=16777216"
    "memorysetup-gfx-thread-allocator-block-size=16777216"
    "memorysetup-cache-allocator-block-size=4194304"
    "memorysetup-typetree-allocator-block-size=2097152"
    "memorysetup-profiler-bucket-allocator-granularity=16"
    "memorysetup-profiler-bucket-allocator-bucket-count=8"
    "memorysetup-profiler-bucket-allocator-block-size=33554432"
    "memorysetup-profiler-bucket-allocator-block-count=8"
    "memorysetup-profiler-allocator-block-size=16777216"
    "memorysetup-profiler-editor-allocator-block-size=1048576"
    "memorysetup-temp-allocator-size-main=16777216"
    "memorysetup-job-temp-allocator-block-size=2097152"
    "memorysetup-job-temp-allocator-block-size-background=1048576"
    "memorysetup-job-temp-allocator-reduction-small-platforms=262144"
    "memorysetup-temp-allocator-size-background-worker=32768"
    "memorysetup-temp-allocator-size-job-worker=262144"
    "memorysetup-temp-allocator-size-preload-manager=33554432"
    "memorysetup-temp-allocator-size-nav-mesh-worker=65536"
    "memorysetup-temp-allocator-size-audio-worker=65536"
    "memorysetup-temp-allocator-size-cloud-worker=32768"
    "memorysetup-temp-allocator-size-gi-baking-worker=262144"
    "memorysetup-temp-allocator-size-gfx=262144"
Refreshing native plugins compatible for Editor in 287.23 ms, found 3 plugins.
Preloading 0 native plugins for Editor in 0.00 ms.
Initialize engine version: 2021.2.10f1 (ee872746220e)
[Subsystems] Discovering subsystems at path C:/Program Files/Unity/Hub/Editor/2021.2.10f1/Editor/Data/Resources/UnitySubsystems
[Subsystems] Discovering subsystems at path C:/Users/Eliam Paredes/Documents/GitHub/DominicanPower_iOS/DOMINICAN GAME/Assets
GfxDevice: creating device client; threaded=0; jobified=0
Direct3D:
    Version:  Direct3D 11.0 [level 11.1]
    Renderer: AMD Radeon(TM) Graphics (ID=0x1636)
    Vendor:   ATI
    VRAM:     3778 MB
    Driver:   30.0.13026.3
Initialize mono
Mono path[0] = 'C:/Program Files/Unity/Hub/Editor/2021.2.10f1/Editor/Data/Managed'
Mono path[1] = 'C:/Program Files/Unity/Hub/Editor/2021.2.10f1/Editor/Data/MonoBleedingEdge/lib/mono/unityjit-win32'
Mono config path = 'C:/Program Files/Unity/Hub/Editor/2021.2.10f1/Editor/Data/MonoBleedingEdge/etc'
Using monoOptions --debugger-agent=transport=dt_socket,embedding=1,server=y,suspend=n,address=127.0.0.1:56584
Begin MonoManager ReloadAssembly
Registering precompiled unity dll's ...
Register platform support module: C:/Program Files/Unity/Hub/Editor/2021.2.10f1/Editor/Data/PlaybackEngines/WindowsStandaloneSupport/UnityEditor.WindowsStandalone.Extensions.dll
Registered in 0.005789 seconds.
Native extension for WindowsStandalone target not found
Refreshing native plugins compatible for Editor in 191.06 ms, found 3 plugins.
Preloading 0 native plugins for Editor in 0.00 ms.
Mono: successfully reloaded assembly
- Completed reload, in  0.944 seconds
Domain Reload Profiling:
	ReloadAssembly (944ms)
		BeginReloadAssembly (148ms)
			ExecutionOrderSort (0ms)
			DisableScriptedObjects (0ms)
			BackupInstance (0ms)
			ReleaseScriptingObjects (0ms)
			CreateAndSetChildDomain (3ms)
		EndReloadAssembly (711ms)
			LoadAssemblies (142ms)
			RebuildTransferFunctionScriptingTraits (0ms)
			SetupTypeCache (155ms)
			ReleaseScriptCaches (0ms)
			RebuildScriptCaches (35ms)
			SetupLoadedEditorAssemblies (432ms)
				LogAssemblyErrors (0ms)
				InitializePlatformSupportModulesInManaged (23ms)
				SetLoadedEditorAssemblies (0ms)
				RefreshPlugins (191ms)
				BeforeProcessingInitializeOnLoad (2ms)
				ProcessInitializeOnLoadAttributes (162ms)
				ProcessInitializeOnLoadMethodAttributes (53ms)
				AfterProcessingInitializeOnLoad (0ms)
				EditorAssembliesLoaded (0ms)
			ExecutionOrderSort2 (0ms)
			AwakeInstancesAfterBackupRestoration (0ms)
Platform modules already initialized, skipping
Registering precompiled user dll's ...
Registered in 0.039758 seconds.
Begin MonoManager ReloadAssembly
Could not load signature of GoogleMobileAds.Placement.BannerAdGameObject:get_BannerView due to: Could not load file or assembly 'GoogleMobileAds, Version=0.0.0.0, Culture=neutral, PublicKeyToken=null' or one of its dependencies.
Could not load signature of GoogleMobileAds.Placement.BannerAdGameObject:LoadAd due to: Could not load file or assembly 'GoogleMobileAds.Core, Version=0.0.0.0, Culture=neutral, PublicKeyToken=null' or one of its dependencies.
Could not load signature of GoogleMobileAds.Placement.BannerAdGameObject:<AddCallbacks>m__1 due to: Could not load file or assembly 'GoogleMobileAds.Core, Version=0.0.0.0, Culture=neutral, PublicKeyToken=null' or one of its dependencies.
Could not load signature of GoogleMobileAds.Placement.AdGameObject:LoadAd due to: Could not load file or assembly 'GoogleMobileAds.Core, Version=0.0.0.0, Culture=neutral, PublicKeyToken=null' or one of its dependencies.
Could not load signature of TestController:HandleInitCompleteAction due to: Could not load file or assembly 'GoogleMobileAds, Version=0.0.0.0, Culture=neutral, PublicKeyToken=null' or one of its dependencies.
Could not load signature of TestController:CreateAdRequest due to: Could not load file or assembly 'GoogleMobileAds.Core, Version=0.0.0.0, Culture=neutral, PublicKeyToken=null' or one of its dependencies.
OnLevelWasLoaded was found on scriptEjemploVR
This message has been deprecated and will be removed in a later version of Unity.
Add a delegate to SceneManager.sceneLoaded instead to get notifications after scene loading has completed
Could not load signature of GoogleMobileAds.Placement.RewardedInterstitialAdGameObject:get_RewardedInterstitialAd due to: Could not load file or assembly 'GoogleMobileAds, Version=0.0.0.0, Culture=neutral, PublicKeyToken=null' or one of its dependencies.
Could not load signature of GoogleMobileAds.Placement.RewardedInterstitialAdGameObject:LoadAd due to: Could not load file or assembly 'GoogleMobileAds.Core, Version=0.0.0.0, Culture=neutral, PublicKeyToken=null' or one of its dependencies.
Could not load signature of GoogleMobileAds.Placement.RewardedInterstitialAdGameObject:<LoadAd>m__0 due to: Could not load file or assembly 'GoogleMobileAds, Version=0.0.0.0, Culture=neutral, PublicKeyToken=null' or one of its dependencies.
Could not load signature of GoogleMobileAds.Placement.RewardedInterstitialAdGameObject:<ShowIfLoaded>m__1 due to: Could not load file or assembly 'GoogleMobileAds.Core, Version=0.0.0.0, Culture=neutral, PublicKeyToken=null' or one of its dependencies.
Could not load signature of GoogleMobileAds.Placement.RewardedInterstitialAdGameObject:<AddCallbacks>m__4 due to: Could not load file or assembly 'GoogleMobileAds.Core, Version=0.0.0.0, Culture=neutral, PublicKeyToken=null' or one of its dependencies.
Could not load signature of GoogleMobileAds.Placement.AdGameObject:LoadAd due to: Could not load file or assembly 'GoogleMobileAds.Core, Version=0.0.0.0, Culture=neutral, PublicKeyToken=null' or one of its dependencies.
Could not load signature of GoogleMobileAds.Placement.RewardedAdGameObject:get_RewardedAd due to: Could not load file or assembly 'GoogleMobileAds, Version=0.0.0.0, Culture=neutral, PublicKeyToken=null' or one of its dependencies.
Could not load signature of GoogleMobileAds.Placement.RewardedAdGameObject:LoadAd due to: Could not load file or assembly 'GoogleMobileAds.Core, Version=0.0.0.0, Culture=neutral, PublicKeyToken=null' or one of its dependencies.
Could not load signature of GoogleMobileAds.Placement.RewardedAdGameObject:<AddCallbacks>m__1 due to: Could not load file or assembly 'GoogleMobileAds.Core, Version=0.0.0.0, Culture=neutral, PublicKeyToken=null' or one of its dependencies.
Could not load signature of GoogleMobileAds.Placement.RewardedAdGameObject:<AddCallbacks>m__2 due to: Could not load file or assembly 'GoogleMobileAds.Core, Version=0.0.0.0, Culture=neutral, PublicKeyToken=null' or one of its dependencies.
Could not load signature of GoogleMobileAds.Placement.RewardedAdGameObject:<AddCallbacks>m__4 due to: Could not load file or assembly 'GoogleMobileAds.Core, Version=0.0.0.0, Culture=neutral, PublicKeyToken=null' or one of its dependencies.
Could not load signature of GoogleMobileAds.Placement.AdGameObject:LoadAd due to: Could not load file or assembly 'GoogleMobileAds.Core, Version=0.0.0.0, Culture=neutral, PublicKeyToken=null' or one of its dependencies.
Could not load signature of GoogleMobileAds.Placement.InterstitialAdGameObject:get_InterstitialAd due to: Could not load file or assembly 'GoogleMobileAds, Version=0.0.0.0, Culture=neutral, PublicKeyToken=null' or one of its dependencies.
Could not load signature of GoogleMobileAds.Placement.InterstitialAdGameObject:LoadAd due to: Could not load file or assembly 'GoogleMobileAds.Core, Version=0.0.0.0, Culture=neutral, PublicKeyToken=null' or one of its dependencies.
Could not load signature of GoogleMobileAds.Placement.InterstitialAdGameObject:<AddCallbacks>m__1 due to: Could not load file or assembly 'GoogleMobileAds.Core, Version=0.0.0.0, Culture=neutral, PublicKeyToken=null' or one of its dependencies.
Could not load signature of GoogleMobileAds.Placement.AdGameObject:LoadAd due to: Could not load file or assembly 'GoogleMobileAds.Core, Version=0.0.0.0, Culture=neutral, PublicKeyToken=null' or one of its dependencies.
Unloading broken assembly Assets/GoogleMobileAds/GoogleMobileAds.Placement.dll, this assembly can cause crashes in the runtime
Unloading broken assembly Assets/GoogleMobileAds/GoogleMobileAds.Platforms.dll, this assembly can cause crashes in the runtime
Native extension for WindowsStandalone target not found
Refreshing native plugins compatible for Editor in 3.89 ms, found 3 plugins.
Preloading 0 native plugins for Editor in 0.00 ms.
Package Manager log level set to [2]
Mono: successfully reloaded assembly
- Completed reload, in  1.075 seconds
Domain Reload Profiling:
	ReloadAssembly (1076ms)
		BeginReloadAssembly (161ms)
			ExecutionOrderSort (0ms)
			DisableScriptedObjects (5ms)
			BackupInstance (0ms)
			ReleaseScriptingObjects (0ms)
			CreateAndSetChildDomain (22ms)
		EndReloadAssembly (815ms)
			LoadAssemblies (168ms)
			RebuildTransferFunctionScriptingTraits (0ms)
			SetupTypeCache (171ms)
			ReleaseScriptCaches (1ms)
			RebuildScriptCaches (61ms)
			SetupLoadedEditorAssemblies (419ms)
				LogAssemblyErrors (0ms)
				InitializePlatformSupportModulesInManaged (11ms)
				SetLoadedEditorAssemblies (0ms)
				RefreshPlugins (4ms)
				BeforeProcessingInitializeOnLoad (61ms)
				ProcessInitializeOnLoadAttributes (263ms)
				ProcessInitializeOnLoadMethodAttributes (74ms)
				AfterProcessingInitializeOnLoad (5ms)
				EditorAssembliesLoaded (0ms)
			ExecutionOrderSort2 (0ms)
			AwakeInstancesAfterBackupRestoration (4ms)
Platform modules already initialized, skipping
========================================================================
Worker process is ready to serve import requests
Launched and connected shader compiler UnityShaderCompiler.exe after 0.18 seconds
Refreshing native plugins compatible for Editor in 2.80 ms, found 3 plugins.
Preloading 0 native plugins for Editor in 0.00 ms.
Unloading 2756 Unused Serialized files (Serialized files now loaded: 0)
Unloading 187 unused Assets / (0.6 MB). Loaded Objects now: 3137.
Memory consumption went from 159.5 MB to 158.9 MB.
Total: 8.024100 ms (FindLiveObjects: 0.400100 ms CreateObjectMapping: 0.103700 ms MarkObjects: 7.131500 ms  DeleteObjects: 0.385900 ms)

AssetImportParameters requested are different than current active one (requested -> active):
  custom:video-decoder-ogg-theora: a1e56fd34408186e4bbccfd4996cb3dc -> 
  custom:container-muxer-webm: aa71ff27fc2769a1b78a27578f13a17b -> 
  custom:container-demuxer-webm: 4f35f7cbe854078d1ac9338744f61a02 -> 
  custom:video-encoder-webm-vp8: eb34c28f22e8b96e1ab97ce403110664 -> 
  custom:audio-encoder-webm-vorbis: bf7c407c2cedff20999df2af8eb42d56 -> 
  custom:framework-win-MediaFoundation: 216162199b28c13a410421893ffa2e32 -> 
  custom:container-demuxer-ogg: 62fdf1f143b41e24485cea50d1cbac27 -> 
  custom:video-decoder-webm-vp8: 9c59270c3fd7afecdb556c50c9e8de78 -> 
  custom:audio-decoder-ogg-vorbis: bf7c407c2cedff20999df2af8eb42d56 -> 
========================================================================
Received Import Request.
  Time since last request: 276024.100328 seconds.
  path: Assets/0DP ASSETS/93d/PULLAfbx3.fbx
  artifactKey: Guid(edeb671eb5974454eae9b7df99caba7b) Importer(815301076,1909f56bfc062723c751e8b465ee728b)
Start importing Assets/0DP ASSETS/93d/PULLAfbx3.fbx using Guid(edeb671eb5974454eae9b7df99caba7b) Importer(815301076,1909f56bfc062723c751e8b465ee728b)  -> (artifact id: 'bd2c9b4d27f0e732b85e840bf6015fdb') in 0.242781 seconds 
========================================================================
Received Import Request.
  Time since last request: 19.215979 seconds.
  path: Assets/0DP ASSETS/93d/tire tree.fbx
  artifactKey: Guid(9dc4cf9816088e14da26aa08b27e0351) Importer(815301076,1909f56bfc062723c751e8b465ee728b)
Start importing Assets/0DP ASSETS/93d/tire tree.fbx using Guid(9dc4cf9816088e14da26aa08b27e0351) Importer(815301076,1909f56bfc062723c751e8b465ee728b)  -> (artifact id: 'b30380872dbb93e843752571993cc01a') in 2.380707 seconds 
========================================================================
Received Import Request.
  Time since last request: 291.166213 seconds.
  path: Assets/0DP ASSETS/imagenes/old4/salami.png
  artifactKey: Guid(a6a45b67b2503bc45b1f452c65cc7bb8) Importer(815301076,1909f56bfc062723c751e8b465ee728b)
Start importing Assets/0DP ASSETS/imagenes/old4/salami.png using Guid(a6a45b67b2503bc45b1f452c65cc7bb8) Importer(815301076,1909f56bfc062723c751e8b465ee728b)  -> (artifact id: 'd0045579cb6e2098fd1fb10480ca0238') in 0.116630 seconds 
========================================================================
Received Import Request.
  Time since last request: 0.000087 seconds.
  path: Assets/0DP ASSETS/imagenes/old4/sj2.png
  artifactKey: Guid(fef926851df60b64db10f962db16dcb8) Importer(815301076,1909f56bfc062723c751e8b465ee728b)
Start importing Assets/0DP ASSETS/imagenes/old4/sj2.png using Guid(fef926851df60b64db10f962db16dcb8) Importer(815301076,1909f56bfc062723c751e8b465ee728b)  -> (artifact id: '965d137c40b66ae7bb56ca0c9f7e6d2d') in 0.043623 seconds 
========================================================================
Received Import Request.
  Time since last request: 0.000132 seconds.
  path: Assets/0DP ASSETS/imagenes/old4/SG.png
  artifactKey: Guid(d3d47a0e173db7c4d80a9035e86d7ea4) Importer(815301076,1909f56bfc062723c751e8b465ee728b)
Start importing Assets/0DP ASSETS/imagenes/old4/SG.png using Guid(d3d47a0e173db7c4d80a9035e86d7ea4) Importer(815301076,1909f56bfc062723c751e8b465ee728b)  -> (artifact id: '0164abed7c7bfe9d44f333b6764aca63') in 0.064455 seconds 
========================================================================
Received Import Request.
  Time since last request: 0.000074 seconds.
  path: Assets/0DP ASSETS/imagenes/old4/sd.png
  artifactKey: Guid(e43970e3965900442bae6b35757fc45b) Importer(815301076,1909f56bfc062723c751e8b465ee728b)
Start importing Assets/0DP ASSETS/imagenes/old4/sd.png using Guid(e43970e3965900442bae6b35757fc45b) Importer(815301076,1909f56bfc062723c751e8b465ee728b)  -> (artifact id: 'dcec8a498634e010d51ece4d6cdafa84') in 0.061011 seconds 
========================================================================
Received Import Request.
  Time since last request: 0.000064 seconds.
  path: Assets/0DP ASSETS/imagenes/old4/sj1.png
  artifactKey: Guid(d8a401b44652b8c4d8ad8bc864323a87) Importer(815301076,1909f56bfc062723c751e8b465ee728b)
Start importing Assets/0DP ASSETS/imagenes/old4/sj1.png using Guid(d8a401b44652b8c4d8ad8bc864323a87) Importer(815301076,1909f56bfc062723c751e8b465ee728b)  -> (artifact id: 'd53b9357e862bd5c04f23ef1c2f56591') in 0.042445 seconds 
========================================================================
Received Import Request.
  Time since last request: 0.000060 seconds.
  path: Assets/0DP ASSETS/imagenes/old4/utesa.png
  artifactKey: Guid(9b0fd3beb09464f43bca9765200e02bb) Importer(815301076,1909f56bfc062723c751e8b465ee728b)
Start importing Assets/0DP ASSETS/imagenes/old4/utesa.png using Guid(9b0fd3beb09464f43bca9765200e02bb) Importer(815301076,1909f56bfc062723c751e8b465ee728b)  -> (artifact id: '100dca8d12be0506cca0081fc691ccd3') in 0.062660 seconds 
========================================================================
Received Import Request.
  Time since last request: 0.000053 seconds.
  path: Assets/0DP ASSETS/imagenes/old4/texturaaguacate.png
  artifactKey: Guid(273c76610946e104bafd8f6fd7331592) Importer(815301076,1909f56bfc062723c751e8b465ee728b)
Start importing Assets/0DP ASSETS/imagenes/old4/texturaaguacate.png using Guid(273c76610946e104bafd8f6fd7331592) Importer(815301076,1909f56bfc062723c751e8b465ee728b)  -> (artifact id: '22f34e3be25f34c1350581c092c76925') in 0.057386 seconds 
Editor requested this worker to shutdown with reason: Scaling down because of idle timeout
AssetImportWorker is now disconnected from the server
Process exiting
Exiting without the bug reporter. Application will terminate with return code 0