
=== Sun Apr 12 17:24:32 2020

Packages were changed.
Update Mode: updateDependencies

The following packages were added:
  com.unity.2d.sprite@1.0.0
  com.unity.2d.tilemap@1.0.0
  com.unity.collab-proxy@1.2.16
  com.unity.ide.rider@1.1.4
  com.unity.ide.vscode@1.1.4
  com.unity.modules.androidjni@1.0.0
  com.unity.multiplayer-hlapi@1.0.4
  com.unity.test-framework@1.1.13
  com.unity.timeline@1.2.6
  com.unity.ugui@1.0.0
  com.unity.xr.legacyinputhelpers@1.3.11
The following packages were updated:
  com.unity.2d.animation from version 1.0.16-preview.2 to 3.2.1
  com.unity.2d.spriteshape from version 1.0.12-preview.1 to 3.0.10
  com.unity.analytics from version 2.0.16 to 3.3.5
  com.unity.purchasing from version 2.0.3 to 2.0.6
  com.unity.textmeshpro from version 1.2.4 to 2.0.1
The following packages were removed:
  com.unity.package-manager-ui@1.9.11

=== Sat Jun 20 22:32:02 2020

Packages were changed.
Update Mode: updateDependencies

The following packages were updated:
  com.unity.2d.animation from version 3.2.1 to 3.2.2
  com.unity.2d.psdimporter from version 2.1.3 to 2.1.4
  com.unity.2d.spriteshape from version 3.0.10 to 3.0.11
  com.unity.ide.vscode from version 1.1.4 to 1.2.0
  com.unity.test-framework from version 1.1.13 to 1.1.14
  com.unity.xr.legacyinputhelpers from version 1.3.11 to 2.1.4

=== Sun Feb 28 17:10:35 2021

Packages were changed.
Update Mode: resetToDefaultDependencies

The following packages were updated:
  com.unity.timeline from version 1.2.6 to 1.2.14
The following packages were removed:
  com.google.external-dependency-manager@1.2.156
  com.unity.2d.animation@3.2.2
  com.unity.2d.ik@2.0.1-preview.2
  com.unity.2d.psdimporter@2.1.4
  com.unity.2d.sprite@1.0.0
  com.unity.2d.spriteshape@3.0.11
  com.unity.2d.tilemap@1.0.0
  com.unity.analytics@3.3.5
  com.unity.cinemachine@2.5.0
  com.unity.multiplayer-hlapi@1.0.4
  com.unity.postprocessing@2.3.0
  com.unity.purchasing@2.0.6
  com.unity.xr.legacyinputhelpers@2.1.4
